fisher1 and fisher2 are: 0.9292405726464392, 0
begin truth calculations
begin calculating d2chi
   1,  0.996486,  0.998493,  1.004550,  1.004550
   2,  0.995177,  0.997895,  1.003909,  1.003909
   3,  0.994425,  0.999548,  1.003878,  1.003878
   4,  0.994549,  0.999581,  1.003729,  1.003729
   5,  0.994817,  0.999655,  1.003404,  1.003404
   6,  0.995341,  0.999787,  1.002772,  1.002772
   7,  0.995346,  0.999773,  1.002774,  1.002774
   8,  0.995346,  0.999772,  1.002774,  1.002774
   9,  0.995346,  0.999772,  1.002774,  1.002774
Optimization terminated successfully.
         Current function value: 2.014974
         Iterations: 9
         Function evaluations: 75
         Gradient evaluations: 15
  10,  0.996221,  0.998331,  0.999479,  0.999479
  11,  0.992470,  0.996665,  1.002983,  1.002983
  12,  0.990478,  1.001033,  1.003040,  1.003040
  13,  0.990921,  1.000978,  1.003001,  1.003001
  14,  0.991220,  1.000962,  1.002972,  1.002972
  15,  0.991222,  1.000957,  1.002972,  1.002972
  16,  0.991222,  1.000957,  1.002972,  1.002972
Optimization terminated successfully.
         Current function value: 7.226190
         Iterations: 7
         Function evaluations: 50
         Gradient evaluations: 10
  17,  0.996486,  0.998493,  1.004550,  1.004550
  18,  0.995177,  0.997895,  1.003909,  1.003909
  19,  0.994425,  0.999548,  1.003878,  1.003878
  20,  0.994549,  0.999581,  1.003729,  1.003729
  21,  0.994817,  0.999655,  1.003404,  1.003404
  22,  0.995341,  0.999787,  1.002772,  1.002772
  23,  0.995346,  0.999773,  1.002774,  1.002774
  24,  0.995346,  0.999772,  1.002774,  1.002774
  25,  0.995346,  0.999772,  1.002774,  1.002774
Optimization terminated successfully.
         Current function value: 2.014980
         Iterations: 9
         Function evaluations: 75
         Gradient evaluations: 15
  26,  0.996221,  0.998331,  0.999479,  0.999479
  27,  0.992470,  0.996665,  1.002983,  1.002983
  28,  0.990478,  1.001033,  1.003040,  1.003040
  29,  0.990921,  1.000978,  1.003001,  1.003001
  30,  0.991220,  1.000962,  1.002972,  1.002972
  31,  0.991222,  1.000957,  1.002972,  1.002972
  32,  0.991222,  1.000957,  1.002972,  1.002972
Optimization terminated successfully.
         Current function value: 7.226216
         Iterations: 7
         Function evaluations: 50
         Gradient evaluations: 10
  33,  0.996486,  0.998493,  1.004550,  1.004550
  34,  0.995176,  0.997895,  1.003909,  1.003909
  35,  0.994425,  0.999548,  1.003878,  1.003878
  36,  0.994549,  0.999581,  1.003729,  1.003729
  37,  0.994817,  0.999655,  1.003404,  1.003404
  38,  0.995341,  0.999787,  1.002772,  1.002772
  39,  0.995346,  0.999773,  1.002774,  1.002774
  40,  0.995346,  0.999772,  1.002774,  1.002774
  41,  0.995346,  0.999772,  1.002774,  1.002774
  42,  0.995346,  0.999772,  1.002774,  1.002774
Warning: Maximum number of iterations has been exceeded.
         Current function value: 2.014987
         Iterations: 10
         Function evaluations: 95
         Gradient evaluations: 19
  43,  0.996221,  0.998331,  0.999479,  0.999479
  44,  0.992470,  0.996665,  1.002983,  1.002983
  45,  0.990478,  1.001033,  1.003040,  1.003040
  46,  0.990921,  1.000978,  1.003001,  1.003001
  47,  0.991220,  1.000962,  1.002972,  1.002972
  48,  0.991222,  1.000957,  1.002972,  1.002972
  49,  0.991222,  1.000957,  1.002972,  1.002972
Optimization terminated successfully.
         Current function value: 7.226241
         Iterations: 7
         Function evaluations: 50
         Gradient evaluations: 10
  50,  0.996486,  0.998493,  1.004550,  1.004550
  51,  0.995176,  0.997895,  1.003909,  1.003909
  52,  0.994425,  0.999548,  1.003878,  1.003878
  53,  0.994549,  0.999581,  1.003729,  1.003729
  54,  0.994817,  0.999655,  1.003404,  1.003404
  55,  0.995341,  0.999787,  1.002772,  1.002772
  56,  0.995346,  0.999773,  1.002774,  1.002774
  57,  0.995346,  0.999772,  1.002774,  1.002774
  58,  0.995346,  0.999772,  1.002774,  1.002774
Warning: Desired error not necessarily achieved due to precision loss.
         Current function value: 2.014994
         Iterations: 9
         Function evaluations: 201
         Gradient evaluations: 38
  59,  0.996221,  0.998331,  0.999479,  0.999479
  60,  0.992470,  0.996665,  1.002983,  1.002983
  61,  0.990478,  1.001033,  1.003040,  1.003040
  62,  0.990921,  1.000978,  1.003001,  1.003001
  63,  0.991220,  1.000962,  1.002972,  1.002972
  64,  0.991222,  1.000957,  1.002972,  1.002972
  65,  0.991222,  1.000957,  1.002972,  1.002972
Optimization terminated successfully.
         Current function value: 7.226267
         Iterations: 7
         Function evaluations: 50
         Gradient evaluations: 10
  66,  0.996486,  0.998493,  1.004550,  1.004550
  67,  0.995176,  0.997895,  1.003909,  1.003909
  68,  0.994425,  0.999548,  1.003878,  1.003878
  69,  0.994549,  0.999581,  1.003729,  1.003729
  70,  0.994817,  0.999655,  1.003404,  1.003404
  71,  0.995341,  0.999787,  1.002772,  1.002772
  72,  0.995346,  0.999773,  1.002774,  1.002774
  73,  0.995346,  0.999772,  1.002774,  1.002774
  74,  0.995346,  0.999772,  1.002774,  1.002774
Optimization terminated successfully.
         Current function value: 2.015001
         Iterations: 9
         Function evaluations: 75
         Gradient evaluations: 15
  75,  0.996221,  0.998331,  0.999479,  0.999479
  76,  0.992470,  0.996665,  1.002983,  1.002983
  77,  0.990478,  1.001033,  1.003040,  1.003040
  78,  0.990921,  1.000978,  1.003001,  1.003001
  79,  0.991220,  1.000962,  1.002972,  1.002972
  80,  0.991222,  1.000957,  1.002972,  1.002972
  81,  0.991222,  1.000957,  1.002972,  1.002972
Optimization terminated successfully.
         Current function value: 7.226293
         Iterations: 7
         Function evaluations: 50
         Gradient evaluations: 10
  82,  0.996486,  0.998493,  1.004550,  1.004550
  83,  0.995176,  0.997895,  1.003909,  1.003909
  84,  0.994425,  0.999548,  1.003878,  1.003878
  85,  0.994549,  0.999581,  1.003729,  1.003729
  86,  0.994817,  0.999655,  1.003404,  1.003404
  87,  0.995341,  0.999787,  1.002772,  1.002772
  88,  0.995346,  0.999773,  1.002774,  1.002774
  89,  0.995346,  0.999772,  1.002774,  1.002774
  90,  0.995346,  0.999772,  1.002774,  1.002774
Optimization terminated successfully.
         Current function value: 2.015007
         Iterations: 9
         Function evaluations: 75
         Gradient evaluations: 15
  91,  0.996221,  0.998331,  0.999479,  0.999479
  92,  0.992470,  0.996665,  1.002983,  1.002983
  93,  0.990478,  1.001033,  1.003040,  1.003040
  94,  0.990921,  1.000978,  1.003001,  1.003001
  95,  0.991220,  1.000962,  1.002972,  1.002972
  96,  0.991222,  1.000957,  1.002972,  1.002972
  97,  0.991222,  1.000957,  1.002972,  1.002972
Optimization terminated successfully.
         Current function value: 7.226319
         Iterations: 7
         Function evaluations: 50
         Gradient evaluations: 10
  98,  0.996486,  0.998493,  1.004550,  1.004550
  99,  0.995176,  0.997895,  1.003909,  1.003909
 100,  0.994425,  0.999548,  1.003878,  1.003878
 101,  0.994549,  0.999581,  1.003729,  1.003729
 102,  0.994817,  0.999655,  1.003404,  1.003404
 103,  0.995341,  0.999787,  1.002772,  1.002772
 104,  0.995346,  0.999773,  1.002774,  1.002774
 105,  0.995346,  0.999772,  1.002774,  1.002774
 106,  0.995346,  0.999772,  1.002774,  1.002774
Optimization terminated successfully.
         Current function value: 2.015014
         Iterations: 9
         Function evaluations: 75
         Gradient evaluations: 15
 107,  0.996221,  0.998331,  0.999479,  0.999479
 108,  0.992470,  0.996665,  1.002983,  1.002983
 109,  0.990478,  1.001033,  1.003040,  1.003040
 110,  0.990921,  1.000978,  1.003001,  1.003001
 111,  0.991220,  1.000962,  1.002972,  1.002972
 112,  0.991222,  1.000957,  1.002972,  1.002972
 113,  0.991222,  1.000957,  1.002972,  1.002972
Optimization terminated successfully.
         Current function value: 7.226345
         Iterations: 7
         Function evaluations: 50
         Gradient evaluations: 10
