fisher1 and fisher2 are: 0.8726919048818225, 0
begin truth calculations
begin calculating d2chi
   1,  0.999373,  0.999731,  1.000791,  1.000791
   2,  0.999134,  0.999621,  1.000670,  1.000670
   3,  0.999014,  0.999886,  1.000665,  1.000665
   4,  0.999040,  0.999893,  1.000634,  1.000634
   5,  0.999101,  0.999908,  1.000563,  1.000563
   6,  0.999150,  0.999919,  1.000506,  1.000506
   7,  0.999150,  0.999919,  1.000506,  1.000506
Optimization terminated successfully.
         Current function value: 0.071860
         Iterations: 7
         Function evaluations: 65
         Gradient evaluations: 13
   8,  0.999378,  0.999725,  0.999906,  0.999906
   9,  0.998766,  0.999453,  1.000466,  1.000466
  10,  0.998460,  1.000120,  1.000475,  1.000475
  11,  0.998505,  1.000140,  1.000484,  1.000484
  12,  0.998539,  1.000155,  1.000491,  1.000491
  13,  0.998539,  1.000155,  1.000491,  1.000491
Optimization terminated successfully.
         Current function value: 0.213359
         Iterations: 6
         Function evaluations: 45
         Gradient evaluations: 9
  14,  0.999373,  0.999731,  1.000791,  1.000791
  15,  0.999134,  0.999621,  1.000670,  1.000670
  16,  0.999014,  0.999886,  1.000665,  1.000665
  17,  0.999040,  0.999893,  1.000634,  1.000634
  18,  0.999101,  0.999908,  1.000563,  1.000563
  19,  0.999150,  0.999919,  1.000506,  1.000506
  20,  0.999150,  0.999919,  1.000506,  1.000506
Optimization terminated successfully.
         Current function value: 0.071861
         Iterations: 7
         Function evaluations: 65
         Gradient evaluations: 13
  21,  0.999378,  0.999725,  0.999906,  0.999906
  22,  0.998765,  0.999453,  1.000466,  1.000466
  23,  0.998460,  1.000120,  1.000475,  1.000475
  24,  0.998505,  1.000140,  1.000484,  1.000484
  25,  0.998539,  1.000155,  1.000491,  1.000491
  26,  0.998539,  1.000155,  1.000491,  1.000491
Optimization terminated successfully.
         Current function value: 0.213362
         Iterations: 6
         Function evaluations: 45
         Gradient evaluations: 9
  27,  0.999373,  0.999731,  1.000791,  1.000791
  28,  0.999134,  0.999621,  1.000670,  1.000670
  29,  0.999014,  0.999886,  1.000665,  1.000665
  30,  0.999040,  0.999893,  1.000634,  1.000634
  31,  0.999101,  0.999908,  1.000563,  1.000563
  32,  0.999150,  0.999919,  1.000506,  1.000506
  33,  0.999150,  0.999919,  1.000506,  1.000506
Optimization terminated successfully.
         Current function value: 0.071862
         Iterations: 7
         Function evaluations: 65
         Gradient evaluations: 13
  34,  0.999378,  0.999725,  0.999906,  0.999906
  35,  0.998765,  0.999453,  1.000466,  1.000466
  36,  0.998460,  1.000120,  1.000475,  1.000475
  37,  0.998505,  1.000140,  1.000484,  1.000484
  38,  0.998539,  1.000155,  1.000491,  1.000491
  39,  0.998539,  1.000155,  1.000491,  1.000491
Optimization terminated successfully.
         Current function value: 0.213364
         Iterations: 6
         Function evaluations: 45
         Gradient evaluations: 9
  40,  0.999373,  0.999731,  1.000791,  1.000791
  41,  0.999134,  0.999621,  1.000670,  1.000670
  42,  0.999014,  0.999886,  1.000665,  1.000665
  43,  0.999040,  0.999893,  1.000634,  1.000634
  44,  0.999101,  0.999908,  1.000563,  1.000563
  45,  0.999150,  0.999919,  1.000506,  1.000506
  46,  0.999150,  0.999919,  1.000506,  1.000506
Optimization terminated successfully.
         Current function value: 0.071862
         Iterations: 7
         Function evaluations: 65
         Gradient evaluations: 13
  47,  0.999378,  0.999725,  0.999906,  0.999906
  48,  0.998765,  0.999453,  1.000466,  1.000466
  49,  0.998460,  1.000120,  1.000475,  1.000475
  50,  0.998505,  1.000140,  1.000484,  1.000484
  51,  0.998539,  1.000155,  1.000491,  1.000491
  52,  0.998539,  1.000155,  1.000491,  1.000491
Optimization terminated successfully.
         Current function value: 0.213367
         Iterations: 6
         Function evaluations: 45
         Gradient evaluations: 9
  53,  0.999373,  0.999731,  1.000791,  1.000791
  54,  0.999134,  0.999621,  1.000670,  1.000670
  55,  0.999014,  0.999886,  1.000665,  1.000665
  56,  0.999040,  0.999893,  1.000634,  1.000634
  57,  0.999101,  0.999908,  1.000563,  1.000563
  58,  0.999150,  0.999919,  1.000506,  1.000506
  59,  0.999150,  0.999919,  1.000506,  1.000506
Optimization terminated successfully.
         Current function value: 0.071863
         Iterations: 7
         Function evaluations: 65
         Gradient evaluations: 13
  60,  0.999378,  0.999725,  0.999906,  0.999906
  61,  0.998765,  0.999453,  1.000466,  1.000466
  62,  0.998460,  1.000120,  1.000475,  1.000475
  63,  0.998505,  1.000140,  1.000484,  1.000484
  64,  0.998539,  1.000155,  1.000491,  1.000491
  65,  0.998539,  1.000155,  1.000491,  1.000491
Optimization terminated successfully.
         Current function value: 0.213370
         Iterations: 6
         Function evaluations: 45
         Gradient evaluations: 9
  66,  0.999373,  0.999731,  1.000791,  1.000791
  67,  0.999134,  0.999621,  1.000670,  1.000670
  68,  0.999013,  0.999886,  1.000665,  1.000665
  69,  0.999040,  0.999893,  1.000634,  1.000634
  70,  0.999101,  0.999908,  1.000563,  1.000563
  71,  0.999150,  0.999919,  1.000506,  1.000506
  72,  0.999150,  0.999919,  1.000506,  1.000506
Optimization terminated successfully.
         Current function value: 0.071864
         Iterations: 7
         Function evaluations: 65
         Gradient evaluations: 13
  73,  0.999378,  0.999725,  0.999906,  0.999906
  74,  0.998765,  0.999453,  1.000466,  1.000466
  75,  0.998460,  1.000120,  1.000475,  1.000475
  76,  0.998505,  1.000140,  1.000484,  1.000484
  77,  0.998539,  1.000155,  1.000491,  1.000491
  78,  0.998539,  1.000155,  1.000491,  1.000491
Optimization terminated successfully.
         Current function value: 0.213373
         Iterations: 6
         Function evaluations: 45
         Gradient evaluations: 9
  79,  0.999373,  0.999731,  1.000791,  1.000791
  80,  0.999134,  0.999621,  1.000670,  1.000670
  81,  0.999013,  0.999886,  1.000665,  1.000665
  82,  0.999040,  0.999893,  1.000634,  1.000634
  83,  0.999101,  0.999908,  1.000563,  1.000563
  84,  0.999150,  0.999919,  1.000506,  1.000506
  85,  0.999150,  0.999919,  1.000506,  1.000506
Optimization terminated successfully.
         Current function value: 0.071865
         Iterations: 7
         Function evaluations: 65
         Gradient evaluations: 13
  86,  0.999378,  0.999725,  0.999906,  0.999906
  87,  0.998765,  0.999453,  1.000466,  1.000466
  88,  0.998460,  1.000120,  1.000475,  1.000475
  89,  0.998505,  1.000140,  1.000484,  1.000484
  90,  0.998539,  1.000155,  1.000491,  1.000491
  91,  0.998539,  1.000155,  1.000491,  1.000491
Optimization terminated successfully.
         Current function value: 0.213375
         Iterations: 6
         Function evaluations: 45
         Gradient evaluations: 9
