fisher1 and fisher2 are: 0.7784441252741279, 0
begin truth calculations
begin calculating d2chi
   1,  1.001212,  1.000525,  0.998610,  0.998610
   2,  1.001779,  1.000787,  0.998926,  0.998926
   3,  1.001927,  1.000463,  0.998932,  0.998932
   4,  1.001941,  1.000468,  0.998917,  0.998917
   5,  1.001970,  1.000479,  0.998886,  0.998886
   6,  1.002035,  1.000503,  0.998816,  0.998816
   7,  1.002035,  1.000503,  0.998816,  0.998816
Optimization terminated successfully.
         Current function value: 0.543148
         Iterations: 7
         Function evaluations: 65
         Gradient evaluations: 13
   8,  1.001466,  1.000652,  1.000295,  1.000295
   9,  1.001675,  1.000747,  1.000111,  1.000111
  10,  1.002101,  0.999819,  1.000098,  1.000098
  11,  1.002108,  0.999848,  0.999962,  0.999962
  12,  1.002123,  0.999914,  0.999659,  0.999659
  13,  1.002142,  1.000000,  0.999272,  0.999272
  14,  1.002141,  1.000002,  0.999271,  0.999271
  15,  1.002141,  1.000002,  0.999271,  0.999271
Optimization terminated successfully.
         Current function value: 0.610012
         Iterations: 8
         Function evaluations: 65
         Gradient evaluations: 13
  16,  1.001212,  1.000525,  0.998610,  0.998610
  17,  1.001779,  1.000787,  0.998926,  0.998926
  18,  1.001927,  1.000463,  0.998932,  0.998932
  19,  1.001941,  1.000468,  0.998917,  0.998917
  20,  1.001970,  1.000479,  0.998886,  0.998886
  21,  1.002035,  1.000503,  0.998816,  0.998816
  22,  1.002035,  1.000503,  0.998816,  0.998816
Optimization terminated successfully.
         Current function value: 0.543148
         Iterations: 7
         Function evaluations: 65
         Gradient evaluations: 13
  23,  1.001466,  1.000652,  1.000295,  1.000295
  24,  1.001675,  1.000747,  1.000111,  1.000111
  25,  1.002101,  0.999819,  1.000098,  1.000098
  26,  1.002108,  0.999848,  0.999962,  0.999962
  27,  1.002123,  0.999914,  0.999659,  0.999659
  28,  1.002142,  1.000000,  0.999272,  0.999272
  29,  1.002141,  1.000002,  0.999271,  0.999271
  30,  1.002141,  1.000002,  0.999271,  0.999271
Optimization terminated successfully.
         Current function value: 0.610013
         Iterations: 8
         Function evaluations: 65
         Gradient evaluations: 13
  31,  1.001212,  1.000525,  0.998610,  0.998610
  32,  1.001779,  1.000787,  0.998926,  0.998926
  33,  1.001927,  1.000463,  0.998932,  0.998932
  34,  1.001941,  1.000468,  0.998917,  0.998917
  35,  1.001970,  1.000479,  0.998886,  0.998886
  36,  1.002035,  1.000503,  0.998816,  0.998816
  37,  1.002035,  1.000503,  0.998816,  0.998816
Optimization terminated successfully.
         Current function value: 0.543147
         Iterations: 7
         Function evaluations: 65
         Gradient evaluations: 13
  38,  1.001466,  1.000652,  1.000295,  1.000295
  39,  1.001675,  1.000747,  1.000111,  1.000111
  40,  1.002101,  0.999819,  1.000098,  1.000098
  41,  1.002108,  0.999848,  0.999961,  0.999961
  42,  1.002123,  0.999914,  0.999659,  0.999659
  43,  1.002142,  1.000000,  0.999272,  0.999272
  44,  1.002141,  1.000002,  0.999271,  0.999271
  45,  1.002141,  1.000002,  0.999271,  0.999271
Optimization terminated successfully.
         Current function value: 0.610013
         Iterations: 8
         Function evaluations: 65
         Gradient evaluations: 13
  46,  1.001212,  1.000525,  0.998610,  0.998610
  47,  1.001779,  1.000787,  0.998926,  0.998926
  48,  1.001927,  1.000463,  0.998932,  0.998932
  49,  1.001941,  1.000468,  0.998917,  0.998917
  50,  1.001970,  1.000479,  0.998886,  0.998886
  51,  1.002035,  1.000503,  0.998816,  0.998816
  52,  1.002035,  1.000503,  0.998816,  0.998816
Optimization terminated successfully.
         Current function value: 0.543146
         Iterations: 7
         Function evaluations: 65
         Gradient evaluations: 13
  53,  1.001466,  1.000652,  1.000295,  1.000295
  54,  1.001675,  1.000747,  1.000111,  1.000111
  55,  1.002101,  0.999819,  1.000098,  1.000098
  56,  1.002108,  0.999848,  0.999961,  0.999961
  57,  1.002123,  0.999914,  0.999659,  0.999659
  58,  1.002142,  1.000000,  0.999272,  0.999272
  59,  1.002141,  1.000002,  0.999271,  0.999271
  60,  1.002141,  1.000002,  0.999271,  0.999271
Optimization terminated successfully.
         Current function value: 0.610014
         Iterations: 8
         Function evaluations: 65
         Gradient evaluations: 13
  61,  1.001212,  1.000525,  0.998610,  0.998610
  62,  1.001779,  1.000787,  0.998926,  0.998926
  63,  1.001927,  1.000463,  0.998932,  0.998932
  64,  1.001941,  1.000468,  0.998917,  0.998917
  65,  1.001970,  1.000479,  0.998886,  0.998886
  66,  1.002035,  1.000503,  0.998816,  0.998816
  67,  1.002035,  1.000503,  0.998816,  0.998816
  68,  1.002035,  1.000503,  0.998816,  0.998816
Optimization terminated successfully.
         Current function value: 0.543146
         Iterations: 8
         Function evaluations: 80
         Gradient evaluations: 16
  69,  1.001466,  1.000652,  1.000295,  1.000295
  70,  1.001675,  1.000747,  1.000111,  1.000111
  71,  1.002101,  0.999819,  1.000098,  1.000098
  72,  1.002108,  0.999848,  0.999961,  0.999961
  73,  1.002123,  0.999914,  0.999659,  0.999659
  74,  1.002142,  1.000000,  0.999272,  0.999272
  75,  1.002141,  1.000002,  0.999271,  0.999271
  76,  1.002141,  1.000002,  0.999271,  0.999271
Optimization terminated successfully.
         Current function value: 0.610014
         Iterations: 8
         Function evaluations: 65
         Gradient evaluations: 13
  77,  1.001212,  1.000525,  0.998610,  0.998610
  78,  1.001779,  1.000787,  0.998926,  0.998926
  79,  1.001927,  1.000463,  0.998932,  0.998932
  80,  1.001941,  1.000468,  0.998917,  0.998917
  81,  1.001970,  1.000479,  0.998886,  0.998886
  82,  1.002035,  1.000503,  0.998816,  0.998816
  83,  1.002035,  1.000503,  0.998816,  0.998816
Optimization terminated successfully.
         Current function value: 0.543145
         Iterations: 7
         Function evaluations: 65
         Gradient evaluations: 13
  84,  1.001466,  1.000652,  1.000295,  1.000295
  85,  1.001675,  1.000747,  1.000111,  1.000111
  86,  1.002101,  0.999819,  1.000098,  1.000098
  87,  1.002108,  0.999848,  0.999961,  0.999961
  88,  1.002123,  0.999914,  0.999659,  0.999659
  89,  1.002142,  1.000000,  0.999272,  0.999272
  90,  1.002141,  1.000002,  0.999271,  0.999271
  91,  1.002141,  1.000002,  0.999271,  0.999271
Optimization terminated successfully.
         Current function value: 0.610015
         Iterations: 8
         Function evaluations: 65
         Gradient evaluations: 13
  92,  1.001212,  1.000525,  0.998610,  0.998610
  93,  1.001779,  1.000787,  0.998926,  0.998926
  94,  1.001927,  1.000463,  0.998932,  0.998932
  95,  1.001941,  1.000468,  0.998917,  0.998917
  96,  1.001970,  1.000479,  0.998886,  0.998886
  97,  1.002035,  1.000503,  0.998816,  0.998816
  98,  1.002035,  1.000503,  0.998816,  0.998816
Optimization terminated successfully.
         Current function value: 0.543144
         Iterations: 7
         Function evaluations: 65
         Gradient evaluations: 13
  99,  1.001466,  1.000652,  1.000295,  1.000295
 100,  1.001675,  1.000747,  1.000111,  1.000111
 101,  1.002101,  0.999819,  1.000098,  1.000098
 102,  1.002108,  0.999848,  0.999961,  0.999961
 103,  1.002123,  0.999914,  0.999659,  0.999659
 104,  1.002142,  1.000000,  0.999272,  0.999272
 105,  1.002141,  1.000002,  0.999271,  0.999271
 106,  1.002141,  1.000002,  0.999271,  0.999271
Optimization terminated successfully.
         Current function value: 0.610016
         Iterations: 8
         Function evaluations: 65
         Gradient evaluations: 13
