fisher1 and fisher2 are: 0.9072494240713105, 0
begin truth calculations
begin calculating d2chi
   1,  0.997757,  0.999037,  1.002878,  1.002878
   2,  0.996914,  0.998652,  1.002461,  1.002461
   3,  0.996450,  0.999670,  1.002442,  1.002442
   4,  0.996537,  0.999692,  1.002339,  1.002339
   5,  0.996727,  0.999741,  1.002111,  1.002111
   6,  0.997000,  0.999807,  1.001787,  1.001787
   7,  0.997001,  0.999803,  1.001788,  1.001788
   8,  0.997001,  0.999802,  1.001788,  1.001788
   9,  0.997001,  0.999802,  1.001788,  1.001788
  10,  0.997001,  0.999802,  1.001788,  1.001788
Warning: Maximum number of iterations has been exceeded.
         Current function value: 0.856349
         Iterations: 10
         Function evaluations: 85
         Gradient evaluations: 17
  11,  0.997651,  0.998962,  0.999665,  0.999665
  12,  0.995326,  0.997929,  1.001817,  1.001817
  13,  0.994129,  1.000551,  1.001852,  1.001852
  14,  0.994364,  1.000579,  1.001852,  1.001852
  15,  0.994509,  1.000606,  1.001851,  1.001851
  16,  0.994510,  1.000605,  1.001851,  1.001851
  17,  0.994510,  1.000605,  1.001851,  1.001851
Optimization terminated successfully.
         Current function value: 2.892272
         Iterations: 7
         Function evaluations: 50
         Gradient evaluations: 10
  18,  0.997757,  0.999037,  1.002878,  1.002878
  19,  0.996914,  0.998652,  1.002461,  1.002461
  20,  0.996450,  0.999670,  1.002442,  1.002442
  21,  0.996537,  0.999692,  1.002339,  1.002339
  22,  0.996727,  0.999741,  1.002111,  1.002111
  23,  0.997000,  0.999807,  1.001787,  1.001787
  24,  0.997001,  0.999803,  1.001788,  1.001788
  25,  0.997001,  0.999802,  1.001788,  1.001788
  26,  0.997001,  0.999802,  1.001788,  1.001788
  27,  0.997001,  0.999802,  1.001788,  1.001788
Warning: Maximum number of iterations has been exceeded.
         Current function value: 0.856353
         Iterations: 10
         Function evaluations: 115
         Gradient evaluations: 23
  28,  0.997651,  0.998962,  0.999665,  0.999665
  29,  0.995326,  0.997929,  1.001817,  1.001817
  30,  0.994129,  1.000551,  1.001852,  1.001852
  31,  0.994364,  1.000579,  1.001852,  1.001852
  32,  0.994509,  1.000606,  1.001851,  1.001851
  33,  0.994510,  1.000605,  1.001851,  1.001851
  34,  0.994510,  1.000605,  1.001851,  1.001851
Optimization terminated successfully.
         Current function value: 2.892286
         Iterations: 7
         Function evaluations: 50
         Gradient evaluations: 10
  35,  0.997757,  0.999037,  1.002878,  1.002878
  36,  0.996914,  0.998652,  1.002461,  1.002461
  37,  0.996450,  0.999670,  1.002442,  1.002442
  38,  0.996537,  0.999692,  1.002339,  1.002339
  39,  0.996727,  0.999741,  1.002111,  1.002111
  40,  0.997000,  0.999807,  1.001787,  1.001787
  41,  0.997001,  0.999803,  1.001788,  1.001788
  42,  0.997001,  0.999802,  1.001788,  1.001788
  43,  0.997001,  0.999802,  1.001788,  1.001788
Optimization terminated successfully.
         Current function value: 0.856357
         Iterations: 9
         Function evaluations: 75
         Gradient evaluations: 15
  44,  0.997651,  0.998962,  0.999665,  0.999665
  45,  0.995326,  0.997929,  1.001817,  1.001817
  46,  0.994129,  1.000551,  1.001852,  1.001852
  47,  0.994364,  1.000579,  1.001852,  1.001852
  48,  0.994509,  1.000606,  1.001851,  1.001851
  49,  0.994510,  1.000605,  1.001851,  1.001851
  50,  0.994510,  1.000605,  1.001851,  1.001851
Optimization terminated successfully.
         Current function value: 2.892300
         Iterations: 7
         Function evaluations: 50
         Gradient evaluations: 10
  51,  0.997757,  0.999037,  1.002878,  1.002878
  52,  0.996914,  0.998652,  1.002461,  1.002461
  53,  0.996450,  0.999670,  1.002442,  1.002442
  54,  0.996537,  0.999692,  1.002339,  1.002339
  55,  0.996727,  0.999741,  1.002111,  1.002111
  56,  0.997000,  0.999807,  1.001787,  1.001787
  57,  0.997001,  0.999803,  1.001788,  1.001788
  58,  0.997001,  0.999802,  1.001788,  1.001788
Warning: Desired error not necessarily achieved due to precision loss.
         Current function value: 0.856361
         Iterations: 8
         Function evaluations: 472
         Gradient evaluations: 92
  59,  0.997651,  0.998962,  0.999665,  0.999665
  60,  0.995326,  0.997929,  1.001817,  1.001817
  61,  0.994129,  1.000551,  1.001852,  1.001852
  62,  0.994364,  1.000579,  1.001852,  1.001852
  63,  0.994509,  1.000606,  1.001851,  1.001851
  64,  0.994510,  1.000605,  1.001851,  1.001851
  65,  0.994510,  1.000605,  1.001851,  1.001851
Optimization terminated successfully.
         Current function value: 2.892314
         Iterations: 7
         Function evaluations: 50
         Gradient evaluations: 10
  66,  0.997757,  0.999037,  1.002878,  1.002878
  67,  0.996914,  0.998652,  1.002461,  1.002461
  68,  0.996450,  0.999670,  1.002442,  1.002442
  69,  0.996537,  0.999692,  1.002339,  1.002339
  70,  0.996727,  0.999741,  1.002111,  1.002111
  71,  0.997000,  0.999807,  1.001787,  1.001787
  72,  0.997001,  0.999803,  1.001788,  1.001788
  73,  0.997001,  0.999802,  1.001788,  1.001788
  74,  0.997001,  0.999802,  1.001788,  1.001788
Optimization terminated successfully.
         Current function value: 0.856365
         Iterations: 9
         Function evaluations: 95
         Gradient evaluations: 19
  75,  0.997651,  0.998962,  0.999665,  0.999665
  76,  0.995326,  0.997929,  1.001817,  1.001817
  77,  0.994129,  1.000551,  1.001852,  1.001852
  78,  0.994364,  1.000579,  1.001852,  1.001852
  79,  0.994509,  1.000606,  1.001851,  1.001851
  80,  0.994510,  1.000605,  1.001851,  1.001851
  81,  0.994510,  1.000605,  1.001851,  1.001851
Optimization terminated successfully.
         Current function value: 2.892329
         Iterations: 7
         Function evaluations: 50
         Gradient evaluations: 10
  82,  0.997757,  0.999037,  1.002878,  1.002878
  83,  0.996914,  0.998652,  1.002461,  1.002461
  84,  0.996450,  0.999670,  1.002442,  1.002442
  85,  0.996537,  0.999692,  1.002339,  1.002339
  86,  0.996727,  0.999741,  1.002111,  1.002111
  87,  0.997000,  0.999807,  1.001787,  1.001787
  88,  0.997001,  0.999803,  1.001788,  1.001788
  89,  0.997001,  0.999802,  1.001788,  1.001788
  90,  0.997001,  0.999802,  1.001788,  1.001788
Optimization terminated successfully.
         Current function value: 0.856368
         Iterations: 9
         Function evaluations: 75
         Gradient evaluations: 15
  91,  0.997651,  0.998962,  0.999665,  0.999665
  92,  0.995326,  0.997929,  1.001817,  1.001817
  93,  0.994129,  1.000551,  1.001852,  1.001852
  94,  0.994364,  1.000579,  1.001852,  1.001852
  95,  0.994509,  1.000606,  1.001851,  1.001851
  96,  0.994510,  1.000605,  1.001851,  1.001851
  97,  0.994510,  1.000605,  1.001851,  1.001851
Optimization terminated successfully.
         Current function value: 2.892343
         Iterations: 7
         Function evaluations: 50
         Gradient evaluations: 10
  98,  0.997757,  0.999037,  1.002878,  1.002878
  99,  0.996913,  0.998652,  1.002461,  1.002461
 100,  0.996450,  0.999670,  1.002442,  1.002442
 101,  0.996537,  0.999692,  1.002339,  1.002339
 102,  0.996727,  0.999741,  1.002111,  1.002111
 103,  0.997000,  0.999807,  1.001787,  1.001787
 104,  0.997001,  0.999803,  1.001788,  1.001788
 105,  0.997001,  0.999802,  1.001788,  1.001788
 106,  0.997001,  0.999802,  1.001788,  1.001788
Optimization terminated successfully.
         Current function value: 0.856372
         Iterations: 9
         Function evaluations: 75
         Gradient evaluations: 15
 107,  0.997651,  0.998962,  0.999665,  0.999665
 108,  0.995326,  0.997929,  1.001817,  1.001817
 109,  0.994129,  1.000551,  1.001852,  1.001852
 110,  0.994364,  1.000579,  1.001852,  1.001852
 111,  0.994509,  1.000606,  1.001851,  1.001851
 112,  0.994510,  1.000605,  1.001851,  1.001851
 113,  0.994510,  1.000605,  1.001851,  1.001851
Optimization terminated successfully.
         Current function value: 2.892357
         Iterations: 7
         Function evaluations: 50
         Gradient evaluations: 10
