fisher1 and fisher2 are: 0.7187538648559213, 0
begin truth calculations
begin calculating d2chi
   1,  1.001156,  1.000509,  0.998966,  0.998966
   2,  1.001561,  1.000702,  0.999261,  0.999261
   3,  1.001384,  1.001090,  0.999253,  0.999253
   4,  1.001410,  1.001092,  0.999234,  0.999234
   5,  1.001471,  1.001098,  0.999188,  0.999188
   6,  1.001501,  1.001101,  0.999166,  0.999166
   7,  1.001501,  1.001101,  0.999166,  0.999166
Optimization terminated successfully.
         Current function value: 0.753405
         Iterations: 7
         Function evaluations: 65
         Gradient evaluations: 13
   8,  0.999343,  0.999721,  1.000159,  1.000159
   9,  0.999217,  0.999673,  1.000380,  1.000380
  10,  0.998749,  1.000695,  1.000393,  1.000393
  11,  0.998799,  1.000718,  1.000381,  1.000381
  12,  0.998799,  1.000718,  1.000381,  1.000381
Optimization terminated successfully.
         Current function value: 0.149908
         Iterations: 5
         Function evaluations: 45
         Gradient evaluations: 9
  13,  1.001156,  1.000509,  0.998966,  0.998966
  14,  1.001561,  1.000702,  0.999261,  0.999261
  15,  1.001384,  1.001090,  0.999253,  0.999253
  16,  1.001410,  1.001092,  0.999234,  0.999234
  17,  1.001471,  1.001098,  0.999188,  0.999188
  18,  1.001501,  1.001101,  0.999166,  0.999166
  19,  1.001501,  1.001101,  0.999166,  0.999166
Optimization terminated successfully.
         Current function value: 0.753405
         Iterations: 7
         Function evaluations: 65
         Gradient evaluations: 13
  20,  0.999343,  0.999721,  1.000159,  1.000159
  21,  0.999217,  0.999673,  1.000379,  1.000379
  22,  0.998749,  1.000695,  1.000393,  1.000393
  23,  0.998799,  1.000718,  1.000381,  1.000381
  24,  0.998799,  1.000718,  1.000381,  1.000381
Optimization terminated successfully.
         Current function value: 0.149907
         Iterations: 5
         Function evaluations: 45
         Gradient evaluations: 9
  25,  1.001156,  1.000509,  0.998966,  0.998966
  26,  1.001561,  1.000702,  0.999261,  0.999261
  27,  1.001384,  1.001090,  0.999253,  0.999253
  28,  1.001410,  1.001092,  0.999234,  0.999234
  29,  1.001471,  1.001098,  0.999188,  0.999188
  30,  1.001501,  1.001101,  0.999166,  0.999166
  31,  1.001501,  1.001101,  0.999166,  0.999166
Optimization terminated successfully.
         Current function value: 0.753405
         Iterations: 7
         Function evaluations: 65
         Gradient evaluations: 13
  32,  0.999343,  0.999721,  1.000159,  1.000159
  33,  0.999217,  0.999673,  1.000379,  1.000379
  34,  0.998749,  1.000695,  1.000393,  1.000393
  35,  0.998799,  1.000718,  1.000381,  1.000381
  36,  0.998799,  1.000718,  1.000381,  1.000381
Optimization terminated successfully.
         Current function value: 0.149906
         Iterations: 5
         Function evaluations: 45
         Gradient evaluations: 9
  37,  1.001156,  1.000509,  0.998966,  0.998966
  38,  1.001561,  1.000702,  0.999261,  0.999261
  39,  1.001384,  1.001090,  0.999253,  0.999253
  40,  1.001410,  1.001092,  0.999234,  0.999234
  41,  1.001471,  1.001098,  0.999188,  0.999188
  42,  1.001501,  1.001101,  0.999166,  0.999166
  43,  1.001501,  1.001101,  0.999166,  0.999166
Optimization terminated successfully.
         Current function value: 0.753405
         Iterations: 7
         Function evaluations: 65
         Gradient evaluations: 13
  44,  0.999343,  0.999721,  1.000159,  1.000159
  45,  0.999217,  0.999673,  1.000379,  1.000379
  46,  0.998749,  1.000695,  1.000393,  1.000393
  47,  0.998799,  1.000718,  1.000381,  1.000381
  48,  0.998799,  1.000718,  1.000381,  1.000381
Optimization terminated successfully.
         Current function value: 0.149904
         Iterations: 5
         Function evaluations: 45
         Gradient evaluations: 9
  49,  1.001156,  1.000509,  0.998966,  0.998966
  50,  1.001561,  1.000702,  0.999261,  0.999261
  51,  1.001384,  1.001090,  0.999253,  0.999253
  52,  1.001410,  1.001092,  0.999234,  0.999234
  53,  1.001471,  1.001098,  0.999188,  0.999188
  54,  1.001501,  1.001101,  0.999166,  0.999166
  55,  1.001501,  1.001101,  0.999166,  0.999166
Optimization terminated successfully.
         Current function value: 0.753405
         Iterations: 7
         Function evaluations: 65
         Gradient evaluations: 13
  56,  0.999343,  0.999721,  1.000159,  1.000159
  57,  0.999217,  0.999673,  1.000379,  1.000379
  58,  0.998749,  1.000695,  1.000393,  1.000393
  59,  0.998799,  1.000718,  1.000381,  1.000381
  60,  0.998799,  1.000718,  1.000381,  1.000381
Optimization terminated successfully.
         Current function value: 0.149903
         Iterations: 5
         Function evaluations: 45
         Gradient evaluations: 9
  61,  1.001156,  1.000509,  0.998966,  0.998966
  62,  1.001561,  1.000702,  0.999261,  0.999261
  63,  1.001384,  1.001090,  0.999253,  0.999253
  64,  1.001410,  1.001092,  0.999234,  0.999234
  65,  1.001471,  1.001098,  0.999188,  0.999188
  66,  1.001501,  1.001101,  0.999166,  0.999166
  67,  1.001501,  1.001101,  0.999166,  0.999166
Optimization terminated successfully.
         Current function value: 0.753404
         Iterations: 7
         Function evaluations: 65
         Gradient evaluations: 13
  68,  0.999343,  0.999721,  1.000159,  1.000159
  69,  0.999217,  0.999673,  1.000379,  1.000379
  70,  0.998749,  1.000695,  1.000393,  1.000393
  71,  0.998799,  1.000718,  1.000381,  1.000381
  72,  0.998799,  1.000718,  1.000381,  1.000381
Optimization terminated successfully.
         Current function value: 0.149902
         Iterations: 5
         Function evaluations: 45
         Gradient evaluations: 9
  73,  1.001156,  1.000509,  0.998966,  0.998966
  74,  1.001561,  1.000702,  0.999261,  0.999261
  75,  1.001384,  1.001090,  0.999253,  0.999253
  76,  1.001410,  1.001092,  0.999234,  0.999234
  77,  1.001471,  1.001098,  0.999188,  0.999188
  78,  1.001501,  1.001101,  0.999166,  0.999166
  79,  1.001501,  1.001101,  0.999166,  0.999166
Optimization terminated successfully.
         Current function value: 0.753404
         Iterations: 7
         Function evaluations: 65
         Gradient evaluations: 13
  80,  0.999343,  0.999721,  1.000159,  1.000159
  81,  0.999217,  0.999673,  1.000379,  1.000379
  82,  0.998749,  1.000695,  1.000393,  1.000393
  83,  0.998799,  1.000718,  1.000381,  1.000381
  84,  0.998799,  1.000718,  1.000381,  1.000381
Optimization terminated successfully.
         Current function value: 0.149901
         Iterations: 5
         Function evaluations: 45
         Gradient evaluations: 9
