fisher1 and fisher2 are: 0.7564529766989991, 0
begin truth calculations
begin calculating d2chi
   1,  1.001288,  1.000559,  0.998597,  0.998597
   2,  1.001859,  1.000825,  0.998933,  0.998933
   3,  1.001946,  1.000636,  0.998937,  0.998937
   4,  1.001964,  1.000646,  0.998917,  0.998917
   5,  1.002005,  1.000667,  0.998873,  0.998873
   6,  1.002056,  1.000693,  0.998817,  0.998817
   7,  1.002056,  1.000693,  0.998817,  0.998817
Optimization terminated successfully.
         Current function value: 0.666067
         Iterations: 7
         Function evaluations: 70
         Gradient evaluations: 14
   8,  1.000510,  1.000229,  1.000131,  1.000131
   9,  1.001179,  1.000535,  0.999565,  0.999565
  10,  1.001337,  1.000190,  0.999560,  0.999560
  11,  1.001368,  1.000198,  0.999539,  0.999539
  12,  1.001410,  1.000208,  0.999510,  0.999510
  13,  1.001410,  1.000208,  0.999510,  0.999510
Optimization terminated successfully.
         Current function value: 0.382452
         Iterations: 6
         Function evaluations: 50
         Gradient evaluations: 10
  14,  1.001288,  1.000559,  0.998597,  0.998597
  15,  1.001859,  1.000825,  0.998933,  0.998933
  16,  1.001946,  1.000636,  0.998937,  0.998937
  17,  1.001964,  1.000646,  0.998917,  0.998917
  18,  1.002005,  1.000667,  0.998873,  0.998873
  19,  1.002056,  1.000693,  0.998817,  0.998817
  20,  1.002056,  1.000693,  0.998817,  0.998817
Optimization terminated successfully.
         Current function value: 0.666066
         Iterations: 7
         Function evaluations: 70
         Gradient evaluations: 14
  21,  1.000510,  1.000229,  1.000131,  1.000131
  22,  1.001179,  1.000535,  0.999565,  0.999565
  23,  1.001337,  1.000190,  0.999560,  0.999560
  24,  1.001368,  1.000198,  0.999539,  0.999539
  25,  1.001410,  1.000208,  0.999510,  0.999510
  26,  1.001410,  1.000208,  0.999510,  0.999510
Optimization terminated successfully.
         Current function value: 0.382454
         Iterations: 6
         Function evaluations: 50
         Gradient evaluations: 10
  27,  1.001288,  1.000559,  0.998597,  0.998597
  28,  1.001859,  1.000825,  0.998933,  0.998933
  29,  1.001946,  1.000636,  0.998937,  0.998937
  30,  1.001964,  1.000646,  0.998917,  0.998917
  31,  1.002005,  1.000667,  0.998873,  0.998873
  32,  1.002056,  1.000693,  0.998817,  0.998817
  33,  1.002056,  1.000693,  0.998817,  0.998817
Optimization terminated successfully.
         Current function value: 0.666066
         Iterations: 7
         Function evaluations: 70
         Gradient evaluations: 14
  34,  1.000510,  1.000229,  1.000131,  1.000131
  35,  1.001179,  1.000535,  0.999565,  0.999565
  36,  1.001337,  1.000190,  0.999560,  0.999560
  37,  1.001368,  1.000198,  0.999539,  0.999539
  38,  1.001410,  1.000208,  0.999510,  0.999510
  39,  1.001410,  1.000208,  0.999510,  0.999510
Optimization terminated successfully.
         Current function value: 0.382455
         Iterations: 6
         Function evaluations: 50
         Gradient evaluations: 10
  40,  1.001288,  1.000559,  0.998597,  0.998597
  41,  1.001859,  1.000825,  0.998933,  0.998933
  42,  1.001946,  1.000636,  0.998937,  0.998937
  43,  1.001964,  1.000646,  0.998917,  0.998917
  44,  1.002005,  1.000667,  0.998873,  0.998873
  45,  1.002056,  1.000693,  0.998817,  0.998817
  46,  1.002056,  1.000693,  0.998817,  0.998817
Optimization terminated successfully.
         Current function value: 0.666066
         Iterations: 7
         Function evaluations: 70
         Gradient evaluations: 14
  47,  1.000510,  1.000229,  1.000131,  1.000131
  48,  1.001179,  1.000535,  0.999565,  0.999565
  49,  1.001337,  1.000190,  0.999560,  0.999560
  50,  1.001368,  1.000198,  0.999539,  0.999539
  51,  1.001410,  1.000208,  0.999510,  0.999510
  52,  1.001410,  1.000208,  0.999510,  0.999510
Optimization terminated successfully.
         Current function value: 0.382456
         Iterations: 6
         Function evaluations: 50
         Gradient evaluations: 10
  53,  1.001288,  1.000559,  0.998597,  0.998597
  54,  1.001859,  1.000825,  0.998933,  0.998933
  55,  1.001946,  1.000636,  0.998937,  0.998937
  56,  1.001964,  1.000646,  0.998917,  0.998917
  57,  1.002005,  1.000667,  0.998873,  0.998873
  58,  1.002056,  1.000693,  0.998817,  0.998817
  59,  1.002056,  1.000693,  0.998817,  0.998817
Optimization terminated successfully.
         Current function value: 0.666065
         Iterations: 7
         Function evaluations: 70
         Gradient evaluations: 14
  60,  1.000510,  1.000229,  1.000131,  1.000131
  61,  1.001179,  1.000535,  0.999565,  0.999565
  62,  1.001337,  1.000190,  0.999560,  0.999560
  63,  1.001368,  1.000198,  0.999539,  0.999539
  64,  1.001410,  1.000208,  0.999510,  0.999510
  65,  1.001410,  1.000208,  0.999510,  0.999510
Optimization terminated successfully.
         Current function value: 0.382458
         Iterations: 6
         Function evaluations: 50
         Gradient evaluations: 10
  66,  1.001288,  1.000559,  0.998597,  0.998597
  67,  1.001859,  1.000825,  0.998933,  0.998933
  68,  1.001946,  1.000636,  0.998937,  0.998937
  69,  1.001964,  1.000646,  0.998917,  0.998917
  70,  1.002005,  1.000667,  0.998873,  0.998873
  71,  1.002056,  1.000693,  0.998817,  0.998817
  72,  1.002056,  1.000693,  0.998817,  0.998817
Optimization terminated successfully.
         Current function value: 0.666065
         Iterations: 7
         Function evaluations: 70
         Gradient evaluations: 14
  73,  1.000510,  1.000229,  1.000131,  1.000131
  74,  1.001179,  1.000535,  0.999565,  0.999565
  75,  1.001337,  1.000190,  0.999560,  0.999560
  76,  1.001368,  1.000198,  0.999539,  0.999539
  77,  1.001410,  1.000208,  0.999510,  0.999510
  78,  1.001410,  1.000208,  0.999510,  0.999510
Optimization terminated successfully.
         Current function value: 0.382459
         Iterations: 6
         Function evaluations: 50
         Gradient evaluations: 10
  79,  1.001288,  1.000559,  0.998597,  0.998597
  80,  1.001859,  1.000825,  0.998933,  0.998933
  81,  1.001946,  1.000636,  0.998937,  0.998937
  82,  1.001964,  1.000646,  0.998917,  0.998917
  83,  1.002005,  1.000667,  0.998873,  0.998873
  84,  1.002056,  1.000693,  0.998817,  0.998817
  85,  1.002056,  1.000693,  0.998817,  0.998817
Optimization terminated successfully.
         Current function value: 0.666064
         Iterations: 7
         Function evaluations: 70
         Gradient evaluations: 14
  86,  1.000510,  1.000229,  1.000131,  1.000131
  87,  1.001179,  1.000535,  0.999565,  0.999565
  88,  1.001337,  1.000190,  0.999560,  0.999560
  89,  1.001368,  1.000198,  0.999539,  0.999539
  90,  1.001410,  1.000208,  0.999510,  0.999510
  91,  1.001410,  1.000208,  0.999510,  0.999510
Optimization terminated successfully.
         Current function value: 0.382460
         Iterations: 6
         Function evaluations: 50
         Gradient evaluations: 10
