fisher1 and fisher2 are: 0.9135326093784901, 0
begin truth calculations
begin calculating d2chi
   1,  0.997413,  0.998890,  1.003329,  1.003329
   2,  0.996443,  0.998446,  1.002851,  1.002851
   3,  0.995904,  0.999631,  1.002828,  1.002828
   4,  0.996001,  0.999657,  1.002712,  1.002712
   5,  0.996215,  0.999714,  1.002455,  1.002455
   6,  0.996549,  0.999796,  1.002056,  1.002056
   7,  0.996551,  0.999790,  1.002056,  1.002056
   8,  0.996551,  0.999790,  1.002056,  1.002056
   9,  0.996551,  0.999790,  1.002056,  1.002056
Optimization terminated successfully.
         Current function value: 1.125209
         Iterations: 9
         Function evaluations: 75
         Gradient evaluations: 15
  10,  0.997269,  0.998793,  0.999614,  0.999614
  11,  0.994563,  0.997592,  1.002125,  1.002125
  12,  0.993164,  1.000657,  1.002165,  1.002165
  13,  0.993449,  1.000678,  1.002158,  1.002158
  14,  0.993626,  1.000704,  1.002151,  1.002151
  15,  0.993627,  1.000702,  1.002151,  1.002151
  16,  0.993627,  1.000702,  1.002151,  1.002151
Optimization terminated successfully.
         Current function value: 3.871486
         Iterations: 7
         Function evaluations: 50
         Gradient evaluations: 10
  17,  0.997413,  0.998890,  1.003329,  1.003329
  18,  0.996443,  0.998446,  1.002851,  1.002851
  19,  0.995904,  0.999631,  1.002828,  1.002828
  20,  0.996001,  0.999657,  1.002712,  1.002712
  21,  0.996215,  0.999714,  1.002455,  1.002455
  22,  0.996549,  0.999796,  1.002056,  1.002056
  23,  0.996551,  0.999790,  1.002056,  1.002056
  24,  0.996551,  0.999790,  1.002056,  1.002056
  25,  0.996551,  0.999790,  1.002056,  1.002056
Optimization terminated successfully.
         Current function value: 1.125213
         Iterations: 9
         Function evaluations: 75
         Gradient evaluations: 15
  26,  0.997269,  0.998793,  0.999614,  0.999614
  27,  0.994563,  0.997592,  1.002125,  1.002125
  28,  0.993164,  1.000657,  1.002165,  1.002165
  29,  0.993449,  1.000678,  1.002158,  1.002158
  30,  0.993626,  1.000704,  1.002151,  1.002151
  31,  0.993627,  1.000702,  1.002151,  1.002151
  32,  0.993627,  1.000702,  1.002151,  1.002151
Optimization terminated successfully.
         Current function value: 3.871503
         Iterations: 7
         Function evaluations: 50
         Gradient evaluations: 10
  33,  0.997413,  0.998890,  1.003329,  1.003329
  34,  0.996443,  0.998446,  1.002851,  1.002851
  35,  0.995904,  0.999631,  1.002828,  1.002828
  36,  0.996001,  0.999657,  1.002712,  1.002712
  37,  0.996215,  0.999714,  1.002455,  1.002455
  38,  0.996549,  0.999796,  1.002056,  1.002056
  39,  0.996551,  0.999790,  1.002056,  1.002056
  40,  0.996551,  0.999790,  1.002056,  1.002056
  41,  0.996551,  0.999790,  1.002056,  1.002056
Optimization terminated successfully.
         Current function value: 1.125218
         Iterations: 9
         Function evaluations: 75
         Gradient evaluations: 15
  42,  0.997269,  0.998793,  0.999614,  0.999614
  43,  0.994563,  0.997592,  1.002125,  1.002125
  44,  0.993164,  1.000657,  1.002165,  1.002165
  45,  0.993449,  1.000678,  1.002158,  1.002158
  46,  0.993626,  1.000704,  1.002151,  1.002151
  47,  0.993627,  1.000702,  1.002151,  1.002151
  48,  0.993627,  1.000702,  1.002151,  1.002151
Optimization terminated successfully.
         Current function value: 3.871521
         Iterations: 7
         Function evaluations: 50
         Gradient evaluations: 10
  49,  0.997413,  0.998890,  1.003329,  1.003329
  50,  0.996443,  0.998446,  1.002851,  1.002851
  51,  0.995904,  0.999631,  1.002828,  1.002828
  52,  0.996001,  0.999657,  1.002712,  1.002712
  53,  0.996215,  0.999714,  1.002455,  1.002455
  54,  0.996549,  0.999796,  1.002056,  1.002056
  55,  0.996551,  0.999790,  1.002056,  1.002056
  56,  0.996551,  0.999790,  1.002056,  1.002056
  57,  0.996551,  0.999790,  1.002056,  1.002056
  58,  0.996551,  0.999790,  1.002056,  1.002056
Warning: Maximum number of iterations has been exceeded.
         Current function value: 1.125223
         Iterations: 10
         Function evaluations: 343
         Gradient evaluations: 68
  59,  0.997269,  0.998793,  0.999614,  0.999614
  60,  0.994563,  0.997592,  1.002125,  1.002125
  61,  0.993164,  1.000657,  1.002165,  1.002165
  62,  0.993449,  1.000678,  1.002158,  1.002158
  63,  0.993626,  1.000704,  1.002151,  1.002151
  64,  0.993627,  1.000702,  1.002151,  1.002151
  65,  0.993627,  1.000702,  1.002151,  1.002151
Optimization terminated successfully.
         Current function value: 3.871538
         Iterations: 7
         Function evaluations: 50
         Gradient evaluations: 10
  66,  0.997413,  0.998890,  1.003329,  1.003329
  67,  0.996443,  0.998446,  1.002851,  1.002851
  68,  0.995904,  0.999631,  1.002828,  1.002828
  69,  0.996001,  0.999657,  1.002712,  1.002712
  70,  0.996215,  0.999714,  1.002455,  1.002455
  71,  0.996549,  0.999796,  1.002056,  1.002056
  72,  0.996551,  0.999790,  1.002056,  1.002056
  73,  0.996551,  0.999790,  1.002056,  1.002056
  74,  0.996551,  0.999790,  1.002056,  1.002056
Optimization terminated successfully.
         Current function value: 1.125227
         Iterations: 9
         Function evaluations: 75
         Gradient evaluations: 15
  75,  0.997269,  0.998793,  0.999614,  0.999614
  76,  0.994563,  0.997592,  1.002125,  1.002125
  77,  0.993164,  1.000657,  1.002165,  1.002165
  78,  0.993449,  1.000678,  1.002158,  1.002158
  79,  0.993626,  1.000704,  1.002152,  1.002152
  80,  0.993627,  1.000702,  1.002151,  1.002151
  81,  0.993627,  1.000702,  1.002151,  1.002151
Optimization terminated successfully.
         Current function value: 3.871555
         Iterations: 7
         Function evaluations: 50
         Gradient evaluations: 10
  82,  0.997413,  0.998890,  1.003329,  1.003329
  83,  0.996443,  0.998446,  1.002851,  1.002851
  84,  0.995904,  0.999631,  1.002828,  1.002828
  85,  0.996001,  0.999657,  1.002712,  1.002712
  86,  0.996215,  0.999714,  1.002455,  1.002455
  87,  0.996549,  0.999796,  1.002056,  1.002056
  88,  0.996551,  0.999790,  1.002056,  1.002056
  89,  0.996551,  0.999790,  1.002056,  1.002056
  90,  0.996551,  0.999790,  1.002056,  1.002056
Optimization terminated successfully.
         Current function value: 1.125232
         Iterations: 9
         Function evaluations: 75
         Gradient evaluations: 15
  91,  0.997269,  0.998793,  0.999614,  0.999614
  92,  0.994563,  0.997592,  1.002125,  1.002125
  93,  0.993164,  1.000657,  1.002165,  1.002165
  94,  0.993449,  1.000678,  1.002158,  1.002158
  95,  0.993626,  1.000704,  1.002152,  1.002152
  96,  0.993627,  1.000702,  1.002151,  1.002151
  97,  0.993627,  1.000702,  1.002151,  1.002151
Optimization terminated successfully.
         Current function value: 3.871572
         Iterations: 7
         Function evaluations: 50
         Gradient evaluations: 10
  98,  0.997413,  0.998890,  1.003329,  1.003329
  99,  0.996443,  0.998446,  1.002851,  1.002851
 100,  0.995904,  0.999631,  1.002828,  1.002828
 101,  0.996001,  0.999657,  1.002712,  1.002712
 102,  0.996215,  0.999714,  1.002455,  1.002455
 103,  0.996549,  0.999796,  1.002056,  1.002056
 104,  0.996551,  0.999790,  1.002056,  1.002056
 105,  0.996551,  0.999790,  1.002056,  1.002056
 106,  0.996551,  0.999790,  1.002056,  1.002056
Optimization terminated successfully.
         Current function value: 1.125237
         Iterations: 9
         Function evaluations: 75
         Gradient evaluations: 15
 107,  0.997269,  0.998793,  0.999614,  0.999614
 108,  0.994563,  0.997592,  1.002125,  1.002125
 109,  0.993164,  1.000657,  1.002165,  1.002165
 110,  0.993449,  1.000678,  1.002158,  1.002158
 111,  0.993626,  1.000704,  1.002152,  1.002152
 112,  0.993627,  1.000702,  1.002151,  1.002151
 113,  0.993627,  1.000702,  1.002151,  1.002151
Optimization terminated successfully.
         Current function value: 3.871589
         Iterations: 7
         Function evaluations: 50
         Gradient evaluations: 10
