fisher1 and fisher2 are: 0.6622051970913045, 0
begin truth calculations
begin calculating d2chi
   1,  1.000108,  1.000074,  1.000687,  1.000687
   2,  1.000165,  1.000118,  1.000678,  1.000678
   3,  1.000025,  1.000425,  1.000673,  1.000673
   4,  0.999926,  1.000632,  1.000648,  1.000648
   5,  0.999711,  1.001083,  1.000593,  1.000593
   6,  0.999256,  1.002037,  1.000478,  1.000478
   7,  0.999256,  1.002038,  1.000478,  1.000478
   8,  0.999256,  1.002038,  1.000478,  1.000478
   9,  0.999256,  1.002038,  1.000478,  1.000478
  10,  0.999256,  1.002038,  1.000478,  1.000478
Warning: Maximum number of iterations has been exceeded.
         Current function value: 1.081068
         Iterations: 10
         Function evaluations: 85
         Gradient evaluations: 17
  11,  0.996503,  0.998459,  0.999772,  0.999772
  12,  0.993006,  0.996920,  1.003267,  1.003267
  13,  0.990919,  1.001485,  1.003329,  1.003329
  14,  0.991363,  1.001547,  1.003055,  1.003055
  15,  0.991790,  1.001628,  1.002785,  1.002785
  16,  0.991791,  1.001625,  1.002785,  1.002785
  17,  0.991791,  1.001625,  1.002785,  1.002785
Optimization terminated successfully.
         Current function value: 5.140984
         Iterations: 7
         Function evaluations: 50
         Gradient evaluations: 10
  18,  1.000108,  1.000074,  1.000687,  1.000687
  19,  1.000165,  1.000118,  1.000678,  1.000678
  20,  1.000025,  1.000425,  1.000673,  1.000673
  21,  0.999926,  1.000632,  1.000648,  1.000648
  22,  0.999711,  1.001083,  1.000593,  1.000593
  23,  0.999256,  1.002037,  1.000478,  1.000478
  24,  0.999256,  1.002038,  1.000478,  1.000478
  25,  0.999256,  1.002038,  1.000478,  1.000478
Warning: Desired error not necessarily achieved due to precision loss.
         Current function value: 1.081066
         Iterations: 8
         Function evaluations: 71
         Gradient evaluations: 14
  26,  0.996503,  0.998459,  0.999772,  0.999772
  27,  0.993006,  0.996920,  1.003267,  1.003267
  28,  0.990919,  1.001485,  1.003329,  1.003329
  29,  0.991363,  1.001547,  1.003055,  1.003055
  30,  0.991790,  1.001628,  1.002785,  1.002785
  31,  0.991791,  1.001625,  1.002785,  1.002785
  32,  0.991791,  1.001625,  1.002785,  1.002785
Optimization terminated successfully.
         Current function value: 5.140964
         Iterations: 7
         Function evaluations: 50
         Gradient evaluations: 10
  33,  1.000108,  1.000074,  1.000687,  1.000687
  34,  1.000165,  1.000118,  1.000678,  1.000678
  35,  1.000025,  1.000425,  1.000673,  1.000673
  36,  0.999926,  1.000632,  1.000648,  1.000648
  37,  0.999711,  1.001083,  1.000593,  1.000593
  38,  0.999256,  1.002037,  1.000478,  1.000478
  39,  0.999256,  1.002038,  1.000478,  1.000478
  40,  0.999256,  1.002038,  1.000478,  1.000478
  41,  0.999256,  1.002038,  1.000478,  1.000478
  42,  0.999256,  1.002038,  1.000478,  1.000478
Warning: Maximum number of iterations has been exceeded.
         Current function value: 1.081065
         Iterations: 10
         Function evaluations: 110
         Gradient evaluations: 22
  43,  0.996503,  0.998459,  0.999772,  0.999772
  44,  0.993006,  0.996920,  1.003267,  1.003267
  45,  0.990919,  1.001485,  1.003329,  1.003329
  46,  0.991363,  1.001547,  1.003055,  1.003055
  47,  0.991790,  1.001628,  1.002785,  1.002785
  48,  0.991791,  1.001625,  1.002785,  1.002785
  49,  0.991791,  1.001625,  1.002785,  1.002785
Optimization terminated successfully.
         Current function value: 5.140944
         Iterations: 7
         Function evaluations: 50
         Gradient evaluations: 10
  50,  1.000108,  1.000074,  1.000687,  1.000687
  51,  1.000165,  1.000118,  1.000678,  1.000678
  52,  1.000025,  1.000425,  1.000673,  1.000673
  53,  0.999926,  1.000632,  1.000648,  1.000648
  54,  0.999711,  1.001083,  1.000593,  1.000593
  55,  0.999256,  1.002037,  1.000478,  1.000478
  56,  0.999256,  1.002038,  1.000478,  1.000478
  57,  0.999256,  1.002038,  1.000478,  1.000478
  58,  0.999256,  1.002038,  1.000478,  1.000478
  59,  0.999256,  1.002038,  1.000478,  1.000478
Warning: Maximum number of iterations has been exceeded.
         Current function value: 1.081063
         Iterations: 10
         Function evaluations: 596
         Gradient evaluations: 117
  60,  0.996503,  0.998459,  0.999772,  0.999772
  61,  0.993006,  0.996920,  1.003267,  1.003267
  62,  0.990919,  1.001485,  1.003329,  1.003329
  63,  0.991363,  1.001547,  1.003055,  1.003055
  64,  0.991790,  1.001628,  1.002785,  1.002785
  65,  0.991791,  1.001625,  1.002785,  1.002785
  66,  0.991791,  1.001625,  1.002785,  1.002785
Optimization terminated successfully.
         Current function value: 5.140923
         Iterations: 7
         Function evaluations: 50
         Gradient evaluations: 10
  67,  1.000108,  1.000074,  1.000687,  1.000687
  68,  1.000165,  1.000118,  1.000678,  1.000678
  69,  1.000025,  1.000425,  1.000673,  1.000673
  70,  0.999926,  1.000632,  1.000648,  1.000648
  71,  0.999711,  1.001083,  1.000593,  1.000593
  72,  0.999256,  1.002037,  1.000478,  1.000478
  73,  0.999256,  1.002038,  1.000478,  1.000478
  74,  0.999256,  1.002038,  1.000478,  1.000478
  75,  0.999256,  1.002038,  1.000478,  1.000478
  76,  0.999256,  1.002038,  1.000478,  1.000478
Warning: Maximum number of iterations has been exceeded.
         Current function value: 1.081062
         Iterations: 10
         Function evaluations: 423
         Gradient evaluations: 84
  77,  0.996503,  0.998459,  0.999772,  0.999772
  78,  0.993006,  0.996920,  1.003267,  1.003267
  79,  0.990919,  1.001485,  1.003329,  1.003329
  80,  0.991363,  1.001547,  1.003055,  1.003055
  81,  0.991790,  1.001628,  1.002785,  1.002785
  82,  0.991791,  1.001625,  1.002785,  1.002785
  83,  0.991791,  1.001625,  1.002785,  1.002785
Optimization terminated successfully.
         Current function value: 5.140903
         Iterations: 7
         Function evaluations: 50
         Gradient evaluations: 10
  84,  1.000108,  1.000074,  1.000687,  1.000687
  85,  1.000165,  1.000118,  1.000678,  1.000678
  86,  1.000025,  1.000425,  1.000673,  1.000673
  87,  0.999926,  1.000632,  1.000647,  1.000647
  88,  0.999711,  1.001083,  1.000593,  1.000593
  89,  0.999256,  1.002037,  1.000478,  1.000478
  90,  0.999256,  1.002038,  1.000478,  1.000478
Warning: Desired error not necessarily achieved due to precision loss.
         Current function value: 1.081060
         Iterations: 7
         Function evaluations: 275
         Gradient evaluations: 53
  91,  0.996503,  0.998459,  0.999772,  0.999772
  92,  0.993006,  0.996920,  1.003267,  1.003267
  93,  0.990919,  1.001485,  1.003329,  1.003329
  94,  0.991363,  1.001547,  1.003055,  1.003055
  95,  0.991790,  1.001628,  1.002785,  1.002785
  96,  0.991791,  1.001625,  1.002785,  1.002785
  97,  0.991791,  1.001625,  1.002785,  1.002785
Optimization terminated successfully.
         Current function value: 5.140883
         Iterations: 7
         Function evaluations: 50
         Gradient evaluations: 10
  98,  1.000108,  1.000074,  1.000687,  1.000687
  99,  1.000165,  1.000118,  1.000678,  1.000678
 100,  1.000025,  1.000425,  1.000673,  1.000673
 101,  0.999926,  1.000632,  1.000647,  1.000647
 102,  0.999711,  1.001083,  1.000593,  1.000593
 103,  0.999256,  1.002037,  1.000478,  1.000478
 104,  0.999256,  1.002038,  1.000478,  1.000478
Warning: Desired error not necessarily achieved due to precision loss.
         Current function value: 1.081059
         Iterations: 7
         Function evaluations: 385
         Gradient evaluations: 75
 105,  0.996503,  0.998459,  0.999772,  0.999772
 106,  0.993006,  0.996920,  1.003267,  1.003267
 107,  0.990919,  1.001485,  1.003329,  1.003329
 108,  0.991363,  1.001547,  1.003055,  1.003055
 109,  0.991790,  1.001628,  1.002785,  1.002785
 110,  0.991791,  1.001625,  1.002785,  1.002785
 111,  0.991791,  1.001625,  1.002785,  1.002785
Optimization terminated successfully.
         Current function value: 5.140862
         Iterations: 7
         Function evaluations: 50
         Gradient evaluations: 10
