fisher1 and fisher2 are: 0.8412759783459243, 0
begin truth calculations
begin calculating d2chi
   1,  1.000336,  1.000145,  0.999585,  0.999585
   2,  1.000506,  1.000223,  0.999672,  0.999672
   3,  1.000577,  1.000067,  0.999675,  0.999675
   4,  1.000587,  1.000071,  0.999662,  0.999662
   5,  1.000605,  1.000078,  0.999641,  0.999641
   6,  1.000605,  1.000077,  0.999641,  0.999641
Optimization terminated successfully.
         Current function value: 0.038330
         Iterations: 6
         Function evaluations: 60
         Gradient evaluations: 12
   7,  1.000402,  1.000178,  1.000064,  1.000064
   8,  1.000802,  1.000356,  0.999702,  0.999702
   9,  1.000996,  0.999932,  0.999696,  0.999696
  10,  1.000972,  0.999920,  0.999687,  0.999687
  11,  1.000954,  0.999911,  0.999680,  0.999680
  12,  1.000954,  0.999911,  0.999680,  0.999680
Optimization terminated successfully.
         Current function value: 0.095364
         Iterations: 6
         Function evaluations: 45
         Gradient evaluations: 9
  13,  1.000336,  1.000145,  0.999585,  0.999585
  14,  1.000506,  1.000223,  0.999672,  0.999672
  15,  1.000577,  1.000067,  0.999675,  0.999675
  16,  1.000587,  1.000071,  0.999662,  0.999662
  17,  1.000605,  1.000078,  0.999641,  0.999641
  18,  1.000605,  1.000077,  0.999641,  0.999641
Optimization terminated successfully.
         Current function value: 0.038330
         Iterations: 6
         Function evaluations: 60
         Gradient evaluations: 12
  19,  1.000402,  1.000178,  1.000064,  1.000064
  20,  1.000802,  1.000356,  0.999702,  0.999702
  21,  1.000996,  0.999932,  0.999696,  0.999696
  22,  1.000972,  0.999920,  0.999687,  0.999687
  23,  1.000954,  0.999911,  0.999680,  0.999680
  24,  1.000954,  0.999911,  0.999680,  0.999680
Optimization terminated successfully.
         Current function value: 0.095363
         Iterations: 6
         Function evaluations: 45
         Gradient evaluations: 9
  25,  1.000336,  1.000145,  0.999585,  0.999585
  26,  1.000506,  1.000223,  0.999672,  0.999672
  27,  1.000577,  1.000067,  0.999675,  0.999675
  28,  1.000587,  1.000071,  0.999662,  0.999662
  29,  1.000605,  1.000078,  0.999641,  0.999641
  30,  1.000605,  1.000077,  0.999641,  0.999641
Optimization terminated successfully.
         Current function value: 0.038329
         Iterations: 6
         Function evaluations: 60
         Gradient evaluations: 12
  31,  1.000402,  1.000178,  1.000064,  1.000064
  32,  1.000802,  1.000356,  0.999702,  0.999702
  33,  1.000996,  0.999932,  0.999696,  0.999696
  34,  1.000972,  0.999920,  0.999687,  0.999687
  35,  1.000954,  0.999911,  0.999680,  0.999680
  36,  1.000954,  0.999911,  0.999680,  0.999680
Optimization terminated successfully.
         Current function value: 0.095362
         Iterations: 6
         Function evaluations: 45
         Gradient evaluations: 9
  37,  1.000336,  1.000145,  0.999585,  0.999585
  38,  1.000506,  1.000223,  0.999672,  0.999672
  39,  1.000577,  1.000067,  0.999675,  0.999675
  40,  1.000587,  1.000071,  0.999662,  0.999662
  41,  1.000605,  1.000078,  0.999641,  0.999641
  42,  1.000605,  1.000077,  0.999641,  0.999641
Optimization terminated successfully.
         Current function value: 0.038329
         Iterations: 6
         Function evaluations: 60
         Gradient evaluations: 12
  43,  1.000402,  1.000178,  1.000064,  1.000064
  44,  1.000802,  1.000356,  0.999702,  0.999702
  45,  1.000996,  0.999932,  0.999696,  0.999696
  46,  1.000972,  0.999920,  0.999687,  0.999687
  47,  1.000954,  0.999911,  0.999680,  0.999680
  48,  1.000954,  0.999911,  0.999680,  0.999680
Optimization terminated successfully.
         Current function value: 0.095360
         Iterations: 6
         Function evaluations: 45
         Gradient evaluations: 9
  49,  1.000336,  1.000145,  0.999585,  0.999585
  50,  1.000506,  1.000223,  0.999672,  0.999672
  51,  1.000577,  1.000067,  0.999675,  0.999675
  52,  1.000587,  1.000071,  0.999662,  0.999662
  53,  1.000605,  1.000078,  0.999641,  0.999641
  54,  1.000605,  1.000077,  0.999641,  0.999641
Optimization terminated successfully.
         Current function value: 0.038328
         Iterations: 6
         Function evaluations: 60
         Gradient evaluations: 12
  55,  1.000402,  1.000178,  1.000064,  1.000064
  56,  1.000802,  1.000356,  0.999702,  0.999702
  57,  1.000996,  0.999932,  0.999696,  0.999696
  58,  1.000972,  0.999920,  0.999687,  0.999687
  59,  1.000954,  0.999911,  0.999680,  0.999680
  60,  1.000954,  0.999911,  0.999680,  0.999680
Optimization terminated successfully.
         Current function value: 0.095359
         Iterations: 6
         Function evaluations: 45
         Gradient evaluations: 9
  61,  1.000336,  1.000145,  0.999585,  0.999585
  62,  1.000506,  1.000223,  0.999672,  0.999672
  63,  1.000577,  1.000067,  0.999675,  0.999675
  64,  1.000587,  1.000071,  0.999662,  0.999662
  65,  1.000605,  1.000078,  0.999641,  0.999641
  66,  1.000605,  1.000077,  0.999641,  0.999641
Optimization terminated successfully.
         Current function value: 0.038328
         Iterations: 6
         Function evaluations: 60
         Gradient evaluations: 12
  67,  1.000402,  1.000178,  1.000064,  1.000064
  68,  1.000802,  1.000356,  0.999702,  0.999702
  69,  1.000996,  0.999932,  0.999696,  0.999696
  70,  1.000972,  0.999920,  0.999687,  0.999687
  71,  1.000954,  0.999911,  0.999680,  0.999680
  72,  1.000954,  0.999911,  0.999680,  0.999680
Optimization terminated successfully.
         Current function value: 0.095358
         Iterations: 6
         Function evaluations: 45
         Gradient evaluations: 9
  73,  1.000336,  1.000145,  0.999585,  0.999585
  74,  1.000506,  1.000223,  0.999672,  0.999672
  75,  1.000577,  1.000067,  0.999675,  0.999675
  76,  1.000587,  1.000071,  0.999662,  0.999662
  77,  1.000605,  1.000078,  0.999641,  0.999641
  78,  1.000605,  1.000077,  0.999641,  0.999641
Optimization terminated successfully.
         Current function value: 0.038327
         Iterations: 6
         Function evaluations: 60
         Gradient evaluations: 12
  79,  1.000402,  1.000178,  1.000064,  1.000064
  80,  1.000802,  1.000356,  0.999702,  0.999702
  81,  1.000996,  0.999932,  0.999696,  0.999696
  82,  1.000972,  0.999920,  0.999687,  0.999687
  83,  1.000954,  0.999911,  0.999680,  0.999680
  84,  1.000954,  0.999911,  0.999680,  0.999680
Optimization terminated successfully.
         Current function value: 0.095357
         Iterations: 6
         Function evaluations: 45
         Gradient evaluations: 9
