fisher1 and fisher2 are: 0.8946830534569512, 0
begin truth calculations
begin calculating d2chi
   1,  0.998399,  0.999312,  1.002043,  1.002043
   2,  0.997794,  0.999035,  1.001742,  1.001742
   3,  0.997469,  0.999749,  1.001728,  1.001728
   4,  0.997533,  0.999765,  1.001652,  1.001652
   5,  0.997677,  0.999800,  1.001482,  1.001482
   6,  0.997847,  0.999838,  1.001283,  1.001283
   7,  0.997847,  0.999836,  1.001283,  1.001283
   8,  0.997848,  0.999836,  1.001283,  1.001283
Optimization terminated successfully.
         Current function value: 0.447621
         Iterations: 8
         Function evaluations: 70
         Gradient evaluations: 14
   9,  0.998352,  0.999272,  0.999760,  0.999760
  10,  0.996723,  0.998548,  1.001261,  1.001261
  11,  0.995892,  1.000370,  1.001285,  1.001285
  12,  0.996042,  1.000400,  1.001294,  1.001294
  13,  0.996138,  1.000424,  1.001300,  1.001300
  14,  0.996139,  1.000423,  1.001300,  1.001300
Optimization terminated successfully.
         Current function value: 1.450951
         Iterations: 6
         Function evaluations: 45
         Gradient evaluations: 9
  15,  0.998399,  0.999312,  1.002043,  1.002043
  16,  0.997794,  0.999035,  1.001742,  1.001742
  17,  0.997469,  0.999749,  1.001728,  1.001728
  18,  0.997533,  0.999765,  1.001652,  1.001652
  19,  0.997677,  0.999800,  1.001482,  1.001482
  20,  0.997847,  0.999838,  1.001283,  1.001283
  21,  0.997847,  0.999836,  1.001283,  1.001283
  22,  0.997848,  0.999836,  1.001283,  1.001283
Optimization terminated successfully.
         Current function value: 0.447624
         Iterations: 8
         Function evaluations: 70
         Gradient evaluations: 14
  23,  0.998352,  0.999272,  0.999760,  0.999760
  24,  0.996723,  0.998548,  1.001261,  1.001261
  25,  0.995892,  1.000370,  1.001285,  1.001285
  26,  0.996042,  1.000400,  1.001294,  1.001294
  27,  0.996138,  1.000424,  1.001300,  1.001300
  28,  0.996139,  1.000423,  1.001300,  1.001300
Optimization terminated successfully.
         Current function value: 1.450960
         Iterations: 6
         Function evaluations: 45
         Gradient evaluations: 9
  29,  0.998399,  0.999312,  1.002043,  1.002043
  30,  0.997794,  0.999035,  1.001742,  1.001742
  31,  0.997469,  0.999749,  1.001729,  1.001729
  32,  0.997533,  0.999765,  1.001652,  1.001652
  33,  0.997677,  0.999800,  1.001482,  1.001482
  34,  0.997847,  0.999838,  1.001283,  1.001283
  35,  0.997847,  0.999836,  1.001283,  1.001283
  36,  0.997848,  0.999836,  1.001283,  1.001283
Optimization terminated successfully.
         Current function value: 0.447626
         Iterations: 8
         Function evaluations: 70
         Gradient evaluations: 14
  37,  0.998352,  0.999272,  0.999760,  0.999760
  38,  0.996723,  0.998548,  1.001261,  1.001261
  39,  0.995892,  1.000370,  1.001285,  1.001285
  40,  0.996042,  1.000400,  1.001294,  1.001294
  41,  0.996138,  1.000424,  1.001300,  1.001300
  42,  0.996139,  1.000423,  1.001300,  1.001300
Optimization terminated successfully.
         Current function value: 1.450969
         Iterations: 6
         Function evaluations: 45
         Gradient evaluations: 9
  43,  0.998399,  0.999312,  1.002043,  1.002043
  44,  0.997794,  0.999035,  1.001742,  1.001742
  45,  0.997469,  0.999749,  1.001729,  1.001729
  46,  0.997533,  0.999765,  1.001652,  1.001652
  47,  0.997677,  0.999800,  1.001482,  1.001482
  48,  0.997847,  0.999838,  1.001283,  1.001283
  49,  0.997847,  0.999836,  1.001283,  1.001283
  50,  0.997847,  0.999836,  1.001283,  1.001283
Optimization terminated successfully.
         Current function value: 0.447629
         Iterations: 8
         Function evaluations: 70
         Gradient evaluations: 14
  51,  0.998352,  0.999272,  0.999760,  0.999760
  52,  0.996723,  0.998548,  1.001261,  1.001261
  53,  0.995892,  1.000370,  1.001285,  1.001285
  54,  0.996042,  1.000400,  1.001294,  1.001294
  55,  0.996138,  1.000424,  1.001300,  1.001300
  56,  0.996139,  1.000423,  1.001300,  1.001300
Optimization terminated successfully.
         Current function value: 1.450978
         Iterations: 6
         Function evaluations: 45
         Gradient evaluations: 9
  57,  0.998399,  0.999312,  1.002043,  1.002043
  58,  0.997794,  0.999035,  1.001742,  1.001742
  59,  0.997469,  0.999749,  1.001729,  1.001729
  60,  0.997533,  0.999765,  1.001652,  1.001652
  61,  0.997677,  0.999800,  1.001482,  1.001482
  62,  0.997847,  0.999838,  1.001283,  1.001283
  63,  0.997847,  0.999836,  1.001283,  1.001283
  64,  0.997847,  0.999836,  1.001283,  1.001283
Optimization terminated successfully.
         Current function value: 0.447632
         Iterations: 8
         Function evaluations: 70
         Gradient evaluations: 14
  65,  0.998352,  0.999272,  0.999760,  0.999760
  66,  0.996723,  0.998548,  1.001261,  1.001261
  67,  0.995892,  1.000370,  1.001285,  1.001285
  68,  0.996042,  1.000400,  1.001294,  1.001294
  69,  0.996138,  1.000424,  1.001300,  1.001300
  70,  0.996139,  1.000423,  1.001300,  1.001300
Optimization terminated successfully.
         Current function value: 1.450987
         Iterations: 6
         Function evaluations: 45
         Gradient evaluations: 9
  71,  0.998399,  0.999312,  1.002043,  1.002043
  72,  0.997793,  0.999035,  1.001742,  1.001742
  73,  0.997469,  0.999749,  1.001729,  1.001729
  74,  0.997533,  0.999765,  1.001652,  1.001652
  75,  0.997677,  0.999800,  1.001482,  1.001482
  76,  0.997847,  0.999838,  1.001283,  1.001283
  77,  0.997847,  0.999836,  1.001283,  1.001283
  78,  0.997847,  0.999836,  1.001283,  1.001283
Optimization terminated successfully.
         Current function value: 0.447634
         Iterations: 8
         Function evaluations: 70
         Gradient evaluations: 14
  79,  0.998352,  0.999272,  0.999760,  0.999760
  80,  0.996723,  0.998548,  1.001261,  1.001261
  81,  0.995891,  1.000370,  1.001285,  1.001285
  82,  0.996042,  1.000400,  1.001294,  1.001294
  83,  0.996138,  1.000424,  1.001300,  1.001300
  84,  0.996139,  1.000423,  1.001300,  1.001300
Optimization terminated successfully.
         Current function value: 1.450996
         Iterations: 6
         Function evaluations: 45
         Gradient evaluations: 9
  85,  0.998399,  0.999312,  1.002043,  1.002043
  86,  0.997793,  0.999035,  1.001742,  1.001742
  87,  0.997469,  0.999749,  1.001729,  1.001729
  88,  0.997533,  0.999765,  1.001652,  1.001652
  89,  0.997677,  0.999800,  1.001482,  1.001482
  90,  0.997847,  0.999838,  1.001283,  1.001283
  91,  0.997847,  0.999836,  1.001283,  1.001283
  92,  0.997847,  0.999836,  1.001283,  1.001283
Optimization terminated successfully.
         Current function value: 0.447637
         Iterations: 8
         Function evaluations: 70
         Gradient evaluations: 14
  93,  0.998352,  0.999272,  0.999760,  0.999760
  94,  0.996723,  0.998548,  1.001261,  1.001261
  95,  0.995891,  1.000370,  1.001285,  1.001285
  96,  0.996042,  1.000400,  1.001294,  1.001294
  97,  0.996138,  1.000424,  1.001300,  1.001300
  98,  0.996139,  1.000423,  1.001300,  1.001300
  99,  0.996139,  1.000423,  1.001300,  1.001300
Optimization terminated successfully.
         Current function value: 1.451005
         Iterations: 7
         Function evaluations: 50
         Gradient evaluations: 10
