fisher1 and fisher2 are: 0.828709607731565, 0
begin truth calculations
begin calculating d2chi
   1,  1.000589,  1.000254,  0.999279,  0.999279
   2,  1.000884,  1.000389,  0.999432,  0.999432
   3,  1.000999,  1.000137,  0.999437,  0.999437
   4,  1.001016,  1.000142,  0.999418,  0.999418
   5,  1.001051,  1.000151,  0.999379,  0.999379
   6,  1.001051,  1.000151,  0.999379,  0.999379
Optimization terminated successfully.
         Current function value: 0.118863
         Iterations: 6
         Function evaluations: 60
         Gradient evaluations: 12
   7,  1.000686,  1.000304,  1.000113,  1.000113
   8,  1.001342,  1.000596,  0.999522,  0.999522
   9,  1.001658,  0.999906,  0.999512,  0.999512
  10,  1.001632,  0.999892,  0.999497,  0.999497
  11,  1.001581,  0.999866,  0.999469,  0.999469
  12,  1.001581,  0.999866,  0.999469,  0.999469
Optimization terminated successfully.
         Current function value: 0.268581
         Iterations: 6
         Function evaluations: 45
         Gradient evaluations: 9
  13,  1.000589,  1.000254,  0.999279,  0.999279
  14,  1.000884,  1.000389,  0.999432,  0.999432
  15,  1.000999,  1.000137,  0.999437,  0.999437
  16,  1.001016,  1.000142,  0.999418,  0.999418
  17,  1.001051,  1.000151,  0.999379,  0.999379
  18,  1.001051,  1.000151,  0.999379,  0.999379
Optimization terminated successfully.
         Current function value: 0.118863
         Iterations: 6
         Function evaluations: 60
         Gradient evaluations: 12
  19,  1.000686,  1.000304,  1.000113,  1.000113
  20,  1.001342,  1.000596,  0.999522,  0.999522
  21,  1.001658,  0.999906,  0.999512,  0.999512
  22,  1.001632,  0.999892,  0.999497,  0.999497
  23,  1.001581,  0.999866,  0.999469,  0.999469
  24,  1.001581,  0.999866,  0.999469,  0.999469
Optimization terminated successfully.
         Current function value: 0.268579
         Iterations: 6
         Function evaluations: 45
         Gradient evaluations: 9
  25,  1.000589,  1.000254,  0.999279,  0.999279
  26,  1.000884,  1.000389,  0.999432,  0.999432
  27,  1.000999,  1.000137,  0.999437,  0.999437
  28,  1.001016,  1.000142,  0.999418,  0.999418
  29,  1.001051,  1.000151,  0.999379,  0.999379
  30,  1.001051,  1.000151,  0.999379,  0.999379
Optimization terminated successfully.
         Current function value: 0.118862
         Iterations: 6
         Function evaluations: 60
         Gradient evaluations: 12
  31,  1.000686,  1.000304,  1.000113,  1.000113
  32,  1.001342,  1.000596,  0.999522,  0.999522
  33,  1.001658,  0.999906,  0.999512,  0.999512
  34,  1.001632,  0.999892,  0.999497,  0.999497
  35,  1.001581,  0.999866,  0.999469,  0.999469
  36,  1.001581,  0.999866,  0.999469,  0.999469
Optimization terminated successfully.
         Current function value: 0.268578
         Iterations: 6
         Function evaluations: 45
         Gradient evaluations: 9
  37,  1.000589,  1.000254,  0.999279,  0.999279
  38,  1.000884,  1.000389,  0.999432,  0.999432
  39,  1.000999,  1.000137,  0.999437,  0.999437
  40,  1.001016,  1.000142,  0.999418,  0.999418
  41,  1.001051,  1.000151,  0.999379,  0.999379
  42,  1.001051,  1.000151,  0.999379,  0.999379
Optimization terminated successfully.
         Current function value: 0.118861
         Iterations: 6
         Function evaluations: 60
         Gradient evaluations: 12
  43,  1.000686,  1.000304,  1.000113,  1.000113
  44,  1.001342,  1.000596,  0.999522,  0.999522
  45,  1.001658,  0.999906,  0.999512,  0.999512
  46,  1.001632,  0.999892,  0.999497,  0.999497
  47,  1.001581,  0.999866,  0.999469,  0.999469
  48,  1.001581,  0.999866,  0.999469,  0.999469
Optimization terminated successfully.
         Current function value: 0.268576
         Iterations: 6
         Function evaluations: 45
         Gradient evaluations: 9
  49,  1.000589,  1.000254,  0.999279,  0.999279
  50,  1.000884,  1.000389,  0.999432,  0.999432
  51,  1.000999,  1.000137,  0.999437,  0.999437
  52,  1.001016,  1.000142,  0.999418,  0.999418
  53,  1.001051,  1.000151,  0.999379,  0.999379
  54,  1.001051,  1.000151,  0.999379,  0.999379
Optimization terminated successfully.
         Current function value: 0.118860
         Iterations: 6
         Function evaluations: 60
         Gradient evaluations: 12
  55,  1.000686,  1.000304,  1.000113,  1.000113
  56,  1.001342,  1.000596,  0.999522,  0.999522
  57,  1.001658,  0.999906,  0.999512,  0.999512
  58,  1.001632,  0.999892,  0.999497,  0.999497
  59,  1.001581,  0.999866,  0.999469,  0.999469
  60,  1.001581,  0.999866,  0.999469,  0.999469
Optimization terminated successfully.
         Current function value: 0.268575
         Iterations: 6
         Function evaluations: 45
         Gradient evaluations: 9
  61,  1.000589,  1.000254,  0.999279,  0.999279
  62,  1.000884,  1.000389,  0.999432,  0.999432
  63,  1.000999,  1.000137,  0.999437,  0.999437
  64,  1.001016,  1.000142,  0.999418,  0.999418
  65,  1.001051,  1.000151,  0.999379,  0.999379
  66,  1.001051,  1.000151,  0.999379,  0.999379
Optimization terminated successfully.
         Current function value: 0.118860
         Iterations: 6
         Function evaluations: 60
         Gradient evaluations: 12
  67,  1.000686,  1.000304,  1.000113,  1.000113
  68,  1.001342,  1.000596,  0.999522,  0.999522
  69,  1.001658,  0.999906,  0.999512,  0.999512
  70,  1.001632,  0.999892,  0.999497,  0.999497
  71,  1.001581,  0.999866,  0.999469,  0.999469
  72,  1.001581,  0.999866,  0.999469,  0.999469
Optimization terminated successfully.
         Current function value: 0.268573
         Iterations: 6
         Function evaluations: 45
         Gradient evaluations: 9
  73,  1.000589,  1.000254,  0.999279,  0.999279
  74,  1.000884,  1.000389,  0.999432,  0.999432
  75,  1.000999,  1.000137,  0.999437,  0.999437
  76,  1.001016,  1.000142,  0.999418,  0.999418
  77,  1.001051,  1.000151,  0.999379,  0.999379
  78,  1.001051,  1.000151,  0.999379,  0.999379
Optimization terminated successfully.
         Current function value: 0.118859
         Iterations: 6
         Function evaluations: 60
         Gradient evaluations: 12
  79,  1.000686,  1.000304,  1.000113,  1.000113
  80,  1.001342,  1.000596,  0.999522,  0.999522
  81,  1.001658,  0.999906,  0.999512,  0.999512
  82,  1.001632,  0.999892,  0.999497,  0.999497
  83,  1.001581,  0.999866,  0.999469,  0.999469
  84,  1.001581,  0.999866,  0.999469,  0.999469
Optimization terminated successfully.
         Current function value: 0.268572
         Iterations: 6
         Function evaluations: 45
         Gradient evaluations: 9
