fisher1 and fisher2 are: 0.6904795309736129, 0
begin truth calculations
begin calculating d2chi
   1,  1.000933,  1.000425,  0.999582,  0.999582
   2,  1.001032,  1.000478,  0.999736,  0.999736
   3,  1.000568,  1.001498,  0.999716,  0.999716
   4,  1.000591,  1.001508,  0.999707,  0.999707
   5,  1.000591,  1.001508,  0.999707,  0.999707
   6,  1.000591,  1.001508,  0.999707,  0.999707
Optimization terminated successfully.
         Current function value: 0.822821
         Iterations: 6
         Function evaluations: 65
         Gradient evaluations: 13
   7,  0.998218,  0.999219,  0.999950,  0.999950
   8,  0.996445,  0.998448,  1.001780,  1.001780
   9,  0.995276,  1.001003,  1.001815,  1.001815
  10,  0.995455,  1.001065,  1.001664,  1.001664
  11,  0.995746,  1.001173,  1.001419,  1.001419
  12,  0.995745,  1.001173,  1.001419,  1.001419
  13,  0.995745,  1.001173,  1.001419,  1.001419
Optimization terminated successfully.
         Current function value: 1.300542
         Iterations: 7
         Function evaluations: 50
         Gradient evaluations: 10
  14,  1.000933,  1.000425,  0.999582,  0.999582
  15,  1.001032,  1.000478,  0.999736,  0.999736
  16,  1.000568,  1.001498,  0.999716,  0.999716
  17,  1.000591,  1.001508,  0.999707,  0.999707
  18,  1.000591,  1.001508,  0.999707,  0.999707
Optimization terminated successfully.
         Current function value: 0.822821
         Iterations: 5
         Function evaluations: 50
         Gradient evaluations: 10
  19,  0.998218,  0.999219,  0.999950,  0.999950
  20,  0.996445,  0.998448,  1.001780,  1.001780
  21,  0.995276,  1.001003,  1.001815,  1.001815
  22,  0.995455,  1.001065,  1.001664,  1.001664
  23,  0.995746,  1.001173,  1.001419,  1.001419
  24,  0.995745,  1.001173,  1.001419,  1.001419
  25,  0.995745,  1.001173,  1.001419,  1.001419
Optimization terminated successfully.
         Current function value: 1.300535
         Iterations: 7
         Function evaluations: 50
         Gradient evaluations: 10
  26,  1.000933,  1.000425,  0.999582,  0.999582
  27,  1.001032,  1.000478,  0.999736,  0.999736
  28,  1.000568,  1.001498,  0.999716,  0.999716
  29,  1.000591,  1.001508,  0.999707,  0.999707
  30,  1.000591,  1.001508,  0.999707,  0.999707
  31,  1.000591,  1.001508,  0.999707,  0.999707
  32,  1.000591,  1.001508,  0.999707,  0.999707
Optimization terminated successfully.
         Current function value: 0.822820
         Iterations: 7
         Function evaluations: 65
         Gradient evaluations: 13
  33,  0.998218,  0.999219,  0.999950,  0.999950
  34,  0.996445,  0.998448,  1.001780,  1.001780
  35,  0.995276,  1.001003,  1.001815,  1.001815
  36,  0.995455,  1.001065,  1.001664,  1.001664
  37,  0.995746,  1.001173,  1.001419,  1.001419
  38,  0.995745,  1.001173,  1.001419,  1.001419
  39,  0.995745,  1.001173,  1.001419,  1.001419
Optimization terminated successfully.
         Current function value: 1.300527
         Iterations: 7
         Function evaluations: 50
         Gradient evaluations: 10
  40,  1.000933,  1.000425,  0.999582,  0.999582
  41,  1.001032,  1.000478,  0.999736,  0.999736
  42,  1.000568,  1.001498,  0.999716,  0.999716
  43,  1.000591,  1.001508,  0.999707,  0.999707
  44,  1.000591,  1.001508,  0.999707,  0.999707
  45,  1.000591,  1.001508,  0.999707,  0.999707
Optimization terminated successfully.
         Current function value: 0.822820
         Iterations: 6
         Function evaluations: 60
         Gradient evaluations: 12
  46,  0.998218,  0.999219,  0.999950,  0.999950
  47,  0.996445,  0.998448,  1.001780,  1.001780
  48,  0.995276,  1.001003,  1.001815,  1.001815
  49,  0.995455,  1.001065,  1.001664,  1.001664
  50,  0.995746,  1.001173,  1.001419,  1.001419
  51,  0.995745,  1.001173,  1.001419,  1.001419
  52,  0.995745,  1.001173,  1.001419,  1.001419
Optimization terminated successfully.
         Current function value: 1.300519
         Iterations: 7
         Function evaluations: 50
         Gradient evaluations: 10
  53,  1.000933,  1.000425,  0.999582,  0.999582
  54,  1.001032,  1.000478,  0.999736,  0.999736
  55,  1.000568,  1.001498,  0.999716,  0.999716
  56,  1.000591,  1.001508,  0.999707,  0.999707
  57,  1.000591,  1.001508,  0.999707,  0.999707
Optimization terminated successfully.
         Current function value: 0.822820
         Iterations: 5
         Function evaluations: 50
         Gradient evaluations: 10
  58,  0.998218,  0.999219,  0.999950,  0.999950
  59,  0.996445,  0.998448,  1.001780,  1.001780
  60,  0.995276,  1.001003,  1.001815,  1.001815
  61,  0.995455,  1.001065,  1.001664,  1.001664
  62,  0.995746,  1.001173,  1.001419,  1.001419
  63,  0.995745,  1.001173,  1.001419,  1.001419
  64,  0.995745,  1.001173,  1.001419,  1.001419
Optimization terminated successfully.
         Current function value: 1.300511
         Iterations: 7
         Function evaluations: 50
         Gradient evaluations: 10
  65,  1.000933,  1.000425,  0.999582,  0.999582
  66,  1.001032,  1.000478,  0.999736,  0.999736
  67,  1.000568,  1.001498,  0.999716,  0.999716
  68,  1.000591,  1.001508,  0.999707,  0.999707
  69,  1.000591,  1.001508,  0.999707,  0.999707
Optimization terminated successfully.
         Current function value: 0.822819
         Iterations: 5
         Function evaluations: 50
         Gradient evaluations: 10
  70,  0.998218,  0.999219,  0.999950,  0.999950
  71,  0.996445,  0.998448,  1.001780,  1.001780
  72,  0.995276,  1.001003,  1.001815,  1.001815
  73,  0.995455,  1.001065,  1.001664,  1.001664
  74,  0.995746,  1.001173,  1.001419,  1.001419
  75,  0.995745,  1.001173,  1.001419,  1.001419
  76,  0.995745,  1.001173,  1.001419,  1.001419
Optimization terminated successfully.
         Current function value: 1.300503
         Iterations: 7
         Function evaluations: 50
         Gradient evaluations: 10
  77,  1.000933,  1.000425,  0.999582,  0.999582
  78,  1.001032,  1.000478,  0.999736,  0.999736
  79,  1.000568,  1.001498,  0.999716,  0.999716
  80,  1.000591,  1.001508,  0.999707,  0.999707
  81,  1.000591,  1.001508,  0.999707,  0.999707
  82,  1.000591,  1.001508,  0.999707,  0.999707
Optimization terminated successfully.
         Current function value: 0.822819
         Iterations: 6
         Function evaluations: 55
         Gradient evaluations: 11
  83,  0.998218,  0.999219,  0.999950,  0.999950
  84,  0.996445,  0.998448,  1.001780,  1.001780
  85,  0.995276,  1.001003,  1.001815,  1.001815
  86,  0.995455,  1.001065,  1.001664,  1.001664
  87,  0.995746,  1.001173,  1.001419,  1.001419
  88,  0.995745,  1.001173,  1.001419,  1.001419
  89,  0.995745,  1.001173,  1.001419,  1.001419
Optimization terminated successfully.
         Current function value: 1.300495
         Iterations: 7
         Function evaluations: 50
         Gradient evaluations: 10
