fisher1 and fisher2 are: 0.6779131603592536, 0
begin truth calculations
begin calculating d2chi
   1,  1.000694,  1.000330,  1.000114,  1.000114
   2,  1.000710,  1.000343,  1.000052,  1.000052
   3,  1.000425,  1.000969,  1.000041,  1.000041
   4,  1.000049,  1.001726,  1.000022,  1.000022
   5,  1.000050,  1.001726,  1.000022,  1.000022
   6,  1.000050,  1.001726,  1.000022,  1.000022
   7,  1.000050,  1.001726,  1.000022,  1.000022
Warning: Desired error not necessarily achieved due to precision loss.
         Current function value: 0.901613
         Iterations: 7
         Function evaluations: 441
         Gradient evaluations: 86
   8,  0.997512,  0.998907,  0.999875,  0.999875
   9,  0.995027,  0.997819,  1.002386,  1.002386
  10,  0.993469,  1.001225,  1.002433,  1.002433
  11,  0.993767,  1.001293,  1.002221,  1.002221
  12,  0.994096,  1.001379,  1.001985,  1.001985
  13,  0.994097,  1.001378,  1.001985,  1.001985
  14,  0.994097,  1.001378,  1.001985,  1.001985
Optimization terminated successfully.
         Current function value: 2.579113
         Iterations: 7
         Function evaluations: 50
         Gradient evaluations: 10
  15,  1.000694,  1.000330,  1.000114,  1.000114
  16,  1.000710,  1.000343,  1.000052,  1.000052
  17,  1.000425,  1.000969,  1.000041,  1.000041
  18,  1.000049,  1.001726,  1.000022,  1.000022
  19,  1.000050,  1.001726,  1.000022,  1.000022
  20,  1.000050,  1.001726,  1.000022,  1.000022
  21,  1.000050,  1.001726,  1.000022,  1.000022
  22,  1.000050,  1.001726,  1.000022,  1.000022
Optimization terminated successfully.
         Current function value: 0.901612
         Iterations: 8
         Function evaluations: 371
         Gradient evaluations: 73
  23,  0.997512,  0.998907,  0.999875,  0.999875
  24,  0.995027,  0.997819,  1.002386,  1.002386
  25,  0.993469,  1.001225,  1.002433,  1.002433
  26,  0.993767,  1.001293,  1.002221,  1.002221
  27,  0.994096,  1.001379,  1.001985,  1.001985
  28,  0.994097,  1.001378,  1.001985,  1.001985
  29,  0.994097,  1.001378,  1.001985,  1.001985
Optimization terminated successfully.
         Current function value: 2.579100
         Iterations: 7
         Function evaluations: 50
         Gradient evaluations: 10
  30,  1.000694,  1.000330,  1.000114,  1.000114
  31,  1.000710,  1.000343,  1.000052,  1.000052
  32,  1.000425,  1.000969,  1.000041,  1.000041
  33,  1.000049,  1.001726,  1.000022,  1.000022
  34,  1.000050,  1.001726,  1.000022,  1.000022
  35,  1.000050,  1.001726,  1.000022,  1.000022
  36,  1.000050,  1.001726,  1.000022,  1.000022
Optimization terminated successfully.
         Current function value: 0.901611
         Iterations: 7
         Function evaluations: 60
         Gradient evaluations: 12
  37,  0.997512,  0.998907,  0.999875,  0.999875
  38,  0.995027,  0.997819,  1.002386,  1.002386
  39,  0.993469,  1.001225,  1.002433,  1.002433
  40,  0.993767,  1.001293,  1.002221,  1.002221
  41,  0.994096,  1.001379,  1.001985,  1.001985
  42,  0.994097,  1.001378,  1.001985,  1.001985
  43,  0.994097,  1.001378,  1.001985,  1.001985
Optimization terminated successfully.
         Current function value: 2.579088
         Iterations: 7
         Function evaluations: 50
         Gradient evaluations: 10
  44,  1.000694,  1.000330,  1.000114,  1.000114
  45,  1.000709,  1.000343,  1.000052,  1.000052
  46,  1.000425,  1.000969,  1.000041,  1.000041
  47,  1.000049,  1.001726,  1.000022,  1.000022
  48,  1.000050,  1.001726,  1.000022,  1.000022
  49,  1.000050,  1.001726,  1.000022,  1.000022
  50,  1.000050,  1.001726,  1.000022,  1.000022
  51,  1.000050,  1.001726,  1.000022,  1.000022
Warning: Desired error not necessarily achieved due to precision loss.
         Current function value: 0.901610
         Iterations: 8
         Function evaluations: 485
         Gradient evaluations: 95
  52,  0.997512,  0.998907,  0.999875,  0.999875
  53,  0.995027,  0.997819,  1.002386,  1.002386
  54,  0.993469,  1.001225,  1.002433,  1.002433
  55,  0.993767,  1.001293,  1.002221,  1.002221
  56,  0.994096,  1.001379,  1.001985,  1.001985
  57,  0.994097,  1.001378,  1.001985,  1.001985
  58,  0.994097,  1.001378,  1.001985,  1.001985
Optimization terminated successfully.
         Current function value: 2.579075
         Iterations: 7
         Function evaluations: 50
         Gradient evaluations: 10
  59,  1.000694,  1.000330,  1.000114,  1.000114
  60,  1.000709,  1.000343,  1.000052,  1.000052
  61,  1.000425,  1.000969,  1.000041,  1.000041
  62,  1.000050,  1.001726,  1.000022,  1.000022
  63,  1.000050,  1.001726,  1.000022,  1.000022
Warning: Desired error not necessarily achieved due to precision loss.
         Current function value: 0.901609
         Iterations: 5
         Function evaluations: 327
         Gradient evaluations: 63
  64,  0.997512,  0.998907,  0.999875,  0.999875
  65,  0.995027,  0.997819,  1.002386,  1.002386
  66,  0.993469,  1.001225,  1.002433,  1.002433
  67,  0.993767,  1.001293,  1.002221,  1.002221
  68,  0.994096,  1.001379,  1.001985,  1.001985
  69,  0.994097,  1.001378,  1.001985,  1.001985
  70,  0.994097,  1.001378,  1.001985,  1.001985
Optimization terminated successfully.
         Current function value: 2.579062
         Iterations: 7
         Function evaluations: 50
         Gradient evaluations: 10
  71,  1.000694,  1.000330,  1.000114,  1.000114
  72,  1.000709,  1.000343,  1.000052,  1.000052
  73,  1.000425,  1.000969,  1.000041,  1.000041
  74,  1.000050,  1.001726,  1.000022,  1.000022
  75,  1.000050,  1.001726,  1.000022,  1.000022
  76,  1.000050,  1.001726,  1.000022,  1.000022
  77,  1.000050,  1.001726,  1.000022,  1.000022
Optimization terminated successfully.
         Current function value: 0.901609
         Iterations: 7
         Function evaluations: 55
         Gradient evaluations: 11
  78,  0.997512,  0.998907,  0.999875,  0.999875
  79,  0.995027,  0.997819,  1.002386,  1.002386
  80,  0.993469,  1.001225,  1.002433,  1.002433
  81,  0.993767,  1.001293,  1.002221,  1.002221
  82,  0.994096,  1.001379,  1.001985,  1.001985
  83,  0.994097,  1.001378,  1.001985,  1.001985
  84,  0.994097,  1.001378,  1.001985,  1.001985
Optimization terminated successfully.
         Current function value: 2.579050
         Iterations: 7
         Function evaluations: 50
         Gradient evaluations: 10
  85,  1.000694,  1.000330,  1.000114,  1.000114
  86,  1.000709,  1.000343,  1.000052,  1.000052
  87,  1.000425,  1.000969,  1.000041,  1.000041
  88,  1.000050,  1.001726,  1.000022,  1.000022
  89,  1.000050,  1.001726,  1.000022,  1.000022
  90,  1.000050,  1.001726,  1.000022,  1.000022
Optimization terminated successfully.
         Current function value: 0.901608
         Iterations: 6
         Function evaluations: 70
         Gradient evaluations: 14
  91,  0.997512,  0.998907,  0.999875,  0.999875
  92,  0.995027,  0.997819,  1.002386,  1.002386
  93,  0.993469,  1.001225,  1.002433,  1.002433
  94,  0.993767,  1.001293,  1.002221,  1.002221
  95,  0.994096,  1.001379,  1.001985,  1.001985
  96,  0.994097,  1.001378,  1.001985,  1.001985
  97,  0.994097,  1.001378,  1.001985,  1.001985
Optimization terminated successfully.
         Current function value: 2.579037
         Iterations: 7
         Function evaluations: 50
         Gradient evaluations: 10
