fisher1 and fisher2 are: 0.7501697913918195, 0
begin truth calculations
begin calculating d2chi
   1,  1.001288,  1.000560,  0.998624,  0.998624
   2,  1.001847,  1.000821,  0.998961,  0.998961
   3,  1.001910,  1.000684,  0.998963,  0.998963
   4,  1.001949,  1.000710,  0.998919,  0.998919
   5,  1.002016,  1.000753,  0.998845,  0.998845
   6,  1.002016,  1.000753,  0.998845,  0.998845
Optimization terminated successfully.
         Current function value: 0.689669
         Iterations: 6
         Function evaluations: 70
         Gradient evaluations: 14
   7,  1.000393,  1.000177,  1.000116,  1.000116
   8,  1.000939,  1.000429,  0.999663,  0.999663
   9,  1.001018,  1.000255,  0.999661,  0.999661
  10,  1.001027,  1.000258,  0.999656,  0.999656
  11,  1.001045,  1.000265,  0.999644,  0.999644
  12,  1.001089,  1.000280,  0.999617,  0.999617
  13,  1.001093,  1.000281,  0.999615,  0.999615
  14,  1.001093,  1.000281,  0.999615,  0.999615
Optimization terminated successfully.
         Current function value: 0.299322
         Iterations: 8
         Function evaluations: 60
         Gradient evaluations: 12
  15,  1.001288,  1.000560,  0.998624,  0.998624
  16,  1.001847,  1.000821,  0.998961,  0.998961
  17,  1.001910,  1.000684,  0.998963,  0.998963
  18,  1.001949,  1.000710,  0.998919,  0.998919
  19,  1.002016,  1.000753,  0.998845,  0.998845
  20,  1.002016,  1.000753,  0.998845,  0.998845
Optimization terminated successfully.
         Current function value: 0.689669
         Iterations: 6
         Function evaluations: 70
         Gradient evaluations: 14
  21,  1.000393,  1.000177,  1.000116,  1.000116
  22,  1.000939,  1.000429,  0.999663,  0.999663
  23,  1.001018,  1.000255,  0.999661,  0.999661
  24,  1.001027,  1.000258,  0.999656,  0.999656
  25,  1.001045,  1.000265,  0.999644,  0.999644
  26,  1.001089,  1.000280,  0.999617,  0.999617
  27,  1.001093,  1.000281,  0.999615,  0.999615
  28,  1.001093,  1.000281,  0.999615,  0.999615
Optimization terminated successfully.
         Current function value: 0.299323
         Iterations: 8
         Function evaluations: 60
         Gradient evaluations: 12
  29,  1.001288,  1.000560,  0.998624,  0.998624
  30,  1.001847,  1.000821,  0.998961,  0.998961
  31,  1.001910,  1.000684,  0.998963,  0.998963
  32,  1.001949,  1.000710,  0.998919,  0.998919
  33,  1.002016,  1.000753,  0.998845,  0.998845
  34,  1.002016,  1.000753,  0.998845,  0.998845
Optimization terminated successfully.
         Current function value: 0.689668
         Iterations: 6
         Function evaluations: 70
         Gradient evaluations: 14
  35,  1.000393,  1.000177,  1.000116,  1.000116
  36,  1.000939,  1.000429,  0.999663,  0.999663
  37,  1.001018,  1.000255,  0.999661,  0.999661
  38,  1.001027,  1.000258,  0.999656,  0.999656
  39,  1.001045,  1.000265,  0.999644,  0.999644
  40,  1.001089,  1.000280,  0.999617,  0.999617
  41,  1.001093,  1.000281,  0.999615,  0.999615
  42,  1.001093,  1.000281,  0.999615,  0.999615
Optimization terminated successfully.
         Current function value: 0.299325
         Iterations: 8
         Function evaluations: 60
         Gradient evaluations: 12
  43,  1.001288,  1.000560,  0.998624,  0.998624
  44,  1.001847,  1.000821,  0.998961,  0.998961
  45,  1.001910,  1.000684,  0.998963,  0.998963
  46,  1.001949,  1.000710,  0.998919,  0.998919
  47,  1.002016,  1.000753,  0.998845,  0.998845
  48,  1.002016,  1.000753,  0.998845,  0.998845
Optimization terminated successfully.
         Current function value: 0.689668
         Iterations: 6
         Function evaluations: 70
         Gradient evaluations: 14
  49,  1.000393,  1.000177,  1.000116,  1.000116
  50,  1.000939,  1.000429,  0.999663,  0.999663
  51,  1.001018,  1.000255,  0.999661,  0.999661
  52,  1.001027,  1.000258,  0.999656,  0.999656
  53,  1.001045,  1.000265,  0.999644,  0.999644
  54,  1.001089,  1.000280,  0.999617,  0.999617
  55,  1.001093,  1.000281,  0.999615,  0.999615
  56,  1.001093,  1.000281,  0.999615,  0.999615
Optimization terminated successfully.
         Current function value: 0.299326
         Iterations: 8
         Function evaluations: 60
         Gradient evaluations: 12
  57,  1.001288,  1.000560,  0.998624,  0.998624
  58,  1.001847,  1.000821,  0.998961,  0.998961
  59,  1.001910,  1.000684,  0.998963,  0.998963
  60,  1.001949,  1.000710,  0.998919,  0.998919
  61,  1.002016,  1.000753,  0.998845,  0.998845
  62,  1.002016,  1.000753,  0.998845,  0.998845
Optimization terminated successfully.
         Current function value: 0.689668
         Iterations: 6
         Function evaluations: 70
         Gradient evaluations: 14
  63,  1.000393,  1.000177,  1.000116,  1.000116
  64,  1.000939,  1.000429,  0.999663,  0.999663
  65,  1.001018,  1.000255,  0.999661,  0.999661
  66,  1.001027,  1.000258,  0.999656,  0.999656
  67,  1.001045,  1.000265,  0.999644,  0.999644
  68,  1.001089,  1.000280,  0.999617,  0.999617
  69,  1.001093,  1.000281,  0.999615,  0.999615
  70,  1.001093,  1.000281,  0.999615,  0.999615
Optimization terminated successfully.
         Current function value: 0.299327
         Iterations: 8
         Function evaluations: 60
         Gradient evaluations: 12
  71,  1.001288,  1.000560,  0.998624,  0.998624
  72,  1.001847,  1.000821,  0.998961,  0.998961
  73,  1.001910,  1.000684,  0.998963,  0.998963
  74,  1.001949,  1.000710,  0.998919,  0.998919
  75,  1.002016,  1.000753,  0.998845,  0.998845
  76,  1.002016,  1.000753,  0.998845,  0.998845
Optimization terminated successfully.
         Current function value: 0.689667
         Iterations: 6
         Function evaluations: 70
         Gradient evaluations: 14
  77,  1.000393,  1.000177,  1.000116,  1.000116
  78,  1.000939,  1.000429,  0.999663,  0.999663
  79,  1.001018,  1.000255,  0.999661,  0.999661
  80,  1.001027,  1.000258,  0.999656,  0.999656
  81,  1.001045,  1.000265,  0.999644,  0.999644
  82,  1.001089,  1.000280,  0.999617,  0.999617
  83,  1.001093,  1.000281,  0.999615,  0.999615
  84,  1.001093,  1.000281,  0.999615,  0.999615
Optimization terminated successfully.
         Current function value: 0.299328
         Iterations: 8
         Function evaluations: 60
         Gradient evaluations: 12
  85,  1.001288,  1.000560,  0.998624,  0.998624
  86,  1.001847,  1.000821,  0.998961,  0.998961
  87,  1.001910,  1.000684,  0.998963,  0.998963
  88,  1.001949,  1.000710,  0.998919,  0.998919
  89,  1.002016,  1.000753,  0.998845,  0.998845
  90,  1.002016,  1.000753,  0.998845,  0.998845
Optimization terminated successfully.
         Current function value: 0.689667
         Iterations: 6
         Function evaluations: 70
         Gradient evaluations: 14
  91,  1.000393,  1.000177,  1.000116,  1.000116
  92,  1.000939,  1.000429,  0.999663,  0.999663
  93,  1.001018,  1.000255,  0.999661,  0.999661
  94,  1.001027,  1.000258,  0.999656,  0.999656
  95,  1.001045,  1.000265,  0.999644,  0.999644
  96,  1.001089,  1.000280,  0.999617,  0.999617
  97,  1.001093,  1.000281,  0.999615,  0.999615
  98,  1.001093,  1.000281,  0.999615,  0.999615
Optimization terminated successfully.
         Current function value: 0.299330
         Iterations: 8
         Function evaluations: 60
         Gradient evaluations: 12
