fisher1 and fisher2 are: 0.897824646110541, 0
begin truth calculations
begin calculating d2chi
   1,  0.998244,  0.999246,  1.002244,  1.002244
   2,  0.997581,  0.998943,  1.001914,  1.001914
   3,  0.997223,  0.999729,  1.001900,  1.001900
   4,  0.997294,  0.999746,  1.001817,  1.001817
   5,  0.997449,  0.999785,  1.001632,  1.001632
   6,  0.997642,  0.999829,  1.001405,  1.001405
   7,  0.997643,  0.999827,  1.001405,  1.001405
   8,  0.997643,  0.999827,  1.001405,  1.001405
Optimization terminated successfully.
         Current function value: 0.534813
         Iterations: 8
         Function evaluations: 70
         Gradient evaluations: 14
   9,  0.998185,  0.999198,  0.999737,  0.999737
  10,  0.996390,  0.998401,  1.001393,  1.001393
  11,  0.995471,  1.000412,  1.001419,  1.001419
  12,  0.995641,  1.000442,  1.001427,  1.001427
  13,  0.995748,  1.000468,  1.001432,  1.001432
  14,  0.995749,  1.000467,  1.001432,  1.001432
  15,  0.995749,  1.000467,  1.001432,  1.001432
Optimization terminated successfully.
         Current function value: 1.752427
         Iterations: 7
         Function evaluations: 50
         Gradient evaluations: 10
  16,  0.998244,  0.999246,  1.002244,  1.002244
  17,  0.997581,  0.998943,  1.001914,  1.001914
  18,  0.997223,  0.999729,  1.001900,  1.001900
  19,  0.997294,  0.999746,  1.001817,  1.001817
  20,  0.997449,  0.999785,  1.001632,  1.001632
  21,  0.997642,  0.999829,  1.001405,  1.001405
  22,  0.997643,  0.999827,  1.001405,  1.001405
  23,  0.997643,  0.999827,  1.001405,  1.001405
Optimization terminated successfully.
         Current function value: 0.534816
         Iterations: 8
         Function evaluations: 70
         Gradient evaluations: 14
  24,  0.998185,  0.999198,  0.999737,  0.999737
  25,  0.996390,  0.998401,  1.001393,  1.001393
  26,  0.995471,  1.000412,  1.001419,  1.001419
  27,  0.995641,  1.000442,  1.001427,  1.001427
  28,  0.995748,  1.000468,  1.001432,  1.001432
  29,  0.995749,  1.000467,  1.001432,  1.001432
  30,  0.995749,  1.000467,  1.001432,  1.001432
Optimization terminated successfully.
         Current function value: 1.752437
         Iterations: 7
         Function evaluations: 50
         Gradient evaluations: 10
  31,  0.998244,  0.999246,  1.002244,  1.002244
  32,  0.997581,  0.998943,  1.001914,  1.001914
  33,  0.997223,  0.999729,  1.001900,  1.001900
  34,  0.997294,  0.999746,  1.001817,  1.001817
  35,  0.997449,  0.999785,  1.001632,  1.001632
  36,  0.997642,  0.999829,  1.001405,  1.001405
  37,  0.997643,  0.999827,  1.001405,  1.001405
  38,  0.997643,  0.999827,  1.001405,  1.001405
Optimization terminated successfully.
         Current function value: 0.534819
         Iterations: 8
         Function evaluations: 70
         Gradient evaluations: 14
  39,  0.998185,  0.999198,  0.999737,  0.999737
  40,  0.996390,  0.998401,  1.001393,  1.001393
  41,  0.995471,  1.000412,  1.001419,  1.001419
  42,  0.995641,  1.000442,  1.001427,  1.001427
  43,  0.995748,  1.000468,  1.001432,  1.001432
  44,  0.995749,  1.000467,  1.001432,  1.001432
  45,  0.995749,  1.000467,  1.001432,  1.001432
Optimization terminated successfully.
         Current function value: 1.752447
         Iterations: 7
         Function evaluations: 50
         Gradient evaluations: 10
  46,  0.998244,  0.999246,  1.002244,  1.002244
  47,  0.997581,  0.998943,  1.001914,  1.001914
  48,  0.997223,  0.999729,  1.001900,  1.001900
  49,  0.997294,  0.999746,  1.001817,  1.001817
  50,  0.997449,  0.999785,  1.001632,  1.001632
  51,  0.997642,  0.999829,  1.001405,  1.001405
  52,  0.997643,  0.999827,  1.001405,  1.001405
  53,  0.997643,  0.999827,  1.001405,  1.001405
Optimization terminated successfully.
         Current function value: 0.534822
         Iterations: 8
         Function evaluations: 70
         Gradient evaluations: 14
  54,  0.998185,  0.999198,  0.999737,  0.999737
  55,  0.996390,  0.998401,  1.001393,  1.001393
  56,  0.995471,  1.000412,  1.001419,  1.001419
  57,  0.995641,  1.000442,  1.001427,  1.001427
  58,  0.995748,  1.000468,  1.001432,  1.001432
  59,  0.995749,  1.000467,  1.001432,  1.001432
  60,  0.995749,  1.000467,  1.001432,  1.001432
Optimization terminated successfully.
         Current function value: 1.752457
         Iterations: 7
         Function evaluations: 50
         Gradient evaluations: 10
  61,  0.998244,  0.999246,  1.002244,  1.002244
  62,  0.997581,  0.998943,  1.001915,  1.001915
  63,  0.997223,  0.999729,  1.001900,  1.001900
  64,  0.997294,  0.999746,  1.001817,  1.001817
  65,  0.997449,  0.999785,  1.001632,  1.001632
  66,  0.997642,  0.999829,  1.001405,  1.001405
  67,  0.997643,  0.999827,  1.001405,  1.001405
  68,  0.997643,  0.999827,  1.001405,  1.001405
  69,  0.997643,  0.999827,  1.001405,  1.001405
Optimization terminated successfully.
         Current function value: 0.534825
         Iterations: 9
         Function evaluations: 80
         Gradient evaluations: 16
  70,  0.998185,  0.999198,  0.999737,  0.999737
  71,  0.996390,  0.998401,  1.001393,  1.001393
  72,  0.995471,  1.000412,  1.001419,  1.001419
  73,  0.995641,  1.000442,  1.001427,  1.001427
  74,  0.995748,  1.000468,  1.001432,  1.001432
  75,  0.995749,  1.000467,  1.001432,  1.001432
  76,  0.995749,  1.000467,  1.001432,  1.001432
Optimization terminated successfully.
         Current function value: 1.752467
         Iterations: 7
         Function evaluations: 50
         Gradient evaluations: 10
  77,  0.998244,  0.999246,  1.002244,  1.002244
  78,  0.997581,  0.998943,  1.001915,  1.001915
  79,  0.997223,  0.999729,  1.001900,  1.001900
  80,  0.997294,  0.999746,  1.001817,  1.001817
  81,  0.997449,  0.999785,  1.001632,  1.001632
  82,  0.997642,  0.999829,  1.001405,  1.001405
  83,  0.997643,  0.999827,  1.001405,  1.001405
  84,  0.997643,  0.999827,  1.001405,  1.001405
Optimization terminated successfully.
         Current function value: 0.534828
         Iterations: 8
         Function evaluations: 70
         Gradient evaluations: 14
  85,  0.998185,  0.999198,  0.999737,  0.999737
  86,  0.996390,  0.998401,  1.001393,  1.001393
  87,  0.995471,  1.000412,  1.001419,  1.001419
  88,  0.995641,  1.000442,  1.001427,  1.001427
  89,  0.995748,  1.000468,  1.001432,  1.001432
  90,  0.995749,  1.000467,  1.001432,  1.001432
  91,  0.995749,  1.000467,  1.001432,  1.001432
Optimization terminated successfully.
         Current function value: 1.752477
         Iterations: 7
         Function evaluations: 50
         Gradient evaluations: 10
  92,  0.998244,  0.999246,  1.002244,  1.002244
  93,  0.997581,  0.998943,  1.001915,  1.001915
  94,  0.997223,  0.999729,  1.001900,  1.001900
  95,  0.997294,  0.999746,  1.001817,  1.001817
  96,  0.997449,  0.999785,  1.001632,  1.001632
  97,  0.997642,  0.999829,  1.001405,  1.001405
  98,  0.997643,  0.999827,  1.001405,  1.001405
  99,  0.997643,  0.999827,  1.001405,  1.001405
Optimization terminated successfully.
         Current function value: 0.534831
         Iterations: 8
         Function evaluations: 70
         Gradient evaluations: 14
 100,  0.998185,  0.999198,  0.999737,  0.999737
 101,  0.996390,  0.998401,  1.001393,  1.001393
 102,  0.995471,  1.000412,  1.001419,  1.001419
 103,  0.995641,  1.000442,  1.001427,  1.001427
 104,  0.995748,  1.000468,  1.001432,  1.001432
 105,  0.995749,  1.000467,  1.001432,  1.001432
 106,  0.995749,  1.000467,  1.001432,  1.001432
Optimization terminated successfully.
         Current function value: 1.752488
         Iterations: 7
         Function evaluations: 50
         Gradient evaluations: 10
