fisher1 and fisher2 are: 0.8601255342674632, 0
begin truth calculations
begin calculating d2chi
   1,  0.999846,  0.999934,  1.000193,  1.000193
   2,  0.999787,  0.999907,  1.000163,  1.000163
   3,  0.999758,  0.999970,  1.000162,  1.000162
   4,  0.999764,  0.999972,  1.000154,  1.000154
   5,  0.999780,  0.999975,  1.000136,  1.000136
   6,  0.999790,  0.999978,  1.000125,  1.000125
   7,  0.999790,  0.999978,  1.000125,  1.000125
Optimization terminated successfully.
         Current function value: 0.004480
         Iterations: 7
         Function evaluations: 65
         Gradient evaluations: 13
   8,  0.999851,  0.999934,  0.999977,  0.999977
   9,  0.999704,  0.999869,  1.000111,  1.000111
  10,  0.999631,  1.000028,  1.000113,  1.000113
  11,  0.999641,  1.000032,  1.000115,  1.000115
  12,  0.999649,  1.000036,  1.000118,  1.000118
  13,  0.999649,  1.000036,  1.000118,  1.000118
Optimization terminated successfully.
         Current function value: 0.012504
         Iterations: 6
         Function evaluations: 45
         Gradient evaluations: 9
  14,  0.999846,  0.999934,  1.000193,  1.000193
  15,  0.999787,  0.999907,  1.000163,  1.000163
  16,  0.999758,  0.999970,  1.000162,  1.000162
  17,  0.999764,  0.999972,  1.000154,  1.000154
  18,  0.999780,  0.999975,  1.000136,  1.000136
  19,  0.999790,  0.999978,  1.000125,  1.000125
  20,  0.999790,  0.999978,  1.000125,  1.000125
Optimization terminated successfully.
         Current function value: 0.004480
         Iterations: 7
         Function evaluations: 65
         Gradient evaluations: 13
  21,  0.999851,  0.999934,  0.999977,  0.999977
  22,  0.999704,  0.999869,  1.000111,  1.000111
  23,  0.999631,  1.000028,  1.000113,  1.000113
  24,  0.999641,  1.000032,  1.000115,  1.000115
  25,  0.999649,  1.000036,  1.000118,  1.000118
  26,  0.999649,  1.000036,  1.000118,  1.000118
Optimization terminated successfully.
         Current function value: 0.012505
         Iterations: 6
         Function evaluations: 45
         Gradient evaluations: 9
  27,  0.999846,  0.999934,  1.000193,  1.000193
  28,  0.999787,  0.999907,  1.000163,  1.000163
  29,  0.999758,  0.999970,  1.000162,  1.000162
  30,  0.999764,  0.999972,  1.000154,  1.000154
  31,  0.999780,  0.999975,  1.000136,  1.000136
  32,  0.999790,  0.999978,  1.000125,  1.000125
  33,  0.999790,  0.999978,  1.000125,  1.000125
Optimization terminated successfully.
         Current function value: 0.004481
         Iterations: 7
         Function evaluations: 65
         Gradient evaluations: 13
  34,  0.999851,  0.999934,  0.999977,  0.999977
  35,  0.999704,  0.999869,  1.000111,  1.000111
  36,  0.999631,  1.000028,  1.000113,  1.000113
  37,  0.999641,  1.000032,  1.000115,  1.000115
  38,  0.999649,  1.000036,  1.000118,  1.000118
  39,  0.999649,  1.000036,  1.000118,  1.000118
Optimization terminated successfully.
         Current function value: 0.012505
         Iterations: 6
         Function evaluations: 45
         Gradient evaluations: 9
  40,  0.999846,  0.999934,  1.000193,  1.000193
  41,  0.999787,  0.999907,  1.000163,  1.000163
  42,  0.999758,  0.999970,  1.000162,  1.000162
  43,  0.999764,  0.999972,  1.000154,  1.000154
  44,  0.999780,  0.999975,  1.000136,  1.000136
  45,  0.999790,  0.999978,  1.000125,  1.000125
  46,  0.999790,  0.999978,  1.000125,  1.000125
Optimization terminated successfully.
         Current function value: 0.004481
         Iterations: 7
         Function evaluations: 65
         Gradient evaluations: 13
  47,  0.999851,  0.999934,  0.999977,  0.999977
  48,  0.999704,  0.999869,  1.000111,  1.000111
  49,  0.999631,  1.000028,  1.000113,  1.000113
  50,  0.999641,  1.000032,  1.000115,  1.000115
  51,  0.999649,  1.000036,  1.000118,  1.000118
  52,  0.999649,  1.000036,  1.000118,  1.000118
Optimization terminated successfully.
         Current function value: 0.012506
         Iterations: 6
         Function evaluations: 45
         Gradient evaluations: 9
  53,  0.999846,  0.999934,  1.000193,  1.000193
  54,  0.999787,  0.999907,  1.000163,  1.000163
  55,  0.999758,  0.999970,  1.000162,  1.000162
  56,  0.999764,  0.999972,  1.000154,  1.000154
  57,  0.999780,  0.999975,  1.000136,  1.000136
  58,  0.999790,  0.999978,  1.000125,  1.000125
  59,  0.999790,  0.999978,  1.000125,  1.000125
Optimization terminated successfully.
         Current function value: 0.004481
         Iterations: 7
         Function evaluations: 65
         Gradient evaluations: 13
  60,  0.999851,  0.999934,  0.999977,  0.999977
  61,  0.999704,  0.999869,  1.000111,  1.000111
  62,  0.999631,  1.000028,  1.000113,  1.000113
  63,  0.999641,  1.000032,  1.000115,  1.000115
  64,  0.999649,  1.000036,  1.000118,  1.000118
  65,  0.999649,  1.000036,  1.000118,  1.000118
Optimization terminated successfully.
         Current function value: 0.012506
         Iterations: 6
         Function evaluations: 45
         Gradient evaluations: 9
  66,  0.999846,  0.999934,  1.000193,  1.000193
  67,  0.999787,  0.999907,  1.000163,  1.000163
  68,  0.999758,  0.999970,  1.000162,  1.000162
  69,  0.999764,  0.999972,  1.000154,  1.000154
  70,  0.999780,  0.999975,  1.000136,  1.000136
  71,  0.999790,  0.999978,  1.000125,  1.000125
  72,  0.999790,  0.999978,  1.000125,  1.000125
Optimization terminated successfully.
         Current function value: 0.004481
         Iterations: 7
         Function evaluations: 65
         Gradient evaluations: 13
  73,  0.999851,  0.999934,  0.999977,  0.999977
  74,  0.999704,  0.999869,  1.000111,  1.000111
  75,  0.999631,  1.000028,  1.000113,  1.000113
  76,  0.999641,  1.000032,  1.000115,  1.000115
  77,  0.999649,  1.000036,  1.000118,  1.000118
  78,  0.999649,  1.000036,  1.000118,  1.000118
Optimization terminated successfully.
         Current function value: 0.012507
         Iterations: 6
         Function evaluations: 45
         Gradient evaluations: 9
  79,  0.999846,  0.999934,  1.000193,  1.000193
  80,  0.999787,  0.999907,  1.000163,  1.000163
  81,  0.999758,  0.999970,  1.000162,  1.000162
  82,  0.999764,  0.999972,  1.000154,  1.000154
  83,  0.999780,  0.999975,  1.000136,  1.000136
  84,  0.999790,  0.999978,  1.000125,  1.000125
  85,  0.999790,  0.999978,  1.000125,  1.000125
Optimization terminated successfully.
         Current function value: 0.004482
         Iterations: 7
         Function evaluations: 65
         Gradient evaluations: 13
  86,  0.999851,  0.999934,  0.999977,  0.999977
  87,  0.999704,  0.999869,  1.000111,  1.000111
  88,  0.999631,  1.000028,  1.000113,  1.000113
  89,  0.999641,  1.000032,  1.000115,  1.000115
  90,  0.999649,  1.000036,  1.000118,  1.000118
  91,  0.999649,  1.000036,  1.000118,  1.000118
Optimization terminated successfully.
         Current function value: 0.012507
         Iterations: 6
         Function evaluations: 45
         Gradient evaluations: 9
