fisher1 and fisher2 are: 0.8349927930387446, 0
begin truth calculations
begin calculating d2chi
   1,  1.000467,  1.000201,  0.999425,  0.999425
   2,  1.000702,  1.000309,  0.999547,  0.999547
   3,  1.000797,  1.000101,  0.999551,  0.999551
   4,  1.000812,  1.000105,  0.999534,  0.999534
   5,  1.000838,  1.000114,  0.999504,  0.999504
   6,  1.000838,  1.000114,  0.999504,  0.999504
Optimization terminated successfully.
         Current function value: 0.074468
         Iterations: 6
         Function evaluations: 60
         Gradient evaluations: 12
   7,  1.000551,  1.000244,  1.000089,  1.000089
   8,  1.001091,  1.000485,  0.999603,  0.999603
   9,  1.001351,  0.999916,  0.999595,  0.999595
  10,  1.001325,  0.999902,  0.999582,  0.999582
  11,  1.001292,  0.999885,  0.999566,  0.999566
  12,  1.001292,  0.999885,  0.999566,  0.999566
Optimization terminated successfully.
         Current function value: 0.176978
         Iterations: 6
         Function evaluations: 45
         Gradient evaluations: 9
  13,  1.000467,  1.000201,  0.999425,  0.999425
  14,  1.000702,  1.000309,  0.999547,  0.999547
  15,  1.000797,  1.000101,  0.999551,  0.999551
  16,  1.000812,  1.000105,  0.999534,  0.999534
  17,  1.000838,  1.000114,  0.999504,  0.999504
  18,  1.000838,  1.000114,  0.999504,  0.999504
Optimization terminated successfully.
         Current function value: 0.074468
         Iterations: 6
         Function evaluations: 60
         Gradient evaluations: 12
  19,  1.000551,  1.000244,  1.000089,  1.000089
  20,  1.001091,  1.000485,  0.999603,  0.999603
  21,  1.001351,  0.999916,  0.999595,  0.999595
  22,  1.001325,  0.999902,  0.999582,  0.999582
  23,  1.001292,  0.999885,  0.999566,  0.999566
  24,  1.001292,  0.999885,  0.999566,  0.999566
Optimization terminated successfully.
         Current function value: 0.176976
         Iterations: 6
         Function evaluations: 45
         Gradient evaluations: 9
  25,  1.000467,  1.000201,  0.999425,  0.999425
  26,  1.000702,  1.000309,  0.999547,  0.999547
  27,  1.000797,  1.000101,  0.999551,  0.999551
  28,  1.000812,  1.000105,  0.999534,  0.999534
  29,  1.000838,  1.000114,  0.999504,  0.999504
  30,  1.000838,  1.000114,  0.999504,  0.999504
Optimization terminated successfully.
         Current function value: 0.074467
         Iterations: 6
         Function evaluations: 60
         Gradient evaluations: 12
  31,  1.000551,  1.000244,  1.000089,  1.000089
  32,  1.001091,  1.000485,  0.999603,  0.999603
  33,  1.001351,  0.999916,  0.999595,  0.999595
  34,  1.001325,  0.999902,  0.999582,  0.999582
  35,  1.001292,  0.999885,  0.999566,  0.999566
  36,  1.001292,  0.999885,  0.999566,  0.999566
Optimization terminated successfully.
         Current function value: 0.176975
         Iterations: 6
         Function evaluations: 45
         Gradient evaluations: 9
  37,  1.000467,  1.000201,  0.999425,  0.999425
  38,  1.000702,  1.000309,  0.999547,  0.999547
  39,  1.000797,  1.000101,  0.999551,  0.999551
  40,  1.000811,  1.000105,  0.999534,  0.999534
  41,  1.000838,  1.000114,  0.999504,  0.999504
  42,  1.000838,  1.000114,  0.999504,  0.999504
Optimization terminated successfully.
         Current function value: 0.074466
         Iterations: 6
         Function evaluations: 60
         Gradient evaluations: 12
  43,  1.000551,  1.000244,  1.000089,  1.000089
  44,  1.001091,  1.000485,  0.999603,  0.999603
  45,  1.001351,  0.999916,  0.999595,  0.999595
  46,  1.001325,  0.999902,  0.999582,  0.999582
  47,  1.001292,  0.999885,  0.999566,  0.999566
  48,  1.001292,  0.999885,  0.999566,  0.999566
Optimization terminated successfully.
         Current function value: 0.176974
         Iterations: 6
         Function evaluations: 45
         Gradient evaluations: 9
  49,  1.000467,  1.000201,  0.999425,  0.999425
  50,  1.000702,  1.000309,  0.999547,  0.999547
  51,  1.000797,  1.000101,  0.999551,  0.999551
  52,  1.000811,  1.000105,  0.999534,  0.999534
  53,  1.000838,  1.000114,  0.999504,  0.999504
  54,  1.000838,  1.000114,  0.999504,  0.999504
Optimization terminated successfully.
         Current function value: 0.074466
         Iterations: 6
         Function evaluations: 60
         Gradient evaluations: 12
  55,  1.000551,  1.000244,  1.000089,  1.000089
  56,  1.001091,  1.000485,  0.999603,  0.999603
  57,  1.001351,  0.999916,  0.999595,  0.999595
  58,  1.001325,  0.999902,  0.999582,  0.999582
  59,  1.001292,  0.999885,  0.999566,  0.999566
  60,  1.001292,  0.999885,  0.999566,  0.999566
Optimization terminated successfully.
         Current function value: 0.176972
         Iterations: 6
         Function evaluations: 45
         Gradient evaluations: 9
  61,  1.000467,  1.000201,  0.999425,  0.999425
  62,  1.000702,  1.000309,  0.999547,  0.999547
  63,  1.000797,  1.000101,  0.999551,  0.999551
  64,  1.000811,  1.000105,  0.999534,  0.999534
  65,  1.000838,  1.000114,  0.999504,  0.999504
  66,  1.000838,  1.000114,  0.999504,  0.999504
Optimization terminated successfully.
         Current function value: 0.074465
         Iterations: 6
         Function evaluations: 60
         Gradient evaluations: 12
  67,  1.000551,  1.000244,  1.000089,  1.000089
  68,  1.001091,  1.000485,  0.999603,  0.999603
  69,  1.001351,  0.999916,  0.999595,  0.999595
  70,  1.001325,  0.999902,  0.999582,  0.999582
  71,  1.001292,  0.999885,  0.999566,  0.999566
  72,  1.001292,  0.999885,  0.999566,  0.999566
Optimization terminated successfully.
         Current function value: 0.176971
         Iterations: 6
         Function evaluations: 45
         Gradient evaluations: 9
  73,  1.000467,  1.000201,  0.999425,  0.999425
  74,  1.000702,  1.000309,  0.999547,  0.999547
  75,  1.000797,  1.000101,  0.999551,  0.999551
  76,  1.000811,  1.000105,  0.999534,  0.999534
  77,  1.000838,  1.000114,  0.999504,  0.999504
  78,  1.000838,  1.000114,  0.999504,  0.999504
Optimization terminated successfully.
         Current function value: 0.074464
         Iterations: 6
         Function evaluations: 60
         Gradient evaluations: 12
  79,  1.000551,  1.000244,  1.000089,  1.000089
  80,  1.001091,  1.000485,  0.999603,  0.999603
  81,  1.001351,  0.999916,  0.999595,  0.999595
  82,  1.001325,  0.999902,  0.999582,  0.999582
  83,  1.001292,  0.999885,  0.999566,  0.999566
  84,  1.001292,  0.999885,  0.999566,  0.999566
Optimization terminated successfully.
         Current function value: 0.176969
         Iterations: 6
         Function evaluations: 45
         Gradient evaluations: 9
