fisher1 and fisher2 are: 0.7313202354702806, 0
begin truth calculations
begin calculating d2chi
   1,  1.001233,  1.000540,  0.998789,  0.998789
   2,  1.001720,  1.000769,  0.999109,  0.999109
   3,  1.001638,  1.000949,  0.999105,  0.999105
   4,  1.001657,  1.000950,  0.999090,  0.999090
   5,  1.001699,  1.000950,  0.999057,  0.999057
   6,  1.001770,  1.000951,  0.999001,  0.999001
   7,  1.001770,  1.000951,  0.999001,  0.999001
Optimization terminated successfully.
         Current function value: 0.735276
         Iterations: 7
         Function evaluations: 70
         Gradient evaluations: 14
   8,  1.000040,  1.000020,  1.000057,  1.000057
   9,  1.000085,  1.000056,  1.000027,  1.000027
  10,  0.999948,  1.000351,  1.000032,  1.000032
  11,  0.999857,  1.000531,  1.000026,  1.000026
  12,  0.999857,  1.000531,  1.000026,  1.000026
Optimization terminated successfully.
         Current function value: 0.114895
         Iterations: 5
         Function evaluations: 45
         Gradient evaluations: 9
  13,  1.001233,  1.000540,  0.998789,  0.998789
  14,  1.001720,  1.000769,  0.999109,  0.999109
  15,  1.001638,  1.000949,  0.999105,  0.999105
  16,  1.001657,  1.000950,  0.999090,  0.999090
  17,  1.001699,  1.000950,  0.999057,  0.999057
  18,  1.001770,  1.000951,  0.999001,  0.999001
  19,  1.001770,  1.000951,  0.999001,  0.999001
Optimization terminated successfully.
         Current function value: 0.735276
         Iterations: 7
         Function evaluations: 70
         Gradient evaluations: 14
  20,  1.000040,  1.000020,  1.000057,  1.000057
  21,  1.000085,  1.000056,  1.000027,  1.000027
  22,  0.999948,  1.000351,  1.000032,  1.000032
  23,  0.999857,  1.000531,  1.000026,  1.000026
  24,  0.999857,  1.000531,  1.000026,  1.000026
Optimization terminated successfully.
         Current function value: 0.114896
         Iterations: 5
         Function evaluations: 45
         Gradient evaluations: 9
  25,  1.001233,  1.000540,  0.998789,  0.998789
  26,  1.001720,  1.000769,  0.999109,  0.999109
  27,  1.001638,  1.000949,  0.999105,  0.999105
  28,  1.001657,  1.000950,  0.999090,  0.999090
  29,  1.001699,  1.000950,  0.999057,  0.999057
  30,  1.001770,  1.000951,  0.999001,  0.999001
  31,  1.001770,  1.000951,  0.999001,  0.999001
Optimization terminated successfully.
         Current function value: 0.735275
         Iterations: 7
         Function evaluations: 70
         Gradient evaluations: 14
  32,  1.000040,  1.000020,  1.000057,  1.000057
  33,  1.000085,  1.000056,  1.000027,  1.000027
  34,  0.999948,  1.000351,  1.000032,  1.000032
  35,  0.999857,  1.000531,  1.000026,  1.000026
  36,  0.999857,  1.000531,  1.000026,  1.000026
Optimization terminated successfully.
         Current function value: 0.114896
         Iterations: 5
         Function evaluations: 45
         Gradient evaluations: 9
  37,  1.001233,  1.000540,  0.998789,  0.998789
  38,  1.001720,  1.000769,  0.999109,  0.999109
  39,  1.001638,  1.000949,  0.999105,  0.999105
  40,  1.001657,  1.000950,  0.999090,  0.999090
  41,  1.001699,  1.000950,  0.999057,  0.999057
  42,  1.001770,  1.000951,  0.999001,  0.999001
  43,  1.001770,  1.000951,  0.999001,  0.999001
Optimization terminated successfully.
         Current function value: 0.735275
         Iterations: 7
         Function evaluations: 70
         Gradient evaluations: 14
  44,  1.000040,  1.000020,  1.000057,  1.000057
  45,  1.000085,  1.000056,  1.000027,  1.000027
  46,  0.999948,  1.000351,  1.000032,  1.000032
  47,  0.999857,  1.000531,  1.000026,  1.000026
  48,  0.999857,  1.000531,  1.000026,  1.000026
Optimization terminated successfully.
         Current function value: 0.114897
         Iterations: 5
         Function evaluations: 45
         Gradient evaluations: 9
  49,  1.001233,  1.000540,  0.998789,  0.998789
  50,  1.001720,  1.000769,  0.999109,  0.999109
  51,  1.001638,  1.000949,  0.999105,  0.999105
  52,  1.001657,  1.000950,  0.999090,  0.999090
  53,  1.001699,  1.000950,  0.999057,  0.999057
  54,  1.001770,  1.000951,  0.999001,  0.999001
  55,  1.001770,  1.000951,  0.999001,  0.999001
Optimization terminated successfully.
         Current function value: 0.735275
         Iterations: 7
         Function evaluations: 70
         Gradient evaluations: 14
  56,  1.000040,  1.000020,  1.000057,  1.000057
  57,  1.000085,  1.000056,  1.000027,  1.000027
  58,  0.999948,  1.000351,  1.000032,  1.000032
  59,  0.999857,  1.000531,  1.000026,  1.000026
  60,  0.999857,  1.000531,  1.000026,  1.000026
Optimization terminated successfully.
         Current function value: 0.114897
         Iterations: 5
         Function evaluations: 45
         Gradient evaluations: 9
  61,  1.001233,  1.000540,  0.998789,  0.998789
  62,  1.001720,  1.000769,  0.999109,  0.999109
  63,  1.001638,  1.000949,  0.999105,  0.999105
  64,  1.001657,  1.000950,  0.999090,  0.999090
  65,  1.001699,  1.000950,  0.999057,  0.999057
  66,  1.001770,  1.000951,  0.999001,  0.999001
  67,  1.001770,  1.000951,  0.999001,  0.999001
Optimization terminated successfully.
         Current function value: 0.735275
         Iterations: 7
         Function evaluations: 70
         Gradient evaluations: 14
  68,  1.000040,  1.000020,  1.000057,  1.000057
  69,  1.000085,  1.000056,  1.000027,  1.000027
  70,  0.999948,  1.000351,  1.000032,  1.000032
  71,  0.999857,  1.000531,  1.000026,  1.000026
  72,  0.999857,  1.000531,  1.000026,  1.000026
Optimization terminated successfully.
         Current function value: 0.114897
         Iterations: 5
         Function evaluations: 45
         Gradient evaluations: 9
  73,  1.001233,  1.000540,  0.998789,  0.998789
  74,  1.001720,  1.000769,  0.999109,  0.999109
  75,  1.001638,  1.000949,  0.999105,  0.999105
  76,  1.001657,  1.000950,  0.999090,  0.999090
  77,  1.001699,  1.000950,  0.999057,  0.999057
  78,  1.001770,  1.000951,  0.999001,  0.999001
  79,  1.001770,  1.000951,  0.999001,  0.999001
Optimization terminated successfully.
         Current function value: 0.735275
         Iterations: 7
         Function evaluations: 70
         Gradient evaluations: 14
  80,  1.000040,  1.000020,  1.000057,  1.000057
  81,  1.000085,  1.000056,  1.000027,  1.000027
  82,  0.999948,  1.000351,  1.000032,  1.000032
  83,  0.999857,  1.000531,  1.000026,  1.000026
  84,  0.999857,  1.000531,  1.000026,  1.000026
Optimization terminated successfully.
         Current function value: 0.114898
         Iterations: 5
         Function evaluations: 45
         Gradient evaluations: 9
