fisher1 and fisher2 are: 0.706187494241562, 0
begin truth calculations
begin calculating d2chi
   1,  1.001054,  1.000469,  0.999198,  0.999198
   2,  1.001347,  1.000611,  0.999452,  0.999452
   3,  1.001059,  1.001242,  0.999440,  0.999440
   4,  1.001079,  1.001248,  0.999426,  0.999426
   5,  1.001124,  1.001262,  0.999394,  0.999394
   6,  1.001149,  1.001269,  0.999377,  0.999377
   7,  1.001149,  1.001269,  0.999377,  0.999377
Optimization terminated successfully.
         Current function value: 0.773623
         Iterations: 7
         Function evaluations: 60
         Gradient evaluations: 12
   8,  0.998961,  0.999549,  1.000038,  1.000038
   9,  0.997954,  0.999119,  1.001161,  1.001161
  10,  0.997198,  1.000773,  1.001184,  1.001184
  11,  0.997263,  1.000798,  1.001115,  1.001115
  12,  0.997409,  1.000857,  1.000959,  1.000959
  13,  0.997556,  1.000916,  1.000802,  1.000802
  14,  0.997555,  1.000917,  1.000802,  1.000802
  15,  0.997555,  1.000917,  1.000802,  1.000802
Optimization terminated successfully.
         Current function value: 0.428523
         Iterations: 8
         Function evaluations: 55
         Gradient evaluations: 11
  16,  1.001054,  1.000469,  0.999198,  0.999198
  17,  1.001347,  1.000611,  0.999452,  0.999452
  18,  1.001059,  1.001242,  0.999440,  0.999440
  19,  1.001079,  1.001248,  0.999426,  0.999426
  20,  1.001124,  1.001262,  0.999394,  0.999394
  21,  1.001149,  1.001269,  0.999377,  0.999377
  22,  1.001149,  1.001269,  0.999377,  0.999377
Optimization terminated successfully.
         Current function value: 0.773623
         Iterations: 7
         Function evaluations: 60
         Gradient evaluations: 12
  23,  0.998961,  0.999549,  1.000038,  1.000038
  24,  0.997954,  0.999119,  1.001161,  1.001161
  25,  0.997198,  1.000773,  1.001184,  1.001184
  26,  0.997263,  1.000798,  1.001115,  1.001115
  27,  0.997409,  1.000857,  1.000959,  1.000959
  28,  0.997556,  1.000916,  1.000802,  1.000802
  29,  0.997555,  1.000917,  1.000802,  1.000802
  30,  0.997555,  1.000917,  1.000802,  1.000802
Optimization terminated successfully.
         Current function value: 0.428520
         Iterations: 8
         Function evaluations: 55
         Gradient evaluations: 11
  31,  1.001054,  1.000469,  0.999198,  0.999198
  32,  1.001347,  1.000611,  0.999452,  0.999452
  33,  1.001059,  1.001242,  0.999440,  0.999440
  34,  1.001079,  1.001248,  0.999426,  0.999426
  35,  1.001124,  1.001262,  0.999394,  0.999394
  36,  1.001149,  1.001269,  0.999377,  0.999377
  37,  1.001149,  1.001269,  0.999377,  0.999377
  38,  1.001149,  1.001269,  0.999377,  0.999377
Optimization terminated successfully.
         Current function value: 0.773623
         Iterations: 8
         Function evaluations: 65
         Gradient evaluations: 13
  39,  0.998961,  0.999549,  1.000038,  1.000038
  40,  0.997954,  0.999119,  1.001161,  1.001161
  41,  0.997198,  1.000773,  1.001184,  1.001184
  42,  0.997263,  1.000798,  1.001115,  1.001115
  43,  0.997409,  1.000857,  1.000959,  1.000959
  44,  0.997556,  1.000916,  1.000802,  1.000802
  45,  0.997555,  1.000917,  1.000802,  1.000802
  46,  0.997555,  1.000917,  1.000802,  1.000802
Optimization terminated successfully.
         Current function value: 0.428516
         Iterations: 8
         Function evaluations: 55
         Gradient evaluations: 11
  47,  1.001054,  1.000469,  0.999198,  0.999198
  48,  1.001347,  1.000611,  0.999452,  0.999452
  49,  1.001059,  1.001242,  0.999440,  0.999440
  50,  1.001079,  1.001248,  0.999426,  0.999426
  51,  1.001124,  1.001262,  0.999394,  0.999394
  52,  1.001149,  1.001269,  0.999377,  0.999377
  53,  1.001149,  1.001269,  0.999377,  0.999377
Optimization terminated successfully.
         Current function value: 0.773623
         Iterations: 7
         Function evaluations: 60
         Gradient evaluations: 12
  54,  0.998961,  0.999549,  1.000038,  1.000038
  55,  0.997954,  0.999119,  1.001161,  1.001161
  56,  0.997198,  1.000773,  1.001184,  1.001184
  57,  0.997263,  1.000798,  1.001115,  1.001115
  58,  0.997409,  1.000857,  1.000959,  1.000959
  59,  0.997556,  1.000916,  1.000802,  1.000802
  60,  0.997555,  1.000917,  1.000802,  1.000802
  61,  0.997555,  1.000917,  1.000802,  1.000802
Optimization terminated successfully.
         Current function value: 0.428513
         Iterations: 8
         Function evaluations: 55
         Gradient evaluations: 11
  62,  1.001054,  1.000469,  0.999198,  0.999198
  63,  1.001347,  1.000611,  0.999452,  0.999452
  64,  1.001059,  1.001242,  0.999440,  0.999440
  65,  1.001079,  1.001248,  0.999426,  0.999426
  66,  1.001124,  1.001262,  0.999394,  0.999394
  67,  1.001149,  1.001269,  0.999377,  0.999377
  68,  1.001149,  1.001269,  0.999377,  0.999377
Optimization terminated successfully.
         Current function value: 0.773622
         Iterations: 7
         Function evaluations: 60
         Gradient evaluations: 12
  69,  0.998961,  0.999549,  1.000038,  1.000038
  70,  0.997954,  0.999119,  1.001161,  1.001161
  71,  0.997198,  1.000773,  1.001184,  1.001184
  72,  0.997263,  1.000798,  1.001115,  1.001115
  73,  0.997409,  1.000857,  1.000959,  1.000959
  74,  0.997556,  1.000916,  1.000802,  1.000802
  75,  0.997555,  1.000917,  1.000802,  1.000802
  76,  0.997555,  1.000917,  1.000802,  1.000802
Optimization terminated successfully.
         Current function value: 0.428509
         Iterations: 8
         Function evaluations: 55
         Gradient evaluations: 11
  77,  1.001054,  1.000469,  0.999198,  0.999198
  78,  1.001347,  1.000611,  0.999452,  0.999452
  79,  1.001059,  1.001242,  0.999440,  0.999440
  80,  1.001079,  1.001248,  0.999426,  0.999426
  81,  1.001124,  1.001262,  0.999394,  0.999394
  82,  1.001149,  1.001269,  0.999377,  0.999377
  83,  1.001149,  1.001269,  0.999377,  0.999377
Optimization terminated successfully.
         Current function value: 0.773622
         Iterations: 7
         Function evaluations: 60
         Gradient evaluations: 12
  84,  0.998961,  0.999549,  1.000038,  1.000038
  85,  0.997954,  0.999119,  1.001161,  1.001161
  86,  0.997198,  1.000773,  1.001184,  1.001184
  87,  0.997263,  1.000798,  1.001115,  1.001115
  88,  0.997409,  1.000857,  1.000959,  1.000959
  89,  0.997556,  1.000916,  1.000802,  1.000802
  90,  0.997555,  1.000917,  1.000802,  1.000802
  91,  0.997555,  1.000917,  1.000802,  1.000802
Optimization terminated successfully.
         Current function value: 0.428506
         Iterations: 8
         Function evaluations: 55
         Gradient evaluations: 11
  92,  1.001054,  1.000469,  0.999198,  0.999198
  93,  1.001347,  1.000611,  0.999452,  0.999452
  94,  1.001059,  1.001242,  0.999440,  0.999440
  95,  1.001079,  1.001248,  0.999426,  0.999426
  96,  1.001124,  1.001262,  0.999394,  0.999394
  97,  1.001149,  1.001269,  0.999377,  0.999377
  98,  1.001149,  1.001269,  0.999377,  0.999377
Optimization terminated successfully.
         Current function value: 0.773622
         Iterations: 7
         Function evaluations: 60
         Gradient evaluations: 12
  99,  0.998961,  0.999549,  1.000038,  1.000038
 100,  0.997954,  0.999119,  1.001161,  1.001161
 101,  0.997198,  1.000773,  1.001184,  1.001184
 102,  0.997263,  1.000798,  1.001115,  1.001115
 103,  0.997409,  1.000857,  1.000959,  1.000959
 104,  0.997556,  1.000916,  1.000802,  1.000802
 105,  0.997555,  1.000917,  1.000802,  1.000802
 106,  0.997555,  1.000917,  1.000802,  1.000802
Optimization terminated successfully.
         Current function value: 0.428502
         Iterations: 8
         Function evaluations: 55
         Gradient evaluations: 11
