fisher1 and fisher2 are: 0.6433556411697656, 0
begin truth calculations
begin calculating d2chi
   1,  0.999630,  0.999871,  1.001291,  1.001291
   2,  0.999336,  0.999759,  1.001244,  1.001244
   3,  0.997296,  1.004254,  1.001158,  1.001158
   4,  0.998051,  1.002649,  1.001117,  1.001117
   5,  0.998131,  1.002476,  1.001113,  1.001113
   6,  0.998131,  1.002476,  1.001113,  1.001113
Optimization terminated successfully.
         Current function value: 1.471180
         Iterations: 6
         Function evaluations: 50
         Gradient evaluations: 10
   7,  0.995111,  0.997842,  0.999636,  0.999636
   8,  0.990219,  0.995679,  1.004505,  1.004505
   9,  0.987356,  1.001942,  1.004590,  1.004590
  10,  0.987976,  1.001905,  1.004259,  1.004259
  11,  0.988672,  1.001902,  1.003879,  1.003879
  12,  0.988675,  1.001894,  1.003879,  1.003879
  13,  0.988675,  1.001893,  1.003879,  1.003879
  14,  0.988675,  1.001893,  1.003879,  1.003879
Optimization terminated successfully.
         Current function value: 10.025754
         Iterations: 8
         Function evaluations: 60
         Gradient evaluations: 12
  15,  0.999630,  0.999871,  1.001291,  1.001291
  16,  0.999336,  0.999759,  1.001244,  1.001244
  17,  0.997296,  1.004254,  1.001158,  1.001158
  18,  0.998051,  1.002649,  1.001117,  1.001117
  19,  0.998131,  1.002476,  1.001113,  1.001113
  20,  0.998131,  1.002476,  1.001113,  1.001113
Warning: Desired error not necessarily achieved due to precision loss.
         Current function value: 1.471177
         Iterations: 6
         Function evaluations: 305
         Gradient evaluations: 59
  21,  0.995111,  0.997842,  0.999636,  0.999636
  22,  0.990219,  0.995679,  1.004505,  1.004505
  23,  0.987356,  1.001942,  1.004590,  1.004590
  24,  0.987976,  1.001905,  1.004259,  1.004259
  25,  0.988672,  1.001902,  1.003879,  1.003879
  26,  0.988675,  1.001894,  1.003879,  1.003879
  27,  0.988675,  1.001893,  1.003879,  1.003879
Optimization terminated successfully.
         Current function value: 10.025722
         Iterations: 7
         Function evaluations: 50
         Gradient evaluations: 10
  28,  0.999630,  0.999871,  1.001291,  1.001291
  29,  0.999336,  0.999759,  1.001244,  1.001244
  30,  0.997296,  1.004254,  1.001158,  1.001158
  31,  0.998051,  1.002649,  1.001117,  1.001117
  32,  0.998131,  1.002476,  1.001113,  1.001113
  33,  0.998131,  1.002476,  1.001113,  1.001113
Optimization terminated successfully.
         Current function value: 1.471174
         Iterations: 6
         Function evaluations: 50
         Gradient evaluations: 10
  34,  0.995111,  0.997842,  0.999636,  0.999636
  35,  0.990220,  0.995679,  1.004505,  1.004505
  36,  0.987356,  1.001942,  1.004590,  1.004590
  37,  0.987976,  1.001905,  1.004259,  1.004259
  38,  0.988672,  1.001902,  1.003879,  1.003879
  39,  0.988675,  1.001894,  1.003879,  1.003879
  40,  0.988675,  1.001893,  1.003879,  1.003879
Optimization terminated successfully.
         Current function value: 10.025690
         Iterations: 7
         Function evaluations: 50
         Gradient evaluations: 10
  41,  0.999630,  0.999871,  1.001291,  1.001291
  42,  0.999336,  0.999759,  1.001244,  1.001244
  43,  0.997296,  1.004254,  1.001158,  1.001158
  44,  0.998051,  1.002649,  1.001117,  1.001117
  45,  0.998131,  1.002476,  1.001113,  1.001113
  46,  0.998131,  1.002476,  1.001113,  1.001113
  47,  0.998131,  1.002476,  1.001113,  1.001113
Optimization terminated successfully.
         Current function value: 1.471172
         Iterations: 7
         Function evaluations: 55
         Gradient evaluations: 11
  48,  0.995111,  0.997842,  0.999636,  0.999636
  49,  0.990220,  0.995679,  1.004505,  1.004505
  50,  0.987356,  1.001942,  1.004590,  1.004590
  51,  0.987976,  1.001905,  1.004259,  1.004259
  52,  0.988672,  1.001902,  1.003879,  1.003879
  53,  0.988675,  1.001894,  1.003879,  1.003879
  54,  0.988675,  1.001893,  1.003879,  1.003879
Optimization terminated successfully.
         Current function value: 10.025658
         Iterations: 7
         Function evaluations: 50
         Gradient evaluations: 10
  55,  0.999630,  0.999871,  1.001291,  1.001291
  56,  0.999336,  0.999759,  1.001244,  1.001244
  57,  0.997296,  1.004254,  1.001158,  1.001158
  58,  0.998051,  1.002648,  1.001117,  1.001117
  59,  0.998131,  1.002476,  1.001113,  1.001113
  60,  0.998131,  1.002476,  1.001113,  1.001113
  61,  0.998131,  1.002476,  1.001113,  1.001113
  62,  0.998131,  1.002476,  1.001113,  1.001113
Warning: Desired error not necessarily achieved due to precision loss.
         Current function value: 1.471169
         Iterations: 8
         Function evaluations: 637
         Gradient evaluations: 125
  63,  0.995111,  0.997842,  0.999636,  0.999636
  64,  0.990220,  0.995679,  1.004505,  1.004505
  65,  0.987356,  1.001942,  1.004590,  1.004590
  66,  0.987976,  1.001905,  1.004259,  1.004259
  67,  0.988672,  1.001902,  1.003879,  1.003879
  68,  0.988675,  1.001894,  1.003879,  1.003879
  69,  0.988675,  1.001893,  1.003879,  1.003879
Optimization terminated successfully.
         Current function value: 10.025626
         Iterations: 7
         Function evaluations: 50
         Gradient evaluations: 10
  70,  0.999630,  0.999871,  1.001291,  1.001291
  71,  0.999336,  0.999759,  1.001244,  1.001244
  72,  0.997296,  1.004254,  1.001158,  1.001158
  73,  0.998051,  1.002648,  1.001117,  1.001117
  74,  0.998131,  1.002476,  1.001113,  1.001113
  75,  0.998131,  1.002476,  1.001113,  1.001113
  76,  0.998131,  1.002476,  1.001113,  1.001113
  77,  0.998131,  1.002476,  1.001113,  1.001113
  78,  0.998131,  1.002476,  1.001113,  1.001113
Optimization terminated successfully.
         Current function value: 1.471166
         Iterations: 9
         Function evaluations: 155
         Gradient evaluations: 31
  79,  0.995111,  0.997842,  0.999636,  0.999636
  80,  0.990220,  0.995679,  1.004505,  1.004505
  81,  0.987356,  1.001942,  1.004590,  1.004590
  82,  0.987976,  1.001905,  1.004259,  1.004259
  83,  0.988672,  1.001902,  1.003879,  1.003879
  84,  0.988675,  1.001894,  1.003879,  1.003879
  85,  0.988675,  1.001893,  1.003879,  1.003879
Optimization terminated successfully.
         Current function value: 10.025594
         Iterations: 7
         Function evaluations: 50
         Gradient evaluations: 10
  86,  0.999630,  0.999871,  1.001291,  1.001291
  87,  0.999336,  0.999759,  1.001244,  1.001244
  88,  0.997296,  1.004253,  1.001158,  1.001158
  89,  0.998052,  1.002648,  1.001117,  1.001117
  90,  0.998131,  1.002476,  1.001113,  1.001113
  91,  0.998131,  1.002476,  1.001113,  1.001113
Optimization terminated successfully.
         Current function value: 1.471164
         Iterations: 6
         Function evaluations: 50
         Gradient evaluations: 10
  92,  0.995111,  0.997842,  0.999636,  0.999636
  93,  0.990220,  0.995679,  1.004505,  1.004505
  94,  0.987356,  1.001942,  1.004590,  1.004590
  95,  0.987976,  1.001905,  1.004259,  1.004259
  96,  0.988672,  1.001902,  1.003879,  1.003879
  97,  0.988675,  1.001894,  1.003879,  1.003879
  98,  0.988676,  1.001893,  1.003879,  1.003879
  99,  0.988676,  1.001893,  1.003879,  1.003879
Optimization terminated successfully.
         Current function value: 10.025562
         Iterations: 8
         Function evaluations: 65
         Gradient evaluations: 13
