fisher1 and fisher2 are: 0.8695503122282326, 0
begin truth calculations
begin calculating d2chi
   1,  0.999497,  0.999784,  1.000633,  1.000633
   2,  0.999305,  0.999696,  1.000536,  1.000536
   3,  0.999209,  0.999907,  1.000532,  1.000532
   4,  0.999230,  0.999913,  1.000507,  1.000507
   5,  0.999280,  0.999924,  1.000450,  1.000450
   6,  0.999317,  0.999933,  1.000406,  1.000406
   7,  0.999317,  0.999933,  1.000406,  1.000406
Optimization terminated successfully.
         Current function value: 0.046592
         Iterations: 7
         Function evaluations: 65
         Gradient evaluations: 13
   8,  0.999504,  0.999781,  0.999925,  0.999925
   9,  0.999016,  0.999563,  1.000371,  1.000371
  10,  0.998773,  1.000095,  1.000378,  1.000378
  11,  0.998808,  1.000110,  1.000386,  1.000386
  12,  0.998834,  1.000123,  1.000391,  1.000391
  13,  0.998834,  1.000123,  1.000391,  1.000391
Optimization terminated successfully.
         Current function value: 0.136337
         Iterations: 6
         Function evaluations: 45
         Gradient evaluations: 9
  14,  0.999497,  0.999784,  1.000633,  1.000633
  15,  0.999305,  0.999696,  1.000536,  1.000536
  16,  0.999209,  0.999907,  1.000532,  1.000532
  17,  0.999230,  0.999913,  1.000507,  1.000507
  18,  0.999280,  0.999924,  1.000450,  1.000450
  19,  0.999317,  0.999933,  1.000406,  1.000406
  20,  0.999317,  0.999933,  1.000406,  1.000406
Optimization terminated successfully.
         Current function value: 0.046593
         Iterations: 7
         Function evaluations: 65
         Gradient evaluations: 13
  21,  0.999504,  0.999781,  0.999925,  0.999925
  22,  0.999016,  0.999563,  1.000371,  1.000371
  23,  0.998773,  1.000095,  1.000378,  1.000378
  24,  0.998808,  1.000110,  1.000386,  1.000386
  25,  0.998834,  1.000123,  1.000391,  1.000391
  26,  0.998834,  1.000123,  1.000391,  1.000391
Optimization terminated successfully.
         Current function value: 0.136339
         Iterations: 6
         Function evaluations: 45
         Gradient evaluations: 9
  27,  0.999497,  0.999784,  1.000633,  1.000633
  28,  0.999305,  0.999696,  1.000536,  1.000536
  29,  0.999209,  0.999907,  1.000532,  1.000532
  30,  0.999230,  0.999913,  1.000507,  1.000507
  31,  0.999280,  0.999924,  1.000450,  1.000450
  32,  0.999317,  0.999933,  1.000406,  1.000406
  33,  0.999317,  0.999933,  1.000406,  1.000406
Optimization terminated successfully.
         Current function value: 0.046593
         Iterations: 7
         Function evaluations: 65
         Gradient evaluations: 13
  34,  0.999504,  0.999781,  0.999925,  0.999925
  35,  0.999016,  0.999563,  1.000371,  1.000371
  36,  0.998773,  1.000095,  1.000378,  1.000378
  37,  0.998807,  1.000110,  1.000386,  1.000386
  38,  0.998834,  1.000123,  1.000391,  1.000391
  39,  0.998834,  1.000123,  1.000391,  1.000391
Optimization terminated successfully.
         Current function value: 0.136341
         Iterations: 6
         Function evaluations: 45
         Gradient evaluations: 9
  40,  0.999497,  0.999784,  1.000633,  1.000633
  41,  0.999305,  0.999696,  1.000536,  1.000536
  42,  0.999209,  0.999907,  1.000532,  1.000532
  43,  0.999230,  0.999913,  1.000507,  1.000507
  44,  0.999280,  0.999924,  1.000450,  1.000450
  45,  0.999317,  0.999933,  1.000406,  1.000406
  46,  0.999317,  0.999933,  1.000406,  1.000406
Optimization terminated successfully.
         Current function value: 0.046594
         Iterations: 7
         Function evaluations: 65
         Gradient evaluations: 13
  47,  0.999504,  0.999781,  0.999925,  0.999925
  48,  0.999016,  0.999563,  1.000371,  1.000371
  49,  0.998773,  1.000095,  1.000378,  1.000378
  50,  0.998807,  1.000110,  1.000386,  1.000386
  51,  0.998834,  1.000123,  1.000391,  1.000391
  52,  0.998834,  1.000123,  1.000391,  1.000391
Optimization terminated successfully.
         Current function value: 0.136343
         Iterations: 6
         Function evaluations: 45
         Gradient evaluations: 9
  53,  0.999497,  0.999784,  1.000633,  1.000633
  54,  0.999305,  0.999696,  1.000536,  1.000536
  55,  0.999209,  0.999907,  1.000532,  1.000532
  56,  0.999230,  0.999913,  1.000507,  1.000507
  57,  0.999280,  0.999924,  1.000450,  1.000450
  58,  0.999317,  0.999933,  1.000406,  1.000406
  59,  0.999317,  0.999933,  1.000406,  1.000406
Optimization terminated successfully.
         Current function value: 0.046595
         Iterations: 7
         Function evaluations: 65
         Gradient evaluations: 13
  60,  0.999504,  0.999781,  0.999925,  0.999925
  61,  0.999016,  0.999563,  1.000371,  1.000371
  62,  0.998773,  1.000095,  1.000378,  1.000378
  63,  0.998807,  1.000110,  1.000386,  1.000386
  64,  0.998834,  1.000123,  1.000392,  1.000392
  65,  0.998834,  1.000123,  1.000391,  1.000391
Optimization terminated successfully.
         Current function value: 0.136346
         Iterations: 6
         Function evaluations: 45
         Gradient evaluations: 9
  66,  0.999497,  0.999784,  1.000633,  1.000633
  67,  0.999305,  0.999696,  1.000536,  1.000536
  68,  0.999209,  0.999907,  1.000532,  1.000532
  69,  0.999230,  0.999913,  1.000507,  1.000507
  70,  0.999280,  0.999924,  1.000450,  1.000450
  71,  0.999317,  0.999933,  1.000406,  1.000406
  72,  0.999317,  0.999933,  1.000406,  1.000406
Optimization terminated successfully.
         Current function value: 0.046595
         Iterations: 7
         Function evaluations: 65
         Gradient evaluations: 13
  73,  0.999504,  0.999781,  0.999925,  0.999925
  74,  0.999016,  0.999563,  1.000371,  1.000371
  75,  0.998773,  1.000095,  1.000378,  1.000378
  76,  0.998807,  1.000110,  1.000386,  1.000386
  77,  0.998834,  1.000123,  1.000392,  1.000392
  78,  0.998834,  1.000123,  1.000392,  1.000392
Optimization terminated successfully.
         Current function value: 0.136348
         Iterations: 6
         Function evaluations: 45
         Gradient evaluations: 9
  79,  0.999497,  0.999784,  1.000633,  1.000633
  80,  0.999305,  0.999696,  1.000536,  1.000536
  81,  0.999209,  0.999907,  1.000532,  1.000532
  82,  0.999230,  0.999913,  1.000507,  1.000507
  83,  0.999280,  0.999924,  1.000450,  1.000450
  84,  0.999317,  0.999933,  1.000406,  1.000406
  85,  0.999317,  0.999933,  1.000406,  1.000406
Optimization terminated successfully.
         Current function value: 0.046596
         Iterations: 7
         Function evaluations: 65
         Gradient evaluations: 13
  86,  0.999504,  0.999781,  0.999925,  0.999925
  87,  0.999016,  0.999563,  1.000371,  1.000371
  88,  0.998773,  1.000095,  1.000378,  1.000378
  89,  0.998807,  1.000110,  1.000386,  1.000386
  90,  0.998834,  1.000123,  1.000392,  1.000392
  91,  0.998834,  1.000123,  1.000392,  1.000392
Optimization terminated successfully.
         Current function value: 0.136350
         Iterations: 6
         Function evaluations: 45
         Gradient evaluations: 9
