fisher1 and fisher2 are: 0.9198157946856698, 0
begin truth calculations
begin calculating d2chi
   1,  0.997054,  0.998736,  1.003801,  1.003801
   2,  0.995951,  0.998232,  1.003259,  1.003259
   3,  0.995332,  0.999595,  1.003234,  1.003234
   4,  0.995440,  0.999623,  1.003104,  1.003104
   5,  0.995676,  0.999688,  1.002819,  1.002819
   6,  0.996079,  0.999790,  1.002335,  1.002335
   7,  0.996082,  0.999780,  1.002336,  1.002336
   8,  0.996082,  0.999780,  1.002336,  1.002336
   9,  0.996082,  0.999780,  1.002336,  1.002336
Optimization terminated successfully.
         Current function value: 1.441955
         Iterations: 9
         Function evaluations: 75
         Gradient evaluations: 15
  10,  0.996866,  0.998615,  0.999561,  0.999561
  11,  0.993758,  0.997236,  1.002453,  1.002453
  12,  0.992140,  1.000782,  1.002499,  1.002499
  13,  0.992481,  1.000786,  1.002481,  1.002481
  14,  0.992697,  1.000805,  1.002468,  1.002468
  15,  0.992699,  1.000802,  1.002468,  1.002468
  16,  0.992699,  1.000802,  1.002468,  1.002468
Optimization terminated successfully.
         Current function value: 5.048254
         Iterations: 7
         Function evaluations: 50
         Gradient evaluations: 10
  17,  0.997054,  0.998736,  1.003801,  1.003801
  18,  0.995951,  0.998232,  1.003259,  1.003259
  19,  0.995332,  0.999595,  1.003234,  1.003234
  20,  0.995440,  0.999623,  1.003104,  1.003104
  21,  0.995676,  0.999688,  1.002819,  1.002819
  22,  0.996079,  0.999790,  1.002335,  1.002335
  23,  0.996082,  0.999780,  1.002336,  1.002336
  24,  0.996082,  0.999780,  1.002336,  1.002336
  25,  0.996082,  0.999780,  1.002336,  1.002336
Optimization terminated successfully.
         Current function value: 1.441961
         Iterations: 9
         Function evaluations: 75
         Gradient evaluations: 15
  26,  0.996866,  0.998615,  0.999561,  0.999561
  27,  0.993758,  0.997236,  1.002453,  1.002453
  28,  0.992140,  1.000782,  1.002499,  1.002499
  29,  0.992481,  1.000786,  1.002481,  1.002481
  30,  0.992697,  1.000805,  1.002468,  1.002468
  31,  0.992699,  1.000802,  1.002468,  1.002468
  32,  0.992699,  1.000802,  1.002468,  1.002468
Optimization terminated successfully.
         Current function value: 5.048275
         Iterations: 7
         Function evaluations: 50
         Gradient evaluations: 10
  33,  0.997054,  0.998736,  1.003801,  1.003801
  34,  0.995951,  0.998232,  1.003259,  1.003259
  35,  0.995332,  0.999595,  1.003234,  1.003234
  36,  0.995440,  0.999623,  1.003104,  1.003104
  37,  0.995676,  0.999688,  1.002819,  1.002819
  38,  0.996079,  0.999790,  1.002335,  1.002335
  39,  0.996082,  0.999780,  1.002336,  1.002336
  40,  0.996082,  0.999780,  1.002336,  1.002336
  41,  0.996082,  0.999780,  1.002336,  1.002336
Optimization terminated successfully.
         Current function value: 1.441966
         Iterations: 9
         Function evaluations: 75
         Gradient evaluations: 15
  42,  0.996866,  0.998615,  0.999561,  0.999561
  43,  0.993758,  0.997236,  1.002453,  1.002453
  44,  0.992140,  1.000782,  1.002499,  1.002499
  45,  0.992481,  1.000786,  1.002481,  1.002481
  46,  0.992697,  1.000805,  1.002468,  1.002468
  47,  0.992699,  1.000802,  1.002468,  1.002468
  48,  0.992699,  1.000802,  1.002468,  1.002468
Optimization terminated successfully.
         Current function value: 5.048295
         Iterations: 7
         Function evaluations: 50
         Gradient evaluations: 10
  49,  0.997054,  0.998736,  1.003801,  1.003801
  50,  0.995951,  0.998232,  1.003259,  1.003259
  51,  0.995332,  0.999595,  1.003234,  1.003234
  52,  0.995440,  0.999623,  1.003104,  1.003104
  53,  0.995676,  0.999688,  1.002819,  1.002819
  54,  0.996079,  0.999790,  1.002335,  1.002335
  55,  0.996082,  0.999780,  1.002336,  1.002336
  56,  0.996082,  0.999780,  1.002336,  1.002336
  57,  0.996082,  0.999780,  1.002336,  1.002336
  58,  0.996082,  0.999780,  1.002336,  1.002336
Warning: Maximum number of iterations has been exceeded.
         Current function value: 1.441972
         Iterations: 10
         Function evaluations: 245
         Gradient evaluations: 49
  59,  0.996866,  0.998615,  0.999561,  0.999561
  60,  0.993758,  0.997236,  1.002453,  1.002453
  61,  0.992140,  1.000782,  1.002499,  1.002499
  62,  0.992481,  1.000786,  1.002481,  1.002481
  63,  0.992697,  1.000805,  1.002468,  1.002468
  64,  0.992699,  1.000802,  1.002468,  1.002468
  65,  0.992699,  1.000802,  1.002468,  1.002468
Optimization terminated successfully.
         Current function value: 5.048315
         Iterations: 7
         Function evaluations: 50
         Gradient evaluations: 10
  66,  0.997054,  0.998736,  1.003801,  1.003801
  67,  0.995951,  0.998232,  1.003259,  1.003259
  68,  0.995332,  0.999595,  1.003234,  1.003234
  69,  0.995440,  0.999623,  1.003104,  1.003104
  70,  0.995676,  0.999688,  1.002819,  1.002819
  71,  0.996079,  0.999790,  1.002335,  1.002335
  72,  0.996082,  0.999780,  1.002336,  1.002336
  73,  0.996082,  0.999780,  1.002336,  1.002336
  74,  0.996082,  0.999780,  1.002336,  1.002336
Optimization terminated successfully.
         Current function value: 1.441977
         Iterations: 9
         Function evaluations: 75
         Gradient evaluations: 15
  75,  0.996866,  0.998615,  0.999561,  0.999561
  76,  0.993758,  0.997236,  1.002453,  1.002453
  77,  0.992140,  1.000782,  1.002499,  1.002499
  78,  0.992481,  1.000786,  1.002481,  1.002481
  79,  0.992697,  1.000805,  1.002468,  1.002468
  80,  0.992699,  1.000802,  1.002468,  1.002468
  81,  0.992699,  1.000802,  1.002468,  1.002468
Optimization terminated successfully.
         Current function value: 5.048336
         Iterations: 7
         Function evaluations: 50
         Gradient evaluations: 10
  82,  0.997054,  0.998736,  1.003801,  1.003801
  83,  0.995951,  0.998232,  1.003259,  1.003259
  84,  0.995332,  0.999595,  1.003234,  1.003234
  85,  0.995440,  0.999623,  1.003104,  1.003104
  86,  0.995676,  0.999688,  1.002819,  1.002819
  87,  0.996079,  0.999790,  1.002335,  1.002335
  88,  0.996082,  0.999780,  1.002336,  1.002336
  89,  0.996082,  0.999780,  1.002336,  1.002336
  90,  0.996082,  0.999780,  1.002336,  1.002336
  91,  0.996082,  0.999780,  1.002336,  1.002336
Warning: Maximum number of iterations has been exceeded.
         Current function value: 1.441982
         Iterations: 10
         Function evaluations: 85
         Gradient evaluations: 17
  92,  0.996866,  0.998615,  0.999561,  0.999561
  93,  0.993758,  0.997236,  1.002453,  1.002453
  94,  0.992140,  1.000782,  1.002499,  1.002499
  95,  0.992481,  1.000786,  1.002481,  1.002481
  96,  0.992697,  1.000805,  1.002468,  1.002468
  97,  0.992699,  1.000802,  1.002468,  1.002468
  98,  0.992699,  1.000802,  1.002468,  1.002468
Optimization terminated successfully.
         Current function value: 5.048356
         Iterations: 7
         Function evaluations: 50
         Gradient evaluations: 10
  99,  0.997054,  0.998736,  1.003801,  1.003801
 100,  0.995951,  0.998232,  1.003259,  1.003259
 101,  0.995332,  0.999595,  1.003234,  1.003234
 102,  0.995440,  0.999623,  1.003104,  1.003104
 103,  0.995676,  0.999688,  1.002819,  1.002819
 104,  0.996079,  0.999790,  1.002335,  1.002335
 105,  0.996082,  0.999780,  1.002336,  1.002336
 106,  0.996082,  0.999780,  1.002336,  1.002336
 107,  0.996082,  0.999780,  1.002336,  1.002336
Optimization terminated successfully.
         Current function value: 1.441988
         Iterations: 9
         Function evaluations: 75
         Gradient evaluations: 15
 108,  0.996866,  0.998615,  0.999561,  0.999561
 109,  0.993758,  0.997236,  1.002453,  1.002453
 110,  0.992140,  1.000782,  1.002499,  1.002499
 111,  0.992481,  1.000786,  1.002481,  1.002481
 112,  0.992697,  1.000805,  1.002468,  1.002468
 113,  0.992698,  1.000802,  1.002468,  1.002468
 114,  0.992699,  1.000802,  1.002468,  1.002468
Optimization terminated successfully.
         Current function value: 5.048377
         Iterations: 7
         Function evaluations: 50
         Gradient evaluations: 10
