fisher1 and fisher2 are: 0.9386653506072087, 0
begin truth calculations
begin calculating d2chi
   1,  0.995885,  0.998235,  1.005347,  1.005347
   2,  0.994356,  0.997538,  1.004603,  1.004603
   3,  0.993455,  0.999523,  1.004566,  1.004566
   4,  0.993594,  0.999559,  1.004399,  1.004399
   5,  0.993894,  0.999637,  1.004036,  1.004036
   6,  0.994563,  0.999796,  1.003233,  1.003233
   7,  0.994570,  0.999773,  1.003235,  1.003235
   8,  0.994570,  0.999773,  1.003235,  1.003235
   9,  0.994570,  0.999772,  1.003235,  1.003235
Optimization terminated successfully.
         Current function value: 2.716630
         Iterations: 9
         Function evaluations: 75
         Gradient evaluations: 15
  10,  0.995528,  0.998025,  0.999392,  0.999392
  11,  0.991085,  0.996052,  1.003560,  1.003560
  12,  0.988625,  1.001449,  1.003630,  1.003630
  13,  0.989198,  1.001253,  1.003566,  1.003566
  14,  0.989642,  1.001126,  1.003513,  1.003513
  15,  0.989647,  1.001116,  1.003513,  1.003513
  16,  0.989647,  1.001116,  1.003513,  1.003513
Optimization terminated successfully.
         Current function value: 9.958433
         Iterations: 7
         Function evaluations: 50
         Gradient evaluations: 10
  17,  0.995885,  0.998235,  1.005347,  1.005347
  18,  0.994356,  0.997538,  1.004603,  1.004603
  19,  0.993455,  0.999523,  1.004566,  1.004566
  20,  0.993594,  0.999559,  1.004399,  1.004399
  21,  0.993894,  0.999637,  1.004036,  1.004036
  22,  0.994563,  0.999796,  1.003233,  1.003233
  23,  0.994570,  0.999774,  1.003235,  1.003235
  24,  0.994570,  0.999773,  1.003235,  1.003235
  25,  0.994570,  0.999772,  1.003235,  1.003235
Optimization terminated successfully.
         Current function value: 2.716638
         Iterations: 9
         Function evaluations: 75
         Gradient evaluations: 15
  26,  0.995528,  0.998025,  0.999392,  0.999392
  27,  0.991085,  0.996052,  1.003560,  1.003560
  28,  0.988624,  1.001449,  1.003630,  1.003630
  29,  0.989198,  1.001253,  1.003566,  1.003566
  30,  0.989642,  1.001126,  1.003513,  1.003513
  31,  0.989647,  1.001116,  1.003513,  1.003513
  32,  0.989647,  1.001116,  1.003513,  1.003513
Optimization terminated successfully.
         Current function value: 9.958465
         Iterations: 7
         Function evaluations: 50
         Gradient evaluations: 10
  33,  0.995885,  0.998235,  1.005347,  1.005347
  34,  0.994356,  0.997538,  1.004603,  1.004603
  35,  0.993455,  0.999523,  1.004566,  1.004566
  36,  0.993594,  0.999559,  1.004399,  1.004399
  37,  0.993894,  0.999637,  1.004036,  1.004036
  38,  0.994563,  0.999796,  1.003233,  1.003233
  39,  0.994570,  0.999774,  1.003235,  1.003235
  40,  0.994570,  0.999773,  1.003235,  1.003235
  41,  0.994570,  0.999773,  1.003235,  1.003235
Optimization terminated successfully.
         Current function value: 2.716647
         Iterations: 9
         Function evaluations: 75
         Gradient evaluations: 15
  42,  0.995528,  0.998025,  0.999392,  0.999392
  43,  0.991085,  0.996052,  1.003560,  1.003560
  44,  0.988624,  1.001449,  1.003630,  1.003630
  45,  0.989198,  1.001253,  1.003566,  1.003566
  46,  0.989642,  1.001126,  1.003513,  1.003513
  47,  0.989647,  1.001116,  1.003513,  1.003513
  48,  0.989647,  1.001116,  1.003513,  1.003513
  49,  0.989647,  1.001116,  1.003513,  1.003513
Optimization terminated successfully.
         Current function value: 9.958497
         Iterations: 8
         Function evaluations: 380
         Gradient evaluations: 75
  50,  0.995885,  0.998235,  1.005347,  1.005347
  51,  0.994356,  0.997538,  1.004603,  1.004603
  52,  0.993455,  0.999523,  1.004566,  1.004566
  53,  0.993594,  0.999559,  1.004399,  1.004399
  54,  0.993894,  0.999637,  1.004036,  1.004036
  55,  0.994563,  0.999796,  1.003233,  1.003233
  56,  0.994570,  0.999774,  1.003235,  1.003235
  57,  0.994570,  0.999773,  1.003235,  1.003235
  58,  0.994570,  0.999772,  1.003235,  1.003235
Optimization terminated successfully.
         Current function value: 2.716655
         Iterations: 9
         Function evaluations: 75
         Gradient evaluations: 15
  59,  0.995528,  0.998025,  0.999392,  0.999392
  60,  0.991085,  0.996052,  1.003560,  1.003560
  61,  0.988624,  1.001449,  1.003630,  1.003630
  62,  0.989198,  1.001253,  1.003566,  1.003566
  63,  0.989642,  1.001126,  1.003513,  1.003513
  64,  0.989647,  1.001116,  1.003513,  1.003513
  65,  0.989647,  1.001116,  1.003513,  1.003513
Optimization terminated successfully.
         Current function value: 9.958529
         Iterations: 7
         Function evaluations: 50
         Gradient evaluations: 10
  66,  0.995885,  0.998235,  1.005347,  1.005347
  67,  0.994356,  0.997538,  1.004603,  1.004603
  68,  0.993455,  0.999523,  1.004566,  1.004566
  69,  0.993594,  0.999559,  1.004399,  1.004399
  70,  0.993894,  0.999637,  1.004036,  1.004036
  71,  0.994563,  0.999796,  1.003233,  1.003233
  72,  0.994570,  0.999773,  1.003235,  1.003235
  73,  0.994570,  0.999773,  1.003235,  1.003235
  74,  0.994570,  0.999773,  1.003235,  1.003235
Optimization terminated successfully.
         Current function value: 2.716663
         Iterations: 9
         Function evaluations: 75
         Gradient evaluations: 15
  75,  0.995528,  0.998025,  0.999392,  0.999392
  76,  0.991085,  0.996052,  1.003560,  1.003560
  77,  0.988624,  1.001449,  1.003630,  1.003630
  78,  0.989198,  1.001253,  1.003566,  1.003566
  79,  0.989642,  1.001126,  1.003513,  1.003513
  80,  0.989647,  1.001116,  1.003513,  1.003513
  81,  0.989647,  1.001116,  1.003513,  1.003513
Optimization terminated successfully.
         Current function value: 9.958561
         Iterations: 7
         Function evaluations: 50
         Gradient evaluations: 10
  82,  0.995885,  0.998235,  1.005347,  1.005347
  83,  0.994356,  0.997538,  1.004603,  1.004603
  84,  0.993455,  0.999523,  1.004566,  1.004566
  85,  0.993594,  0.999559,  1.004399,  1.004399
  86,  0.993894,  0.999637,  1.004036,  1.004036
  87,  0.994563,  0.999796,  1.003233,  1.003233
  88,  0.994570,  0.999774,  1.003235,  1.003235
  89,  0.994570,  0.999773,  1.003235,  1.003235
  90,  0.994570,  0.999773,  1.003235,  1.003235
Optimization terminated successfully.
         Current function value: 2.716671
         Iterations: 9
         Function evaluations: 75
         Gradient evaluations: 15
  91,  0.995528,  0.998025,  0.999392,  0.999392
  92,  0.991085,  0.996052,  1.003560,  1.003560
  93,  0.988624,  1.001449,  1.003630,  1.003630
  94,  0.989198,  1.001253,  1.003566,  1.003566
  95,  0.989642,  1.001126,  1.003513,  1.003513
  96,  0.989647,  1.001116,  1.003513,  1.003513
  97,  0.989647,  1.001116,  1.003513,  1.003513
Optimization terminated successfully.
         Current function value: 9.958594
         Iterations: 7
         Function evaluations: 50
         Gradient evaluations: 10
  98,  0.995885,  0.998235,  1.005347,  1.005347
  99,  0.994356,  0.997538,  1.004603,  1.004603
 100,  0.993455,  0.999523,  1.004566,  1.004566
 101,  0.993594,  0.999559,  1.004399,  1.004399
 102,  0.993894,  0.999637,  1.004037,  1.004037
 103,  0.994563,  0.999796,  1.003233,  1.003233
 104,  0.994570,  0.999773,  1.003235,  1.003235
 105,  0.994570,  0.999773,  1.003235,  1.003235
 106,  0.994570,  0.999772,  1.003235,  1.003235
 107,  0.994570,  0.999772,  1.003235,  1.003235
Warning: Maximum number of iterations has been exceeded.
         Current function value: 2.716679
         Iterations: 10
         Function evaluations: 85
         Gradient evaluations: 17
 108,  0.995528,  0.998025,  0.999392,  0.999392
 109,  0.991085,  0.996052,  1.003560,  1.003560
 110,  0.988624,  1.001449,  1.003630,  1.003630
 111,  0.989198,  1.001253,  1.003566,  1.003566
 112,  0.989642,  1.001126,  1.003513,  1.003513
 113,  0.989647,  1.001116,  1.003513,  1.003513
 114,  0.989647,  1.001116,  1.003513,  1.003513
 115,  0.989647,  1.001116,  1.003513,  1.003513
Optimization terminated successfully.
         Current function value: 9.958626
         Iterations: 8
         Function evaluations: 65
         Gradient evaluations: 13
