fisher1 and fisher2 are: 0.6464972338233554, 0
begin truth calculations
begin calculating d2chi
   1,  0.999715,  0.999906,  1.001155,  1.001155
   2,  0.999479,  0.999820,  1.001123,  1.001123
   3,  0.998131,  1.002790,  1.001066,  1.001066
   4,  0.998332,  1.002398,  1.001001,  1.001001
   5,  0.998332,  1.002398,  1.001000,  1.001000
   6,  0.998332,  1.002398,  1.001000,  1.001000
Optimization terminated successfully.
         Current function value: 1.389913
         Iterations: 6
         Function evaluations: 50
         Gradient evaluations: 10
   7,  0.995357,  0.997951,  0.999659,  0.999659
   8,  0.990711,  0.995898,  1.004284,  1.004284
   9,  0.987996,  1.001837,  1.004365,  1.004365
  10,  0.988585,  1.001830,  1.004042,  1.004042
  11,  0.989218,  1.001859,  1.003686,  1.003686
  12,  0.989220,  1.001852,  1.003687,  1.003687
  13,  0.989220,  1.001852,  1.003687,  1.003687
Optimization terminated successfully.
         Current function value: 9.053851
         Iterations: 7
         Function evaluations: 50
         Gradient evaluations: 10
  14,  0.999715,  0.999906,  1.001155,  1.001155
  15,  0.999479,  0.999820,  1.001123,  1.001123
  16,  0.998131,  1.002790,  1.001066,  1.001066
  17,  0.998332,  1.002398,  1.001001,  1.001001
  18,  0.998332,  1.002398,  1.001000,  1.001000
  19,  0.998332,  1.002398,  1.001000,  1.001000
Optimization terminated successfully.
         Current function value: 1.389911
         Iterations: 6
         Function evaluations: 50
         Gradient evaluations: 10
  20,  0.995357,  0.997951,  0.999659,  0.999659
  21,  0.990711,  0.995898,  1.004284,  1.004284
  22,  0.987996,  1.001837,  1.004365,  1.004365
  23,  0.988585,  1.001830,  1.004042,  1.004042
  24,  0.989218,  1.001859,  1.003686,  1.003686
  25,  0.989220,  1.001852,  1.003687,  1.003687
  26,  0.989220,  1.001852,  1.003687,  1.003687
Optimization terminated successfully.
         Current function value: 9.053821
         Iterations: 7
         Function evaluations: 50
         Gradient evaluations: 10
  27,  0.999715,  0.999906,  1.001155,  1.001155
  28,  0.999479,  0.999820,  1.001123,  1.001123
  29,  0.998131,  1.002790,  1.001066,  1.001066
  30,  0.998332,  1.002398,  1.001001,  1.001001
  31,  0.998332,  1.002398,  1.001000,  1.001000
  32,  0.998332,  1.002398,  1.001000,  1.001000
Optimization terminated successfully.
         Current function value: 1.389908
         Iterations: 6
         Function evaluations: 50
         Gradient evaluations: 10
  33,  0.995357,  0.997951,  0.999659,  0.999659
  34,  0.990711,  0.995898,  1.004284,  1.004284
  35,  0.987996,  1.001837,  1.004365,  1.004365
  36,  0.988585,  1.001830,  1.004042,  1.004042
  37,  0.989218,  1.001859,  1.003686,  1.003686
  38,  0.989220,  1.001852,  1.003687,  1.003687
  39,  0.989220,  1.001852,  1.003687,  1.003687
Optimization terminated successfully.
         Current function value: 9.053791
         Iterations: 7
         Function evaluations: 50
         Gradient evaluations: 10
  40,  0.999715,  0.999906,  1.001155,  1.001155
  41,  0.999479,  0.999820,  1.001123,  1.001123
  42,  0.998131,  1.002790,  1.001066,  1.001066
  43,  0.998332,  1.002398,  1.001001,  1.001001
  44,  0.998332,  1.002398,  1.001000,  1.001000
  45,  0.998332,  1.002398,  1.001000,  1.001000
Optimization terminated successfully.
         Current function value: 1.389906
         Iterations: 6
         Function evaluations: 50
         Gradient evaluations: 10
  46,  0.995357,  0.997951,  0.999659,  0.999659
  47,  0.990711,  0.995898,  1.004284,  1.004284
  48,  0.987996,  1.001837,  1.004365,  1.004365
  49,  0.988585,  1.001830,  1.004042,  1.004042
  50,  0.989218,  1.001859,  1.003686,  1.003686
  51,  0.989220,  1.001852,  1.003687,  1.003687
  52,  0.989220,  1.001852,  1.003687,  1.003687
Optimization terminated successfully.
         Current function value: 9.053761
         Iterations: 7
         Function evaluations: 50
         Gradient evaluations: 10
  53,  0.999715,  0.999906,  1.001155,  1.001155
  54,  0.999479,  0.999820,  1.001123,  1.001123
  55,  0.998131,  1.002790,  1.001066,  1.001066
  56,  0.998332,  1.002398,  1.001001,  1.001001
  57,  0.998332,  1.002398,  1.001000,  1.001000
  58,  0.998332,  1.002398,  1.001000,  1.001000
Optimization terminated successfully.
         Current function value: 1.389903
         Iterations: 6
         Function evaluations: 50
         Gradient evaluations: 10
  59,  0.995357,  0.997951,  0.999659,  0.999659
  60,  0.990711,  0.995898,  1.004284,  1.004284
  61,  0.987996,  1.001837,  1.004365,  1.004365
  62,  0.988585,  1.001830,  1.004042,  1.004042
  63,  0.989218,  1.001859,  1.003686,  1.003686
  64,  0.989220,  1.001852,  1.003687,  1.003687
  65,  0.989221,  1.001852,  1.003687,  1.003687
  66,  0.989221,  1.001852,  1.003687,  1.003687
Optimization terminated successfully.
         Current function value: 9.053731
         Iterations: 8
         Function evaluations: 60
         Gradient evaluations: 12
  67,  0.999715,  0.999906,  1.001155,  1.001155
  68,  0.999479,  0.999820,  1.001123,  1.001123
  69,  0.998131,  1.002789,  1.001066,  1.001066
  70,  0.998332,  1.002398,  1.001000,  1.001000
  71,  0.998332,  1.002398,  1.001000,  1.001000
  72,  0.998332,  1.002398,  1.001000,  1.001000
Optimization terminated successfully.
         Current function value: 1.389901
         Iterations: 6
         Function evaluations: 50
         Gradient evaluations: 10
  73,  0.995357,  0.997951,  0.999659,  0.999659
  74,  0.990711,  0.995898,  1.004284,  1.004284
  75,  0.987996,  1.001837,  1.004365,  1.004365
  76,  0.988585,  1.001830,  1.004042,  1.004042
  77,  0.989218,  1.001859,  1.003686,  1.003686
  78,  0.989220,  1.001852,  1.003687,  1.003687
  79,  0.989221,  1.001852,  1.003687,  1.003687
Optimization terminated successfully.
         Current function value: 9.053702
         Iterations: 7
         Function evaluations: 50
         Gradient evaluations: 10
  80,  0.999715,  0.999906,  1.001155,  1.001155
  81,  0.999479,  0.999820,  1.001123,  1.001123
  82,  0.998131,  1.002789,  1.001066,  1.001066
  83,  0.998332,  1.002398,  1.001000,  1.001000
  84,  0.998332,  1.002398,  1.001000,  1.001000
  85,  0.998332,  1.002398,  1.001000,  1.001000
Optimization terminated successfully.
         Current function value: 1.389898
         Iterations: 6
         Function evaluations: 50
         Gradient evaluations: 10
  86,  0.995357,  0.997951,  0.999659,  0.999659
  87,  0.990711,  0.995898,  1.004284,  1.004284
  88,  0.987996,  1.001837,  1.004365,  1.004365
  89,  0.988585,  1.001830,  1.004042,  1.004042
  90,  0.989218,  1.001859,  1.003686,  1.003686
  91,  0.989220,  1.001852,  1.003687,  1.003687
  92,  0.989221,  1.001852,  1.003687,  1.003687
Optimization terminated successfully.
         Current function value: 9.053672
         Iterations: 7
         Function evaluations: 50
         Gradient evaluations: 10
