fisher1 and fisher2 are: 0.6527804191305351, 0
begin truth calculations
begin calculating d2chi
   1,  0.999871,  0.999971,  1.000915,  1.000915
   2,  0.999751,  0.999936,  1.000907,  1.000907
   3,  0.999394,  1.000723,  1.000892,  1.000892
   4,  0.998836,  1.001978,  1.000803,  1.000803
   5,  0.998717,  1.002247,  1.000784,  1.000784
   6,  0.998717,  1.002247,  1.000784,  1.000784
   7,  0.998717,  1.002247,  1.000784,  1.000784
Optimization terminated successfully.
         Current function value: 1.247992
         Iterations: 7
         Function evaluations: 55
         Gradient evaluations: 11
   8,  0.995832,  0.998162,  0.999706,  0.999706
   9,  0.991662,  0.996322,  1.003860,  1.003860
  10,  0.989216,  1.001672,  1.003933,  1.003933
  11,  0.989745,  1.001706,  1.003628,  1.003628
  12,  0.990278,  1.001769,  1.003314,  1.003314
  13,  0.990280,  1.001764,  1.003314,  1.003314
  14,  0.990280,  1.001764,  1.003314,  1.003314
Optimization terminated successfully.
         Current function value: 7.306870
         Iterations: 7
         Function evaluations: 50
         Gradient evaluations: 10
  15,  0.999871,  0.999971,  1.000915,  1.000915
  16,  0.999751,  0.999936,  1.000907,  1.000907
  17,  0.999394,  1.000723,  1.000892,  1.000892
  18,  0.998836,  1.001978,  1.000803,  1.000803
  19,  0.998717,  1.002247,  1.000784,  1.000784
  20,  0.998717,  1.002247,  1.000784,  1.000784
  21,  0.998717,  1.002247,  1.000784,  1.000784
  22,  0.998717,  1.002247,  1.000784,  1.000784
Optimization terminated successfully.
         Current function value: 1.247989
         Iterations: 8
         Function evaluations: 70
         Gradient evaluations: 14
  23,  0.995832,  0.998162,  0.999706,  0.999706
  24,  0.991662,  0.996322,  1.003860,  1.003860
  25,  0.989216,  1.001672,  1.003933,  1.003933
  26,  0.989745,  1.001706,  1.003628,  1.003628
  27,  0.990278,  1.001769,  1.003314,  1.003314
  28,  0.990280,  1.001764,  1.003314,  1.003314
  29,  0.990280,  1.001764,  1.003314,  1.003314
Optimization terminated successfully.
         Current function value: 7.306845
         Iterations: 7
         Function evaluations: 50
         Gradient evaluations: 10
  30,  0.999871,  0.999971,  1.000915,  1.000915
  31,  0.999751,  0.999936,  1.000907,  1.000907
  32,  0.999394,  1.000723,  1.000892,  1.000892
  33,  0.998836,  1.001978,  1.000803,  1.000803
  34,  0.998717,  1.002247,  1.000784,  1.000784
  35,  0.998717,  1.002247,  1.000784,  1.000784
  36,  0.998717,  1.002247,  1.000784,  1.000784
  37,  0.998717,  1.002247,  1.000784,  1.000784
Optimization terminated successfully.
         Current function value: 1.247987
         Iterations: 8
         Function evaluations: 70
         Gradient evaluations: 14
  38,  0.995832,  0.998162,  0.999706,  0.999706
  39,  0.991662,  0.996322,  1.003860,  1.003860
  40,  0.989216,  1.001672,  1.003933,  1.003933
  41,  0.989745,  1.001706,  1.003628,  1.003628
  42,  0.990278,  1.001769,  1.003314,  1.003314
  43,  0.990280,  1.001764,  1.003314,  1.003314
  44,  0.990280,  1.001764,  1.003314,  1.003314
Optimization terminated successfully.
         Current function value: 7.306819
         Iterations: 7
         Function evaluations: 50
         Gradient evaluations: 10
  45,  0.999871,  0.999971,  1.000915,  1.000915
  46,  0.999751,  0.999936,  1.000907,  1.000907
  47,  0.999394,  1.000723,  1.000892,  1.000892
  48,  0.998836,  1.001978,  1.000803,  1.000803
  49,  0.998717,  1.002247,  1.000784,  1.000784
  50,  0.998717,  1.002247,  1.000784,  1.000784
  51,  0.998717,  1.002247,  1.000784,  1.000784
  52,  0.998717,  1.002247,  1.000784,  1.000784
  53,  0.998717,  1.002247,  1.000784,  1.000784
Warning: Desired error not necessarily achieved due to precision loss.
         Current function value: 1.247985
         Iterations: 9
         Function evaluations: 261
         Gradient evaluations: 50
  54,  0.995832,  0.998162,  0.999706,  0.999706
  55,  0.991662,  0.996322,  1.003860,  1.003860
  56,  0.989216,  1.001672,  1.003933,  1.003933
  57,  0.989745,  1.001706,  1.003628,  1.003628
  58,  0.990278,  1.001769,  1.003314,  1.003314
  59,  0.990280,  1.001764,  1.003314,  1.003314
  60,  0.990280,  1.001764,  1.003314,  1.003314
Optimization terminated successfully.
         Current function value: 7.306793
         Iterations: 7
         Function evaluations: 50
         Gradient evaluations: 10
  61,  0.999871,  0.999971,  1.000915,  1.000915
  62,  0.999751,  0.999936,  1.000907,  1.000907
  63,  0.999394,  1.000723,  1.000892,  1.000892
  64,  0.998836,  1.001977,  1.000803,  1.000803
  65,  0.998717,  1.002247,  1.000784,  1.000784
  66,  0.998717,  1.002247,  1.000784,  1.000784
  67,  0.998717,  1.002247,  1.000784,  1.000784
  68,  0.998717,  1.002247,  1.000784,  1.000784
Optimization terminated successfully.
         Current function value: 1.247983
         Iterations: 8
         Function evaluations: 329
         Gradient evaluations: 65
  69,  0.995832,  0.998162,  0.999706,  0.999706
  70,  0.991662,  0.996322,  1.003860,  1.003860
  71,  0.989216,  1.001672,  1.003933,  1.003933
  72,  0.989745,  1.001706,  1.003628,  1.003628
  73,  0.990278,  1.001769,  1.003314,  1.003314
  74,  0.990280,  1.001764,  1.003314,  1.003314
  75,  0.990280,  1.001764,  1.003314,  1.003314
Optimization terminated successfully.
         Current function value: 7.306767
         Iterations: 7
         Function evaluations: 50
         Gradient evaluations: 10
  76,  0.999871,  0.999971,  1.000915,  1.000915
  77,  0.999751,  0.999936,  1.000907,  1.000907
  78,  0.999394,  1.000723,  1.000892,  1.000892
  79,  0.998836,  1.001977,  1.000803,  1.000803
  80,  0.998717,  1.002247,  1.000784,  1.000784
  81,  0.998717,  1.002247,  1.000784,  1.000784
  82,  0.998717,  1.002247,  1.000784,  1.000784
  83,  0.998717,  1.002247,  1.000784,  1.000784
  84,  0.998717,  1.002247,  1.000784,  1.000784
Optimization terminated successfully.
         Current function value: 1.247981
         Iterations: 9
         Function evaluations: 110
         Gradient evaluations: 22
  85,  0.995832,  0.998162,  0.999706,  0.999706
  86,  0.991662,  0.996322,  1.003860,  1.003860
  87,  0.989216,  1.001672,  1.003933,  1.003933
  88,  0.989745,  1.001706,  1.003628,  1.003628
  89,  0.990278,  1.001769,  1.003314,  1.003314
  90,  0.990280,  1.001764,  1.003314,  1.003314
  91,  0.990280,  1.001764,  1.003314,  1.003314
  92,  0.990280,  1.001764,  1.003314,  1.003314
Optimization terminated successfully.
         Current function value: 7.306741
         Iterations: 8
         Function evaluations: 60
         Gradient evaluations: 12
  93,  0.999871,  0.999971,  1.000915,  1.000915
  94,  0.999751,  0.999936,  1.000907,  1.000907
  95,  0.999394,  1.000723,  1.000892,  1.000892
  96,  0.998836,  1.001977,  1.000803,  1.000803
  97,  0.998717,  1.002247,  1.000784,  1.000784
  98,  0.998717,  1.002247,  1.000784,  1.000784
  99,  0.998717,  1.002247,  1.000784,  1.000784
 100,  0.998717,  1.002247,  1.000784,  1.000784
 101,  0.998717,  1.002247,  1.000784,  1.000784
Warning: Desired error not necessarily achieved due to precision loss.
         Current function value: 1.247979
         Iterations: 9
         Function evaluations: 545
         Gradient evaluations: 107
 102,  0.995832,  0.998162,  0.999706,  0.999706
 103,  0.991662,  0.996322,  1.003860,  1.003860
 104,  0.989216,  1.001672,  1.003933,  1.003933
 105,  0.989745,  1.001706,  1.003628,  1.003628
 106,  0.990278,  1.001769,  1.003314,  1.003314
 107,  0.990280,  1.001764,  1.003314,  1.003314
 108,  0.990280,  1.001764,  1.003314,  1.003314
 109,  0.990280,  1.001764,  1.003314,  1.003314
Optimization terminated successfully.
         Current function value: 7.306716
         Iterations: 8
         Function evaluations: 60
         Gradient evaluations: 12
