fisher1 and fisher2 are: 0.6307892705554063, 0
begin truth calculations
begin calculating d2chi
   1,  0.999252,  0.999714,  1.001901,  1.001901
   2,  0.998721,  0.999498,  1.001778,  1.001778
   3,  0.997230,  1.002783,  1.001715,  1.001715
   4,  0.997281,  1.002809,  1.001588,  1.001588
   5,  0.997279,  1.002813,  1.001587,  1.001587
   6,  0.997279,  1.002813,  1.001587,  1.001587
   7,  0.997279,  1.002813,  1.001587,  1.001587
   8,  0.997279,  1.002813,  1.001587,  1.001587
Warning: Desired error not necessarily achieved due to precision loss.
         Current function value: 1.873852
         Iterations: 8
         Function evaluations: 397
         Gradient evaluations: 77
   9,  0.994073,  0.997380,  0.999537,  0.999537
  10,  0.988142,  0.994752,  1.005445,  1.005445
  11,  0.984513,  1.002691,  1.005552,  1.005552
  12,  0.985277,  1.002417,  1.005204,  1.005204
  13,  0.986386,  1.002067,  1.004688,  1.004688
  14,  0.986394,  1.002046,  1.004688,  1.004688
  15,  0.986395,  1.002045,  1.004688,  1.004688
  16,  0.986395,  1.002045,  1.004688,  1.004688
Optimization terminated successfully.
         Current function value: 14.628007
         Iterations: 8
         Function evaluations: 55
         Gradient evaluations: 11
  17,  0.999252,  0.999714,  1.001901,  1.001901
  18,  0.998721,  0.999498,  1.001778,  1.001778
  19,  0.997230,  1.002783,  1.001715,  1.001715
  20,  0.997281,  1.002809,  1.001588,  1.001588
  21,  0.997279,  1.002813,  1.001587,  1.001587
  22,  0.997279,  1.002813,  1.001587,  1.001587
  23,  0.997279,  1.002813,  1.001587,  1.001587
  24,  0.997279,  1.002813,  1.001587,  1.001587
  25,  0.997279,  1.002813,  1.001587,  1.001587
  26,  0.997279,  1.002813,  1.001587,  1.001587
Warning: Maximum number of iterations has been exceeded.
         Current function value: 1.873848
         Iterations: 10
         Function evaluations: 165
         Gradient evaluations: 33
  27,  0.994073,  0.997380,  0.999537,  0.999537
  28,  0.988142,  0.994752,  1.005445,  1.005445
  29,  0.984513,  1.002691,  1.005552,  1.005552
  30,  0.985277,  1.002417,  1.005204,  1.005204
  31,  0.986386,  1.002067,  1.004688,  1.004688
  32,  0.986394,  1.002046,  1.004688,  1.004688
  33,  0.986395,  1.002045,  1.004688,  1.004688
  34,  0.986395,  1.002045,  1.004688,  1.004688
  35,  0.986395,  1.002045,  1.004688,  1.004688
  36,  0.986395,  1.002045,  1.004688,  1.004688
Warning: Maximum number of iterations has been exceeded.
         Current function value: 14.627965
         Iterations: 10
         Function evaluations: 70
         Gradient evaluations: 14
  37,  0.999252,  0.999714,  1.001901,  1.001901
  38,  0.998721,  0.999498,  1.001778,  1.001778
  39,  0.997230,  1.002783,  1.001715,  1.001715
  40,  0.997281,  1.002809,  1.001588,  1.001588
  41,  0.997279,  1.002813,  1.001587,  1.001587
  42,  0.997279,  1.002813,  1.001587,  1.001587
  43,  0.997279,  1.002813,  1.001587,  1.001587
  44,  0.997279,  1.002813,  1.001587,  1.001587
  45,  0.997279,  1.002813,  1.001587,  1.001587
Warning: Desired error not necessarily achieved due to precision loss.
         Current function value: 1.873844
         Iterations: 9
         Function evaluations: 116
         Gradient evaluations: 23
  46,  0.994073,  0.997380,  0.999537,  0.999537
  47,  0.988142,  0.994752,  1.005445,  1.005445
  48,  0.984513,  1.002691,  1.005552,  1.005552
  49,  0.985277,  1.002417,  1.005204,  1.005204
  50,  0.986386,  1.002067,  1.004688,  1.004688
  51,  0.986394,  1.002046,  1.004688,  1.004688
  52,  0.986395,  1.002045,  1.004688,  1.004688
  53,  0.986395,  1.002045,  1.004688,  1.004688
  54,  0.986395,  1.002045,  1.004688,  1.004688
  55,  0.986395,  1.002045,  1.004688,  1.004688
Warning: Maximum number of iterations has been exceeded.
         Current function value: 14.627924
         Iterations: 10
         Function evaluations: 105
         Gradient evaluations: 21
  56,  0.999252,  0.999714,  1.001901,  1.001901
  57,  0.998721,  0.999498,  1.001778,  1.001778
  58,  0.997230,  1.002783,  1.001715,  1.001715
  59,  0.997281,  1.002809,  1.001588,  1.001588
  60,  0.997279,  1.002813,  1.001587,  1.001587
  61,  0.997279,  1.002813,  1.001587,  1.001587
Optimization terminated successfully.
         Current function value: 1.873840
         Iterations: 6
         Function evaluations: 55
         Gradient evaluations: 11
  62,  0.994073,  0.997380,  0.999537,  0.999537
  63,  0.988142,  0.994752,  1.005445,  1.005445
  64,  0.984513,  1.002691,  1.005552,  1.005552
  65,  0.985277,  1.002417,  1.005204,  1.005204
  66,  0.986386,  1.002067,  1.004688,  1.004688
  67,  0.986394,  1.002046,  1.004688,  1.004688
  68,  0.986395,  1.002045,  1.004688,  1.004688
  69,  0.986395,  1.002045,  1.004688,  1.004688
Optimization terminated successfully.
         Current function value: 14.627882
         Iterations: 8
         Function evaluations: 55
         Gradient evaluations: 11
  70,  0.999252,  0.999714,  1.001901,  1.001901
  71,  0.998721,  0.999498,  1.001778,  1.001778
  72,  0.997230,  1.002783,  1.001715,  1.001715
  73,  0.997281,  1.002809,  1.001588,  1.001588
  74,  0.997279,  1.002813,  1.001587,  1.001587
  75,  0.997279,  1.002813,  1.001587,  1.001587
Optimization terminated successfully.
         Current function value: 1.873837
         Iterations: 6
         Function evaluations: 55
         Gradient evaluations: 11
  76,  0.994073,  0.997380,  0.999537,  0.999537
  77,  0.988142,  0.994752,  1.005445,  1.005445
  78,  0.984513,  1.002691,  1.005552,  1.005552
  79,  0.985277,  1.002417,  1.005204,  1.005204
  80,  0.986386,  1.002067,  1.004688,  1.004688
  81,  0.986394,  1.002046,  1.004688,  1.004688
  82,  0.986395,  1.002045,  1.004688,  1.004688
  83,  0.986395,  1.002045,  1.004688,  1.004688
Optimization terminated successfully.
         Current function value: 14.627841
         Iterations: 8
         Function evaluations: 55
         Gradient evaluations: 11
  84,  0.999252,  0.999714,  1.001901,  1.001901
  85,  0.998721,  0.999498,  1.001778,  1.001778
  86,  0.997230,  1.002783,  1.001715,  1.001715
  87,  0.997281,  1.002809,  1.001588,  1.001588
  88,  0.997279,  1.002813,  1.001587,  1.001587
  89,  0.997279,  1.002813,  1.001587,  1.001587
Optimization terminated successfully.
         Current function value: 1.873833
         Iterations: 6
         Function evaluations: 55
         Gradient evaluations: 11
  90,  0.994073,  0.997380,  0.999537,  0.999537
  91,  0.988142,  0.994752,  1.005445,  1.005445
  92,  0.984513,  1.002691,  1.005552,  1.005552
  93,  0.985277,  1.002417,  1.005204,  1.005204
  94,  0.986386,  1.002067,  1.004688,  1.004688
  95,  0.986394,  1.002046,  1.004688,  1.004688
  96,  0.986395,  1.002045,  1.004688,  1.004688
  97,  0.986395,  1.002045,  1.004688,  1.004688
  98,  0.986395,  1.002045,  1.004688,  1.004688
  99,  0.986395,  1.002045,  1.004688,  1.004688
Warning: Maximum number of iterations has been exceeded.
         Current function value: 14.627799
         Iterations: 10
         Function evaluations: 75
         Gradient evaluations: 15
 100,  0.999252,  0.999714,  1.001901,  1.001901
 101,  0.998721,  0.999498,  1.001778,  1.001778
 102,  0.997230,  1.002783,  1.001715,  1.001715
 103,  0.997281,  1.002809,  1.001588,  1.001588
 104,  0.997279,  1.002813,  1.001587,  1.001587
 105,  0.997279,  1.002813,  1.001587,  1.001587
Optimization terminated successfully.
         Current function value: 1.873829
         Iterations: 6
         Function evaluations: 55
         Gradient evaluations: 11
 106,  0.994073,  0.997380,  0.999537,  0.999537
 107,  0.988142,  0.994752,  1.005445,  1.005445
 108,  0.984513,  1.002691,  1.005552,  1.005552
 109,  0.985277,  1.002417,  1.005204,  1.005204
 110,  0.986386,  1.002067,  1.004688,  1.004688
 111,  0.986395,  1.002046,  1.004688,  1.004688
 112,  0.986395,  1.002045,  1.004688,  1.004688
 113,  0.986395,  1.002045,  1.004688,  1.004688
 114,  0.986395,  1.002045,  1.004688,  1.004688
Optimization terminated successfully.
         Current function value: 14.627758
         Iterations: 9
         Function evaluations: 65
         Gradient evaluations: 13
