fisher1 and fisher2 are: 0.7156122722023315, 0
begin truth calculations
begin calculating d2chi
   1,  1.001132,  1.000499,  0.999019,  0.999019
   2,  1.001512,  1.000681,  0.999305,  0.999305
   3,  1.001310,  1.001126,  0.999297,  0.999297
   4,  1.001347,  1.001131,  0.999269,  0.999269
   5,  1.001421,  1.001142,  0.999214,  0.999214
   6,  1.001421,  1.001141,  0.999214,  0.999214
Optimization terminated successfully.
         Current function value: 0.757782
         Iterations: 6
         Function evaluations: 60
         Gradient evaluations: 12
   7,  0.999273,  0.999688,  1.000112,  1.000112
   8,  0.999011,  0.999581,  1.000469,  1.000469
   9,  0.998475,  1.000753,  1.000485,  1.000485
  10,  0.998505,  1.000766,  1.000480,  1.000480
  11,  0.998505,  1.000767,  1.000480,  1.000480
Optimization terminated successfully.
         Current function value: 0.192360
         Iterations: 5
         Function evaluations: 45
         Gradient evaluations: 9
  12,  1.001132,  1.000499,  0.999019,  0.999019
  13,  1.001512,  1.000681,  0.999305,  0.999305
  14,  1.001310,  1.001126,  0.999297,  0.999297
  15,  1.001347,  1.001131,  0.999269,  0.999269
  16,  1.001421,  1.001142,  0.999214,  0.999214
  17,  1.001421,  1.001141,  0.999214,  0.999214
Optimization terminated successfully.
         Current function value: 0.757782
         Iterations: 6
         Function evaluations: 60
         Gradient evaluations: 12
  18,  0.999273,  0.999688,  1.000112,  1.000112
  19,  0.999011,  0.999581,  1.000469,  1.000469
  20,  0.998475,  1.000753,  1.000485,  1.000485
  21,  0.998505,  1.000766,  1.000480,  1.000480
  22,  0.998505,  1.000767,  1.000480,  1.000480
Optimization terminated successfully.
         Current function value: 0.192359
         Iterations: 5
         Function evaluations: 45
         Gradient evaluations: 9
  23,  1.001132,  1.000499,  0.999019,  0.999019
  24,  1.001512,  1.000681,  0.999305,  0.999305
  25,  1.001310,  1.001126,  0.999297,  0.999297
  26,  1.001347,  1.001131,  0.999269,  0.999269
  27,  1.001421,  1.001142,  0.999214,  0.999214
  28,  1.001421,  1.001141,  0.999214,  0.999214
Optimization terminated successfully.
         Current function value: 0.757782
         Iterations: 6
         Function evaluations: 60
         Gradient evaluations: 12
  29,  0.999273,  0.999688,  1.000112,  1.000112
  30,  0.999011,  0.999581,  1.000469,  1.000469
  31,  0.998475,  1.000753,  1.000485,  1.000485
  32,  0.998505,  1.000766,  1.000480,  1.000480
  33,  0.998505,  1.000767,  1.000480,  1.000480
Optimization terminated successfully.
         Current function value: 0.192357
         Iterations: 5
         Function evaluations: 45
         Gradient evaluations: 9
  34,  1.001132,  1.000499,  0.999019,  0.999019
  35,  1.001512,  1.000681,  0.999305,  0.999305
  36,  1.001310,  1.001126,  0.999297,  0.999297
  37,  1.001347,  1.001131,  0.999269,  0.999269
  38,  1.001421,  1.001142,  0.999214,  0.999214
  39,  1.001421,  1.001141,  0.999214,  0.999214
Optimization terminated successfully.
         Current function value: 0.757781
         Iterations: 6
         Function evaluations: 60
         Gradient evaluations: 12
  40,  0.999273,  0.999688,  1.000112,  1.000112
  41,  0.999011,  0.999581,  1.000469,  1.000469
  42,  0.998475,  1.000753,  1.000485,  1.000485
  43,  0.998505,  1.000766,  1.000480,  1.000480
  44,  0.998505,  1.000767,  1.000480,  1.000480
Optimization terminated successfully.
         Current function value: 0.192356
         Iterations: 5
         Function evaluations: 45
         Gradient evaluations: 9
  45,  1.001132,  1.000499,  0.999019,  0.999019
  46,  1.001512,  1.000681,  0.999305,  0.999305
  47,  1.001310,  1.001126,  0.999297,  0.999297
  48,  1.001347,  1.001131,  0.999269,  0.999269
  49,  1.001421,  1.001142,  0.999214,  0.999214
  50,  1.001421,  1.001141,  0.999214,  0.999214
Optimization terminated successfully.
         Current function value: 0.757781
         Iterations: 6
         Function evaluations: 60
         Gradient evaluations: 12
  51,  0.999273,  0.999688,  1.000112,  1.000112
  52,  0.999011,  0.999581,  1.000469,  1.000469
  53,  0.998475,  1.000753,  1.000485,  1.000485
  54,  0.998505,  1.000766,  1.000480,  1.000480
  55,  0.998505,  1.000767,  1.000480,  1.000480
Optimization terminated successfully.
         Current function value: 0.192354
         Iterations: 5
         Function evaluations: 45
         Gradient evaluations: 9
  56,  1.001132,  1.000499,  0.999019,  0.999019
  57,  1.001512,  1.000681,  0.999305,  0.999305
  58,  1.001310,  1.001126,  0.999297,  0.999297
  59,  1.001347,  1.001131,  0.999269,  0.999269
  60,  1.001421,  1.001142,  0.999214,  0.999214
  61,  1.001421,  1.001141,  0.999214,  0.999214
Optimization terminated successfully.
         Current function value: 0.757781
         Iterations: 6
         Function evaluations: 60
         Gradient evaluations: 12
  62,  0.999273,  0.999688,  1.000112,  1.000112
  63,  0.999011,  0.999581,  1.000469,  1.000469
  64,  0.998475,  1.000753,  1.000485,  1.000485
  65,  0.998505,  1.000766,  1.000480,  1.000480
  66,  0.998505,  1.000767,  1.000480,  1.000480
Optimization terminated successfully.
         Current function value: 0.192352
         Iterations: 5
         Function evaluations: 45
         Gradient evaluations: 9
  67,  1.001132,  1.000499,  0.999019,  0.999019
  68,  1.001512,  1.000681,  0.999305,  0.999305
  69,  1.001310,  1.001126,  0.999297,  0.999297
  70,  1.001347,  1.001131,  0.999269,  0.999269
  71,  1.001421,  1.001142,  0.999214,  0.999214
  72,  1.001421,  1.001141,  0.999214,  0.999214
Optimization terminated successfully.
         Current function value: 0.757781
         Iterations: 6
         Function evaluations: 60
         Gradient evaluations: 12
  73,  0.999273,  0.999688,  1.000112,  1.000112
  74,  0.999011,  0.999581,  1.000469,  1.000469
  75,  0.998475,  1.000753,  1.000485,  1.000485
  76,  0.998505,  1.000766,  1.000480,  1.000480
  77,  0.998505,  1.000767,  1.000480,  1.000480
Optimization terminated successfully.
         Current function value: 0.192351
         Iterations: 5
         Function evaluations: 45
         Gradient evaluations: 9
