fisher1 and fisher2 are: 0.7093290868951518, 0
begin truth calculations
begin calculating d2chi
   1,  1.001081,  1.000479,  0.999135,  0.999135
   2,  1.001405,  1.000636,  0.999401,  0.999401
   3,  1.001148,  1.001200,  0.999390,  0.999390
   4,  1.001162,  1.001204,  0.999380,  0.999380
   5,  1.001193,  1.001212,  0.999357,  0.999357
   6,  1.001245,  1.001225,  0.999320,  0.999320
   7,  1.001245,  1.001225,  0.999320,  0.999320
Optimization terminated successfully.
         Current function value: 0.767678
         Iterations: 7
         Function evaluations: 60
         Gradient evaluations: 12
   8,  0.999085,  0.999604,  1.000057,  1.000057
   9,  0.998214,  0.999235,  1.001066,  1.001066
  10,  0.997532,  1.000727,  1.001086,  1.001086
  11,  0.997580,  1.000746,  1.001031,  1.001031
  12,  0.997686,  1.000787,  1.000913,  1.000913
  13,  0.997884,  1.000866,  1.000690,  1.000690
  14,  0.997883,  1.000866,  1.000690,  1.000690
  15,  0.997883,  1.000866,  1.000690,  1.000690
Optimization terminated successfully.
         Current function value: 0.329820
         Iterations: 8
         Function evaluations: 55
         Gradient evaluations: 11
  16,  1.001081,  1.000479,  0.999135,  0.999135
  17,  1.001405,  1.000636,  0.999401,  0.999401
  18,  1.001148,  1.001200,  0.999390,  0.999390
  19,  1.001162,  1.001204,  0.999380,  0.999380
  20,  1.001193,  1.001212,  0.999357,  0.999357
  21,  1.001245,  1.001225,  0.999320,  0.999320
  22,  1.001245,  1.001225,  0.999320,  0.999320
Optimization terminated successfully.
         Current function value: 0.767678
         Iterations: 7
         Function evaluations: 60
         Gradient evaluations: 12
  23,  0.999085,  0.999604,  1.000057,  1.000057
  24,  0.998214,  0.999235,  1.001066,  1.001066
  25,  0.997532,  1.000727,  1.001086,  1.001086
  26,  0.997580,  1.000746,  1.001031,  1.001031
  27,  0.997686,  1.000787,  1.000913,  1.000913
  28,  0.997884,  1.000866,  1.000690,  1.000690
  29,  0.997883,  1.000866,  1.000690,  1.000690
  30,  0.997883,  1.000866,  1.000690,  1.000690
Optimization terminated successfully.
         Current function value: 0.329817
         Iterations: 8
         Function evaluations: 55
         Gradient evaluations: 11
  31,  1.001081,  1.000479,  0.999135,  0.999135
  32,  1.001405,  1.000636,  0.999401,  0.999401
  33,  1.001148,  1.001200,  0.999390,  0.999390
  34,  1.001162,  1.001204,  0.999380,  0.999380
  35,  1.001193,  1.001212,  0.999357,  0.999357
  36,  1.001245,  1.001225,  0.999320,  0.999320
  37,  1.001245,  1.001225,  0.999320,  0.999320
Optimization terminated successfully.
         Current function value: 0.767678
         Iterations: 7
         Function evaluations: 60
         Gradient evaluations: 12
  38,  0.999085,  0.999604,  1.000057,  1.000057
  39,  0.998214,  0.999235,  1.001066,  1.001066
  40,  0.997532,  1.000727,  1.001086,  1.001086
  41,  0.997580,  1.000746,  1.001031,  1.001031
  42,  0.997686,  1.000787,  1.000913,  1.000913
  43,  0.997884,  1.000866,  1.000690,  1.000690
  44,  0.997883,  1.000866,  1.000690,  1.000690
  45,  0.997883,  1.000866,  1.000690,  1.000690
Optimization terminated successfully.
         Current function value: 0.329814
         Iterations: 8
         Function evaluations: 55
         Gradient evaluations: 11
  46,  1.001081,  1.000479,  0.999135,  0.999135
  47,  1.001405,  1.000636,  0.999401,  0.999401
  48,  1.001148,  1.001200,  0.999390,  0.999390
  49,  1.001162,  1.001204,  0.999380,  0.999380
  50,  1.001193,  1.001212,  0.999357,  0.999357
  51,  1.001245,  1.001225,  0.999320,  0.999320
  52,  1.001245,  1.001225,  0.999320,  0.999320
Optimization terminated successfully.
         Current function value: 0.767677
         Iterations: 7
         Function evaluations: 60
         Gradient evaluations: 12
  53,  0.999085,  0.999604,  1.000057,  1.000057
  54,  0.998214,  0.999235,  1.001066,  1.001066
  55,  0.997532,  1.000727,  1.001086,  1.001086
  56,  0.997580,  1.000746,  1.001031,  1.001031
  57,  0.997686,  1.000787,  1.000913,  1.000913
  58,  0.997884,  1.000866,  1.000690,  1.000690
  59,  0.997883,  1.000866,  1.000690,  1.000690
  60,  0.997883,  1.000866,  1.000690,  1.000690
Optimization terminated successfully.
         Current function value: 0.329811
         Iterations: 8
         Function evaluations: 55
         Gradient evaluations: 11
  61,  1.001081,  1.000479,  0.999135,  0.999135
  62,  1.001405,  1.000636,  0.999401,  0.999401
  63,  1.001148,  1.001200,  0.999390,  0.999390
  64,  1.001162,  1.001204,  0.999380,  0.999380
  65,  1.001193,  1.001212,  0.999357,  0.999357
  66,  1.001245,  1.001225,  0.999320,  0.999320
  67,  1.001245,  1.001225,  0.999320,  0.999320
Optimization terminated successfully.
         Current function value: 0.767677
         Iterations: 7
         Function evaluations: 60
         Gradient evaluations: 12
  68,  0.999085,  0.999604,  1.000057,  1.000057
  69,  0.998214,  0.999235,  1.001066,  1.001066
  70,  0.997532,  1.000727,  1.001086,  1.001086
  71,  0.997581,  1.000746,  1.001031,  1.001031
  72,  0.997686,  1.000787,  1.000913,  1.000913
  73,  0.997884,  1.000866,  1.000690,  1.000690
  74,  0.997883,  1.000866,  1.000690,  1.000690
  75,  0.997883,  1.000866,  1.000690,  1.000690
Optimization terminated successfully.
         Current function value: 0.329808
         Iterations: 8
         Function evaluations: 55
         Gradient evaluations: 11
  76,  1.001081,  1.000479,  0.999135,  0.999135
  77,  1.001405,  1.000636,  0.999401,  0.999401
  78,  1.001148,  1.001200,  0.999390,  0.999390
  79,  1.001162,  1.001204,  0.999380,  0.999380
  80,  1.001193,  1.001212,  0.999357,  0.999357
  81,  1.001245,  1.001225,  0.999320,  0.999320
  82,  1.001245,  1.001225,  0.999320,  0.999320
Optimization terminated successfully.
         Current function value: 0.767677
         Iterations: 7
         Function evaluations: 60
         Gradient evaluations: 12
  83,  0.999085,  0.999604,  1.000057,  1.000057
  84,  0.998214,  0.999235,  1.001066,  1.001066
  85,  0.997532,  1.000727,  1.001086,  1.001086
  86,  0.997581,  1.000746,  1.001031,  1.001031
  87,  0.997686,  1.000787,  1.000913,  1.000913
  88,  0.997884,  1.000866,  1.000690,  1.000690
  89,  0.997883,  1.000866,  1.000690,  1.000690
  90,  0.997883,  1.000866,  1.000690,  1.000690
Optimization terminated successfully.
         Current function value: 0.329806
         Iterations: 8
         Function evaluations: 55
         Gradient evaluations: 11
  91,  1.001081,  1.000479,  0.999135,  0.999135
  92,  1.001405,  1.000636,  0.999401,  0.999401
  93,  1.001148,  1.001200,  0.999390,  0.999390
  94,  1.001162,  1.001204,  0.999380,  0.999380
  95,  1.001193,  1.001212,  0.999357,  0.999357
  96,  1.001245,  1.001225,  0.999320,  0.999320
  97,  1.001245,  1.001225,  0.999320,  0.999320
  98,  1.001245,  1.001225,  0.999320,  0.999320
Optimization terminated successfully.
         Current function value: 0.767677
         Iterations: 8
         Function evaluations: 65
         Gradient evaluations: 13
  99,  0.999085,  0.999604,  1.000057,  1.000057
 100,  0.998214,  0.999235,  1.001066,  1.001066
 101,  0.997532,  1.000727,  1.001086,  1.001086
 102,  0.997581,  1.000746,  1.001031,  1.001031
 103,  0.997686,  1.000787,  1.000913,  1.000913
 104,  0.997884,  1.000866,  1.000690,  1.000690
 105,  0.997883,  1.000866,  1.000690,  1.000690
 106,  0.997883,  1.000866,  1.000690,  1.000690
Optimization terminated successfully.
         Current function value: 0.329803
         Iterations: 8
         Function evaluations: 55
         Gradient evaluations: 11
