fisher1 and fisher2 are: 0.8130016444636159, 0
begin truth calculations
begin calculating d2chi
   1,  1.000851,  1.000367,  0.998975,  0.998975
   2,  1.001270,  1.000560,  0.999196,  0.999196
   3,  1.001419,  1.000233,  0.999202,  0.999202
   4,  1.001440,  1.000238,  0.999180,  0.999180
   5,  1.001489,  1.000250,  0.999126,  0.999126
   6,  1.001496,  1.000251,  0.999119,  0.999119
   7,  1.001496,  1.000251,  0.999119,  0.999119
Optimization terminated successfully.
         Current function value: 0.251731
         Iterations: 7
         Function evaluations: 65
         Gradient evaluations: 13
   8,  1.000958,  1.000425,  1.000164,  1.000164
   9,  1.001802,  1.000802,  0.999409,  0.999409
  10,  1.002210,  0.999911,  0.999397,  0.999397
  11,  1.002190,  0.999901,  0.999380,  0.999380
  12,  1.002147,  0.999881,  0.999344,  0.999344
  13,  1.002091,  0.999855,  0.999296,  0.999296
  14,  1.002091,  0.999854,  0.999296,  0.999296
Optimization terminated successfully.
         Current function value: 0.488816
         Iterations: 7
         Function evaluations: 50
         Gradient evaluations: 10
  15,  1.000851,  1.000367,  0.998975,  0.998975
  16,  1.001270,  1.000560,  0.999196,  0.999196
  17,  1.001419,  1.000233,  0.999202,  0.999202
  18,  1.001440,  1.000238,  0.999180,  0.999180
  19,  1.001489,  1.000250,  0.999126,  0.999126
  20,  1.001496,  1.000251,  0.999119,  0.999119
  21,  1.001496,  1.000251,  0.999119,  0.999119
Optimization terminated successfully.
         Current function value: 0.251731
         Iterations: 7
         Function evaluations: 65
         Gradient evaluations: 13
  22,  1.000958,  1.000425,  1.000164,  1.000164
  23,  1.001802,  1.000802,  0.999409,  0.999409
  24,  1.002210,  0.999911,  0.999397,  0.999397
  25,  1.002190,  0.999901,  0.999380,  0.999380
  26,  1.002147,  0.999881,  0.999344,  0.999344
  27,  1.002091,  0.999855,  0.999296,  0.999296
  28,  1.002091,  0.999854,  0.999296,  0.999296
Optimization terminated successfully.
         Current function value: 0.488815
         Iterations: 7
         Function evaluations: 50
         Gradient evaluations: 10
  29,  1.000851,  1.000367,  0.998975,  0.998975
  30,  1.001270,  1.000560,  0.999196,  0.999196
  31,  1.001419,  1.000233,  0.999202,  0.999202
  32,  1.001440,  1.000238,  0.999180,  0.999180
  33,  1.001489,  1.000250,  0.999126,  0.999126
  34,  1.001496,  1.000251,  0.999119,  0.999119
  35,  1.001496,  1.000251,  0.999119,  0.999119
Optimization terminated successfully.
         Current function value: 0.251730
         Iterations: 7
         Function evaluations: 65
         Gradient evaluations: 13
  36,  1.000958,  1.000425,  1.000164,  1.000164
  37,  1.001802,  1.000802,  0.999409,  0.999409
  38,  1.002210,  0.999911,  0.999397,  0.999397
  39,  1.002190,  0.999901,  0.999380,  0.999380
  40,  1.002147,  0.999881,  0.999344,  0.999344
  41,  1.002091,  0.999855,  0.999296,  0.999296
  42,  1.002091,  0.999854,  0.999296,  0.999296
Optimization terminated successfully.
         Current function value: 0.488814
         Iterations: 7
         Function evaluations: 50
         Gradient evaluations: 10
  43,  1.000851,  1.000367,  0.998975,  0.998975
  44,  1.001270,  1.000560,  0.999196,  0.999196
  45,  1.001419,  1.000233,  0.999202,  0.999202
  46,  1.001440,  1.000238,  0.999180,  0.999180
  47,  1.001489,  1.000250,  0.999126,  0.999126
  48,  1.001496,  1.000251,  0.999119,  0.999119
  49,  1.001496,  1.000251,  0.999119,  0.999119
Optimization terminated successfully.
         Current function value: 0.251729
         Iterations: 7
         Function evaluations: 65
         Gradient evaluations: 13
  50,  1.000958,  1.000425,  1.000164,  1.000164
  51,  1.001802,  1.000802,  0.999409,  0.999409
  52,  1.002210,  0.999911,  0.999397,  0.999397
  53,  1.002190,  0.999901,  0.999380,  0.999380
  54,  1.002147,  0.999881,  0.999344,  0.999344
  55,  1.002091,  0.999855,  0.999296,  0.999296
  56,  1.002091,  0.999854,  0.999296,  0.999296
Optimization terminated successfully.
         Current function value: 0.488813
         Iterations: 7
         Function evaluations: 50
         Gradient evaluations: 10
  57,  1.000851,  1.000367,  0.998975,  0.998975
  58,  1.001270,  1.000560,  0.999196,  0.999196
  59,  1.001419,  1.000233,  0.999202,  0.999202
  60,  1.001440,  1.000238,  0.999180,  0.999180
  61,  1.001489,  1.000250,  0.999126,  0.999126
  62,  1.001496,  1.000251,  0.999119,  0.999119
  63,  1.001496,  1.000251,  0.999119,  0.999119
Optimization terminated successfully.
         Current function value: 0.251728
         Iterations: 7
         Function evaluations: 65
         Gradient evaluations: 13
  64,  1.000958,  1.000425,  1.000164,  1.000164
  65,  1.001802,  1.000802,  0.999409,  0.999409
  66,  1.002210,  0.999911,  0.999397,  0.999397
  67,  1.002190,  0.999901,  0.999380,  0.999380
  68,  1.002147,  0.999881,  0.999344,  0.999344
  69,  1.002091,  0.999855,  0.999296,  0.999296
  70,  1.002091,  0.999854,  0.999296,  0.999296
Optimization terminated successfully.
         Current function value: 0.488811
         Iterations: 7
         Function evaluations: 50
         Gradient evaluations: 10
  71,  1.000851,  1.000367,  0.998975,  0.998975
  72,  1.001270,  1.000560,  0.999196,  0.999196
  73,  1.001419,  1.000233,  0.999202,  0.999202
  74,  1.001440,  1.000238,  0.999180,  0.999180
  75,  1.001489,  1.000250,  0.999126,  0.999126
  76,  1.001496,  1.000251,  0.999119,  0.999119
  77,  1.001496,  1.000251,  0.999119,  0.999119
Optimization terminated successfully.
         Current function value: 0.251727
         Iterations: 7
         Function evaluations: 65
         Gradient evaluations: 13
  78,  1.000958,  1.000425,  1.000164,  1.000164
  79,  1.001802,  1.000802,  0.999409,  0.999409
  80,  1.002210,  0.999911,  0.999397,  0.999397
  81,  1.002190,  0.999901,  0.999380,  0.999380
  82,  1.002147,  0.999881,  0.999344,  0.999344
  83,  1.002091,  0.999855,  0.999296,  0.999296
  84,  1.002091,  0.999854,  0.999296,  0.999296
Optimization terminated successfully.
         Current function value: 0.488810
         Iterations: 7
         Function evaluations: 50
         Gradient evaluations: 10
  85,  1.000851,  1.000367,  0.998975,  0.998975
  86,  1.001270,  1.000560,  0.999196,  0.999196
  87,  1.001419,  1.000233,  0.999202,  0.999202
  88,  1.001440,  1.000238,  0.999180,  0.999180
  89,  1.001489,  1.000250,  0.999126,  0.999126
  90,  1.001496,  1.000251,  0.999119,  0.999119
  91,  1.001496,  1.000251,  0.999119,  0.999119
Optimization terminated successfully.
         Current function value: 0.251726
         Iterations: 7
         Function evaluations: 65
         Gradient evaluations: 13
  92,  1.000958,  1.000425,  1.000164,  1.000164
  93,  1.001802,  1.000802,  0.999409,  0.999409
  94,  1.002210,  0.999911,  0.999397,  0.999397
  95,  1.002190,  0.999901,  0.999380,  0.999380
  96,  1.002147,  0.999881,  0.999344,  0.999344
  97,  1.002091,  0.999855,  0.999296,  0.999296
  98,  1.002091,  0.999854,  0.999296,  0.999296
Optimization terminated successfully.
         Current function value: 0.488809
         Iterations: 7
         Function evaluations: 50
         Gradient evaluations: 10
