fisher1 and fisher2 are: 0.8507007563066937, 0
begin truth calculations
begin calculating d2chi
   1,  1.000121,  1.000052,  0.999849,  0.999849
   2,  1.000183,  1.000080,  0.999881,  0.999881
   3,  1.000209,  1.000021,  0.999882,  0.999882
   4,  1.000213,  1.000023,  0.999877,  0.999877
   5,  1.000219,  1.000026,  0.999870,  0.999870
   6,  1.000219,  1.000026,  0.999870,  0.999870
Optimization terminated successfully.
         Current function value: 0.004942
         Iterations: 6
         Function evaluations: 60
         Gradient evaluations: 12
   7,  1.000147,  1.000065,  1.000023,  1.000023
   8,  1.000298,  1.000132,  0.999887,  0.999887
   9,  1.000371,  0.999972,  0.999885,  0.999885
  10,  1.000359,  0.999967,  0.999881,  0.999881
  11,  1.000356,  0.999965,  0.999880,  0.999880
  12,  1.000356,  0.999965,  0.999880,  0.999880
Optimization terminated successfully.
         Current function value: 0.013073
         Iterations: 6
         Function evaluations: 45
         Gradient evaluations: 9
  13,  1.000121,  1.000052,  0.999849,  0.999849
  14,  1.000183,  1.000080,  0.999881,  0.999881
  15,  1.000209,  1.000021,  0.999882,  0.999882
  16,  1.000213,  1.000023,  0.999877,  0.999877
  17,  1.000219,  1.000026,  0.999870,  0.999870
  18,  1.000219,  1.000026,  0.999870,  0.999870
Optimization terminated successfully.
         Current function value: 0.004942
         Iterations: 6
         Function evaluations: 60
         Gradient evaluations: 12
  19,  1.000147,  1.000065,  1.000023,  1.000023
  20,  1.000298,  1.000132,  0.999887,  0.999887
  21,  1.000371,  0.999972,  0.999885,  0.999885
  22,  1.000359,  0.999967,  0.999881,  0.999881
  23,  1.000356,  0.999965,  0.999880,  0.999880
  24,  1.000356,  0.999965,  0.999880,  0.999880
Optimization terminated successfully.
         Current function value: 0.013072
         Iterations: 6
         Function evaluations: 45
         Gradient evaluations: 9
  25,  1.000121,  1.000052,  0.999849,  0.999849
  26,  1.000183,  1.000080,  0.999881,  0.999881
  27,  1.000209,  1.000021,  0.999882,  0.999882
  28,  1.000213,  1.000023,  0.999877,  0.999877
  29,  1.000219,  1.000026,  0.999870,  0.999870
  30,  1.000219,  1.000026,  0.999870,  0.999870
Optimization terminated successfully.
         Current function value: 0.004942
         Iterations: 6
         Function evaluations: 60
         Gradient evaluations: 12
  31,  1.000147,  1.000065,  1.000023,  1.000023
  32,  1.000298,  1.000132,  0.999887,  0.999887
  33,  1.000371,  0.999972,  0.999885,  0.999885
  34,  1.000359,  0.999967,  0.999881,  0.999881
  35,  1.000356,  0.999965,  0.999880,  0.999880
  36,  1.000356,  0.999965,  0.999880,  0.999880
Optimization terminated successfully.
         Current function value: 0.013071
         Iterations: 6
         Function evaluations: 45
         Gradient evaluations: 9
  37,  1.000121,  1.000052,  0.999849,  0.999849
  38,  1.000183,  1.000080,  0.999881,  0.999881
  39,  1.000209,  1.000021,  0.999882,  0.999882
  40,  1.000213,  1.000023,  0.999877,  0.999877
  41,  1.000219,  1.000026,  0.999870,  0.999870
  42,  1.000219,  1.000026,  0.999870,  0.999870
Optimization terminated successfully.
         Current function value: 0.004942
         Iterations: 6
         Function evaluations: 60
         Gradient evaluations: 12
  43,  1.000147,  1.000065,  1.000023,  1.000023
  44,  1.000298,  1.000132,  0.999887,  0.999887
  45,  1.000371,  0.999972,  0.999885,  0.999885
  46,  1.000359,  0.999967,  0.999881,  0.999881
  47,  1.000356,  0.999965,  0.999880,  0.999880
  48,  1.000356,  0.999965,  0.999880,  0.999880
Optimization terminated successfully.
         Current function value: 0.013071
         Iterations: 6
         Function evaluations: 45
         Gradient evaluations: 9
  49,  1.000121,  1.000052,  0.999849,  0.999849
  50,  1.000183,  1.000080,  0.999881,  0.999881
  51,  1.000209,  1.000021,  0.999882,  0.999882
  52,  1.000213,  1.000023,  0.999877,  0.999877
  53,  1.000219,  1.000026,  0.999870,  0.999870
  54,  1.000219,  1.000026,  0.999870,  0.999870
Optimization terminated successfully.
         Current function value: 0.004941
         Iterations: 6
         Function evaluations: 60
         Gradient evaluations: 12
  55,  1.000147,  1.000065,  1.000023,  1.000023
  56,  1.000298,  1.000132,  0.999887,  0.999887
  57,  1.000371,  0.999972,  0.999885,  0.999885
  58,  1.000359,  0.999967,  0.999881,  0.999881
  59,  1.000356,  0.999965,  0.999880,  0.999880
  60,  1.000356,  0.999965,  0.999880,  0.999880
Optimization terminated successfully.
         Current function value: 0.013070
         Iterations: 6
         Function evaluations: 45
         Gradient evaluations: 9
  61,  1.000121,  1.000052,  0.999849,  0.999849
  62,  1.000183,  1.000080,  0.999881,  0.999881
  63,  1.000209,  1.000021,  0.999882,  0.999882
  64,  1.000213,  1.000023,  0.999877,  0.999877
  65,  1.000219,  1.000026,  0.999870,  0.999870
  66,  1.000219,  1.000026,  0.999870,  0.999870
Optimization terminated successfully.
         Current function value: 0.004941
         Iterations: 6
         Function evaluations: 60
         Gradient evaluations: 12
  67,  1.000147,  1.000065,  1.000023,  1.000023
  68,  1.000298,  1.000132,  0.999887,  0.999887
  69,  1.000371,  0.999972,  0.999885,  0.999885
  70,  1.000359,  0.999967,  0.999881,  0.999881
  71,  1.000356,  0.999965,  0.999880,  0.999880
  72,  1.000356,  0.999965,  0.999880,  0.999880
Optimization terminated successfully.
         Current function value: 0.013070
         Iterations: 6
         Function evaluations: 45
         Gradient evaluations: 9
  73,  1.000121,  1.000052,  0.999849,  0.999849
  74,  1.000183,  1.000080,  0.999881,  0.999881
  75,  1.000209,  1.000021,  0.999882,  0.999882
  76,  1.000213,  1.000023,  0.999877,  0.999877
  77,  1.000219,  1.000026,  0.999870,  0.999870
  78,  1.000219,  1.000026,  0.999870,  0.999870
Optimization terminated successfully.
         Current function value: 0.004941
         Iterations: 6
         Function evaluations: 60
         Gradient evaluations: 12
  79,  1.000147,  1.000065,  1.000023,  1.000023
  80,  1.000298,  1.000132,  0.999887,  0.999887
  81,  1.000371,  0.999972,  0.999885,  0.999885
  82,  1.000359,  0.999967,  0.999881,  0.999881
  83,  1.000356,  0.999965,  0.999880,  0.999880
  84,  1.000356,  0.999965,  0.999880,  0.999880
Optimization terminated successfully.
         Current function value: 0.013069
         Iterations: 6
         Function evaluations: 45
         Gradient evaluations: 9
