fisher1 and fisher2 are: 0.9229573873392596, 0
begin truth calculations
begin calculating d2chi
   1,  0.996868,  0.998656,  1.004045,  1.004045
   2,  0.995698,  0.998122,  1.003471,  1.003471
   3,  0.995037,  0.999578,  1.003444,  1.003444
   4,  0.995150,  0.999608,  1.003308,  1.003308
   5,  0.995397,  0.999676,  1.003009,  1.003009
   6,  0.995838,  0.999788,  1.002478,  1.002478
   7,  0.995841,  0.999777,  1.002479,  1.002479
   8,  0.995841,  0.999777,  1.002479,  1.002479
   9,  0.995841,  0.999777,  1.002479,  1.002479
Optimization terminated successfully.
         Current function value: 1.619443
         Iterations: 9
         Function evaluations: 75
         Gradient evaluations: 15
  10,  0.996656,  0.998523,  0.999534,  0.999534
  11,  0.993339,  0.997050,  1.002624,  1.002624
  12,  0.991604,  1.000855,  1.002674,  1.002674
  13,  0.991976,  1.000845,  1.002650,  1.002650
  14,  0.992216,  1.000857,  1.002632,  1.002632
  15,  0.992218,  1.000853,  1.002632,  1.002632
  16,  0.992218,  1.000853,  1.002632,  1.002632
Optimization terminated successfully.
         Current function value: 5.716752
         Iterations: 7
         Function evaluations: 50
         Gradient evaluations: 10
  17,  0.996868,  0.998656,  1.004045,  1.004045
  18,  0.995698,  0.998122,  1.003471,  1.003471
  19,  0.995037,  0.999578,  1.003444,  1.003444
  20,  0.995150,  0.999608,  1.003308,  1.003308
  21,  0.995396,  0.999676,  1.003009,  1.003009
  22,  0.995838,  0.999788,  1.002478,  1.002478
  23,  0.995841,  0.999777,  1.002479,  1.002479
  24,  0.995841,  0.999777,  1.002479,  1.002479
  25,  0.995841,  0.999777,  1.002479,  1.002479
Optimization terminated successfully.
         Current function value: 1.619449
         Iterations: 9
         Function evaluations: 75
         Gradient evaluations: 15
  26,  0.996656,  0.998523,  0.999534,  0.999534
  27,  0.993339,  0.997050,  1.002624,  1.002624
  28,  0.991604,  1.000855,  1.002674,  1.002674
  29,  0.991976,  1.000845,  1.002650,  1.002650
  30,  0.992216,  1.000857,  1.002632,  1.002632
  31,  0.992218,  1.000853,  1.002632,  1.002632
  32,  0.992218,  1.000853,  1.002632,  1.002632
Optimization terminated successfully.
         Current function value: 5.716774
         Iterations: 7
         Function evaluations: 50
         Gradient evaluations: 10
  33,  0.996868,  0.998656,  1.004045,  1.004045
  34,  0.995698,  0.998122,  1.003471,  1.003471
  35,  0.995037,  0.999578,  1.003444,  1.003444
  36,  0.995150,  0.999608,  1.003308,  1.003308
  37,  0.995396,  0.999676,  1.003009,  1.003009
  38,  0.995838,  0.999788,  1.002478,  1.002478
  39,  0.995841,  0.999777,  1.002479,  1.002479
  40,  0.995841,  0.999777,  1.002479,  1.002479
  41,  0.995841,  0.999777,  1.002479,  1.002479
Optimization terminated successfully.
         Current function value: 1.619455
         Iterations: 9
         Function evaluations: 75
         Gradient evaluations: 15
  42,  0.996656,  0.998523,  0.999534,  0.999534
  43,  0.993339,  0.997050,  1.002624,  1.002624
  44,  0.991604,  1.000855,  1.002674,  1.002674
  45,  0.991976,  1.000845,  1.002650,  1.002650
  46,  0.992216,  1.000857,  1.002632,  1.002632
  47,  0.992218,  1.000853,  1.002632,  1.002632
  48,  0.992218,  1.000853,  1.002632,  1.002632
Optimization terminated successfully.
         Current function value: 5.716797
         Iterations: 7
         Function evaluations: 50
         Gradient evaluations: 10
  49,  0.996868,  0.998656,  1.004045,  1.004045
  50,  0.995698,  0.998122,  1.003471,  1.003471
  51,  0.995037,  0.999578,  1.003444,  1.003444
  52,  0.995150,  0.999608,  1.003308,  1.003308
  53,  0.995396,  0.999676,  1.003009,  1.003009
  54,  0.995838,  0.999788,  1.002478,  1.002478
  55,  0.995841,  0.999777,  1.002479,  1.002479
  56,  0.995841,  0.999777,  1.002479,  1.002479
  57,  0.995841,  0.999777,  1.002479,  1.002479
Optimization terminated successfully.
         Current function value: 1.619461
         Iterations: 9
         Function evaluations: 75
         Gradient evaluations: 15
  58,  0.996656,  0.998523,  0.999534,  0.999534
  59,  0.993339,  0.997050,  1.002624,  1.002624
  60,  0.991604,  1.000855,  1.002674,  1.002674
  61,  0.991976,  1.000845,  1.002650,  1.002650
  62,  0.992216,  1.000857,  1.002632,  1.002632
  63,  0.992218,  1.000853,  1.002632,  1.002632
  64,  0.992218,  1.000853,  1.002632,  1.002632
Optimization terminated successfully.
         Current function value: 5.716819
         Iterations: 7
         Function evaluations: 50
         Gradient evaluations: 10
  65,  0.996868,  0.998656,  1.004045,  1.004045
  66,  0.995698,  0.998122,  1.003471,  1.003471
  67,  0.995037,  0.999578,  1.003444,  1.003444
  68,  0.995150,  0.999608,  1.003308,  1.003308
  69,  0.995396,  0.999676,  1.003009,  1.003009
  70,  0.995838,  0.999788,  1.002478,  1.002478
  71,  0.995841,  0.999777,  1.002479,  1.002479
  72,  0.995841,  0.999777,  1.002479,  1.002479
  73,  0.995841,  0.999777,  1.002479,  1.002479
Optimization terminated successfully.
         Current function value: 1.619467
         Iterations: 9
         Function evaluations: 75
         Gradient evaluations: 15
  74,  0.996656,  0.998523,  0.999534,  0.999534
  75,  0.993339,  0.997050,  1.002624,  1.002624
  76,  0.991604,  1.000855,  1.002674,  1.002674
  77,  0.991976,  1.000845,  1.002650,  1.002650
  78,  0.992216,  1.000857,  1.002632,  1.002632
  79,  0.992217,  1.000853,  1.002632,  1.002632
  80,  0.992218,  1.000853,  1.002632,  1.002632
Optimization terminated successfully.
         Current function value: 5.716841
         Iterations: 7
         Function evaluations: 50
         Gradient evaluations: 10
  81,  0.996868,  0.998656,  1.004045,  1.004045
  82,  0.995698,  0.998122,  1.003471,  1.003471
  83,  0.995036,  0.999578,  1.003444,  1.003444
  84,  0.995150,  0.999608,  1.003308,  1.003308
  85,  0.995396,  0.999676,  1.003009,  1.003009
  86,  0.995838,  0.999788,  1.002478,  1.002478
  87,  0.995841,  0.999777,  1.002479,  1.002479
  88,  0.995841,  0.999777,  1.002479,  1.002479
  89,  0.995841,  0.999777,  1.002479,  1.002479
Optimization terminated successfully.
         Current function value: 1.619473
         Iterations: 9
         Function evaluations: 75
         Gradient evaluations: 15
  90,  0.996656,  0.998523,  0.999534,  0.999534
  91,  0.993339,  0.997050,  1.002624,  1.002624
  92,  0.991604,  1.000855,  1.002674,  1.002674
  93,  0.991976,  1.000845,  1.002650,  1.002650
  94,  0.992216,  1.000857,  1.002632,  1.002632
  95,  0.992217,  1.000853,  1.002632,  1.002632
  96,  0.992218,  1.000853,  1.002632,  1.002632
Optimization terminated successfully.
         Current function value: 5.716863
         Iterations: 7
         Function evaluations: 50
         Gradient evaluations: 10
  97,  0.996868,  0.998656,  1.004045,  1.004045
  98,  0.995698,  0.998122,  1.003471,  1.003471
  99,  0.995036,  0.999578,  1.003444,  1.003444
 100,  0.995150,  0.999608,  1.003308,  1.003308
 101,  0.995396,  0.999676,  1.003009,  1.003009
 102,  0.995838,  0.999788,  1.002478,  1.002478
 103,  0.995841,  0.999777,  1.002479,  1.002479
 104,  0.995841,  0.999777,  1.002479,  1.002479
 105,  0.995841,  0.999777,  1.002479,  1.002479
Optimization terminated successfully.
         Current function value: 1.619479
         Iterations: 9
         Function evaluations: 75
         Gradient evaluations: 15
 106,  0.996656,  0.998523,  0.999534,  0.999534
 107,  0.993339,  0.997050,  1.002624,  1.002624
 108,  0.991604,  1.000855,  1.002674,  1.002674
 109,  0.991976,  1.000845,  1.002650,  1.002650
 110,  0.992216,  1.000857,  1.002632,  1.002632
 111,  0.992217,  1.000853,  1.002632,  1.002632
 112,  0.992217,  1.000853,  1.002632,  1.002632
Optimization terminated successfully.
         Current function value: 5.716885
         Iterations: 7
         Function evaluations: 50
         Gradient evaluations: 10
