fisher1 and fisher2 are: 0.8161432371172057, 0
begin truth calculations
begin calculating d2chi
   1,  1.000804,  1.000347,  0.999029,  0.999029
   2,  1.001200,  1.000529,  0.999238,  0.999238
   3,  1.001345,  1.000213,  0.999244,  0.999244
   4,  1.001365,  1.000218,  0.999221,  0.999221
   5,  1.001414,  1.000230,  0.999168,  0.999168
   6,  1.001417,  1.000230,  0.999165,  0.999165
   7,  1.001417,  1.000230,  0.999165,  0.999165
Optimization terminated successfully.
         Current function value: 0.223648
         Iterations: 7
         Function evaluations: 65
         Gradient evaluations: 13
   8,  1.000910,  1.000404,  1.000155,  1.000155
   9,  1.001729,  1.000769,  0.999421,  0.999421
  10,  1.002124,  0.999907,  0.999409,  0.999409
  11,  1.002103,  0.999896,  0.999392,  0.999392
  12,  1.002054,  0.999873,  0.999355,  0.999355
  13,  1.002013,  0.999853,  0.999322,  0.999322
  14,  1.002013,  0.999853,  0.999322,  0.999322
Optimization terminated successfully.
         Current function value: 0.449154
         Iterations: 7
         Function evaluations: 50
         Gradient evaluations: 10
  15,  1.000804,  1.000347,  0.999029,  0.999029
  16,  1.001200,  1.000529,  0.999238,  0.999238
  17,  1.001345,  1.000213,  0.999244,  0.999244
  18,  1.001365,  1.000218,  0.999221,  0.999221
  19,  1.001414,  1.000230,  0.999168,  0.999168
  20,  1.001417,  1.000230,  0.999165,  0.999165
  21,  1.001417,  1.000230,  0.999165,  0.999165
Optimization terminated successfully.
         Current function value: 0.223648
         Iterations: 7
         Function evaluations: 65
         Gradient evaluations: 13
  22,  1.000910,  1.000404,  1.000155,  1.000155
  23,  1.001729,  1.000769,  0.999421,  0.999421
  24,  1.002124,  0.999907,  0.999409,  0.999409
  25,  1.002103,  0.999896,  0.999392,  0.999392
  26,  1.002054,  0.999873,  0.999355,  0.999355
  27,  1.002013,  0.999853,  0.999322,  0.999322
  28,  1.002013,  0.999853,  0.999322,  0.999322
Optimization terminated successfully.
         Current function value: 0.449153
         Iterations: 7
         Function evaluations: 50
         Gradient evaluations: 10
  29,  1.000804,  1.000347,  0.999029,  0.999029
  30,  1.001200,  1.000529,  0.999238,  0.999238
  31,  1.001345,  1.000213,  0.999244,  0.999244
  32,  1.001365,  1.000218,  0.999221,  0.999221
  33,  1.001414,  1.000230,  0.999168,  0.999168
  34,  1.001417,  1.000230,  0.999165,  0.999165
  35,  1.001417,  1.000230,  0.999165,  0.999165
Optimization terminated successfully.
         Current function value: 0.223647
         Iterations: 7
         Function evaluations: 65
         Gradient evaluations: 13
  36,  1.000910,  1.000404,  1.000155,  1.000155
  37,  1.001729,  1.000769,  0.999421,  0.999421
  38,  1.002124,  0.999907,  0.999409,  0.999409
  39,  1.002103,  0.999896,  0.999392,  0.999392
  40,  1.002054,  0.999873,  0.999355,  0.999355
  41,  1.002013,  0.999853,  0.999322,  0.999322
  42,  1.002013,  0.999853,  0.999322,  0.999322
Optimization terminated successfully.
         Current function value: 0.449151
         Iterations: 7
         Function evaluations: 50
         Gradient evaluations: 10
  43,  1.000804,  1.000347,  0.999029,  0.999029
  44,  1.001200,  1.000529,  0.999238,  0.999238
  45,  1.001345,  1.000213,  0.999244,  0.999244
  46,  1.001365,  1.000218,  0.999221,  0.999221
  47,  1.001414,  1.000230,  0.999168,  0.999168
  48,  1.001417,  1.000230,  0.999165,  0.999165
  49,  1.001417,  1.000230,  0.999165,  0.999165
Optimization terminated successfully.
         Current function value: 0.223646
         Iterations: 7
         Function evaluations: 65
         Gradient evaluations: 13
  50,  1.000910,  1.000404,  1.000155,  1.000155
  51,  1.001729,  1.000769,  0.999421,  0.999421
  52,  1.002124,  0.999907,  0.999409,  0.999409
  53,  1.002103,  0.999896,  0.999392,  0.999392
  54,  1.002054,  0.999873,  0.999355,  0.999355
  55,  1.002013,  0.999853,  0.999322,  0.999322
  56,  1.002013,  0.999853,  0.999322,  0.999322
Optimization terminated successfully.
         Current function value: 0.449150
         Iterations: 7
         Function evaluations: 50
         Gradient evaluations: 10
  57,  1.000804,  1.000347,  0.999029,  0.999029
  58,  1.001200,  1.000529,  0.999238,  0.999238
  59,  1.001345,  1.000213,  0.999244,  0.999244
  60,  1.001365,  1.000218,  0.999221,  0.999221
  61,  1.001414,  1.000230,  0.999168,  0.999168
  62,  1.001417,  1.000230,  0.999165,  0.999165
  63,  1.001417,  1.000230,  0.999165,  0.999165
Optimization terminated successfully.
         Current function value: 0.223645
         Iterations: 7
         Function evaluations: 65
         Gradient evaluations: 13
  64,  1.000910,  1.000404,  1.000155,  1.000155
  65,  1.001729,  1.000769,  0.999421,  0.999421
  66,  1.002124,  0.999907,  0.999409,  0.999409
  67,  1.002103,  0.999896,  0.999392,  0.999392
  68,  1.002054,  0.999873,  0.999355,  0.999355
  69,  1.002013,  0.999853,  0.999322,  0.999322
  70,  1.002013,  0.999853,  0.999322,  0.999322
Optimization terminated successfully.
         Current function value: 0.449149
         Iterations: 7
         Function evaluations: 50
         Gradient evaluations: 10
  71,  1.000804,  1.000347,  0.999029,  0.999029
  72,  1.001200,  1.000529,  0.999238,  0.999238
  73,  1.001345,  1.000213,  0.999244,  0.999244
  74,  1.001365,  1.000218,  0.999221,  0.999221
  75,  1.001414,  1.000230,  0.999168,  0.999168
  76,  1.001417,  1.000230,  0.999165,  0.999165
  77,  1.001417,  1.000230,  0.999165,  0.999165
Optimization terminated successfully.
         Current function value: 0.223644
         Iterations: 7
         Function evaluations: 65
         Gradient evaluations: 13
  78,  1.000910,  1.000404,  1.000155,  1.000155
  79,  1.001729,  1.000769,  0.999421,  0.999421
  80,  1.002124,  0.999907,  0.999409,  0.999409
  81,  1.002103,  0.999896,  0.999392,  0.999392
  82,  1.002054,  0.999873,  0.999355,  0.999355
  83,  1.002013,  0.999853,  0.999322,  0.999322
  84,  1.002013,  0.999853,  0.999322,  0.999322
Optimization terminated successfully.
         Current function value: 0.449147
         Iterations: 7
         Function evaluations: 50
         Gradient evaluations: 10
  85,  1.000804,  1.000347,  0.999029,  0.999029
  86,  1.001200,  1.000529,  0.999238,  0.999238
  87,  1.001345,  1.000213,  0.999244,  0.999244
  88,  1.001365,  1.000218,  0.999221,  0.999221
  89,  1.001414,  1.000230,  0.999168,  0.999168
  90,  1.001417,  1.000230,  0.999165,  0.999165
  91,  1.001417,  1.000230,  0.999165,  0.999165
Optimization terminated successfully.
         Current function value: 0.223643
         Iterations: 7
         Function evaluations: 65
         Gradient evaluations: 13
  92,  1.000910,  1.000404,  1.000155,  1.000155
  93,  1.001729,  1.000769,  0.999421,  0.999421
  94,  1.002124,  0.999907,  0.999409,  0.999409
  95,  1.002103,  0.999896,  0.999392,  0.999392
  96,  1.002054,  0.999873,  0.999355,  0.999355
  97,  1.002013,  0.999853,  0.999322,  0.999322
  98,  1.002013,  0.999853,  0.999322,  0.999322
Optimization terminated successfully.
         Current function value: 0.449146
         Iterations: 7
         Function evaluations: 50
         Gradient evaluations: 10
