fisher1 and fisher2 are: 0.6936211236272027, 0
begin truth calculations
begin calculating d2chi
   1,  1.000952,  1.000431,  0.999493,  0.999493
   2,  1.001095,  1.000504,  0.999675,  0.999675
   3,  1.000669,  1.001439,  0.999657,  0.999657
   4,  1.000713,  1.001457,  0.999636,  0.999636
   5,  1.000713,  1.001457,  0.999636,  0.999636
   6,  1.000713,  1.001457,  0.999636,  0.999636
Optimization terminated successfully.
         Current function value: 0.809533
         Iterations: 6
         Function evaluations: 290
         Gradient evaluations: 57
   7,  0.998380,  0.999291,  0.999967,  0.999967
   8,  0.996771,  0.998593,  1.001643,  1.001643
   9,  0.995691,  1.000954,  1.001675,  1.001675
  10,  0.995844,  1.001010,  1.001541,  1.001541
  11,  0.996130,  1.001121,  1.001287,  1.001287
  12,  0.996130,  1.001121,  1.001287,  1.001287
  13,  0.996130,  1.001121,  1.001287,  1.001287
Optimization terminated successfully.
         Current function value: 1.068816
         Iterations: 7
         Function evaluations: 50
         Gradient evaluations: 10
  14,  1.000952,  1.000431,  0.999493,  0.999493
  15,  1.001095,  1.000504,  0.999675,  0.999675
  16,  1.000669,  1.001439,  0.999657,  0.999657
  17,  1.000713,  1.001457,  0.999636,  0.999636
  18,  1.000713,  1.001457,  0.999636,  0.999636
  19,  1.000713,  1.001457,  0.999636,  0.999636
  20,  1.000713,  1.001457,  0.999636,  0.999636
  21,  1.000713,  1.001457,  0.999636,  0.999636
  22,  1.000713,  1.001457,  0.999636,  0.999636
Optimization terminated successfully.
         Current function value: 0.809533
         Iterations: 9
         Function evaluations: 85
         Gradient evaluations: 17
  23,  0.998380,  0.999291,  0.999967,  0.999967
  24,  0.996771,  0.998593,  1.001643,  1.001643
  25,  0.995691,  1.000954,  1.001675,  1.001675
  26,  0.995844,  1.001010,  1.001541,  1.001541
  27,  0.996130,  1.001121,  1.001287,  1.001287
  28,  0.996130,  1.001121,  1.001287,  1.001287
  29,  0.996130,  1.001121,  1.001287,  1.001287
Optimization terminated successfully.
         Current function value: 1.068809
         Iterations: 7
         Function evaluations: 50
         Gradient evaluations: 10
  30,  1.000952,  1.000431,  0.999493,  0.999493
  31,  1.001095,  1.000504,  0.999675,  0.999675
  32,  1.000669,  1.001439,  0.999657,  0.999657
  33,  1.000713,  1.001457,  0.999636,  0.999636
  34,  1.000713,  1.001457,  0.999636,  0.999636
  35,  1.000713,  1.001457,  0.999636,  0.999636
  36,  1.000713,  1.001457,  0.999636,  0.999636
Optimization terminated successfully.
         Current function value: 0.809533
         Iterations: 7
         Function evaluations: 318
         Gradient evaluations: 62
  37,  0.998380,  0.999291,  0.999967,  0.999967
  38,  0.996771,  0.998593,  1.001643,  1.001643
  39,  0.995691,  1.000954,  1.001675,  1.001675
  40,  0.995844,  1.001010,  1.001541,  1.001541
  41,  0.996130,  1.001121,  1.001287,  1.001287
  42,  0.996130,  1.001121,  1.001287,  1.001287
  43,  0.996130,  1.001121,  1.001287,  1.001287
Optimization terminated successfully.
         Current function value: 1.068802
         Iterations: 7
         Function evaluations: 50
         Gradient evaluations: 10
  44,  1.000952,  1.000431,  0.999493,  0.999493
  45,  1.001095,  1.000504,  0.999675,  0.999675
  46,  1.000669,  1.001439,  0.999657,  0.999657
  47,  1.000713,  1.001457,  0.999636,  0.999636
  48,  1.000713,  1.001457,  0.999636,  0.999636
Warning: Desired error not necessarily achieved due to precision loss.
         Current function value: 0.809532
         Iterations: 5
         Function evaluations: 342
         Gradient evaluations: 66
  49,  0.998380,  0.999291,  0.999967,  0.999967
  50,  0.996771,  0.998593,  1.001643,  1.001643
  51,  0.995691,  1.000954,  1.001675,  1.001675
  52,  0.995844,  1.001010,  1.001541,  1.001541
  53,  0.996130,  1.001121,  1.001287,  1.001287
  54,  0.996130,  1.001121,  1.001287,  1.001287
  55,  0.996130,  1.001121,  1.001287,  1.001287
Optimization terminated successfully.
         Current function value: 1.068795
         Iterations: 7
         Function evaluations: 50
         Gradient evaluations: 10
  56,  1.000952,  1.000431,  0.999493,  0.999493
  57,  1.001095,  1.000504,  0.999675,  0.999675
  58,  1.000669,  1.001439,  0.999657,  0.999657
  59,  1.000713,  1.001457,  0.999636,  0.999636
  60,  1.000713,  1.001457,  0.999636,  0.999636
  61,  1.000713,  1.001457,  0.999636,  0.999636
  62,  1.000713,  1.001457,  0.999636,  0.999636
Optimization terminated successfully.
         Current function value: 0.809532
         Iterations: 7
         Function evaluations: 65
         Gradient evaluations: 13
  63,  0.998380,  0.999291,  0.999967,  0.999967
  64,  0.996771,  0.998593,  1.001643,  1.001643
  65,  0.995691,  1.000954,  1.001675,  1.001675
  66,  0.995844,  1.001010,  1.001541,  1.001541
  67,  0.996130,  1.001121,  1.001287,  1.001287
  68,  0.996130,  1.001121,  1.001287,  1.001287
  69,  0.996130,  1.001121,  1.001287,  1.001287
Optimization terminated successfully.
         Current function value: 1.068788
         Iterations: 7
         Function evaluations: 50
         Gradient evaluations: 10
  70,  1.000952,  1.000431,  0.999493,  0.999493
  71,  1.001095,  1.000504,  0.999675,  0.999675
  72,  1.000669,  1.001439,  0.999657,  0.999657
  73,  1.000713,  1.001457,  0.999636,  0.999636
  74,  1.000713,  1.001457,  0.999636,  0.999636
  75,  1.000713,  1.001457,  0.999636,  0.999636
  76,  1.000713,  1.001457,  0.999636,  0.999636
  77,  1.000713,  1.001457,  0.999636,  0.999636
Warning: Desired error not necessarily achieved due to precision loss.
         Current function value: 0.809531
         Iterations: 8
         Function evaluations: 395
         Gradient evaluations: 77
  78,  0.998380,  0.999291,  0.999967,  0.999967
  79,  0.996771,  0.998593,  1.001643,  1.001643
  80,  0.995691,  1.000954,  1.001675,  1.001675
  81,  0.995844,  1.001010,  1.001541,  1.001541
  82,  0.996130,  1.001121,  1.001287,  1.001287
  83,  0.996130,  1.001121,  1.001287,  1.001287
  84,  0.996130,  1.001121,  1.001287,  1.001287
Optimization terminated successfully.
         Current function value: 1.068781
         Iterations: 7
         Function evaluations: 50
         Gradient evaluations: 10
  85,  1.000952,  1.000431,  0.999493,  0.999493
  86,  1.001095,  1.000504,  0.999675,  0.999675
  87,  1.000669,  1.001439,  0.999657,  0.999657
  88,  1.000713,  1.001457,  0.999635,  0.999635
  89,  1.000713,  1.001457,  0.999636,  0.999636
  90,  1.000713,  1.001457,  0.999636,  0.999636
Optimization terminated successfully.
         Current function value: 0.809531
         Iterations: 6
         Function evaluations: 60
         Gradient evaluations: 12
  91,  0.998380,  0.999291,  0.999967,  0.999967
  92,  0.996771,  0.998593,  1.001643,  1.001643
  93,  0.995691,  1.000954,  1.001675,  1.001675
  94,  0.995844,  1.001010,  1.001541,  1.001541
  95,  0.996130,  1.001121,  1.001287,  1.001287
  96,  0.996130,  1.001121,  1.001287,  1.001287
  97,  0.996130,  1.001121,  1.001287,  1.001287
Optimization terminated successfully.
         Current function value: 1.068774
         Iterations: 7
         Function evaluations: 50
         Gradient evaluations: 10
