fisher1 and fisher2 are: 0.8821166828425919, 0
begin truth calculations
begin calculating d2chi
   1,  0.998979,  0.999561,  1.001295,  1.001295
   2,  0.998591,  0.999384,  1.001100,  1.001100
   3,  0.998390,  0.999825,  1.001092,  1.001092
   4,  0.998432,  0.999835,  1.001042,  1.001042
   5,  0.998528,  0.999859,  1.000929,  1.000929
   6,  0.998620,  0.999881,  1.000822,  1.000822
   7,  0.998620,  0.999880,  1.000822,  1.000822
Optimization terminated successfully.
         Current function value: 0.186941
         Iterations: 7
         Function evaluations: 65
         Gradient evaluations: 13
   8,  0.998970,  0.999545,  0.999847,  0.999847
   9,  0.997953,  0.999093,  1.000779,  1.000779
  10,  0.997443,  1.000210,  1.000794,  1.000794
  11,  0.997524,  1.000239,  1.000806,  1.000806
  12,  0.997581,  1.000262,  1.000813,  1.000813
  13,  0.997581,  1.000261,  1.000813,  1.000813
Optimization terminated successfully.
         Current function value: 0.577946
         Iterations: 6
         Function evaluations: 45
         Gradient evaluations: 9
  14,  0.998979,  0.999561,  1.001295,  1.001295
  15,  0.998591,  0.999384,  1.001100,  1.001100
  16,  0.998390,  0.999825,  1.001092,  1.001092
  17,  0.998432,  0.999835,  1.001042,  1.001042
  18,  0.998528,  0.999859,  1.000929,  1.000929
  19,  0.998620,  0.999881,  1.000822,  1.000822
  20,  0.998620,  0.999880,  1.000822,  1.000822
Optimization terminated successfully.
         Current function value: 0.186942
         Iterations: 7
         Function evaluations: 65
         Gradient evaluations: 13
  21,  0.998970,  0.999545,  0.999847,  0.999847
  22,  0.997953,  0.999093,  1.000779,  1.000779
  23,  0.997443,  1.000210,  1.000794,  1.000794
  24,  0.997524,  1.000239,  1.000806,  1.000806
  25,  0.997581,  1.000262,  1.000813,  1.000813
  26,  0.997581,  1.000261,  1.000813,  1.000813
Optimization terminated successfully.
         Current function value: 0.577951
         Iterations: 6
         Function evaluations: 45
         Gradient evaluations: 9
  27,  0.998979,  0.999561,  1.001295,  1.001295
  28,  0.998591,  0.999384,  1.001100,  1.001100
  29,  0.998390,  0.999825,  1.001092,  1.001092
  30,  0.998432,  0.999835,  1.001042,  1.001042
  31,  0.998528,  0.999859,  1.000929,  1.000929
  32,  0.998620,  0.999881,  1.000822,  1.000822
  33,  0.998620,  0.999880,  1.000822,  1.000822
Optimization terminated successfully.
         Current function value: 0.186944
         Iterations: 7
         Function evaluations: 65
         Gradient evaluations: 13
  34,  0.998970,  0.999545,  0.999847,  0.999847
  35,  0.997953,  0.999093,  1.000779,  1.000779
  36,  0.997443,  1.000210,  1.000794,  1.000794
  37,  0.997524,  1.000239,  1.000806,  1.000806
  38,  0.997581,  1.000262,  1.000813,  1.000813
  39,  0.997581,  1.000261,  1.000813,  1.000813
Optimization terminated successfully.
         Current function value: 0.577956
         Iterations: 6
         Function evaluations: 45
         Gradient evaluations: 9
  40,  0.998979,  0.999561,  1.001295,  1.001295
  41,  0.998591,  0.999384,  1.001100,  1.001100
  42,  0.998390,  0.999825,  1.001092,  1.001092
  43,  0.998432,  0.999835,  1.001042,  1.001042
  44,  0.998528,  0.999859,  1.000929,  1.000929
  45,  0.998620,  0.999881,  1.000822,  1.000822
  46,  0.998620,  0.999880,  1.000822,  1.000822
Optimization terminated successfully.
         Current function value: 0.186945
         Iterations: 7
         Function evaluations: 65
         Gradient evaluations: 13
  47,  0.998970,  0.999545,  0.999847,  0.999847
  48,  0.997953,  0.999093,  1.000779,  1.000779
  49,  0.997443,  1.000210,  1.000794,  1.000794
  50,  0.997524,  1.000239,  1.000806,  1.000806
  51,  0.997581,  1.000262,  1.000813,  1.000813
  52,  0.997581,  1.000261,  1.000813,  1.000813
Optimization terminated successfully.
         Current function value: 0.577961
         Iterations: 6
         Function evaluations: 45
         Gradient evaluations: 9
  53,  0.998979,  0.999561,  1.001295,  1.001295
  54,  0.998591,  0.999384,  1.001100,  1.001100
  55,  0.998390,  0.999825,  1.001092,  1.001092
  56,  0.998432,  0.999835,  1.001042,  1.001042
  57,  0.998528,  0.999859,  1.000929,  1.000929
  58,  0.998620,  0.999881,  1.000822,  1.000822
  59,  0.998620,  0.999880,  1.000822,  1.000822
Optimization terminated successfully.
         Current function value: 0.186947
         Iterations: 7
         Function evaluations: 65
         Gradient evaluations: 13
  60,  0.998970,  0.999545,  0.999847,  0.999847
  61,  0.997953,  0.999093,  1.000779,  1.000779
  62,  0.997443,  1.000210,  1.000794,  1.000794
  63,  0.997524,  1.000239,  1.000806,  1.000806
  64,  0.997581,  1.000262,  1.000813,  1.000813
  65,  0.997581,  1.000261,  1.000813,  1.000813
Optimization terminated successfully.
         Current function value: 0.577966
         Iterations: 6
         Function evaluations: 45
         Gradient evaluations: 9
  66,  0.998979,  0.999561,  1.001295,  1.001295
  67,  0.998591,  0.999384,  1.001100,  1.001100
  68,  0.998390,  0.999825,  1.001092,  1.001092
  69,  0.998432,  0.999835,  1.001042,  1.001042
  70,  0.998528,  0.999859,  1.000929,  1.000929
  71,  0.998620,  0.999881,  1.000822,  1.000822
  72,  0.998620,  0.999880,  1.000822,  1.000822
Optimization terminated successfully.
         Current function value: 0.186949
         Iterations: 7
         Function evaluations: 65
         Gradient evaluations: 13
  73,  0.998970,  0.999545,  0.999847,  0.999847
  74,  0.997953,  0.999093,  1.000779,  1.000779
  75,  0.997443,  1.000210,  1.000794,  1.000794
  76,  0.997524,  1.000239,  1.000806,  1.000806
  77,  0.997581,  1.000262,  1.000813,  1.000813
  78,  0.997581,  1.000261,  1.000813,  1.000813
Optimization terminated successfully.
         Current function value: 0.577971
         Iterations: 6
         Function evaluations: 45
         Gradient evaluations: 9
  79,  0.998979,  0.999561,  1.001295,  1.001295
  80,  0.998591,  0.999384,  1.001101,  1.001101
  81,  0.998390,  0.999825,  1.001092,  1.001092
  82,  0.998432,  0.999835,  1.001042,  1.001042
  83,  0.998528,  0.999859,  1.000929,  1.000929
  84,  0.998620,  0.999881,  1.000822,  1.000822
  85,  0.998620,  0.999880,  1.000822,  1.000822
Optimization terminated successfully.
         Current function value: 0.186950
         Iterations: 7
         Function evaluations: 65
         Gradient evaluations: 13
  86,  0.998970,  0.999545,  0.999847,  0.999847
  87,  0.997953,  0.999093,  1.000779,  1.000779
  88,  0.997443,  1.000210,  1.000794,  1.000794
  89,  0.997524,  1.000239,  1.000806,  1.000806
  90,  0.997581,  1.000262,  1.000813,  1.000813
  91,  0.997581,  1.000261,  1.000813,  1.000813
Optimization terminated successfully.
         Current function value: 0.577976
         Iterations: 6
         Function evaluations: 45
         Gradient evaluations: 9
