fisher1 and fisher2 are: 0.7470281987382297, 0
begin truth calculations
begin calculating d2chi
   1,  1.001284,  1.000559,  0.998643,  0.998643
   2,  1.001836,  1.000816,  0.998979,  0.998979
   3,  1.001891,  1.000695,  0.998981,  0.998981
   4,  1.001919,  1.000722,  0.998947,  0.998947
   5,  1.001987,  1.000784,  0.998864,  0.998864
   6,  1.001988,  1.000784,  0.998863,  0.998863
   7,  1.001988,  1.000784,  0.998863,  0.998863
Optimization terminated successfully.
         Current function value: 0.699696
         Iterations: 7
         Function evaluations: 75
         Gradient evaluations: 15
   8,  1.000330,  1.000149,  1.000106,  1.000106
   9,  1.000808,  1.000372,  0.999716,  0.999716
  10,  1.000846,  1.000289,  0.999715,  0.999715
  11,  1.000856,  1.000293,  0.999709,  0.999709
  12,  1.000877,  1.000303,  0.999696,  0.999696
  13,  1.000916,  1.000320,  0.999673,  0.999673
  14,  1.000916,  1.000320,  0.999673,  0.999673
Optimization terminated successfully.
         Current function value: 0.258978
         Iterations: 7
         Function evaluations: 60
         Gradient evaluations: 12
  15,  1.001284,  1.000559,  0.998643,  0.998643
  16,  1.001836,  1.000816,  0.998979,  0.998979
  17,  1.001891,  1.000695,  0.998981,  0.998981
  18,  1.001919,  1.000722,  0.998947,  0.998947
  19,  1.001987,  1.000784,  0.998864,  0.998864
  20,  1.001988,  1.000784,  0.998863,  0.998863
  21,  1.001988,  1.000784,  0.998863,  0.998863
  22,  1.001988,  1.000784,  0.998863,  0.998863
  23,  1.001988,  1.000784,  0.998863,  0.998863
Optimization terminated successfully.
         Current function value: 0.699695
         Iterations: 9
         Function evaluations: 120
         Gradient evaluations: 24
  24,  1.000330,  1.000149,  1.000106,  1.000106
  25,  1.000808,  1.000372,  0.999716,  0.999716
  26,  1.000846,  1.000289,  0.999715,  0.999715
  27,  1.000856,  1.000293,  0.999709,  0.999709
  28,  1.000877,  1.000303,  0.999696,  0.999696
  29,  1.000916,  1.000320,  0.999673,  0.999673
  30,  1.000916,  1.000320,  0.999673,  0.999673
Optimization terminated successfully.
         Current function value: 0.258979
         Iterations: 7
         Function evaluations: 60
         Gradient evaluations: 12
  31,  1.001284,  1.000559,  0.998643,  0.998643
  32,  1.001836,  1.000816,  0.998979,  0.998979
  33,  1.001891,  1.000695,  0.998981,  0.998981
  34,  1.001919,  1.000722,  0.998947,  0.998947
  35,  1.001987,  1.000784,  0.998864,  0.998864
  36,  1.001988,  1.000784,  0.998863,  0.998863
  37,  1.001988,  1.000784,  0.998863,  0.998863
  38,  1.001988,  1.000784,  0.998863,  0.998863
Optimization terminated successfully.
         Current function value: 0.699695
         Iterations: 8
         Function evaluations: 304
         Gradient evaluations: 60
  39,  1.000330,  1.000149,  1.000106,  1.000106
  40,  1.000808,  1.000372,  0.999716,  0.999716
  41,  1.000846,  1.000289,  0.999715,  0.999715
  42,  1.000856,  1.000293,  0.999709,  0.999709
  43,  1.000877,  1.000303,  0.999696,  0.999696
  44,  1.000916,  1.000320,  0.999673,  0.999673
  45,  1.000916,  1.000320,  0.999673,  0.999673
Optimization terminated successfully.
         Current function value: 0.258980
         Iterations: 7
         Function evaluations: 60
         Gradient evaluations: 12
  46,  1.001284,  1.000559,  0.998643,  0.998643
  47,  1.001836,  1.000816,  0.998979,  0.998979
  48,  1.001891,  1.000695,  0.998981,  0.998981
  49,  1.001919,  1.000722,  0.998947,  0.998947
  50,  1.001987,  1.000784,  0.998864,  0.998864
  51,  1.001988,  1.000784,  0.998863,  0.998863
  52,  1.001988,  1.000784,  0.998863,  0.998863
Optimization terminated successfully.
         Current function value: 0.699695
         Iterations: 7
         Function evaluations: 75
         Gradient evaluations: 15
  53,  1.000330,  1.000149,  1.000106,  1.000106
  54,  1.000808,  1.000372,  0.999716,  0.999716
  55,  1.000846,  1.000289,  0.999715,  0.999715
  56,  1.000856,  1.000293,  0.999709,  0.999709
  57,  1.000877,  1.000303,  0.999696,  0.999696
  58,  1.000916,  1.000320,  0.999673,  0.999673
  59,  1.000916,  1.000320,  0.999673,  0.999673
Optimization terminated successfully.
         Current function value: 0.258981
         Iterations: 7
         Function evaluations: 60
         Gradient evaluations: 12
  60,  1.001284,  1.000559,  0.998643,  0.998643
  61,  1.001836,  1.000816,  0.998979,  0.998979
  62,  1.001891,  1.000695,  0.998981,  0.998981
  63,  1.001919,  1.000722,  0.998947,  0.998947
  64,  1.001987,  1.000784,  0.998864,  0.998864
  65,  1.001988,  1.000784,  0.998863,  0.998863
  66,  1.001988,  1.000784,  0.998863,  0.998863
Optimization terminated successfully.
         Current function value: 0.699695
         Iterations: 7
         Function evaluations: 75
         Gradient evaluations: 15
  67,  1.000330,  1.000149,  1.000106,  1.000106
  68,  1.000808,  1.000372,  0.999716,  0.999716
  69,  1.000846,  1.000289,  0.999715,  0.999715
  70,  1.000856,  1.000293,  0.999709,  0.999709
  71,  1.000877,  1.000303,  0.999696,  0.999696
  72,  1.000916,  1.000320,  0.999673,  0.999673
  73,  1.000916,  1.000320,  0.999673,  0.999673
Optimization terminated successfully.
         Current function value: 0.258983
         Iterations: 7
         Function evaluations: 60
         Gradient evaluations: 12
  74,  1.001284,  1.000559,  0.998643,  0.998643
  75,  1.001836,  1.000816,  0.998979,  0.998979
  76,  1.001891,  1.000695,  0.998981,  0.998981
  77,  1.001919,  1.000722,  0.998947,  0.998947
  78,  1.001987,  1.000784,  0.998864,  0.998864
  79,  1.001988,  1.000784,  0.998863,  0.998863
  80,  1.001988,  1.000784,  0.998863,  0.998863
Optimization terminated successfully.
         Current function value: 0.699694
         Iterations: 7
         Function evaluations: 75
         Gradient evaluations: 15
  81,  1.000330,  1.000149,  1.000106,  1.000106
  82,  1.000808,  1.000372,  0.999716,  0.999716
  83,  1.000846,  1.000289,  0.999715,  0.999715
  84,  1.000856,  1.000293,  0.999709,  0.999709
  85,  1.000877,  1.000303,  0.999696,  0.999696
  86,  1.000916,  1.000320,  0.999673,  0.999673
  87,  1.000916,  1.000320,  0.999673,  0.999673
Optimization terminated successfully.
         Current function value: 0.258984
         Iterations: 7
         Function evaluations: 60
         Gradient evaluations: 12
  88,  1.001284,  1.000559,  0.998643,  0.998643
  89,  1.001836,  1.000816,  0.998979,  0.998979
  90,  1.001891,  1.000695,  0.998981,  0.998981
  91,  1.001919,  1.000722,  0.998947,  0.998947
  92,  1.001987,  1.000784,  0.998864,  0.998864
  93,  1.001988,  1.000784,  0.998863,  0.998863
  94,  1.001988,  1.000784,  0.998863,  0.998863
  95,  1.001988,  1.000784,  0.998863,  0.998863
Optimization terminated successfully.
         Current function value: 0.699694
         Iterations: 8
         Function evaluations: 110
         Gradient evaluations: 22
  96,  1.000330,  1.000149,  1.000106,  1.000106
  97,  1.000808,  1.000372,  0.999716,  0.999716
  98,  1.000846,  1.000289,  0.999715,  0.999715
  99,  1.000856,  1.000293,  0.999709,  0.999709
 100,  1.000877,  1.000303,  0.999696,  0.999696
 101,  1.000916,  1.000320,  0.999673,  0.999673
 102,  1.000916,  1.000320,  0.999673,  0.999673
Optimization terminated successfully.
         Current function value: 0.258985
         Iterations: 7
         Function evaluations: 60
         Gradient evaluations: 12
