fisher1 and fisher2 are: 0.759594569352589, 0
begin truth calculations
begin calculating d2chi
   1,  1.001284,  1.000557,  0.998588,  0.998588
   2,  1.001859,  1.000825,  0.998924,  0.998924
   3,  1.001960,  1.000605,  0.998928,  0.998928
   4,  1.001983,  1.000617,  0.998902,  0.998902
   5,  1.002036,  1.000646,  0.998844,  0.998844
   6,  1.002068,  1.000664,  0.998808,  0.998808
   7,  1.002069,  1.000664,  0.998808,  0.998808
Optimization terminated successfully.
         Current function value: 0.652393
         Iterations: 7
         Function evaluations: 70
         Gradient evaluations: 14
   8,  1.000563,  1.000252,  1.000138,  1.000138
   9,  1.001286,  1.000582,  0.999521,  0.999521
  10,  1.001480,  1.000159,  0.999515,  0.999515
  11,  1.001526,  1.000169,  0.999481,  0.999481
  12,  1.001550,  1.000174,  0.999464,  0.999464
  13,  1.001550,  1.000174,  0.999464,  0.999464
Optimization terminated successfully.
         Current function value: 0.423307
         Iterations: 6
         Function evaluations: 50
         Gradient evaluations: 10
  14,  1.001284,  1.000557,  0.998588,  0.998588
  15,  1.001859,  1.000825,  0.998924,  0.998924
  16,  1.001960,  1.000605,  0.998928,  0.998928
  17,  1.001983,  1.000617,  0.998902,  0.998902
  18,  1.002036,  1.000646,  0.998844,  0.998844
  19,  1.002068,  1.000664,  0.998808,  0.998808
  20,  1.002069,  1.000664,  0.998808,  0.998808
Optimization terminated successfully.
         Current function value: 0.652392
         Iterations: 7
         Function evaluations: 70
         Gradient evaluations: 14
  21,  1.000563,  1.000252,  1.000138,  1.000138
  22,  1.001286,  1.000582,  0.999521,  0.999521
  23,  1.001480,  1.000159,  0.999515,  0.999515
  24,  1.001526,  1.000169,  0.999481,  0.999481
  25,  1.001550,  1.000174,  0.999464,  0.999464
  26,  1.001550,  1.000174,  0.999464,  0.999464
Optimization terminated successfully.
         Current function value: 0.423308
         Iterations: 6
         Function evaluations: 50
         Gradient evaluations: 10
  27,  1.001284,  1.000557,  0.998588,  0.998588
  28,  1.001859,  1.000825,  0.998924,  0.998924
  29,  1.001960,  1.000605,  0.998928,  0.998928
  30,  1.001983,  1.000617,  0.998902,  0.998902
  31,  1.002036,  1.000646,  0.998844,  0.998844
  32,  1.002068,  1.000664,  0.998808,  0.998808
  33,  1.002069,  1.000664,  0.998808,  0.998808
Optimization terminated successfully.
         Current function value: 0.652392
         Iterations: 7
         Function evaluations: 70
         Gradient evaluations: 14
  34,  1.000563,  1.000252,  1.000138,  1.000138
  35,  1.001286,  1.000582,  0.999521,  0.999521
  36,  1.001480,  1.000159,  0.999515,  0.999515
  37,  1.001526,  1.000169,  0.999481,  0.999481
  38,  1.001550,  1.000174,  0.999464,  0.999464
  39,  1.001550,  1.000174,  0.999464,  0.999464
Optimization terminated successfully.
         Current function value: 0.423309
         Iterations: 6
         Function evaluations: 50
         Gradient evaluations: 10
  40,  1.001284,  1.000557,  0.998588,  0.998588
  41,  1.001859,  1.000825,  0.998924,  0.998924
  42,  1.001960,  1.000605,  0.998928,  0.998928
  43,  1.001983,  1.000617,  0.998902,  0.998902
  44,  1.002036,  1.000646,  0.998844,  0.998844
  45,  1.002068,  1.000664,  0.998808,  0.998808
  46,  1.002069,  1.000664,  0.998808,  0.998808
Optimization terminated successfully.
         Current function value: 0.652391
         Iterations: 7
         Function evaluations: 70
         Gradient evaluations: 14
  47,  1.000563,  1.000252,  1.000138,  1.000138
  48,  1.001286,  1.000582,  0.999521,  0.999521
  49,  1.001480,  1.000159,  0.999515,  0.999515
  50,  1.001526,  1.000169,  0.999481,  0.999481
  51,  1.001550,  1.000174,  0.999464,  0.999464
  52,  1.001550,  1.000174,  0.999464,  0.999464
Optimization terminated successfully.
         Current function value: 0.423311
         Iterations: 6
         Function evaluations: 50
         Gradient evaluations: 10
  53,  1.001284,  1.000557,  0.998588,  0.998588
  54,  1.001859,  1.000825,  0.998924,  0.998924
  55,  1.001960,  1.000605,  0.998928,  0.998928
  56,  1.001983,  1.000617,  0.998902,  0.998902
  57,  1.002036,  1.000646,  0.998844,  0.998844
  58,  1.002069,  1.000664,  0.998808,  0.998808
  59,  1.002069,  1.000664,  0.998808,  0.998808
Optimization terminated successfully.
         Current function value: 0.652391
         Iterations: 7
         Function evaluations: 70
         Gradient evaluations: 14
  60,  1.000563,  1.000252,  1.000138,  1.000138
  61,  1.001286,  1.000582,  0.999521,  0.999521
  62,  1.001480,  1.000159,  0.999515,  0.999515
  63,  1.001526,  1.000169,  0.999481,  0.999481
  64,  1.001550,  1.000174,  0.999464,  0.999464
  65,  1.001550,  1.000174,  0.999464,  0.999464
Optimization terminated successfully.
         Current function value: 0.423312
         Iterations: 6
         Function evaluations: 50
         Gradient evaluations: 10
  66,  1.001284,  1.000557,  0.998588,  0.998588
  67,  1.001859,  1.000825,  0.998924,  0.998924
  68,  1.001960,  1.000605,  0.998928,  0.998928
  69,  1.001983,  1.000617,  0.998902,  0.998902
  70,  1.002036,  1.000646,  0.998844,  0.998844
  71,  1.002068,  1.000664,  0.998808,  0.998808
  72,  1.002069,  1.000664,  0.998808,  0.998808
Optimization terminated successfully.
         Current function value: 0.652390
         Iterations: 7
         Function evaluations: 70
         Gradient evaluations: 14
  73,  1.000563,  1.000252,  1.000138,  1.000138
  74,  1.001286,  1.000582,  0.999521,  0.999521
  75,  1.001480,  1.000159,  0.999515,  0.999515
  76,  1.001526,  1.000169,  0.999481,  0.999481
  77,  1.001550,  1.000174,  0.999464,  0.999464
  78,  1.001550,  1.000174,  0.999464,  0.999464
Optimization terminated successfully.
         Current function value: 0.423313
         Iterations: 6
         Function evaluations: 50
         Gradient evaluations: 10
  79,  1.001284,  1.000557,  0.998588,  0.998588
  80,  1.001859,  1.000825,  0.998924,  0.998924
  81,  1.001960,  1.000605,  0.998928,  0.998928
  82,  1.001983,  1.000617,  0.998902,  0.998902
  83,  1.002036,  1.000646,  0.998844,  0.998844
  84,  1.002069,  1.000664,  0.998808,  0.998808
  85,  1.002069,  1.000664,  0.998808,  0.998808
Optimization terminated successfully.
         Current function value: 0.652390
         Iterations: 7
         Function evaluations: 70
         Gradient evaluations: 14
  86,  1.000563,  1.000252,  1.000138,  1.000138
  87,  1.001286,  1.000582,  0.999521,  0.999521
  88,  1.001480,  1.000159,  0.999515,  0.999515
  89,  1.001526,  1.000169,  0.999481,  0.999481
  90,  1.001550,  1.000174,  0.999464,  0.999464
  91,  1.001550,  1.000174,  0.999464,  0.999464
Optimization terminated successfully.
         Current function value: 0.423315
         Iterations: 6
         Function evaluations: 50
         Gradient evaluations: 10
