fisher1 and fisher2 are: 0.8067184591564363, 0
begin truth calculations
begin calculating d2chi
   1,  1.000939,  1.000405,  0.998877,  0.998877
   2,  1.001398,  1.000616,  0.999121,  0.999121
   3,  1.001554,  1.000274,  0.999128,  0.999128
   4,  1.001575,  1.000279,  0.999105,  0.999105
   5,  1.001624,  1.000290,  0.999053,  0.999053
   6,  1.001640,  1.000293,  0.999036,  0.999036
   7,  1.001640,  1.000293,  0.999036,  0.999036
Optimization terminated successfully.
         Current function value: 0.308620
         Iterations: 7
         Function evaluations: 65
         Gradient evaluations: 13
   8,  1.001046,  1.000464,  1.000183,  1.000183
   9,  1.001917,  1.000854,  0.999405,  0.999405
  10,  1.002344,  0.999922,  0.999392,  0.999392
  11,  1.002328,  0.999915,  0.999376,  0.999376
  12,  1.002295,  0.999901,  0.999342,  0.999342
  13,  1.002215,  0.999867,  0.999260,  0.999260
  14,  1.002210,  0.999864,  0.999255,  0.999255
Warning: Desired error not necessarily achieved due to precision loss.
         Current function value: 0.556891
         Iterations: 7
         Function evaluations: 372
         Gradient evaluations: 72
  15,  1.000939,  1.000405,  0.998877,  0.998877
  16,  1.001398,  1.000616,  0.999121,  0.999121
  17,  1.001554,  1.000274,  0.999128,  0.999128
  18,  1.001575,  1.000279,  0.999105,  0.999105
  19,  1.001624,  1.000290,  0.999053,  0.999053
  20,  1.001640,  1.000293,  0.999036,  0.999036
  21,  1.001640,  1.000293,  0.999036,  0.999036
Optimization terminated successfully.
         Current function value: 0.308619
         Iterations: 7
         Function evaluations: 65
         Gradient evaluations: 13
  22,  1.001046,  1.000464,  1.000183,  1.000183
  23,  1.001917,  1.000854,  0.999405,  0.999405
  24,  1.002344,  0.999922,  0.999392,  0.999392
  25,  1.002328,  0.999915,  0.999376,  0.999376
  26,  1.002295,  0.999901,  0.999342,  0.999342
  27,  1.002215,  0.999867,  0.999260,  0.999260
  28,  1.002210,  0.999864,  0.999255,  0.999255
Warning: Desired error not necessarily achieved due to precision loss.
         Current function value: 0.556890
         Iterations: 7
         Function evaluations: 411
         Gradient evaluations: 80
  29,  1.000939,  1.000405,  0.998877,  0.998877
  30,  1.001398,  1.000616,  0.999121,  0.999121
  31,  1.001554,  1.000274,  0.999128,  0.999128
  32,  1.001575,  1.000279,  0.999105,  0.999105
  33,  1.001624,  1.000290,  0.999053,  0.999053
  34,  1.001640,  1.000293,  0.999036,  0.999036
  35,  1.001640,  1.000293,  0.999036,  0.999036
Optimization terminated successfully.
         Current function value: 0.308618
         Iterations: 7
         Function evaluations: 65
         Gradient evaluations: 13
  36,  1.001046,  1.000464,  1.000183,  1.000183
  37,  1.001917,  1.000854,  0.999405,  0.999405
  38,  1.002344,  0.999922,  0.999392,  0.999392
  39,  1.002328,  0.999915,  0.999376,  0.999376
  40,  1.002295,  0.999901,  0.999342,  0.999342
  41,  1.002215,  0.999867,  0.999260,  0.999260
  42,  1.002210,  0.999864,  0.999255,  0.999255
Warning: Desired error not necessarily achieved due to precision loss.
         Current function value: 0.556889
         Iterations: 7
         Function evaluations: 407
         Gradient evaluations: 79
  43,  1.000939,  1.000405,  0.998877,  0.998877
  44,  1.001397,  1.000616,  0.999121,  0.999121
  45,  1.001554,  1.000274,  0.999128,  0.999128
  46,  1.001575,  1.000279,  0.999105,  0.999105
  47,  1.001624,  1.000290,  0.999053,  0.999053
  48,  1.001640,  1.000293,  0.999036,  0.999036
  49,  1.001640,  1.000293,  0.999036,  0.999036
Optimization terminated successfully.
         Current function value: 0.308617
         Iterations: 7
         Function evaluations: 65
         Gradient evaluations: 13
  50,  1.001046,  1.000464,  1.000183,  1.000183
  51,  1.001917,  1.000854,  0.999405,  0.999405
  52,  1.002344,  0.999922,  0.999392,  0.999392
  53,  1.002328,  0.999915,  0.999376,  0.999376
  54,  1.002295,  0.999901,  0.999342,  0.999342
  55,  1.002215,  0.999867,  0.999260,  0.999260
  56,  1.002210,  0.999864,  0.999255,  0.999255
Warning: Desired error not necessarily achieved due to precision loss.
         Current function value: 0.556888
         Iterations: 7
         Function evaluations: 386
         Gradient evaluations: 75
  57,  1.000939,  1.000405,  0.998877,  0.998877
  58,  1.001397,  1.000616,  0.999121,  0.999121
  59,  1.001554,  1.000274,  0.999128,  0.999128
  60,  1.001575,  1.000279,  0.999105,  0.999105
  61,  1.001624,  1.000290,  0.999053,  0.999053
  62,  1.001640,  1.000293,  0.999036,  0.999036
  63,  1.001640,  1.000293,  0.999036,  0.999036
Optimization terminated successfully.
         Current function value: 0.308616
         Iterations: 7
         Function evaluations: 65
         Gradient evaluations: 13
  64,  1.001046,  1.000464,  1.000183,  1.000183
  65,  1.001917,  1.000854,  0.999405,  0.999405
  66,  1.002344,  0.999922,  0.999392,  0.999392
  67,  1.002328,  0.999915,  0.999376,  0.999376
  68,  1.002295,  0.999901,  0.999342,  0.999342
  69,  1.002215,  0.999867,  0.999260,  0.999260
  70,  1.002210,  0.999864,  0.999255,  0.999255
Warning: Desired error not necessarily achieved due to precision loss.
         Current function value: 0.556887
         Iterations: 7
         Function evaluations: 340
         Gradient evaluations: 66
  71,  1.000939,  1.000405,  0.998877,  0.998877
  72,  1.001397,  1.000616,  0.999121,  0.999121
  73,  1.001554,  1.000274,  0.999128,  0.999128
  74,  1.001575,  1.000279,  0.999105,  0.999105
  75,  1.001624,  1.000290,  0.999053,  0.999053
  76,  1.001640,  1.000293,  0.999036,  0.999036
  77,  1.001640,  1.000293,  0.999036,  0.999036
Optimization terminated successfully.
         Current function value: 0.308616
         Iterations: 7
         Function evaluations: 65
         Gradient evaluations: 13
  78,  1.001046,  1.000464,  1.000183,  1.000183
  79,  1.001917,  1.000854,  0.999405,  0.999405
  80,  1.002344,  0.999922,  0.999392,  0.999392
  81,  1.002328,  0.999915,  0.999376,  0.999376
  82,  1.002295,  0.999901,  0.999342,  0.999342
  83,  1.002215,  0.999867,  0.999260,  0.999260
  84,  1.002210,  0.999864,  0.999255,  0.999255
Warning: Desired error not necessarily achieved due to precision loss.
         Current function value: 0.556886
         Iterations: 7
         Function evaluations: 365
         Gradient evaluations: 71
  85,  1.000939,  1.000405,  0.998877,  0.998877
  86,  1.001397,  1.000616,  0.999121,  0.999121
  87,  1.001554,  1.000274,  0.999128,  0.999128
  88,  1.001575,  1.000279,  0.999105,  0.999105
  89,  1.001624,  1.000290,  0.999053,  0.999053
  90,  1.001640,  1.000293,  0.999036,  0.999036
  91,  1.001640,  1.000293,  0.999036,  0.999036
Optimization terminated successfully.
         Current function value: 0.308615
         Iterations: 7
         Function evaluations: 65
         Gradient evaluations: 13
  92,  1.001046,  1.000464,  1.000183,  1.000183
  93,  1.001917,  1.000854,  0.999405,  0.999405
  94,  1.002344,  0.999922,  0.999392,  0.999392
  95,  1.002328,  0.999915,  0.999376,  0.999376
  96,  1.002295,  0.999901,  0.999342,  0.999342
  97,  1.002215,  0.999867,  0.999260,  0.999260
  98,  1.002210,  0.999864,  0.999255,  0.999255
Warning: Desired error not necessarily achieved due to precision loss.
         Current function value: 0.556885
         Iterations: 7
         Function evaluations: 270
         Gradient evaluations: 52
