fisher1 and fisher2 are: 0.9418069432607985, 0
begin truth calculations
begin calculating d2chi
   1,  0.995677,  0.998146,  1.005624,  1.005624
   2,  0.994073,  0.997415,  1.004844,  1.004844
   3,  0.993116,  0.999524,  1.004805,  1.004805
   4,  0.993260,  0.999560,  1.004632,  1.004632
   5,  0.993569,  0.999638,  1.004259,  1.004259
   6,  0.994295,  0.999802,  1.003391,  1.003391
   7,  0.994303,  0.999776,  1.003393,  1.003393
   8,  0.994303,  0.999775,  1.003393,  1.003393
   9,  0.994303,  0.999775,  1.003393,  1.003393
  10,  0.994303,  0.999775,  1.003393,  1.003393
Warning: Maximum number of iterations has been exceeded.
         Current function value: 2.981268
         Iterations: 10
         Function evaluations: 85
         Gradient evaluations: 17
  11,  0.995287,  0.997918,  0.999362,  0.999362
  12,  0.990601,  0.995838,  1.003764,  1.003764
  13,  0.987949,  1.001657,  1.003839,  1.003839
  14,  0.988574,  1.001384,  1.003766,  1.003766
  15,  0.989094,  1.001182,  1.003701,  1.003701
  16,  0.989100,  1.001170,  1.003701,  1.003701
  17,  0.989100,  1.001170,  1.003701,  1.003701
Optimization terminated successfully.
         Current function value: 11.003913
         Iterations: 7
         Function evaluations: 50
         Gradient evaluations: 10
  18,  0.995677,  0.998146,  1.005624,  1.005624
  19,  0.994073,  0.997415,  1.004844,  1.004844
  20,  0.993116,  0.999524,  1.004805,  1.004805
  21,  0.993260,  0.999560,  1.004632,  1.004632
  22,  0.993569,  0.999638,  1.004259,  1.004259
  23,  0.994295,  0.999802,  1.003391,  1.003391
  24,  0.994303,  0.999776,  1.003393,  1.003393
  25,  0.994303,  0.999775,  1.003393,  1.003393
  26,  0.994303,  0.999775,  1.003393,  1.003393
Optimization terminated successfully.
         Current function value: 2.981277
         Iterations: 9
         Function evaluations: 75
         Gradient evaluations: 15
  27,  0.995287,  0.997918,  0.999362,  0.999362
  28,  0.990601,  0.995838,  1.003764,  1.003764
  29,  0.987949,  1.001657,  1.003839,  1.003839
  30,  0.988574,  1.001384,  1.003766,  1.003766
  31,  0.989094,  1.001182,  1.003701,  1.003701
  32,  0.989100,  1.001170,  1.003701,  1.003701
  33,  0.989100,  1.001170,  1.003701,  1.003701
  34,  0.989100,  1.001170,  1.003701,  1.003701
Optimization terminated successfully.
         Current function value: 11.003947
         Iterations: 8
         Function evaluations: 65
         Gradient evaluations: 13
  35,  0.995677,  0.998146,  1.005624,  1.005624
  36,  0.994073,  0.997415,  1.004844,  1.004844
  37,  0.993116,  0.999524,  1.004805,  1.004805
  38,  0.993260,  0.999560,  1.004632,  1.004632
  39,  0.993569,  0.999638,  1.004259,  1.004259
  40,  0.994295,  0.999802,  1.003391,  1.003391
  41,  0.994302,  0.999776,  1.003393,  1.003393
  42,  0.994303,  0.999775,  1.003393,  1.003393
  43,  0.994303,  0.999775,  1.003393,  1.003393
  44,  0.994303,  0.999775,  1.003393,  1.003393
Warning: Maximum number of iterations has been exceeded.
         Current function value: 2.981286
         Iterations: 10
         Function evaluations: 80
         Gradient evaluations: 16
  45,  0.995287,  0.997918,  0.999362,  0.999362
  46,  0.990601,  0.995838,  1.003764,  1.003764
  47,  0.987949,  1.001657,  1.003839,  1.003839
  48,  0.988574,  1.001384,  1.003766,  1.003766
  49,  0.989094,  1.001182,  1.003701,  1.003701
  50,  0.989100,  1.001170,  1.003701,  1.003701
  51,  0.989100,  1.001170,  1.003701,  1.003701
Optimization terminated successfully.
         Current function value: 11.003982
         Iterations: 7
         Function evaluations: 50
         Gradient evaluations: 10
  52,  0.995677,  0.998146,  1.005624,  1.005624
  53,  0.994073,  0.997415,  1.004844,  1.004844
  54,  0.993116,  0.999524,  1.004805,  1.004805
  55,  0.993260,  0.999560,  1.004632,  1.004632
  56,  0.993569,  0.999638,  1.004259,  1.004259
  57,  0.994295,  0.999802,  1.003391,  1.003391
  58,  0.994302,  0.999776,  1.003393,  1.003393
  59,  0.994303,  0.999775,  1.003393,  1.003393
  60,  0.994303,  0.999775,  1.003393,  1.003393
Optimization terminated successfully.
         Current function value: 2.981294
         Iterations: 9
         Function evaluations: 75
         Gradient evaluations: 15
  61,  0.995287,  0.997918,  0.999362,  0.999362
  62,  0.990601,  0.995838,  1.003764,  1.003764
  63,  0.987949,  1.001657,  1.003839,  1.003839
  64,  0.988574,  1.001384,  1.003766,  1.003766
  65,  0.989094,  1.001182,  1.003701,  1.003701
  66,  0.989100,  1.001170,  1.003701,  1.003701
  67,  0.989100,  1.001170,  1.003701,  1.003701
Optimization terminated successfully.
         Current function value: 11.004016
         Iterations: 7
         Function evaluations: 50
         Gradient evaluations: 10
  68,  0.995677,  0.998146,  1.005624,  1.005624
  69,  0.994073,  0.997415,  1.004844,  1.004844
  70,  0.993116,  0.999524,  1.004805,  1.004805
  71,  0.993260,  0.999560,  1.004632,  1.004632
  72,  0.993569,  0.999638,  1.004259,  1.004259
  73,  0.994295,  0.999802,  1.003391,  1.003391
  74,  0.994302,  0.999776,  1.003393,  1.003393
  75,  0.994303,  0.999775,  1.003393,  1.003393
  76,  0.994303,  0.999775,  1.003393,  1.003393
  77,  0.994303,  0.999775,  1.003393,  1.003393
Warning: Maximum number of iterations has been exceeded.
         Current function value: 2.981303
         Iterations: 10
         Function evaluations: 80
         Gradient evaluations: 16
  78,  0.995287,  0.997918,  0.999362,  0.999362
  79,  0.990601,  0.995838,  1.003764,  1.003764
  80,  0.987949,  1.001657,  1.003839,  1.003839
  81,  0.988574,  1.001384,  1.003766,  1.003766
  82,  0.989094,  1.001182,  1.003701,  1.003701
  83,  0.989100,  1.001170,  1.003701,  1.003701
  84,  0.989100,  1.001170,  1.003701,  1.003701
Optimization terminated successfully.
         Current function value: 11.004050
         Iterations: 7
         Function evaluations: 50
         Gradient evaluations: 10
  85,  0.995677,  0.998146,  1.005624,  1.005624
  86,  0.994073,  0.997415,  1.004844,  1.004844
  87,  0.993116,  0.999524,  1.004805,  1.004805
  88,  0.993260,  0.999560,  1.004632,  1.004632
  89,  0.993569,  0.999638,  1.004259,  1.004259
  90,  0.994294,  0.999802,  1.003391,  1.003391
  91,  0.994302,  0.999776,  1.003393,  1.003393
  92,  0.994303,  0.999775,  1.003393,  1.003393
  93,  0.994303,  0.999775,  1.003393,  1.003393
  94,  0.994303,  0.999775,  1.003393,  1.003393
Warning: Maximum number of iterations has been exceeded.
         Current function value: 2.981312
         Iterations: 10
         Function evaluations: 85
         Gradient evaluations: 17
  95,  0.995287,  0.997918,  0.999362,  0.999362
  96,  0.990601,  0.995838,  1.003764,  1.003764
  97,  0.987949,  1.001657,  1.003839,  1.003839
  98,  0.988574,  1.001384,  1.003766,  1.003766
  99,  0.989094,  1.001182,  1.003701,  1.003701
 100,  0.989100,  1.001170,  1.003701,  1.003701
 101,  0.989100,  1.001170,  1.003701,  1.003701
Optimization terminated successfully.
         Current function value: 11.004085
         Iterations: 7
         Function evaluations: 50
         Gradient evaluations: 10
 102,  0.995677,  0.998146,  1.005624,  1.005624
 103,  0.994073,  0.997415,  1.004844,  1.004844
 104,  0.993116,  0.999524,  1.004805,  1.004805
 105,  0.993260,  0.999560,  1.004632,  1.004632
 106,  0.993569,  0.999638,  1.004259,  1.004259
 107,  0.994294,  0.999802,  1.003391,  1.003391
 108,  0.994302,  0.999776,  1.003393,  1.003393
 109,  0.994303,  0.999775,  1.003393,  1.003393
 110,  0.994303,  0.999775,  1.003393,  1.003393
 111,  0.994303,  0.999775,  1.003393,  1.003393
Warning: Maximum number of iterations has been exceeded.
         Current function value: 2.981320
         Iterations: 10
         Function evaluations: 95
         Gradient evaluations: 19
 112,  0.995287,  0.997918,  0.999362,  0.999362
 113,  0.990601,  0.995838,  1.003764,  1.003764
 114,  0.987949,  1.001657,  1.003839,  1.003839
 115,  0.988574,  1.001384,  1.003766,  1.003766
 116,  0.989094,  1.001182,  1.003701,  1.003701
 117,  0.989100,  1.001170,  1.003701,  1.003701
 118,  0.989100,  1.001170,  1.003701,  1.003701
Optimization terminated successfully.
         Current function value: 11.004119
         Iterations: 7
         Function evaluations: 50
         Gradient evaluations: 10
