fisher1 and fisher2 are: 0.74074501343105, 0
begin truth calculations
begin calculating d2chi
   1,  1.001271,  1.000554,  0.998691,  0.998691
   2,  1.001801,  1.000802,  0.999023,  0.999023
   3,  1.001587,  1.001286,  0.999007,  0.999007
   4,  1.001684,  1.001157,  0.998978,  0.998978
   5,  1.001915,  1.000850,  0.998910,  0.998910
   6,  1.001916,  1.000848,  0.998910,  0.998910
   7,  1.001916,  1.000848,  0.998910,  0.998910
Optimization terminated successfully.
         Current function value: 0.716550
         Iterations: 7
         Function evaluations: 65
         Gradient evaluations: 13
   8,  1.000199,  1.000091,  1.000084,  1.000084
   9,  1.000534,  1.000251,  0.999823,  0.999823
  10,  1.000475,  1.000379,  0.999824,  0.999824
  11,  1.000481,  1.000382,  0.999822,  0.999822
  12,  1.000495,  1.000387,  0.999816,  0.999816
  13,  1.000527,  1.000400,  0.999802,  0.999802
  14,  1.000528,  1.000401,  0.999802,  0.999802
Optimization terminated successfully.
         Current function value: 0.186132
         Iterations: 7
         Function evaluations: 55
         Gradient evaluations: 11
  15,  1.001271,  1.000554,  0.998691,  0.998691
  16,  1.001801,  1.000802,  0.999023,  0.999023
  17,  1.001587,  1.001286,  0.999007,  0.999007
  18,  1.001684,  1.001157,  0.998978,  0.998978
  19,  1.001915,  1.000850,  0.998910,  0.998910
  20,  1.001916,  1.000848,  0.998910,  0.998910
  21,  1.001916,  1.000848,  0.998910,  0.998910
Optimization terminated successfully.
         Current function value: 0.716550
         Iterations: 7
         Function evaluations: 65
         Gradient evaluations: 13
  22,  1.000199,  1.000091,  1.000084,  1.000084
  23,  1.000534,  1.000251,  0.999823,  0.999823
  24,  1.000475,  1.000379,  0.999824,  0.999824
  25,  1.000481,  1.000382,  0.999822,  0.999822
  26,  1.000495,  1.000387,  0.999816,  0.999816
  27,  1.000527,  1.000400,  0.999802,  0.999802
  28,  1.000528,  1.000401,  0.999802,  0.999802
Optimization terminated successfully.
         Current function value: 0.186133
         Iterations: 7
         Function evaluations: 55
         Gradient evaluations: 11
  29,  1.001271,  1.000554,  0.998691,  0.998691
  30,  1.001801,  1.000802,  0.999023,  0.999023
  31,  1.001587,  1.001286,  0.999007,  0.999007
  32,  1.001684,  1.001157,  0.998978,  0.998978
  33,  1.001915,  1.000850,  0.998910,  0.998910
  34,  1.001916,  1.000848,  0.998910,  0.998910
  35,  1.001916,  1.000848,  0.998910,  0.998910
Optimization terminated successfully.
         Current function value: 0.716549
         Iterations: 7
         Function evaluations: 65
         Gradient evaluations: 13
  36,  1.000199,  1.000091,  1.000084,  1.000084
  37,  1.000534,  1.000251,  0.999823,  0.999823
  38,  1.000475,  1.000379,  0.999824,  0.999824
  39,  1.000481,  1.000382,  0.999822,  0.999822
  40,  1.000495,  1.000387,  0.999816,  0.999816
  41,  1.000527,  1.000400,  0.999802,  0.999802
  42,  1.000528,  1.000401,  0.999802,  0.999802
Optimization terminated successfully.
         Current function value: 0.186134
         Iterations: 7
         Function evaluations: 55
         Gradient evaluations: 11
  43,  1.001271,  1.000554,  0.998691,  0.998691
  44,  1.001801,  1.000802,  0.999023,  0.999023
  45,  1.001587,  1.001287,  0.999007,  0.999007
  46,  1.001684,  1.001157,  0.998978,  0.998978
  47,  1.001915,  1.000850,  0.998910,  0.998910
  48,  1.001916,  1.000848,  0.998910,  0.998910
  49,  1.001916,  1.000848,  0.998910,  0.998910
Optimization terminated successfully.
         Current function value: 0.716549
         Iterations: 7
         Function evaluations: 65
         Gradient evaluations: 13
  50,  1.000199,  1.000091,  1.000084,  1.000084
  51,  1.000534,  1.000251,  0.999823,  0.999823
  52,  1.000475,  1.000379,  0.999824,  0.999824
  53,  1.000481,  1.000382,  0.999822,  0.999822
  54,  1.000495,  1.000387,  0.999816,  0.999816
  55,  1.000527,  1.000400,  0.999802,  0.999802
  56,  1.000528,  1.000401,  0.999802,  0.999802
Optimization terminated successfully.
         Current function value: 0.186136
         Iterations: 7
         Function evaluations: 55
         Gradient evaluations: 11
  57,  1.001271,  1.000554,  0.998691,  0.998691
  58,  1.001801,  1.000802,  0.999023,  0.999023
  59,  1.001587,  1.001287,  0.999007,  0.999007
  60,  1.001685,  1.001157,  0.998978,  0.998978
  61,  1.001915,  1.000850,  0.998910,  0.998910
  62,  1.001916,  1.000848,  0.998910,  0.998910
  63,  1.001916,  1.000848,  0.998910,  0.998910
Optimization terminated successfully.
         Current function value: 0.716549
         Iterations: 7
         Function evaluations: 65
         Gradient evaluations: 13
  64,  1.000199,  1.000091,  1.000084,  1.000084
  65,  1.000534,  1.000251,  0.999823,  0.999823
  66,  1.000475,  1.000379,  0.999824,  0.999824
  67,  1.000481,  1.000382,  0.999822,  0.999822
  68,  1.000495,  1.000387,  0.999816,  0.999816
  69,  1.000527,  1.000400,  0.999802,  0.999802
  70,  1.000528,  1.000401,  0.999802,  0.999802
Optimization terminated successfully.
         Current function value: 0.186137
         Iterations: 7
         Function evaluations: 55
         Gradient evaluations: 11
  71,  1.001271,  1.000554,  0.998691,  0.998691
  72,  1.001801,  1.000802,  0.999023,  0.999023
  73,  1.001587,  1.001287,  0.999007,  0.999007
  74,  1.001685,  1.001157,  0.998978,  0.998978
  75,  1.001915,  1.000850,  0.998910,  0.998910
  76,  1.001916,  1.000848,  0.998910,  0.998910
  77,  1.001916,  1.000848,  0.998910,  0.998910
Optimization terminated successfully.
         Current function value: 0.716549
         Iterations: 7
         Function evaluations: 65
         Gradient evaluations: 13
  78,  1.000199,  1.000091,  1.000084,  1.000084
  79,  1.000534,  1.000251,  0.999823,  0.999823
  80,  1.000475,  1.000379,  0.999824,  0.999824
  81,  1.000481,  1.000382,  0.999822,  0.999822
  82,  1.000495,  1.000387,  0.999816,  0.999816
  83,  1.000527,  1.000400,  0.999802,  0.999802
  84,  1.000528,  1.000401,  0.999802,  0.999802
Optimization terminated successfully.
         Current function value: 0.186138
         Iterations: 7
         Function evaluations: 55
         Gradient evaluations: 11
  85,  1.001271,  1.000554,  0.998691,  0.998691
  86,  1.001801,  1.000802,  0.999023,  0.999023
  87,  1.001587,  1.001287,  0.999007,  0.999007
  88,  1.001685,  1.001157,  0.998978,  0.998978
  89,  1.001915,  1.000850,  0.998910,  0.998910
  90,  1.001916,  1.000848,  0.998910,  0.998910
  91,  1.001916,  1.000848,  0.998910,  0.998910
Optimization terminated successfully.
         Current function value: 0.716548
         Iterations: 7
         Function evaluations: 65
         Gradient evaluations: 13
  92,  1.000199,  1.000091,  1.000084,  1.000084
  93,  1.000534,  1.000251,  0.999823,  0.999823
  94,  1.000475,  1.000379,  0.999824,  0.999824
  95,  1.000481,  1.000382,  0.999822,  0.999822
  96,  1.000495,  1.000387,  0.999816,  0.999816
  97,  1.000527,  1.000400,  0.999802,  0.999802
  98,  1.000528,  1.000401,  0.999802,  0.999802
Optimization terminated successfully.
         Current function value: 0.186139
         Iterations: 7
         Function evaluations: 55
         Gradient evaluations: 11
