fisher1 and fisher2 are: 0.8852582754961817, 0
begin truth calculations
begin calculating d2chi
   1,  0.998840,  0.999501,  1.001474,  1.001474
   2,  0.998399,  0.999300,  1.001254,  1.001254
   3,  0.998169,  0.999805,  1.001244,  1.001244
   4,  0.998217,  0.999817,  1.001187,  1.001187
   5,  0.998325,  0.999844,  1.001060,  1.001060
   6,  0.998433,  0.999869,  1.000933,  1.000933
   7,  0.998434,  0.999869,  1.000933,  1.000933
   8,  0.998434,  0.999869,  1.000933,  1.000933
Optimization terminated successfully.
         Current function value: 0.239770
         Iterations: 8
         Function evaluations: 70
         Gradient evaluations: 14
   9,  0.998823,  0.999480,  0.999826,  0.999826
  10,  0.997661,  0.998964,  1.000893,  1.000893
  11,  0.997076,  1.000245,  1.000910,  1.000910
  12,  0.997173,  1.000276,  1.000921,  1.000921
  13,  0.997238,  1.000300,  1.000929,  1.000929
  14,  0.997238,  1.000300,  1.000929,  1.000929
Optimization terminated successfully.
         Current function value: 0.750590
         Iterations: 6
         Function evaluations: 45
         Gradient evaluations: 9
  15,  0.998840,  0.999501,  1.001474,  1.001474
  16,  0.998399,  0.999300,  1.001254,  1.001254
  17,  0.998169,  0.999805,  1.001244,  1.001244
  18,  0.998217,  0.999817,  1.001187,  1.001187
  19,  0.998325,  0.999844,  1.001060,  1.001060
  20,  0.998433,  0.999869,  1.000933,  1.000933
  21,  0.998434,  0.999869,  1.000933,  1.000933
  22,  0.998434,  0.999869,  1.000933,  1.000933
Optimization terminated successfully.
         Current function value: 0.239772
         Iterations: 8
         Function evaluations: 70
         Gradient evaluations: 14
  23,  0.998823,  0.999480,  0.999826,  0.999826
  24,  0.997661,  0.998963,  1.000893,  1.000893
  25,  0.997076,  1.000245,  1.000910,  1.000910
  26,  0.997173,  1.000276,  1.000921,  1.000921
  27,  0.997238,  1.000300,  1.000929,  1.000929
  28,  0.997238,  1.000300,  1.000929,  1.000929
Optimization terminated successfully.
         Current function value: 0.750596
         Iterations: 6
         Function evaluations: 45
         Gradient evaluations: 9
  29,  0.998840,  0.999501,  1.001474,  1.001474
  30,  0.998399,  0.999300,  1.001254,  1.001254
  31,  0.998169,  0.999805,  1.001244,  1.001244
  32,  0.998217,  0.999817,  1.001187,  1.001187
  33,  0.998325,  0.999844,  1.001060,  1.001060
  34,  0.998433,  0.999869,  1.000933,  1.000933
  35,  0.998434,  0.999869,  1.000933,  1.000933
  36,  0.998434,  0.999869,  1.000933,  1.000933
Optimization terminated successfully.
         Current function value: 0.239774
         Iterations: 8
         Function evaluations: 70
         Gradient evaluations: 14
  37,  0.998823,  0.999480,  0.999826,  0.999826
  38,  0.997661,  0.998963,  1.000893,  1.000893
  39,  0.997076,  1.000245,  1.000910,  1.000910
  40,  0.997173,  1.000276,  1.000921,  1.000921
  41,  0.997238,  1.000300,  1.000929,  1.000929
  42,  0.997238,  1.000300,  1.000929,  1.000929
Optimization terminated successfully.
         Current function value: 0.750602
         Iterations: 6
         Function evaluations: 45
         Gradient evaluations: 9
  43,  0.998840,  0.999501,  1.001474,  1.001474
  44,  0.998399,  0.999300,  1.001254,  1.001254
  45,  0.998169,  0.999805,  1.001244,  1.001244
  46,  0.998217,  0.999817,  1.001187,  1.001187
  47,  0.998325,  0.999844,  1.001060,  1.001060
  48,  0.998433,  0.999869,  1.000933,  1.000933
  49,  0.998434,  0.999869,  1.000933,  1.000933
  50,  0.998434,  0.999869,  1.000933,  1.000933
Optimization terminated successfully.
         Current function value: 0.239776
         Iterations: 8
         Function evaluations: 70
         Gradient evaluations: 14
  51,  0.998823,  0.999480,  0.999826,  0.999826
  52,  0.997661,  0.998963,  1.000893,  1.000893
  53,  0.997076,  1.000245,  1.000910,  1.000910
  54,  0.997173,  1.000276,  1.000921,  1.000921
  55,  0.997238,  1.000300,  1.000929,  1.000929
  56,  0.997238,  1.000300,  1.000929,  1.000929
Optimization terminated successfully.
         Current function value: 0.750608
         Iterations: 6
         Function evaluations: 45
         Gradient evaluations: 9
  57,  0.998840,  0.999501,  1.001474,  1.001474
  58,  0.998399,  0.999300,  1.001254,  1.001254
  59,  0.998169,  0.999805,  1.001244,  1.001244
  60,  0.998217,  0.999817,  1.001187,  1.001187
  61,  0.998325,  0.999844,  1.001060,  1.001060
  62,  0.998433,  0.999869,  1.000933,  1.000933
  63,  0.998434,  0.999869,  1.000933,  1.000933
  64,  0.998434,  0.999869,  1.000933,  1.000933
Optimization terminated successfully.
         Current function value: 0.239777
         Iterations: 8
         Function evaluations: 70
         Gradient evaluations: 14
  65,  0.998823,  0.999480,  0.999826,  0.999826
  66,  0.997661,  0.998963,  1.000893,  1.000893
  67,  0.997076,  1.000245,  1.000910,  1.000910
  68,  0.997173,  1.000276,  1.000921,  1.000921
  69,  0.997238,  1.000300,  1.000929,  1.000929
  70,  0.997238,  1.000300,  1.000929,  1.000929
Optimization terminated successfully.
         Current function value: 0.750614
         Iterations: 6
         Function evaluations: 45
         Gradient evaluations: 9
  71,  0.998840,  0.999501,  1.001474,  1.001474
  72,  0.998399,  0.999300,  1.001254,  1.001254
  73,  0.998169,  0.999805,  1.001244,  1.001244
  74,  0.998217,  0.999817,  1.001187,  1.001187
  75,  0.998325,  0.999844,  1.001060,  1.001060
  76,  0.998433,  0.999869,  1.000933,  1.000933
  77,  0.998434,  0.999869,  1.000933,  1.000933
  78,  0.998434,  0.999869,  1.000933,  1.000933
Optimization terminated successfully.
         Current function value: 0.239779
         Iterations: 8
         Function evaluations: 70
         Gradient evaluations: 14
  79,  0.998823,  0.999480,  0.999826,  0.999826
  80,  0.997661,  0.998963,  1.000893,  1.000893
  81,  0.997076,  1.000245,  1.000910,  1.000910
  82,  0.997173,  1.000276,  1.000921,  1.000921
  83,  0.997238,  1.000300,  1.000929,  1.000929
  84,  0.997238,  1.000300,  1.000929,  1.000929
Optimization terminated successfully.
         Current function value: 0.750620
         Iterations: 6
         Function evaluations: 45
         Gradient evaluations: 9
  85,  0.998840,  0.999501,  1.001474,  1.001474
  86,  0.998399,  0.999300,  1.001254,  1.001254
  87,  0.998169,  0.999805,  1.001244,  1.001244
  88,  0.998217,  0.999817,  1.001187,  1.001187
  89,  0.998325,  0.999844,  1.001060,  1.001060
  90,  0.998433,  0.999869,  1.000933,  1.000933
  91,  0.998434,  0.999869,  1.000933,  1.000933
Optimization terminated successfully.
         Current function value: 0.239781
         Iterations: 7
         Function evaluations: 65
         Gradient evaluations: 13
  92,  0.998823,  0.999480,  0.999826,  0.999826
  93,  0.997661,  0.998963,  1.000893,  1.000893
  94,  0.997076,  1.000245,  1.000910,  1.000910
  95,  0.997173,  1.000276,  1.000921,  1.000921
  96,  0.997238,  1.000300,  1.000929,  1.000929
  97,  0.997238,  1.000300,  1.000929,  1.000929
Optimization terminated successfully.
         Current function value: 0.750626
         Iterations: 6
         Function evaluations: 45
         Gradient evaluations: 9
