fisher1 and fisher2 are: 0.9449485359143883, 0
begin truth calculations
begin calculating d2chi
   1,  0.995465,  0.998056,  1.005906,  1.005906
   2,  0.993785,  0.997290,  1.005089,  1.005089
   3,  0.992768,  0.999531,  1.005048,  1.005048
   4,  0.992917,  0.999566,  1.004871,  1.004871
   5,  0.993236,  0.999642,  1.004487,  1.004487
   6,  0.994020,  0.999810,  1.003553,  1.003553
   7,  0.994031,  0.999779,  1.003554,  1.003554
   8,  0.994032,  0.999778,  1.003554,  1.003554
   9,  0.994032,  0.999778,  1.003554,  1.003554
Optimization terminated successfully.
         Current function value: 3.262052
         Iterations: 9
         Function evaluations: 75
         Gradient evaluations: 15
  10,  0.995040,  0.997809,  0.999332,  0.999332
  11,  0.990107,  0.995620,  1.003973,  1.003973
  12,  0.987235,  1.001922,  1.004054,  1.004054
  13,  0.987913,  1.001552,  1.003973,  1.003973
  14,  0.988535,  1.001240,  1.003893,  1.003893
  15,  0.988542,  1.001224,  1.003893,  1.003893
  16,  0.988543,  1.001223,  1.003893,  1.003893
Optimization terminated successfully.
         Current function value: 12.120894
         Iterations: 7
         Function evaluations: 50
         Gradient evaluations: 10
  17,  0.995465,  0.998056,  1.005906,  1.005906
  18,  0.993785,  0.997290,  1.005089,  1.005089
  19,  0.992768,  0.999531,  1.005048,  1.005048
  20,  0.992917,  0.999566,  1.004871,  1.004871
  21,  0.993236,  0.999642,  1.004487,  1.004487
  22,  0.994020,  0.999810,  1.003553,  1.003553
  23,  0.994031,  0.999779,  1.003554,  1.003554
  24,  0.994032,  0.999778,  1.003554,  1.003554
  25,  0.994032,  0.999778,  1.003554,  1.003554
  26,  0.994032,  0.999778,  1.003554,  1.003554
Warning: Maximum number of iterations has been exceeded.
         Current function value: 3.262061
         Iterations: 10
         Function evaluations: 85
         Gradient evaluations: 17
  27,  0.995040,  0.997809,  0.999332,  0.999332
  28,  0.990107,  0.995620,  1.003973,  1.003973
  29,  0.987235,  1.001922,  1.004054,  1.004054
  30,  0.987913,  1.001552,  1.003973,  1.003973
  31,  0.988535,  1.001240,  1.003893,  1.003893
  32,  0.988542,  1.001224,  1.003893,  1.003893
  33,  0.988543,  1.001223,  1.003893,  1.003893
Optimization terminated successfully.
         Current function value: 12.120931
         Iterations: 7
         Function evaluations: 50
         Gradient evaluations: 10
  34,  0.995465,  0.998056,  1.005906,  1.005906
  35,  0.993785,  0.997290,  1.005089,  1.005089
  36,  0.992767,  0.999531,  1.005048,  1.005048
  37,  0.992917,  0.999566,  1.004871,  1.004871
  38,  0.993236,  0.999642,  1.004487,  1.004487
  39,  0.994020,  0.999810,  1.003553,  1.003553
  40,  0.994031,  0.999779,  1.003554,  1.003554
  41,  0.994032,  0.999778,  1.003554,  1.003554
  42,  0.994032,  0.999778,  1.003554,  1.003554
Warning: Desired error not necessarily achieved due to precision loss.
         Current function value: 3.262070
         Iterations: 9
         Function evaluations: 467
         Gradient evaluations: 91
  43,  0.995040,  0.997809,  0.999332,  0.999332
  44,  0.990107,  0.995620,  1.003973,  1.003973
  45,  0.987235,  1.001922,  1.004054,  1.004054
  46,  0.987913,  1.001552,  1.003973,  1.003973
  47,  0.988535,  1.001240,  1.003893,  1.003893
  48,  0.988542,  1.001224,  1.003893,  1.003893
  49,  0.988543,  1.001223,  1.003893,  1.003893
Optimization terminated successfully.
         Current function value: 12.120967
         Iterations: 7
         Function evaluations: 50
         Gradient evaluations: 10
  50,  0.995465,  0.998056,  1.005906,  1.005906
  51,  0.993785,  0.997290,  1.005089,  1.005089
  52,  0.992767,  0.999531,  1.005048,  1.005048
  53,  0.992917,  0.999566,  1.004871,  1.004871
  54,  0.993236,  0.999642,  1.004487,  1.004487
  55,  0.994020,  0.999810,  1.003553,  1.003553
  56,  0.994031,  0.999779,  1.003554,  1.003554
  57,  0.994032,  0.999778,  1.003554,  1.003554
  58,  0.994032,  0.999778,  1.003554,  1.003554
  59,  0.994032,  0.999778,  1.003554,  1.003554
Warning: Maximum number of iterations has been exceeded.
         Current function value: 3.262079
         Iterations: 10
         Function evaluations: 85
         Gradient evaluations: 17
  60,  0.995040,  0.997809,  0.999332,  0.999332
  61,  0.990107,  0.995620,  1.003973,  1.003973
  62,  0.987235,  1.001922,  1.004054,  1.004054
  63,  0.987913,  1.001552,  1.003973,  1.003973
  64,  0.988535,  1.001240,  1.003893,  1.003893
  65,  0.988542,  1.001224,  1.003893,  1.003893
  66,  0.988543,  1.001223,  1.003893,  1.003893
  67,  0.988543,  1.001223,  1.003893,  1.003893
Optimization terminated successfully.
         Current function value: 12.121004
         Iterations: 8
         Function evaluations: 110
         Gradient evaluations: 22
  68,  0.995465,  0.998056,  1.005906,  1.005906
  69,  0.993785,  0.997290,  1.005089,  1.005089
  70,  0.992767,  0.999531,  1.005048,  1.005048
  71,  0.992917,  0.999566,  1.004871,  1.004871
  72,  0.993236,  0.999642,  1.004487,  1.004487
  73,  0.994020,  0.999810,  1.003553,  1.003553
  74,  0.994031,  0.999779,  1.003554,  1.003554
  75,  0.994032,  0.999778,  1.003554,  1.003554
  76,  0.994032,  0.999778,  1.003554,  1.003554
  77,  0.994032,  0.999778,  1.003554,  1.003554
Warning: Maximum number of iterations has been exceeded.
         Current function value: 3.262088
         Iterations: 10
         Function evaluations: 105
         Gradient evaluations: 21
  78,  0.995040,  0.997809,  0.999332,  0.999332
  79,  0.990107,  0.995620,  1.003973,  1.003973
  80,  0.987235,  1.001922,  1.004054,  1.004054
  81,  0.987913,  1.001552,  1.003973,  1.003973
  82,  0.988535,  1.001240,  1.003893,  1.003893
  83,  0.988542,  1.001224,  1.003893,  1.003893
  84,  0.988543,  1.001223,  1.003893,  1.003893
Optimization terminated successfully.
         Current function value: 12.121041
         Iterations: 7
         Function evaluations: 50
         Gradient evaluations: 10
  85,  0.995465,  0.998056,  1.005906,  1.005906
  86,  0.993785,  0.997290,  1.005089,  1.005089
  87,  0.992767,  0.999531,  1.005048,  1.005048
  88,  0.992916,  0.999566,  1.004871,  1.004871
  89,  0.993236,  0.999642,  1.004487,  1.004487
  90,  0.994020,  0.999810,  1.003553,  1.003553
  91,  0.994031,  0.999779,  1.003554,  1.003554
  92,  0.994032,  0.999778,  1.003554,  1.003554
  93,  0.994032,  0.999778,  1.003554,  1.003554
Optimization terminated successfully.
         Current function value: 3.262098
         Iterations: 9
         Function evaluations: 75
         Gradient evaluations: 15
  94,  0.995040,  0.997809,  0.999332,  0.999332
  95,  0.990107,  0.995620,  1.003973,  1.003973
  96,  0.987235,  1.001922,  1.004054,  1.004054
  97,  0.987913,  1.001552,  1.003973,  1.003973
  98,  0.988535,  1.001240,  1.003893,  1.003893
  99,  0.988542,  1.001224,  1.003893,  1.003893
 100,  0.988543,  1.001223,  1.003893,  1.003893
Optimization terminated successfully.
         Current function value: 12.121078
         Iterations: 7
         Function evaluations: 50
         Gradient evaluations: 10
 101,  0.995465,  0.998056,  1.005906,  1.005906
 102,  0.993785,  0.997290,  1.005089,  1.005089
 103,  0.992767,  0.999531,  1.005048,  1.005048
 104,  0.992916,  0.999566,  1.004871,  1.004871
 105,  0.993236,  0.999642,  1.004487,  1.004487
 106,  0.994020,  0.999810,  1.003553,  1.003553
 107,  0.994031,  0.999779,  1.003554,  1.003554
 108,  0.994031,  0.999778,  1.003554,  1.003554
 109,  0.994032,  0.999778,  1.003554,  1.003554
 110,  0.994032,  0.999778,  1.003554,  1.003554
Warning: Maximum number of iterations has been exceeded.
         Current function value: 3.262107
         Iterations: 10
         Function evaluations: 150
         Gradient evaluations: 30
 111,  0.995040,  0.997809,  0.999332,  0.999332
 112,  0.990107,  0.995620,  1.003973,  1.003973
 113,  0.987235,  1.001922,  1.004054,  1.004054
 114,  0.987913,  1.001552,  1.003973,  1.003973
 115,  0.988535,  1.001240,  1.003893,  1.003893
 116,  0.988542,  1.001224,  1.003893,  1.003893
 117,  0.988542,  1.001223,  1.003893,  1.003893
Optimization terminated successfully.
         Current function value: 12.121114
         Iterations: 7
         Function evaluations: 50
         Gradient evaluations: 10
