fisher1 and fisher2 are: 0.6967627162807926, 0
begin truth calculations
begin calculating d2chi
   1,  1.000975,  1.000439,  0.999412,  0.999412
   2,  1.001159,  1.000531,  0.999617,  0.999617
   3,  1.000771,  1.001385,  0.999600,  0.999600
   4,  1.000830,  1.001407,  0.999567,  0.999567
   5,  1.000830,  1.001408,  0.999567,  0.999567
   6,  1.000830,  1.001408,  0.999567,  0.999567
Optimization terminated successfully.
         Current function value: 0.798235
         Iterations: 6
         Function evaluations: 110
         Gradient evaluations: 22
   7,  0.998536,  0.999360,  0.999985,  0.999985
   8,  0.997086,  0.998733,  1.001511,  1.001511
   9,  0.996091,  1.000908,  1.001541,  1.001541
  10,  0.996219,  1.000957,  1.001423,  1.001423
  11,  0.996503,  1.001070,  1.001160,  1.001160
  12,  0.996503,  1.001070,  1.001160,  1.001160
  13,  0.996503,  1.001070,  1.001160,  1.001160
Optimization terminated successfully.
         Current function value: 0.867855
         Iterations: 7
         Function evaluations: 50
         Gradient evaluations: 10
  14,  1.000975,  1.000439,  0.999412,  0.999412
  15,  1.001159,  1.000531,  0.999617,  0.999617
  16,  1.000771,  1.001385,  0.999600,  0.999600
  17,  1.000830,  1.001407,  0.999567,  0.999567
  18,  1.000830,  1.001408,  0.999567,  0.999567
Optimization terminated successfully.
         Current function value: 0.798235
         Iterations: 5
         Function evaluations: 50
         Gradient evaluations: 10
  19,  0.998536,  0.999360,  0.999985,  0.999985
  20,  0.997086,  0.998733,  1.001511,  1.001511
  21,  0.996091,  1.000908,  1.001541,  1.001541
  22,  0.996219,  1.000957,  1.001423,  1.001423
  23,  0.996503,  1.001070,  1.001160,  1.001160
  24,  0.996503,  1.001070,  1.001160,  1.001160
  25,  0.996503,  1.001070,  1.001160,  1.001160
Optimization terminated successfully.
         Current function value: 0.867849
         Iterations: 7
         Function evaluations: 50
         Gradient evaluations: 10
  26,  1.000975,  1.000439,  0.999412,  0.999412
  27,  1.001159,  1.000531,  0.999617,  0.999617
  28,  1.000771,  1.001385,  0.999600,  0.999600
  29,  1.000830,  1.001407,  0.999567,  0.999567
  30,  1.000830,  1.001408,  0.999567,  0.999567
Optimization terminated successfully.
         Current function value: 0.798235
         Iterations: 5
         Function evaluations: 50
         Gradient evaluations: 10
  31,  0.998536,  0.999360,  0.999985,  0.999985
  32,  0.997086,  0.998733,  1.001511,  1.001511
  33,  0.996091,  1.000908,  1.001541,  1.001541
  34,  0.996219,  1.000957,  1.001423,  1.001423
  35,  0.996503,  1.001070,  1.001160,  1.001160
  36,  0.996503,  1.001070,  1.001160,  1.001160
  37,  0.996503,  1.001070,  1.001160,  1.001160
Optimization terminated successfully.
         Current function value: 0.867843
         Iterations: 7
         Function evaluations: 50
         Gradient evaluations: 10
  38,  1.000975,  1.000439,  0.999412,  0.999412
  39,  1.001159,  1.000531,  0.999617,  0.999617
  40,  1.000771,  1.001385,  0.999600,  0.999600
  41,  1.000830,  1.001407,  0.999567,  0.999567
  42,  1.000830,  1.001408,  0.999567,  0.999567
Optimization terminated successfully.
         Current function value: 0.798234
         Iterations: 5
         Function evaluations: 50
         Gradient evaluations: 10
  43,  0.998536,  0.999360,  0.999985,  0.999985
  44,  0.997086,  0.998733,  1.001511,  1.001511
  45,  0.996091,  1.000908,  1.001541,  1.001541
  46,  0.996219,  1.000957,  1.001423,  1.001423
  47,  0.996504,  1.001070,  1.001160,  1.001160
  48,  0.996503,  1.001070,  1.001160,  1.001160
  49,  0.996503,  1.001070,  1.001160,  1.001160
Optimization terminated successfully.
         Current function value: 0.867837
         Iterations: 7
         Function evaluations: 50
         Gradient evaluations: 10
  50,  1.000975,  1.000439,  0.999412,  0.999412
  51,  1.001159,  1.000531,  0.999617,  0.999617
  52,  1.000771,  1.001385,  0.999600,  0.999600
  53,  1.000830,  1.001407,  0.999567,  0.999567
  54,  1.000830,  1.001408,  0.999567,  0.999567
Optimization terminated successfully.
         Current function value: 0.798234
         Iterations: 5
         Function evaluations: 50
         Gradient evaluations: 10
  55,  0.998536,  0.999360,  0.999985,  0.999985
  56,  0.997086,  0.998733,  1.001511,  1.001511
  57,  0.996091,  1.000908,  1.001541,  1.001541
  58,  0.996219,  1.000957,  1.001423,  1.001423
  59,  0.996504,  1.001070,  1.001160,  1.001160
  60,  0.996503,  1.001070,  1.001160,  1.001160
  61,  0.996503,  1.001070,  1.001160,  1.001160
Optimization terminated successfully.
         Current function value: 0.867831
         Iterations: 7
         Function evaluations: 50
         Gradient evaluations: 10
  62,  1.000975,  1.000439,  0.999412,  0.999412
  63,  1.001159,  1.000531,  0.999617,  0.999617
  64,  1.000771,  1.001385,  0.999600,  0.999600
  65,  1.000830,  1.001407,  0.999567,  0.999567
  66,  1.000830,  1.001408,  0.999567,  0.999567
Warning: Desired error not necessarily achieved due to precision loss.
         Current function value: 0.798234
         Iterations: 5
         Function evaluations: 427
         Gradient evaluations: 83
  67,  0.998536,  0.999360,  0.999985,  0.999985
  68,  0.997086,  0.998733,  1.001511,  1.001511
  69,  0.996091,  1.000908,  1.001541,  1.001541
  70,  0.996219,  1.000957,  1.001423,  1.001423
  71,  0.996504,  1.001070,  1.001160,  1.001160
  72,  0.996503,  1.001070,  1.001160,  1.001160
  73,  0.996503,  1.001070,  1.001160,  1.001160
Optimization terminated successfully.
         Current function value: 0.867825
         Iterations: 7
         Function evaluations: 50
         Gradient evaluations: 10
  74,  1.000975,  1.000439,  0.999412,  0.999412
  75,  1.001159,  1.000531,  0.999617,  0.999617
  76,  1.000771,  1.001385,  0.999600,  0.999600
  77,  1.000830,  1.001407,  0.999567,  0.999567
  78,  1.000830,  1.001408,  0.999567,  0.999567
  79,  1.000830,  1.001408,  0.999567,  0.999567
Optimization terminated successfully.
         Current function value: 0.798233
         Iterations: 6
         Function evaluations: 65
         Gradient evaluations: 13
  80,  0.998536,  0.999360,  0.999985,  0.999985
  81,  0.997086,  0.998733,  1.001511,  1.001511
  82,  0.996091,  1.000908,  1.001541,  1.001541
  83,  0.996219,  1.000957,  1.001423,  1.001423
  84,  0.996504,  1.001070,  1.001160,  1.001160
  85,  0.996503,  1.001070,  1.001160,  1.001160
  86,  0.996503,  1.001070,  1.001160,  1.001160
Optimization terminated successfully.
         Current function value: 0.867819
         Iterations: 7
         Function evaluations: 50
         Gradient evaluations: 10
