fisher1 and fisher2 are: 0.9166742020320799, 0
begin truth calculations
begin calculating d2chi
   1,  0.997235,  0.998814,  1.003562,  1.003562
   2,  0.996200,  0.998341,  1.003052,  1.003052
   3,  0.995621,  0.999613,  1.003029,  1.003029
   4,  0.995724,  0.999640,  1.002906,  1.002906
   5,  0.995948,  0.999700,  1.002635,  1.002635
   6,  0.996316,  0.999793,  1.002194,  1.002194
   7,  0.996319,  0.999785,  1.002195,  1.002195
   8,  0.996319,  0.999785,  1.002195,  1.002195
   9,  0.996319,  0.999785,  1.002195,  1.002195
Optimization terminated successfully.
         Current function value: 1.277365
         Iterations: 9
         Function evaluations: 75
         Gradient evaluations: 15
  10,  0.997070,  0.998706,  0.999588,  0.999588
  11,  0.994166,  0.997416,  1.002286,  1.002286
  12,  0.992660,  1.000717,  1.002330,  1.002330
  13,  0.992972,  1.000731,  1.002317,  1.002317
  14,  0.993167,  1.000754,  1.002308,  1.002308
  15,  0.993168,  1.000752,  1.002307,  1.002307
  16,  0.993168,  1.000752,  1.002307,  1.002307
Optimization terminated successfully.
         Current function value: 4.433974
         Iterations: 7
         Function evaluations: 50
         Gradient evaluations: 10
  17,  0.997235,  0.998814,  1.003562,  1.003562
  18,  0.996200,  0.998341,  1.003052,  1.003052
  19,  0.995621,  0.999613,  1.003029,  1.003029
  20,  0.995724,  0.999640,  1.002906,  1.002906
  21,  0.995948,  0.999700,  1.002635,  1.002635
  22,  0.996316,  0.999793,  1.002194,  1.002194
  23,  0.996319,  0.999785,  1.002195,  1.002195
  24,  0.996319,  0.999785,  1.002195,  1.002195
  25,  0.996319,  0.999785,  1.002195,  1.002195
  26,  0.996319,  0.999785,  1.002195,  1.002195
Warning: Maximum number of iterations has been exceeded.
         Current function value: 1.277370
         Iterations: 10
         Function evaluations: 367
         Gradient evaluations: 72
  27,  0.997070,  0.998706,  0.999588,  0.999588
  28,  0.994166,  0.997416,  1.002286,  1.002286
  29,  0.992660,  1.000717,  1.002330,  1.002330
  30,  0.992972,  1.000731,  1.002317,  1.002317
  31,  0.993167,  1.000754,  1.002308,  1.002308
  32,  0.993168,  1.000752,  1.002307,  1.002307
  33,  0.993168,  1.000752,  1.002307,  1.002307
Optimization terminated successfully.
         Current function value: 4.433993
         Iterations: 7
         Function evaluations: 50
         Gradient evaluations: 10
  34,  0.997235,  0.998814,  1.003562,  1.003562
  35,  0.996200,  0.998341,  1.003052,  1.003052
  36,  0.995621,  0.999613,  1.003029,  1.003029
  37,  0.995724,  0.999640,  1.002906,  1.002906
  38,  0.995948,  0.999700,  1.002635,  1.002635
  39,  0.996316,  0.999793,  1.002194,  1.002194
  40,  0.996319,  0.999785,  1.002195,  1.002195
  41,  0.996319,  0.999785,  1.002195,  1.002195
Warning: Desired error not necessarily achieved due to precision loss.
         Current function value: 1.277375
         Iterations: 8
         Function evaluations: 372
         Gradient evaluations: 72
  42,  0.997070,  0.998706,  0.999588,  0.999588
  43,  0.994166,  0.997416,  1.002286,  1.002286
  44,  0.992660,  1.000717,  1.002330,  1.002330
  45,  0.992972,  1.000731,  1.002317,  1.002317
  46,  0.993167,  1.000754,  1.002308,  1.002308
  47,  0.993168,  1.000752,  1.002307,  1.002307
  48,  0.993168,  1.000752,  1.002307,  1.002307
Optimization terminated successfully.
         Current function value: 4.434012
         Iterations: 7
         Function evaluations: 50
         Gradient evaluations: 10
  49,  0.997235,  0.998814,  1.003562,  1.003562
  50,  0.996200,  0.998341,  1.003053,  1.003053
  51,  0.995621,  0.999613,  1.003029,  1.003029
  52,  0.995724,  0.999640,  1.002906,  1.002906
  53,  0.995948,  0.999700,  1.002635,  1.002635
  54,  0.996316,  0.999793,  1.002194,  1.002194
  55,  0.996319,  0.999785,  1.002195,  1.002195
  56,  0.996319,  0.999785,  1.002195,  1.002195
  57,  0.996319,  0.999785,  1.002195,  1.002195
Optimization terminated successfully.
         Current function value: 1.277380
         Iterations: 9
         Function evaluations: 75
         Gradient evaluations: 15
  58,  0.997070,  0.998706,  0.999588,  0.999588
  59,  0.994166,  0.997416,  1.002286,  1.002286
  60,  0.992660,  1.000717,  1.002330,  1.002330
  61,  0.992972,  1.000731,  1.002317,  1.002317
  62,  0.993167,  1.000754,  1.002308,  1.002308
  63,  0.993168,  1.000752,  1.002307,  1.002307
  64,  0.993168,  1.000752,  1.002307,  1.002307
Optimization terminated successfully.
         Current function value: 4.434031
         Iterations: 7
         Function evaluations: 50
         Gradient evaluations: 10
  65,  0.997235,  0.998814,  1.003562,  1.003562
  66,  0.996200,  0.998341,  1.003053,  1.003053
  67,  0.995621,  0.999613,  1.003029,  1.003029
  68,  0.995724,  0.999640,  1.002906,  1.002906
  69,  0.995948,  0.999700,  1.002635,  1.002635
  70,  0.996316,  0.999793,  1.002194,  1.002194
  71,  0.996319,  0.999785,  1.002195,  1.002195
  72,  0.996319,  0.999785,  1.002195,  1.002195
  73,  0.996319,  0.999785,  1.002195,  1.002195
Optimization terminated successfully.
         Current function value: 1.277385
         Iterations: 9
         Function evaluations: 75
         Gradient evaluations: 15
  74,  0.997070,  0.998706,  0.999588,  0.999588
  75,  0.994166,  0.997416,  1.002286,  1.002286
  76,  0.992660,  1.000717,  1.002330,  1.002330
  77,  0.992972,  1.000731,  1.002317,  1.002317
  78,  0.993167,  1.000754,  1.002308,  1.002308
  79,  0.993168,  1.000752,  1.002308,  1.002308
  80,  0.993168,  1.000752,  1.002308,  1.002308
Optimization terminated successfully.
         Current function value: 4.434049
         Iterations: 7
         Function evaluations: 50
         Gradient evaluations: 10
  81,  0.997235,  0.998814,  1.003562,  1.003562
  82,  0.996200,  0.998341,  1.003053,  1.003053
  83,  0.995621,  0.999613,  1.003029,  1.003029
  84,  0.995724,  0.999640,  1.002906,  1.002906
  85,  0.995948,  0.999700,  1.002635,  1.002635
  86,  0.996316,  0.999793,  1.002194,  1.002194
  87,  0.996319,  0.999785,  1.002195,  1.002195
  88,  0.996319,  0.999785,  1.002195,  1.002195
  89,  0.996319,  0.999785,  1.002195,  1.002195
Optimization terminated successfully.
         Current function value: 1.277390
         Iterations: 9
         Function evaluations: 75
         Gradient evaluations: 15
  90,  0.997070,  0.998706,  0.999588,  0.999588
  91,  0.994166,  0.997416,  1.002286,  1.002286
  92,  0.992660,  1.000717,  1.002330,  1.002330
  93,  0.992972,  1.000731,  1.002317,  1.002317
  94,  0.993167,  1.000754,  1.002308,  1.002308
  95,  0.993168,  1.000752,  1.002308,  1.002308
  96,  0.993168,  1.000752,  1.002308,  1.002308
Optimization terminated successfully.
         Current function value: 4.434068
         Iterations: 7
         Function evaluations: 50
         Gradient evaluations: 10
  97,  0.997235,  0.998814,  1.003562,  1.003562
  98,  0.996200,  0.998341,  1.003053,  1.003053
  99,  0.995621,  0.999613,  1.003029,  1.003029
 100,  0.995724,  0.999640,  1.002906,  1.002906
 101,  0.995948,  0.999700,  1.002635,  1.002635
 102,  0.996316,  0.999793,  1.002194,  1.002194
 103,  0.996319,  0.999785,  1.002195,  1.002195
 104,  0.996319,  0.999785,  1.002195,  1.002195
 105,  0.996319,  0.999785,  1.002195,  1.002195
Optimization terminated successfully.
         Current function value: 1.277395
         Iterations: 9
         Function evaluations: 75
         Gradient evaluations: 15
 106,  0.997070,  0.998706,  0.999588,  0.999588
 107,  0.994166,  0.997416,  1.002286,  1.002286
 108,  0.992660,  1.000717,  1.002330,  1.002330
 109,  0.992972,  1.000731,  1.002317,  1.002317
 110,  0.993167,  1.000754,  1.002308,  1.002308
 111,  0.993168,  1.000752,  1.002308,  1.002308
 112,  0.993168,  1.000752,  1.002308,  1.002308
Optimization terminated successfully.
         Current function value: 4.434087
         Iterations: 7
         Function evaluations: 50
         Gradient evaluations: 10
