fisher1 and fisher2 are: 0.794152088542077, 0
begin truth calculations
begin calculating d2chi
   1,  1.001085,  1.000469,  0.998724,  0.998724
   2,  1.001606,  1.000709,  0.999006,  0.999006
   3,  1.001767,  1.000358,  0.999013,  0.999013
   4,  1.001786,  1.000363,  0.998992,  0.998992
   5,  1.001829,  1.000374,  0.998946,  0.998946
   6,  1.001866,  1.000383,  0.998907,  0.998907
   7,  1.001866,  1.000382,  0.998907,  0.998907
Optimization terminated successfully.
         Current function value: 0.420103
         Iterations: 7
         Function evaluations: 65
         Gradient evaluations: 13
   8,  1.001198,  1.000532,  1.000221,  1.000221
   9,  1.002016,  1.000899,  0.999496,  0.999496
  10,  1.002451,  0.999949,  0.999482,  0.999482
  11,  1.002416,  0.999938,  0.999420,  0.999420
  12,  1.002332,  0.999916,  0.999276,  0.999276
  13,  1.002301,  0.999906,  0.999222,  0.999222
  14,  1.002301,  0.999906,  0.999222,  0.999222
Optimization terminated successfully.
         Current function value: 0.635591
         Iterations: 7
         Function evaluations: 55
         Gradient evaluations: 11
  15,  1.001085,  1.000469,  0.998724,  0.998724
  16,  1.001606,  1.000709,  0.999006,  0.999006
  17,  1.001767,  1.000358,  0.999013,  0.999013
  18,  1.001786,  1.000363,  0.998992,  0.998992
  19,  1.001829,  1.000373,  0.998946,  0.998946
  20,  1.001866,  1.000383,  0.998907,  0.998907
  21,  1.001866,  1.000382,  0.998907,  0.998907
Optimization terminated successfully.
         Current function value: 0.420102
         Iterations: 7
         Function evaluations: 65
         Gradient evaluations: 13
  22,  1.001198,  1.000532,  1.000221,  1.000221
  23,  1.002016,  1.000899,  0.999496,  0.999496
  24,  1.002451,  0.999949,  0.999482,  0.999482
  25,  1.002416,  0.999938,  0.999420,  0.999420
  26,  1.002332,  0.999916,  0.999276,  0.999276
  27,  1.002301,  0.999906,  0.999222,  0.999222
  28,  1.002301,  0.999906,  0.999222,  0.999222
Optimization terminated successfully.
         Current function value: 0.635591
         Iterations: 7
         Function evaluations: 55
         Gradient evaluations: 11
  29,  1.001085,  1.000469,  0.998724,  0.998724
  30,  1.001606,  1.000709,  0.999006,  0.999006
  31,  1.001767,  1.000358,  0.999013,  0.999013
  32,  1.001786,  1.000363,  0.998992,  0.998992
  33,  1.001829,  1.000373,  0.998946,  0.998946
  34,  1.001866,  1.000383,  0.998907,  0.998907
  35,  1.001866,  1.000382,  0.998907,  0.998907
Optimization terminated successfully.
         Current function value: 0.420101
         Iterations: 7
         Function evaluations: 65
         Gradient evaluations: 13
  36,  1.001198,  1.000532,  1.000221,  1.000221
  37,  1.002016,  1.000899,  0.999496,  0.999496
  38,  1.002451,  0.999949,  0.999482,  0.999482
  39,  1.002416,  0.999938,  0.999420,  0.999420
  40,  1.002332,  0.999916,  0.999276,  0.999276
  41,  1.002301,  0.999906,  0.999222,  0.999222
  42,  1.002301,  0.999906,  0.999222,  0.999222
Optimization terminated successfully.
         Current function value: 0.635590
         Iterations: 7
         Function evaluations: 55
         Gradient evaluations: 11
  43,  1.001085,  1.000469,  0.998724,  0.998724
  44,  1.001606,  1.000709,  0.999006,  0.999006
  45,  1.001767,  1.000358,  0.999013,  0.999013
  46,  1.001786,  1.000363,  0.998992,  0.998992
  47,  1.001829,  1.000374,  0.998946,  0.998946
  48,  1.001866,  1.000383,  0.998907,  0.998907
  49,  1.001866,  1.000382,  0.998907,  0.998907
Optimization terminated successfully.
         Current function value: 0.420100
         Iterations: 7
         Function evaluations: 65
         Gradient evaluations: 13
  50,  1.001198,  1.000532,  1.000221,  1.000221
  51,  1.002016,  1.000899,  0.999496,  0.999496
  52,  1.002451,  0.999949,  0.999482,  0.999482
  53,  1.002416,  0.999938,  0.999420,  0.999420
  54,  1.002332,  0.999916,  0.999276,  0.999276
  55,  1.002301,  0.999906,  0.999222,  0.999222
  56,  1.002301,  0.999906,  0.999222,  0.999222
Optimization terminated successfully.
         Current function value: 0.635590
         Iterations: 7
         Function evaluations: 55
         Gradient evaluations: 11
  57,  1.001085,  1.000469,  0.998724,  0.998724
  58,  1.001606,  1.000709,  0.999006,  0.999006
  59,  1.001767,  1.000358,  0.999013,  0.999013
  60,  1.001786,  1.000363,  0.998992,  0.998992
  61,  1.001829,  1.000373,  0.998946,  0.998946
  62,  1.001866,  1.000383,  0.998907,  0.998907
  63,  1.001866,  1.000382,  0.998907,  0.998907
Optimization terminated successfully.
         Current function value: 0.420099
         Iterations: 7
         Function evaluations: 65
         Gradient evaluations: 13
  64,  1.001198,  1.000532,  1.000221,  1.000221
  65,  1.002016,  1.000899,  0.999496,  0.999496
  66,  1.002451,  0.999949,  0.999482,  0.999482
  67,  1.002416,  0.999938,  0.999420,  0.999420
  68,  1.002332,  0.999916,  0.999276,  0.999276
  69,  1.002301,  0.999906,  0.999222,  0.999222
  70,  1.002301,  0.999906,  0.999222,  0.999222
Optimization terminated successfully.
         Current function value: 0.635590
         Iterations: 7
         Function evaluations: 55
         Gradient evaluations: 11
  71,  1.001085,  1.000469,  0.998724,  0.998724
  72,  1.001606,  1.000709,  0.999006,  0.999006
  73,  1.001767,  1.000358,  0.999013,  0.999013
  74,  1.001786,  1.000363,  0.998992,  0.998992
  75,  1.001829,  1.000373,  0.998946,  0.998946
  76,  1.001866,  1.000383,  0.998907,  0.998907
  77,  1.001866,  1.000382,  0.998907,  0.998907
Optimization terminated successfully.
         Current function value: 0.420098
         Iterations: 7
         Function evaluations: 65
         Gradient evaluations: 13
  78,  1.001198,  1.000532,  1.000221,  1.000221
  79,  1.002016,  1.000899,  0.999496,  0.999496
  80,  1.002451,  0.999949,  0.999482,  0.999482
  81,  1.002416,  0.999938,  0.999420,  0.999420
  82,  1.002332,  0.999916,  0.999276,  0.999276
  83,  1.002301,  0.999906,  0.999222,  0.999222
  84,  1.002301,  0.999906,  0.999222,  0.999222
Optimization terminated successfully.
         Current function value: 0.635589
         Iterations: 7
         Function evaluations: 55
         Gradient evaluations: 11
  85,  1.001085,  1.000469,  0.998724,  0.998724
  86,  1.001606,  1.000709,  0.999006,  0.999006
  87,  1.001767,  1.000358,  0.999013,  0.999013
  88,  1.001786,  1.000363,  0.998992,  0.998992
  89,  1.001829,  1.000373,  0.998946,  0.998946
  90,  1.001866,  1.000383,  0.998907,  0.998907
  91,  1.001866,  1.000382,  0.998907,  0.998907
Optimization terminated successfully.
         Current function value: 0.420098
         Iterations: 7
         Function evaluations: 65
         Gradient evaluations: 13
  92,  1.001198,  1.000532,  1.000221,  1.000221
  93,  1.002016,  1.000899,  0.999496,  0.999496
  94,  1.002451,  0.999949,  0.999482,  0.999482
  95,  1.002416,  0.999938,  0.999420,  0.999420
  96,  1.002332,  0.999916,  0.999276,  0.999276
  97,  1.002301,  0.999906,  0.999222,  0.999222
  98,  1.002301,  0.999906,  0.999222,  0.999222
Optimization terminated successfully.
         Current function value: 0.635589
         Iterations: 7
         Function evaluations: 55
         Gradient evaluations: 11
