fisher1 and fisher2 are: 0.9103910167249003, 0
begin truth calculations
begin calculating d2chi
   1,  0.997587,  0.998964,  1.003101,  1.003101
   2,  0.996681,  0.998550,  1.002654,  1.002654
   3,  0.996180,  0.999651,  1.002633,  1.002633
   4,  0.996272,  0.999674,  1.002523,  1.002523
   5,  0.996474,  0.999727,  1.002281,  1.002281
   6,  0.996777,  0.999801,  1.001920,  1.001920
   7,  0.996778,  0.999796,  1.001921,  1.001921
   8,  0.996778,  0.999796,  1.001921,  1.001921
   9,  0.996778,  0.999796,  1.001921,  1.001921
  10,  0.996778,  0.999796,  1.001921,  1.001921
Warning: Maximum number of iterations has been exceeded.
         Current function value: 0.985024
         Iterations: 10
         Function evaluations: 305
         Gradient evaluations: 61
  11,  0.997463,  0.998879,  0.999639,  0.999639
  12,  0.994950,  0.997763,  1.001969,  1.001969
  13,  0.993654,  1.000602,  1.002006,  1.002006
  14,  0.993913,  1.000628,  1.002003,  1.002003
  15,  0.994073,  1.000655,  1.001999,  1.001999
  16,  0.994074,  1.000653,  1.001999,  1.001999
  17,  0.994074,  1.000653,  1.001999,  1.001999
Optimization terminated successfully.
         Current function value: 3.358381
         Iterations: 7
         Function evaluations: 50
         Gradient evaluations: 10
  18,  0.997587,  0.998964,  1.003101,  1.003101
  19,  0.996681,  0.998550,  1.002654,  1.002654
  20,  0.996180,  0.999651,  1.002633,  1.002633
  21,  0.996272,  0.999674,  1.002523,  1.002523
  22,  0.996474,  0.999727,  1.002281,  1.002281
  23,  0.996776,  0.999801,  1.001920,  1.001920
  24,  0.996778,  0.999796,  1.001921,  1.001921
  25,  0.996778,  0.999796,  1.001921,  1.001921
  26,  0.996778,  0.999796,  1.001921,  1.001921
  27,  0.996778,  0.999796,  1.001921,  1.001921
Warning: Maximum number of iterations has been exceeded.
         Current function value: 0.985028
         Iterations: 10
         Function evaluations: 235
         Gradient evaluations: 47
  28,  0.997463,  0.998879,  0.999639,  0.999639
  29,  0.994950,  0.997763,  1.001969,  1.001969
  30,  0.993654,  1.000602,  1.002006,  1.002006
  31,  0.993913,  1.000628,  1.002003,  1.002003
  32,  0.994073,  1.000655,  1.001999,  1.001999
  33,  0.994074,  1.000653,  1.001999,  1.001999
  34,  0.994074,  1.000653,  1.001999,  1.001999
Optimization terminated successfully.
         Current function value: 3.358397
         Iterations: 7
         Function evaluations: 50
         Gradient evaluations: 10
  35,  0.997587,  0.998964,  1.003101,  1.003101
  36,  0.996681,  0.998550,  1.002654,  1.002654
  37,  0.996180,  0.999651,  1.002633,  1.002633
  38,  0.996272,  0.999674,  1.002523,  1.002523
  39,  0.996474,  0.999727,  1.002281,  1.002281
  40,  0.996776,  0.999801,  1.001920,  1.001920
  41,  0.996778,  0.999796,  1.001921,  1.001921
  42,  0.996778,  0.999796,  1.001921,  1.001921
  43,  0.996778,  0.999796,  1.001921,  1.001921
  44,  0.996778,  0.999796,  1.001921,  1.001921
Warning: Maximum number of iterations has been exceeded.
         Current function value: 0.985032
         Iterations: 10
         Function evaluations: 90
         Gradient evaluations: 18
  45,  0.997463,  0.998879,  0.999639,  0.999639
  46,  0.994950,  0.997763,  1.001969,  1.001969
  47,  0.993654,  1.000602,  1.002006,  1.002006
  48,  0.993913,  1.000628,  1.002003,  1.002003
  49,  0.994073,  1.000655,  1.001999,  1.001999
  50,  0.994074,  1.000653,  1.001999,  1.001999
  51,  0.994074,  1.000653,  1.001999,  1.001999
Optimization terminated successfully.
         Current function value: 3.358412
         Iterations: 7
         Function evaluations: 50
         Gradient evaluations: 10
  52,  0.997587,  0.998964,  1.003101,  1.003101
  53,  0.996681,  0.998550,  1.002654,  1.002654
  54,  0.996180,  0.999651,  1.002633,  1.002633
  55,  0.996272,  0.999674,  1.002523,  1.002523
  56,  0.996474,  0.999727,  1.002281,  1.002281
  57,  0.996776,  0.999801,  1.001920,  1.001920
  58,  0.996778,  0.999796,  1.001921,  1.001921
  59,  0.996778,  0.999796,  1.001921,  1.001921
  60,  0.996778,  0.999796,  1.001921,  1.001921
Optimization terminated successfully.
         Current function value: 0.985036
         Iterations: 9
         Function evaluations: 75
         Gradient evaluations: 15
  61,  0.997463,  0.998879,  0.999639,  0.999639
  62,  0.994950,  0.997763,  1.001969,  1.001969
  63,  0.993654,  1.000602,  1.002006,  1.002006
  64,  0.993913,  1.000628,  1.002003,  1.002003
  65,  0.994073,  1.000655,  1.001999,  1.001999
  66,  0.994074,  1.000653,  1.001999,  1.001999
  67,  0.994074,  1.000653,  1.001999,  1.001999
Optimization terminated successfully.
         Current function value: 3.358428
         Iterations: 7
         Function evaluations: 50
         Gradient evaluations: 10
  68,  0.997587,  0.998964,  1.003101,  1.003101
  69,  0.996681,  0.998550,  1.002654,  1.002654
  70,  0.996180,  0.999651,  1.002633,  1.002633
  71,  0.996272,  0.999674,  1.002523,  1.002523
  72,  0.996474,  0.999727,  1.002281,  1.002281
  73,  0.996776,  0.999801,  1.001920,  1.001920
  74,  0.996778,  0.999796,  1.001921,  1.001921
  75,  0.996778,  0.999796,  1.001921,  1.001921
  76,  0.996778,  0.999796,  1.001921,  1.001921
Optimization terminated successfully.
         Current function value: 0.985041
         Iterations: 9
         Function evaluations: 75
         Gradient evaluations: 15
  77,  0.997463,  0.998879,  0.999639,  0.999639
  78,  0.994950,  0.997763,  1.001969,  1.001969
  79,  0.993654,  1.000602,  1.002006,  1.002006
  80,  0.993913,  1.000628,  1.002003,  1.002003
  81,  0.994073,  1.000655,  1.001999,  1.001999
  82,  0.994074,  1.000653,  1.001999,  1.001999
  83,  0.994074,  1.000653,  1.001999,  1.001999
Optimization terminated successfully.
         Current function value: 3.358444
         Iterations: 7
         Function evaluations: 50
         Gradient evaluations: 10
  84,  0.997587,  0.998964,  1.003101,  1.003101
  85,  0.996681,  0.998550,  1.002654,  1.002654
  86,  0.996180,  0.999651,  1.002633,  1.002633
  87,  0.996272,  0.999674,  1.002523,  1.002523
  88,  0.996474,  0.999727,  1.002281,  1.002281
  89,  0.996776,  0.999801,  1.001920,  1.001920
  90,  0.996778,  0.999796,  1.001921,  1.001921
  91,  0.996778,  0.999796,  1.001921,  1.001921
  92,  0.996778,  0.999796,  1.001921,  1.001921
  93,  0.996778,  0.999796,  1.001921,  1.001921
Warning: Maximum number of iterations has been exceeded.
         Current function value: 0.985045
         Iterations: 10
         Function evaluations: 85
         Gradient evaluations: 17
  94,  0.997463,  0.998879,  0.999639,  0.999639
  95,  0.994950,  0.997763,  1.001969,  1.001969
  96,  0.993654,  1.000602,  1.002006,  1.002006
  97,  0.993913,  1.000628,  1.002003,  1.002003
  98,  0.994073,  1.000655,  1.001999,  1.001999
  99,  0.994074,  1.000653,  1.001999,  1.001999
 100,  0.994074,  1.000653,  1.001999,  1.001999
Optimization terminated successfully.
         Current function value: 3.358459
         Iterations: 7
         Function evaluations: 50
         Gradient evaluations: 10
 101,  0.997587,  0.998964,  1.003101,  1.003101
 102,  0.996681,  0.998550,  1.002654,  1.002654
 103,  0.996180,  0.999651,  1.002633,  1.002633
 104,  0.996272,  0.999674,  1.002523,  1.002523
 105,  0.996474,  0.999727,  1.002281,  1.002281
 106,  0.996776,  0.999801,  1.001920,  1.001920
 107,  0.996778,  0.999796,  1.001921,  1.001921
 108,  0.996778,  0.999796,  1.001921,  1.001921
 109,  0.996778,  0.999796,  1.001921,  1.001921
Optimization terminated successfully.
         Current function value: 0.985049
         Iterations: 9
         Function evaluations: 75
         Gradient evaluations: 15
 110,  0.997463,  0.998879,  0.999639,  0.999639
 111,  0.994950,  0.997763,  1.001969,  1.001969
 112,  0.993654,  1.000602,  1.002006,  1.002006
 113,  0.993913,  1.000628,  1.002003,  1.002003
 114,  0.994073,  1.000655,  1.001999,  1.001999
 115,  0.994074,  1.000653,  1.001999,  1.001999
 116,  0.994074,  1.000653,  1.001999,  1.001999
Optimization terminated successfully.
         Current function value: 3.358475
         Iterations: 7
         Function evaluations: 50
         Gradient evaluations: 10
