fisher1 and fisher2 are: 0.9041078314177207, 0
begin truth calculations
begin calculating d2chi
   1,  0.997923,  0.999108,  1.002661,  1.002661
   2,  0.997141,  0.998751,  1.002274,  1.002274
   3,  0.996714,  0.999690,  1.002257,  1.002257
   4,  0.996795,  0.999710,  1.002160,  1.002160
   5,  0.996974,  0.999756,  1.001947,  1.001947
   6,  0.997218,  0.999814,  1.001657,  1.001657
   7,  0.997220,  0.999810,  1.001658,  1.001658
   8,  0.997220,  0.999810,  1.001658,  1.001658
Optimization terminated successfully.
         Current function value: 0.738726
         Iterations: 8
         Function evaluations: 70
         Gradient evaluations: 14
   9,  0.997834,  0.999043,  0.999689,  0.999689
  10,  0.995691,  0.998091,  1.001671,  1.001671
  11,  0.994590,  1.000502,  1.001703,  1.001703
  12,  0.994802,  1.000532,  1.001706,  1.001706
  13,  0.994934,  1.000559,  1.001708,  1.001708
  14,  0.994935,  1.000558,  1.001707,  1.001707
  15,  0.994935,  1.000558,  1.001707,  1.001707
Optimization terminated successfully.
         Current function value: 2.470796
         Iterations: 7
         Function evaluations: 50
         Gradient evaluations: 10
  16,  0.997923,  0.999108,  1.002661,  1.002661
  17,  0.997141,  0.998751,  1.002274,  1.002274
  18,  0.996714,  0.999690,  1.002257,  1.002257
  19,  0.996795,  0.999710,  1.002160,  1.002160
  20,  0.996974,  0.999756,  1.001947,  1.001947
  21,  0.997218,  0.999814,  1.001657,  1.001657
  22,  0.997220,  0.999810,  1.001658,  1.001658
  23,  0.997220,  0.999810,  1.001658,  1.001658
  24,  0.997220,  0.999810,  1.001658,  1.001658
Optimization terminated successfully.
         Current function value: 0.738729
         Iterations: 9
         Function evaluations: 75
         Gradient evaluations: 15
  25,  0.997834,  0.999043,  0.999689,  0.999689
  26,  0.995691,  0.998091,  1.001671,  1.001671
  27,  0.994590,  1.000502,  1.001703,  1.001703
  28,  0.994802,  1.000532,  1.001706,  1.001706
  29,  0.994934,  1.000559,  1.001708,  1.001708
  30,  0.994935,  1.000558,  1.001707,  1.001707
  31,  0.994935,  1.000558,  1.001707,  1.001707
Optimization terminated successfully.
         Current function value: 2.470809
         Iterations: 7
         Function evaluations: 50
         Gradient evaluations: 10
  32,  0.997923,  0.999108,  1.002661,  1.002661
  33,  0.997141,  0.998751,  1.002274,  1.002274
  34,  0.996714,  0.999690,  1.002257,  1.002257
  35,  0.996795,  0.999710,  1.002160,  1.002160
  36,  0.996974,  0.999756,  1.001947,  1.001947
  37,  0.997218,  0.999814,  1.001657,  1.001657
  38,  0.997220,  0.999810,  1.001658,  1.001658
  39,  0.997220,  0.999810,  1.001658,  1.001658
Optimization terminated successfully.
         Current function value: 0.738733
         Iterations: 8
         Function evaluations: 70
         Gradient evaluations: 14
  40,  0.997834,  0.999043,  0.999689,  0.999689
  41,  0.995691,  0.998091,  1.001671,  1.001671
  42,  0.994590,  1.000502,  1.001703,  1.001703
  43,  0.994802,  1.000532,  1.001706,  1.001706
  44,  0.994934,  1.000559,  1.001708,  1.001708
  45,  0.994934,  1.000558,  1.001707,  1.001707
  46,  0.994934,  1.000558,  1.001707,  1.001707
Optimization terminated successfully.
         Current function value: 2.470821
         Iterations: 7
         Function evaluations: 50
         Gradient evaluations: 10
  47,  0.997923,  0.999108,  1.002661,  1.002661
  48,  0.997141,  0.998751,  1.002274,  1.002274
  49,  0.996714,  0.999690,  1.002257,  1.002257
  50,  0.996795,  0.999710,  1.002160,  1.002160
  51,  0.996974,  0.999756,  1.001947,  1.001947
  52,  0.997218,  0.999814,  1.001657,  1.001657
  53,  0.997220,  0.999810,  1.001658,  1.001658
  54,  0.997220,  0.999810,  1.001658,  1.001658
Optimization terminated successfully.
         Current function value: 0.738736
         Iterations: 8
         Function evaluations: 70
         Gradient evaluations: 14
  55,  0.997834,  0.999043,  0.999689,  0.999689
  56,  0.995691,  0.998091,  1.001671,  1.001671
  57,  0.994590,  1.000502,  1.001703,  1.001703
  58,  0.994802,  1.000532,  1.001706,  1.001706
  59,  0.994934,  1.000559,  1.001708,  1.001708
  60,  0.994934,  1.000558,  1.001707,  1.001707
  61,  0.994934,  1.000558,  1.001707,  1.001707
Optimization terminated successfully.
         Current function value: 2.470834
         Iterations: 7
         Function evaluations: 50
         Gradient evaluations: 10
  62,  0.997923,  0.999108,  1.002661,  1.002661
  63,  0.997141,  0.998751,  1.002274,  1.002274
  64,  0.996714,  0.999690,  1.002257,  1.002257
  65,  0.996795,  0.999710,  1.002160,  1.002160
  66,  0.996974,  0.999756,  1.001947,  1.001947
  67,  0.997218,  0.999814,  1.001657,  1.001657
  68,  0.997220,  0.999810,  1.001658,  1.001658
  69,  0.997220,  0.999810,  1.001658,  1.001658
Optimization terminated successfully.
         Current function value: 0.738740
         Iterations: 8
         Function evaluations: 70
         Gradient evaluations: 14
  70,  0.997834,  0.999043,  0.999689,  0.999689
  71,  0.995691,  0.998091,  1.001671,  1.001671
  72,  0.994590,  1.000502,  1.001703,  1.001703
  73,  0.994802,  1.000532,  1.001706,  1.001706
  74,  0.994934,  1.000559,  1.001708,  1.001708
  75,  0.994934,  1.000558,  1.001707,  1.001707
  76,  0.994934,  1.000558,  1.001707,  1.001707
Optimization terminated successfully.
         Current function value: 2.470847
         Iterations: 7
         Function evaluations: 50
         Gradient evaluations: 10
  77,  0.997923,  0.999108,  1.002661,  1.002661
  78,  0.997141,  0.998751,  1.002274,  1.002274
  79,  0.996714,  0.999690,  1.002257,  1.002257
  80,  0.996795,  0.999710,  1.002160,  1.002160
  81,  0.996974,  0.999756,  1.001947,  1.001947
  82,  0.997218,  0.999814,  1.001657,  1.001657
  83,  0.997220,  0.999810,  1.001658,  1.001658
  84,  0.997220,  0.999810,  1.001658,  1.001658
  85,  0.997220,  0.999810,  1.001658,  1.001658
Optimization terminated successfully.
         Current function value: 0.738744
         Iterations: 9
         Function evaluations: 75
         Gradient evaluations: 15
  86,  0.997834,  0.999043,  0.999689,  0.999689
  87,  0.995691,  0.998091,  1.001671,  1.001671
  88,  0.994590,  1.000502,  1.001703,  1.001703
  89,  0.994802,  1.000532,  1.001706,  1.001706
  90,  0.994934,  1.000559,  1.001708,  1.001708
  91,  0.994934,  1.000558,  1.001707,  1.001707
  92,  0.994934,  1.000558,  1.001707,  1.001707
Optimization terminated successfully.
         Current function value: 2.470860
         Iterations: 7
         Function evaluations: 50
         Gradient evaluations: 10
  93,  0.997923,  0.999108,  1.002661,  1.002661
  94,  0.997141,  0.998751,  1.002274,  1.002274
  95,  0.996714,  0.999690,  1.002257,  1.002257
  96,  0.996795,  0.999710,  1.002160,  1.002160
  97,  0.996974,  0.999756,  1.001947,  1.001947
  98,  0.997218,  0.999814,  1.001657,  1.001657
  99,  0.997220,  0.999810,  1.001658,  1.001658
 100,  0.997220,  0.999810,  1.001658,  1.001658
Optimization terminated successfully.
         Current function value: 0.738747
         Iterations: 8
         Function evaluations: 70
         Gradient evaluations: 14
 101,  0.997834,  0.999043,  0.999689,  0.999689
 102,  0.995691,  0.998091,  1.001671,  1.001671
 103,  0.994590,  1.000502,  1.001703,  1.001703
 104,  0.994802,  1.000532,  1.001706,  1.001706
 105,  0.994934,  1.000559,  1.001708,  1.001708
 106,  0.994934,  1.000558,  1.001707,  1.001707
 107,  0.994934,  1.000558,  1.001707,  1.001707
Optimization terminated successfully.
         Current function value: 2.470872
         Iterations: 7
         Function evaluations: 50
         Gradient evaluations: 10
