fisher1 and fisher2 are: 0.775302532620538, 0
begin truth calculations
begin calculating d2chi
   1,  1.001230,  1.000533,  0.998598,  0.998598
   2,  1.001802,  1.000798,  0.998919,  0.998919
   3,  1.001946,  1.000483,  0.998925,  0.998925
   4,  1.001958,  1.000489,  0.998911,  0.998911
   5,  1.001984,  1.000500,  0.998882,  0.998882
   6,  1.002047,  1.000526,  0.998813,  0.998813
   7,  1.002053,  1.000528,  0.998807,  0.998807
   8,  1.002053,  1.000528,  0.998807,  0.998807
Optimization terminated successfully.
         Current function value: 0.564533
         Iterations: 8
         Function evaluations: 70
         Gradient evaluations: 14
   9,  1.000754,  1.000336,  1.000155,  1.000155
  10,  1.001679,  1.000754,  0.999346,  0.999346
  11,  1.002012,  1.000028,  0.999336,  0.999336
  12,  1.002073,  1.000026,  0.999293,  0.999293
  13,  1.002073,  1.000026,  0.999293,  0.999293
Optimization terminated successfully.
         Current function value: 0.588895
         Iterations: 5
         Function evaluations: 45
         Gradient evaluations: 9
  14,  1.001230,  1.000533,  0.998598,  0.998598
  15,  1.001802,  1.000798,  0.998919,  0.998919
  16,  1.001946,  1.000483,  0.998925,  0.998925
  17,  1.001958,  1.000489,  0.998911,  0.998911
  18,  1.001984,  1.000500,  0.998882,  0.998882
  19,  1.002047,  1.000526,  0.998813,  0.998813
  20,  1.002053,  1.000528,  0.998807,  0.998807
  21,  1.002053,  1.000528,  0.998807,  0.998807
Optimization terminated successfully.
         Current function value: 0.564533
         Iterations: 8
         Function evaluations: 70
         Gradient evaluations: 14
  22,  1.000754,  1.000336,  1.000155,  1.000155
  23,  1.001679,  1.000754,  0.999346,  0.999346
  24,  1.002012,  1.000028,  0.999336,  0.999336
  25,  1.002073,  1.000026,  0.999293,  0.999293
  26,  1.002073,  1.000026,  0.999293,  0.999293
Optimization terminated successfully.
         Current function value: 0.588896
         Iterations: 5
         Function evaluations: 45
         Gradient evaluations: 9
  27,  1.001230,  1.000533,  0.998598,  0.998598
  28,  1.001802,  1.000798,  0.998919,  0.998919
  29,  1.001946,  1.000483,  0.998925,  0.998925
  30,  1.001958,  1.000489,  0.998911,  0.998911
  31,  1.001984,  1.000500,  0.998882,  0.998882
  32,  1.002047,  1.000526,  0.998813,  0.998813
  33,  1.002053,  1.000528,  0.998807,  0.998807
  34,  1.002053,  1.000528,  0.998807,  0.998807
Optimization terminated successfully.
         Current function value: 0.564532
         Iterations: 8
         Function evaluations: 70
         Gradient evaluations: 14
  35,  1.000754,  1.000336,  1.000155,  1.000155
  36,  1.001679,  1.000754,  0.999346,  0.999346
  37,  1.002012,  1.000028,  0.999336,  0.999336
  38,  1.002073,  1.000026,  0.999293,  0.999293
  39,  1.002073,  1.000026,  0.999293,  0.999293
Optimization terminated successfully.
         Current function value: 0.588897
         Iterations: 5
         Function evaluations: 45
         Gradient evaluations: 9
  40,  1.001230,  1.000533,  0.998598,  0.998598
  41,  1.001802,  1.000798,  0.998919,  0.998919
  42,  1.001946,  1.000483,  0.998925,  0.998925
  43,  1.001958,  1.000489,  0.998911,  0.998911
  44,  1.001984,  1.000500,  0.998882,  0.998882
  45,  1.002047,  1.000526,  0.998813,  0.998813
  46,  1.002053,  1.000528,  0.998807,  0.998807
  47,  1.002053,  1.000528,  0.998807,  0.998807
Optimization terminated successfully.
         Current function value: 0.564531
         Iterations: 8
         Function evaluations: 70
         Gradient evaluations: 14
  48,  1.000754,  1.000336,  1.000155,  1.000155
  49,  1.001679,  1.000754,  0.999346,  0.999346
  50,  1.002012,  1.000028,  0.999336,  0.999336
  51,  1.002073,  1.000026,  0.999293,  0.999293
  52,  1.002073,  1.000026,  0.999293,  0.999293
Optimization terminated successfully.
         Current function value: 0.588898
         Iterations: 5
         Function evaluations: 45
         Gradient evaluations: 9
  53,  1.001230,  1.000533,  0.998598,  0.998598
  54,  1.001802,  1.000798,  0.998919,  0.998919
  55,  1.001946,  1.000483,  0.998925,  0.998925
  56,  1.001958,  1.000489,  0.998911,  0.998911
  57,  1.001984,  1.000500,  0.998882,  0.998882
  58,  1.002047,  1.000526,  0.998813,  0.998813
  59,  1.002053,  1.000528,  0.998807,  0.998807
  60,  1.002053,  1.000528,  0.998807,  0.998807
Optimization terminated successfully.
         Current function value: 0.564531
         Iterations: 8
         Function evaluations: 70
         Gradient evaluations: 14
  61,  1.000754,  1.000336,  1.000155,  1.000155
  62,  1.001679,  1.000754,  0.999346,  0.999346
  63,  1.002012,  1.000028,  0.999336,  0.999336
  64,  1.002073,  1.000026,  0.999293,  0.999293
  65,  1.002073,  1.000026,  0.999293,  0.999293
Optimization terminated successfully.
         Current function value: 0.588898
         Iterations: 5
         Function evaluations: 45
         Gradient evaluations: 9
  66,  1.001230,  1.000533,  0.998598,  0.998598
  67,  1.001802,  1.000798,  0.998919,  0.998919
  68,  1.001946,  1.000483,  0.998925,  0.998925
  69,  1.001958,  1.000489,  0.998911,  0.998911
  70,  1.001984,  1.000500,  0.998882,  0.998882
  71,  1.002047,  1.000526,  0.998813,  0.998813
  72,  1.002053,  1.000528,  0.998807,  0.998807
  73,  1.002053,  1.000528,  0.998807,  0.998807
Optimization terminated successfully.
         Current function value: 0.564530
         Iterations: 8
         Function evaluations: 70
         Gradient evaluations: 14
  74,  1.000754,  1.000336,  1.000155,  1.000155
  75,  1.001679,  1.000754,  0.999346,  0.999346
  76,  1.002012,  1.000028,  0.999336,  0.999336
  77,  1.002073,  1.000026,  0.999293,  0.999293
  78,  1.002073,  1.000026,  0.999293,  0.999293
Optimization terminated successfully.
         Current function value: 0.588899
         Iterations: 5
         Function evaluations: 45
         Gradient evaluations: 9
  79,  1.001230,  1.000533,  0.998598,  0.998598
  80,  1.001802,  1.000798,  0.998919,  0.998919
  81,  1.001946,  1.000483,  0.998925,  0.998925
  82,  1.001958,  1.000489,  0.998911,  0.998911
  83,  1.001984,  1.000500,  0.998882,  0.998882
  84,  1.002047,  1.000526,  0.998813,  0.998813
  85,  1.002053,  1.000528,  0.998807,  0.998807
  86,  1.002053,  1.000528,  0.998807,  0.998807
Optimization terminated successfully.
         Current function value: 0.564529
         Iterations: 8
         Function evaluations: 70
         Gradient evaluations: 14
  87,  1.000754,  1.000336,  1.000155,  1.000155
  88,  1.001679,  1.000754,  0.999346,  0.999346
  89,  1.002012,  1.000028,  0.999336,  0.999336
  90,  1.002073,  1.000026,  0.999293,  0.999293
  91,  1.002073,  1.000026,  0.999293,  0.999293
Optimization terminated successfully.
         Current function value: 0.588900
         Iterations: 5
         Function evaluations: 45
         Gradient evaluations: 9
