fisher1 and fisher2 are: 0.9009662387641308, 0
begin truth calculations
begin calculating d2chi
   1,  0.998086,  0.999178,  1.002450,  1.002450
   2,  0.997364,  0.998848,  1.002092,  1.002092
   3,  0.996972,  0.999709,  1.002076,  1.002076
   4,  0.997048,  0.999728,  1.001986,  1.001986
   5,  0.997215,  0.999770,  1.001787,  1.001787
   6,  0.997433,  0.999821,  1.001530,  1.001530
   7,  0.997434,  0.999818,  1.001530,  1.001530
   8,  0.997434,  0.999818,  1.001530,  1.001530
Optimization terminated successfully.
         Current function value: 0.631698
         Iterations: 8
         Function evaluations: 70
         Gradient evaluations: 14
   9,  0.998012,  0.999122,  0.999713,  0.999713
  10,  0.996046,  0.998248,  1.001529,  1.001529
  11,  0.995038,  1.000456,  1.001559,  1.001559
  12,  0.995228,  1.000486,  1.001564,  1.001564
  13,  0.995347,  1.000513,  1.001568,  1.001568
  14,  0.995347,  1.000512,  1.001568,  1.001568
  15,  0.995347,  1.000512,  1.001568,  1.001568
Optimization terminated successfully.
         Current function value: 2.091616
         Iterations: 7
         Function evaluations: 50
         Gradient evaluations: 10
  16,  0.998086,  0.999178,  1.002450,  1.002450
  17,  0.997364,  0.998848,  1.002092,  1.002092
  18,  0.996972,  0.999709,  1.002076,  1.002076
  19,  0.997048,  0.999728,  1.001986,  1.001986
  20,  0.997215,  0.999770,  1.001787,  1.001787
  21,  0.997433,  0.999821,  1.001530,  1.001530
  22,  0.997434,  0.999818,  1.001530,  1.001530
  23,  0.997434,  0.999818,  1.001530,  1.001530
  24,  0.997434,  0.999818,  1.001530,  1.001530
Optimization terminated successfully.
         Current function value: 0.631701
         Iterations: 9
         Function evaluations: 75
         Gradient evaluations: 15
  25,  0.998012,  0.999122,  0.999713,  0.999713
  26,  0.996046,  0.998248,  1.001529,  1.001529
  27,  0.995038,  1.000456,  1.001559,  1.001559
  28,  0.995228,  1.000486,  1.001564,  1.001564
  29,  0.995347,  1.000513,  1.001568,  1.001568
  30,  0.995347,  1.000512,  1.001568,  1.001568
  31,  0.995347,  1.000512,  1.001568,  1.001568
Optimization terminated successfully.
         Current function value: 2.091628
         Iterations: 7
         Function evaluations: 50
         Gradient evaluations: 10
  32,  0.998086,  0.999178,  1.002450,  1.002450
  33,  0.997364,  0.998848,  1.002092,  1.002092
  34,  0.996972,  0.999709,  1.002076,  1.002076
  35,  0.997048,  0.999728,  1.001986,  1.001986
  36,  0.997215,  0.999770,  1.001787,  1.001787
  37,  0.997433,  0.999821,  1.001530,  1.001530
  38,  0.997434,  0.999818,  1.001530,  1.001530
  39,  0.997434,  0.999818,  1.001530,  1.001530
Optimization terminated successfully.
         Current function value: 0.631705
         Iterations: 8
         Function evaluations: 70
         Gradient evaluations: 14
  40,  0.998012,  0.999122,  0.999713,  0.999713
  41,  0.996046,  0.998248,  1.001529,  1.001529
  42,  0.995038,  1.000456,  1.001559,  1.001559
  43,  0.995228,  1.000486,  1.001564,  1.001564
  44,  0.995347,  1.000513,  1.001568,  1.001568
  45,  0.995347,  1.000512,  1.001568,  1.001568
  46,  0.995347,  1.000512,  1.001568,  1.001568
Optimization terminated successfully.
         Current function value: 2.091639
         Iterations: 7
         Function evaluations: 50
         Gradient evaluations: 10
  47,  0.998086,  0.999178,  1.002450,  1.002450
  48,  0.997364,  0.998848,  1.002092,  1.002092
  49,  0.996972,  0.999709,  1.002076,  1.002076
  50,  0.997048,  0.999728,  1.001986,  1.001986
  51,  0.997215,  0.999770,  1.001787,  1.001787
  52,  0.997433,  0.999821,  1.001530,  1.001530
  53,  0.997434,  0.999818,  1.001530,  1.001530
  54,  0.997434,  0.999818,  1.001530,  1.001530
Optimization terminated successfully.
         Current function value: 0.631708
         Iterations: 8
         Function evaluations: 70
         Gradient evaluations: 14
  55,  0.998012,  0.999122,  0.999713,  0.999713
  56,  0.996046,  0.998248,  1.001529,  1.001529
  57,  0.995038,  1.000456,  1.001559,  1.001559
  58,  0.995228,  1.000486,  1.001564,  1.001564
  59,  0.995347,  1.000513,  1.001568,  1.001568
  60,  0.995347,  1.000512,  1.001568,  1.001568
  61,  0.995347,  1.000512,  1.001568,  1.001568
Optimization terminated successfully.
         Current function value: 2.091651
         Iterations: 7
         Function evaluations: 50
         Gradient evaluations: 10
  62,  0.998086,  0.999178,  1.002450,  1.002450
  63,  0.997364,  0.998848,  1.002092,  1.002092
  64,  0.996972,  0.999709,  1.002076,  1.002076
  65,  0.997048,  0.999728,  1.001986,  1.001986
  66,  0.997215,  0.999770,  1.001787,  1.001787
  67,  0.997433,  0.999821,  1.001530,  1.001530
  68,  0.997434,  0.999818,  1.001530,  1.001530
  69,  0.997434,  0.999818,  1.001530,  1.001530
Optimization terminated successfully.
         Current function value: 0.631711
         Iterations: 8
         Function evaluations: 70
         Gradient evaluations: 14
  70,  0.998012,  0.999122,  0.999713,  0.999713
  71,  0.996046,  0.998248,  1.001529,  1.001529
  72,  0.995038,  1.000456,  1.001559,  1.001559
  73,  0.995228,  1.000486,  1.001564,  1.001564
  74,  0.995347,  1.000513,  1.001568,  1.001568
  75,  0.995347,  1.000512,  1.001568,  1.001568
  76,  0.995347,  1.000512,  1.001568,  1.001568
Optimization terminated successfully.
         Current function value: 2.091662
         Iterations: 7
         Function evaluations: 50
         Gradient evaluations: 10
  77,  0.998086,  0.999178,  1.002450,  1.002450
  78,  0.997364,  0.998848,  1.002092,  1.002092
  79,  0.996972,  0.999709,  1.002076,  1.002076
  80,  0.997048,  0.999728,  1.001986,  1.001986
  81,  0.997215,  0.999770,  1.001787,  1.001787
  82,  0.997433,  0.999821,  1.001530,  1.001530
  83,  0.997433,  0.999818,  1.001530,  1.001530
  84,  0.997434,  0.999818,  1.001530,  1.001530
Optimization terminated successfully.
         Current function value: 0.631714
         Iterations: 8
         Function evaluations: 70
         Gradient evaluations: 14
  85,  0.998012,  0.999122,  0.999713,  0.999713
  86,  0.996046,  0.998248,  1.001529,  1.001529
  87,  0.995038,  1.000456,  1.001559,  1.001559
  88,  0.995228,  1.000486,  1.001564,  1.001564
  89,  0.995347,  1.000513,  1.001568,  1.001568
  90,  0.995347,  1.000512,  1.001568,  1.001568
  91,  0.995347,  1.000512,  1.001568,  1.001568
Optimization terminated successfully.
         Current function value: 2.091674
         Iterations: 7
         Function evaluations: 50
         Gradient evaluations: 10
  92,  0.998086,  0.999178,  1.002450,  1.002450
  93,  0.997364,  0.998848,  1.002092,  1.002092
  94,  0.996972,  0.999709,  1.002076,  1.002076
  95,  0.997048,  0.999728,  1.001986,  1.001986
  96,  0.997215,  0.999770,  1.001787,  1.001787
  97,  0.997433,  0.999821,  1.001530,  1.001530
  98,  0.997433,  0.999818,  1.001530,  1.001530
  99,  0.997434,  0.999818,  1.001530,  1.001530
 100,  0.997434,  0.999818,  1.001530,  1.001530
 101,  0.997434,  0.999818,  1.001530,  1.001530
Warning: Maximum number of iterations has been exceeded.
         Current function value: 0.631718
         Iterations: 10
         Function evaluations: 210
         Gradient evaluations: 42
 102,  0.998012,  0.999122,  0.999713,  0.999713
 103,  0.996046,  0.998248,  1.001529,  1.001529
 104,  0.995038,  1.000456,  1.001559,  1.001559
 105,  0.995228,  1.000486,  1.001564,  1.001564
 106,  0.995347,  1.000513,  1.001568,  1.001568
 107,  0.995347,  1.000512,  1.001568,  1.001568
 108,  0.995347,  1.000512,  1.001568,  1.001568
Optimization terminated successfully.
         Current function value: 2.091685
         Iterations: 7
         Function evaluations: 50
         Gradient evaluations: 10
