fisher1 and fisher2 are: 0.932382165300029, 0
begin truth calculations
begin calculating d2chi
   1,  0.996289,  0.998409,  1.004810,  1.004810
   2,  0.994908,  0.997778,  1.004135,  1.004135
   3,  0.994109,  0.999536,  1.004103,  1.004103
   4,  0.994239,  0.999571,  1.003947,  1.003947
   5,  0.994517,  0.999647,  1.003609,  1.003609
   6,  0.995086,  0.999789,  1.002923,  1.002923
   7,  0.995091,  0.999772,  1.002925,  1.002925
   8,  0.995092,  0.999771,  1.002925,  1.002925
   9,  0.995092,  0.999771,  1.002925,  1.002925
Optimization terminated successfully.
         Current function value: 2.233946
         Iterations: 9
         Function evaluations: 75
         Gradient evaluations: 15
  10,  0.995995,  0.998231,  0.999450,  0.999450
  11,  0.992019,  0.996466,  1.003170,  1.003170
  12,  0.989885,  1.001146,  1.003231,  1.003231
  13,  0.990367,  1.001056,  1.003184,  1.003184
  14,  0.990705,  1.001016,  1.003148,  1.003148
  15,  0.990708,  1.001010,  1.003148,  1.003148
  16,  0.990708,  1.001010,  1.003148,  1.003148
Optimization terminated successfully.
         Current function value: 8.072052
         Iterations: 7
         Function evaluations: 50
         Gradient evaluations: 10
  17,  0.996289,  0.998409,  1.004810,  1.004810
  18,  0.994908,  0.997778,  1.004135,  1.004135
  19,  0.994109,  0.999536,  1.004103,  1.004103
  20,  0.994239,  0.999571,  1.003948,  1.003948
  21,  0.994517,  0.999647,  1.003609,  1.003609
  22,  0.995086,  0.999789,  1.002923,  1.002923
  23,  0.995091,  0.999772,  1.002925,  1.002925
  24,  0.995092,  0.999771,  1.002925,  1.002925
  25,  0.995092,  0.999771,  1.002925,  1.002925
Optimization terminated successfully.
         Current function value: 2.233954
         Iterations: 9
         Function evaluations: 75
         Gradient evaluations: 15
  26,  0.995995,  0.998231,  0.999450,  0.999450
  27,  0.992019,  0.996466,  1.003170,  1.003170
  28,  0.989885,  1.001146,  1.003231,  1.003231
  29,  0.990367,  1.001056,  1.003184,  1.003184
  30,  0.990705,  1.001016,  1.003148,  1.003148
  31,  0.990708,  1.001010,  1.003148,  1.003148
  32,  0.990708,  1.001010,  1.003148,  1.003148
Optimization terminated successfully.
         Current function value: 8.072080
         Iterations: 7
         Function evaluations: 50
         Gradient evaluations: 10
  33,  0.996289,  0.998409,  1.004810,  1.004810
  34,  0.994908,  0.997778,  1.004135,  1.004135
  35,  0.994109,  0.999536,  1.004103,  1.004103
  36,  0.994239,  0.999571,  1.003948,  1.003948
  37,  0.994517,  0.999647,  1.003609,  1.003609
  38,  0.995086,  0.999789,  1.002923,  1.002923
  39,  0.995091,  0.999772,  1.002925,  1.002925
  40,  0.995092,  0.999771,  1.002925,  1.002925
  41,  0.995092,  0.999771,  1.002925,  1.002925
  42,  0.995092,  0.999771,  1.002925,  1.002925
Warning: Maximum number of iterations has been exceeded.
         Current function value: 2.233961
         Iterations: 10
         Function evaluations: 85
         Gradient evaluations: 17
  43,  0.995995,  0.998231,  0.999450,  0.999450
  44,  0.992019,  0.996466,  1.003170,  1.003170
  45,  0.989885,  1.001146,  1.003231,  1.003231
  46,  0.990367,  1.001056,  1.003184,  1.003184
  47,  0.990705,  1.001016,  1.003148,  1.003148
  48,  0.990708,  1.001010,  1.003148,  1.003148
  49,  0.990708,  1.001010,  1.003148,  1.003148
Optimization terminated successfully.
         Current function value: 8.072108
         Iterations: 7
         Function evaluations: 50
         Gradient evaluations: 10
  50,  0.996289,  0.998409,  1.004810,  1.004810
  51,  0.994908,  0.997778,  1.004135,  1.004135
  52,  0.994109,  0.999536,  1.004103,  1.004103
  53,  0.994239,  0.999571,  1.003948,  1.003948
  54,  0.994517,  0.999647,  1.003609,  1.003609
  55,  0.995086,  0.999789,  1.002923,  1.002923
  56,  0.995091,  0.999772,  1.002925,  1.002925
  57,  0.995092,  0.999771,  1.002925,  1.002925
  58,  0.995092,  0.999771,  1.002925,  1.002925
Optimization terminated successfully.
         Current function value: 2.233968
         Iterations: 9
         Function evaluations: 75
         Gradient evaluations: 15
  59,  0.995995,  0.998231,  0.999450,  0.999450
  60,  0.992019,  0.996466,  1.003170,  1.003170
  61,  0.989885,  1.001146,  1.003231,  1.003231
  62,  0.990367,  1.001056,  1.003184,  1.003184
  63,  0.990705,  1.001016,  1.003148,  1.003148
  64,  0.990708,  1.001010,  1.003148,  1.003148
  65,  0.990708,  1.001010,  1.003148,  1.003148
Optimization terminated successfully.
         Current function value: 8.072136
         Iterations: 7
         Function evaluations: 50
         Gradient evaluations: 10
  66,  0.996289,  0.998409,  1.004810,  1.004810
  67,  0.994908,  0.997778,  1.004135,  1.004135
  68,  0.994109,  0.999536,  1.004103,  1.004103
  69,  0.994239,  0.999571,  1.003948,  1.003948
  70,  0.994517,  0.999647,  1.003609,  1.003609
  71,  0.995086,  0.999789,  1.002923,  1.002923
  72,  0.995091,  0.999772,  1.002925,  1.002925
  73,  0.995092,  0.999771,  1.002925,  1.002925
  74,  0.995092,  0.999771,  1.002925,  1.002925
Optimization terminated successfully.
         Current function value: 2.233975
         Iterations: 9
         Function evaluations: 75
         Gradient evaluations: 15
  75,  0.995995,  0.998231,  0.999450,  0.999450
  76,  0.992019,  0.996466,  1.003170,  1.003170
  77,  0.989885,  1.001146,  1.003231,  1.003231
  78,  0.990367,  1.001056,  1.003184,  1.003184
  79,  0.990705,  1.001016,  1.003148,  1.003148
  80,  0.990708,  1.001010,  1.003148,  1.003148
  81,  0.990708,  1.001010,  1.003148,  1.003148
  82,  0.990708,  1.001010,  1.003148,  1.003148
Optimization terminated successfully.
         Current function value: 8.072163
         Iterations: 8
         Function evaluations: 60
         Gradient evaluations: 12
  83,  0.996289,  0.998409,  1.004810,  1.004810
  84,  0.994908,  0.997778,  1.004135,  1.004135
  85,  0.994109,  0.999536,  1.004103,  1.004103
  86,  0.994239,  0.999571,  1.003948,  1.003948
  87,  0.994517,  0.999647,  1.003609,  1.003609
  88,  0.995086,  0.999789,  1.002923,  1.002923
  89,  0.995091,  0.999772,  1.002925,  1.002925
  90,  0.995092,  0.999771,  1.002925,  1.002925
  91,  0.995092,  0.999771,  1.002925,  1.002925
  92,  0.995092,  0.999771,  1.002925,  1.002925
Warning: Maximum number of iterations has been exceeded.
         Current function value: 2.233982
         Iterations: 10
         Function evaluations: 80
         Gradient evaluations: 16
  93,  0.995995,  0.998231,  0.999450,  0.999450
  94,  0.992019,  0.996466,  1.003170,  1.003170
  95,  0.989885,  1.001146,  1.003231,  1.003231
  96,  0.990367,  1.001056,  1.003184,  1.003184
  97,  0.990705,  1.001016,  1.003148,  1.003148
  98,  0.990708,  1.001010,  1.003148,  1.003148
  99,  0.990708,  1.001010,  1.003148,  1.003148
Optimization terminated successfully.
         Current function value: 8.072191
         Iterations: 7
         Function evaluations: 50
         Gradient evaluations: 10
 100,  0.996289,  0.998409,  1.004810,  1.004810
 101,  0.994908,  0.997778,  1.004135,  1.004135
 102,  0.994109,  0.999536,  1.004103,  1.004103
 103,  0.994239,  0.999571,  1.003948,  1.003948
 104,  0.994517,  0.999647,  1.003609,  1.003609
 105,  0.995086,  0.999789,  1.002923,  1.002923
 106,  0.995091,  0.999772,  1.002925,  1.002925
 107,  0.995092,  0.999771,  1.002925,  1.002925
 108,  0.995092,  0.999771,  1.002925,  1.002925
Optimization terminated successfully.
         Current function value: 2.233990
         Iterations: 9
         Function evaluations: 75
         Gradient evaluations: 15
 109,  0.995995,  0.998231,  0.999450,  0.999450
 110,  0.992019,  0.996466,  1.003170,  1.003170
 111,  0.989885,  1.001146,  1.003231,  1.003231
 112,  0.990367,  1.001056,  1.003184,  1.003184
 113,  0.990705,  1.001016,  1.003148,  1.003148
 114,  0.990708,  1.001010,  1.003148,  1.003148
 115,  0.990708,  1.001010,  1.003148,  1.003148
Optimization terminated successfully.
         Current function value: 8.072219
         Iterations: 7
         Function evaluations: 50
         Gradient evaluations: 10
