fisher1 and fisher2 are: 0.7627361620061788, 0
begin truth calculations
begin calculating d2chi
   1,  1.001278,  1.000555,  0.998583,  0.998583
   2,  1.001856,  1.000823,  0.998917,  0.998917
   3,  1.001972,  1.000567,  0.998922,  0.998922
   4,  1.001999,  1.000585,  0.998891,  0.998891
   5,  1.002063,  1.000628,  0.998816,  0.998816
   6,  1.002076,  1.000636,  0.998801,  0.998801
   7,  1.002076,  1.000636,  0.998801,  0.998801
Optimization terminated successfully.
         Current function value: 0.637426
         Iterations: 7
         Function evaluations: 70
         Gradient evaluations: 14
   8,  1.000611,  1.000273,  1.000143,  1.000143
   9,  1.001384,  1.000625,  0.999479,  0.999479
  10,  1.001611,  1.000130,  0.999472,  0.999472
  11,  1.001675,  1.000141,  0.999424,  0.999424
  12,  1.001679,  1.000141,  0.999421,  0.999421
  13,  1.001679,  1.000141,  0.999421,  0.999421
Warning: Desired error not necessarily achieved due to precision loss.
         Current function value: 0.462529
         Iterations: 6
         Function evaluations: 460
         Gradient evaluations: 90
  14,  1.001278,  1.000555,  0.998583,  0.998583
  15,  1.001856,  1.000823,  0.998917,  0.998917
  16,  1.001972,  1.000567,  0.998922,  0.998922
  17,  1.001999,  1.000585,  0.998891,  0.998891
  18,  1.002063,  1.000628,  0.998816,  0.998816
  19,  1.002076,  1.000636,  0.998801,  0.998801
  20,  1.002076,  1.000636,  0.998801,  0.998801
Optimization terminated successfully.
         Current function value: 0.637425
         Iterations: 7
         Function evaluations: 70
         Gradient evaluations: 14
  21,  1.000611,  1.000273,  1.000143,  1.000143
  22,  1.001384,  1.000625,  0.999479,  0.999479
  23,  1.001611,  1.000130,  0.999472,  0.999472
  24,  1.001675,  1.000141,  0.999424,  0.999424
  25,  1.001679,  1.000141,  0.999421,  0.999421
  26,  1.001679,  1.000141,  0.999421,  0.999421
Optimization terminated successfully.
         Current function value: 0.462530
         Iterations: 6
         Function evaluations: 50
         Gradient evaluations: 10
  27,  1.001278,  1.000555,  0.998583,  0.998583
  28,  1.001856,  1.000823,  0.998917,  0.998917
  29,  1.001972,  1.000567,  0.998922,  0.998922
  30,  1.001999,  1.000585,  0.998891,  0.998891
  31,  1.002063,  1.000628,  0.998816,  0.998816
  32,  1.002076,  1.000636,  0.998801,  0.998801
  33,  1.002076,  1.000636,  0.998801,  0.998801
  34,  1.002076,  1.000636,  0.998801,  0.998801
Warning: Desired error not necessarily achieved due to precision loss.
         Current function value: 0.637425
         Iterations: 8
         Function evaluations: 371
         Gradient evaluations: 72
  35,  1.000611,  1.000273,  1.000143,  1.000143
  36,  1.001384,  1.000625,  0.999479,  0.999479
  37,  1.001611,  1.000130,  0.999472,  0.999472
  38,  1.001675,  1.000141,  0.999424,  0.999424
  39,  1.001679,  1.000141,  0.999421,  0.999421
  40,  1.001679,  1.000141,  0.999421,  0.999421
Optimization terminated successfully.
         Current function value: 0.462532
         Iterations: 6
         Function evaluations: 50
         Gradient evaluations: 10
  41,  1.001278,  1.000555,  0.998583,  0.998583
  42,  1.001856,  1.000823,  0.998917,  0.998917
  43,  1.001972,  1.000567,  0.998922,  0.998922
  44,  1.001999,  1.000585,  0.998891,  0.998891
  45,  1.002063,  1.000628,  0.998816,  0.998816
  46,  1.002076,  1.000636,  0.998801,  0.998801
  47,  1.002076,  1.000636,  0.998801,  0.998801
Optimization terminated successfully.
         Current function value: 0.637424
         Iterations: 7
         Function evaluations: 70
         Gradient evaluations: 14
  48,  1.000611,  1.000273,  1.000143,  1.000143
  49,  1.001384,  1.000625,  0.999479,  0.999479
  50,  1.001611,  1.000130,  0.999472,  0.999472
  51,  1.001675,  1.000141,  0.999424,  0.999424
  52,  1.001679,  1.000141,  0.999421,  0.999421
  53,  1.001679,  1.000141,  0.999421,  0.999421
  54,  1.001679,  1.000141,  0.999421,  0.999421
Warning: Desired error not necessarily achieved due to precision loss.
         Current function value: 0.462533
         Iterations: 7
         Function evaluations: 705
         Gradient evaluations: 137
  55,  1.001278,  1.000555,  0.998583,  0.998583
  56,  1.001856,  1.000823,  0.998917,  0.998917
  57,  1.001972,  1.000567,  0.998922,  0.998922
  58,  1.001999,  1.000585,  0.998891,  0.998891
  59,  1.002063,  1.000628,  0.998816,  0.998816
  60,  1.002076,  1.000636,  0.998801,  0.998801
  61,  1.002076,  1.000636,  0.998801,  0.998801
Optimization terminated successfully.
         Current function value: 0.637424
         Iterations: 7
         Function evaluations: 70
         Gradient evaluations: 14
  62,  1.000611,  1.000273,  1.000143,  1.000143
  63,  1.001384,  1.000625,  0.999479,  0.999479
  64,  1.001611,  1.000130,  0.999472,  0.999472
  65,  1.001675,  1.000141,  0.999424,  0.999424
  66,  1.001679,  1.000141,  0.999421,  0.999421
  67,  1.001679,  1.000141,  0.999421,  0.999421
Optimization terminated successfully.
         Current function value: 0.462534
         Iterations: 6
         Function evaluations: 50
         Gradient evaluations: 10
  68,  1.001278,  1.000555,  0.998583,  0.998583
  69,  1.001856,  1.000823,  0.998917,  0.998917
  70,  1.001972,  1.000567,  0.998922,  0.998922
  71,  1.001999,  1.000585,  0.998891,  0.998891
  72,  1.002063,  1.000628,  0.998816,  0.998816
  73,  1.002076,  1.000636,  0.998801,  0.998801
  74,  1.002076,  1.000636,  0.998801,  0.998801
Optimization terminated successfully.
         Current function value: 0.637423
         Iterations: 7
         Function evaluations: 70
         Gradient evaluations: 14
  75,  1.000611,  1.000273,  1.000143,  1.000143
  76,  1.001384,  1.000625,  0.999479,  0.999479
  77,  1.001611,  1.000130,  0.999472,  0.999472
  78,  1.001675,  1.000141,  0.999424,  0.999424
  79,  1.001679,  1.000141,  0.999421,  0.999421
  80,  1.001679,  1.000141,  0.999421,  0.999421
Optimization terminated successfully.
         Current function value: 0.462535
         Iterations: 6
         Function evaluations: 50
         Gradient evaluations: 10
  81,  1.001278,  1.000555,  0.998583,  0.998583
  82,  1.001856,  1.000823,  0.998917,  0.998917
  83,  1.001972,  1.000567,  0.998922,  0.998922
  84,  1.001999,  1.000585,  0.998891,  0.998891
  85,  1.002063,  1.000628,  0.998816,  0.998816
  86,  1.002076,  1.000636,  0.998801,  0.998801
  87,  1.002076,  1.000636,  0.998801,  0.998801
Optimization terminated successfully.
         Current function value: 0.637423
         Iterations: 7
         Function evaluations: 70
         Gradient evaluations: 14
  88,  1.000611,  1.000273,  1.000143,  1.000143
  89,  1.001384,  1.000625,  0.999479,  0.999479
  90,  1.001611,  1.000130,  0.999472,  0.999472
  91,  1.001675,  1.000141,  0.999424,  0.999424
  92,  1.001679,  1.000141,  0.999421,  0.999421
  93,  1.001679,  1.000141,  0.999421,  0.999421
Warning: Desired error not necessarily achieved due to precision loss.
         Current function value: 0.462537
         Iterations: 6
         Function evaluations: 703
         Gradient evaluations: 137
