fisher1 and fisher2 are: 0.8569839416138734, 0
begin truth calculations
begin calculating d2chi
   1,  0.999954,  0.999980,  1.000057,  1.000057
   2,  0.999937,  0.999972,  1.000048,  1.000048
   3,  0.999928,  0.999991,  1.000048,  1.000048
   4,  0.999930,  0.999992,  1.000045,  1.000045
   5,  0.999935,  0.999993,  1.000040,  1.000040
   6,  0.999938,  0.999993,  1.000037,  1.000037
   7,  0.999938,  0.999993,  1.000037,  1.000037
Optimization terminated successfully.
         Current function value: 0.000396
         Iterations: 7
         Function evaluations: 65
         Gradient evaluations: 13
   8,  0.999956,  0.999981,  0.999993,  0.999993
   9,  0.999913,  0.999961,  1.000032,  1.000032
  10,  0.999892,  1.000008,  1.000033,  1.000033
  11,  0.999894,  1.000009,  1.000034,  1.000034
  12,  0.999897,  1.000011,  1.000035,  1.000035
Optimization terminated successfully.
         Current function value: 0.001085
         Iterations: 5
         Function evaluations: 40
         Gradient evaluations: 8
  13,  0.999954,  0.999980,  1.000057,  1.000057
  14,  0.999937,  0.999972,  1.000048,  1.000048
  15,  0.999928,  0.999991,  1.000048,  1.000048
  16,  0.999930,  0.999992,  1.000045,  1.000045
  17,  0.999935,  0.999993,  1.000040,  1.000040
  18,  0.999938,  0.999993,  1.000037,  1.000037
  19,  0.999938,  0.999993,  1.000037,  1.000037
Optimization terminated successfully.
         Current function value: 0.000396
         Iterations: 7
         Function evaluations: 65
         Gradient evaluations: 13
  20,  0.999956,  0.999981,  0.999993,  0.999993
  21,  0.999913,  0.999961,  1.000032,  1.000032
  22,  0.999892,  1.000008,  1.000033,  1.000033
  23,  0.999894,  1.000009,  1.000034,  1.000034
  24,  0.999897,  1.000011,  1.000035,  1.000035
Optimization terminated successfully.
         Current function value: 0.001085
         Iterations: 5
         Function evaluations: 40
         Gradient evaluations: 8
  25,  0.999954,  0.999980,  1.000057,  1.000057
  26,  0.999937,  0.999972,  1.000048,  1.000048
  27,  0.999928,  0.999991,  1.000048,  1.000048
  28,  0.999930,  0.999992,  1.000045,  1.000045
  29,  0.999935,  0.999993,  1.000040,  1.000040
  30,  0.999938,  0.999993,  1.000037,  1.000037
  31,  0.999938,  0.999993,  1.000037,  1.000037
Optimization terminated successfully.
         Current function value: 0.000396
         Iterations: 7
         Function evaluations: 65
         Gradient evaluations: 13
  32,  0.999956,  0.999981,  0.999993,  0.999993
  33,  0.999913,  0.999961,  1.000032,  1.000032
  34,  0.999892,  1.000008,  1.000033,  1.000033
  35,  0.999894,  1.000009,  1.000034,  1.000034
  36,  0.999897,  1.000011,  1.000035,  1.000035
Optimization terminated successfully.
         Current function value: 0.001085
         Iterations: 5
         Function evaluations: 40
         Gradient evaluations: 8
  37,  0.999954,  0.999980,  1.000057,  1.000057
  38,  0.999937,  0.999972,  1.000048,  1.000048
  39,  0.999928,  0.999991,  1.000048,  1.000048
  40,  0.999930,  0.999992,  1.000045,  1.000045
  41,  0.999935,  0.999993,  1.000040,  1.000040
  42,  0.999938,  0.999993,  1.000037,  1.000037
  43,  0.999938,  0.999993,  1.000037,  1.000037
Optimization terminated successfully.
         Current function value: 0.000396
         Iterations: 7
         Function evaluations: 65
         Gradient evaluations: 13
  44,  0.999956,  0.999981,  0.999993,  0.999993
  45,  0.999913,  0.999961,  1.000032,  1.000032
  46,  0.999892,  1.000008,  1.000033,  1.000033
  47,  0.999894,  1.000009,  1.000034,  1.000034
  48,  0.999897,  1.000011,  1.000035,  1.000035
Optimization terminated successfully.
         Current function value: 0.001086
         Iterations: 5
         Function evaluations: 40
         Gradient evaluations: 8
  49,  0.999954,  0.999980,  1.000057,  1.000057
  50,  0.999937,  0.999972,  1.000048,  1.000048
  51,  0.999928,  0.999991,  1.000048,  1.000048
  52,  0.999930,  0.999992,  1.000045,  1.000045
  53,  0.999935,  0.999993,  1.000040,  1.000040
  54,  0.999938,  0.999993,  1.000037,  1.000037
  55,  0.999938,  0.999993,  1.000037,  1.000037
Optimization terminated successfully.
         Current function value: 0.000396
         Iterations: 7
         Function evaluations: 65
         Gradient evaluations: 13
  56,  0.999956,  0.999981,  0.999993,  0.999993
  57,  0.999913,  0.999961,  1.000032,  1.000032
  58,  0.999892,  1.000008,  1.000033,  1.000033
  59,  0.999894,  1.000009,  1.000034,  1.000034
  60,  0.999897,  1.000011,  1.000035,  1.000035
Optimization terminated successfully.
         Current function value: 0.001086
         Iterations: 5
         Function evaluations: 40
         Gradient evaluations: 8
  61,  0.999954,  0.999980,  1.000057,  1.000057
  62,  0.999937,  0.999972,  1.000048,  1.000048
  63,  0.999928,  0.999991,  1.000048,  1.000048
  64,  0.999930,  0.999992,  1.000045,  1.000045
  65,  0.999935,  0.999993,  1.000040,  1.000040
  66,  0.999938,  0.999993,  1.000037,  1.000037
  67,  0.999938,  0.999993,  1.000037,  1.000037
Optimization terminated successfully.
         Current function value: 0.000396
         Iterations: 7
         Function evaluations: 65
         Gradient evaluations: 13
  68,  0.999956,  0.999981,  0.999993,  0.999993
  69,  0.999913,  0.999961,  1.000032,  1.000032
  70,  0.999892,  1.000008,  1.000033,  1.000033
  71,  0.999894,  1.000009,  1.000034,  1.000034
  72,  0.999897,  1.000011,  1.000035,  1.000035
Optimization terminated successfully.
         Current function value: 0.001086
         Iterations: 5
         Function evaluations: 40
         Gradient evaluations: 8
  73,  0.999954,  0.999980,  1.000057,  1.000057
  74,  0.999937,  0.999972,  1.000048,  1.000048
  75,  0.999928,  0.999991,  1.000048,  1.000048
  76,  0.999930,  0.999992,  1.000045,  1.000045
  77,  0.999935,  0.999993,  1.000040,  1.000040
  78,  0.999938,  0.999993,  1.000037,  1.000037
  79,  0.999938,  0.999993,  1.000037,  1.000037
Optimization terminated successfully.
         Current function value: 0.000396
         Iterations: 7
         Function evaluations: 65
         Gradient evaluations: 13
  80,  0.999956,  0.999981,  0.999993,  0.999993
  81,  0.999913,  0.999961,  1.000032,  1.000032
  82,  0.999892,  1.000008,  1.000033,  1.000033
  83,  0.999894,  1.000009,  1.000034,  1.000034
  84,  0.999897,  1.000011,  1.000035,  1.000035
Optimization terminated successfully.
         Current function value: 0.001086
         Iterations: 5
         Function evaluations: 40
         Gradient evaluations: 8
