fisher1 and fisher2 are: 0.8381343856923344, 0
begin truth calculations
begin calculating d2chi
   1,  1.000403,  1.000174,  0.999503,  0.999503
   2,  1.000606,  1.000267,  0.999608,  0.999608
   3,  1.000690,  1.000084,  0.999611,  0.999611
   4,  1.000702,  1.000088,  0.999597,  0.999597
   5,  1.000724,  1.000095,  0.999571,  0.999571
   6,  1.000724,  1.000095,  0.999571,  0.999571
Optimization terminated successfully.
         Current function value: 0.055220
         Iterations: 6
         Function evaluations: 60
         Gradient evaluations: 12
   7,  1.000479,  1.000212,  1.000077,  1.000077
   8,  1.000951,  1.000423,  0.999650,  0.999650
   9,  1.001180,  0.999923,  0.999643,  0.999643
  10,  1.001154,  0.999910,  0.999632,  0.999632
  11,  1.001129,  0.999897,  0.999621,  0.999621
  12,  1.001129,  0.999897,  0.999621,  0.999621
Optimization terminated successfully.
         Current function value: 0.134347
         Iterations: 6
         Function evaluations: 45
         Gradient evaluations: 9
  13,  1.000403,  1.000174,  0.999503,  0.999503
  14,  1.000606,  1.000267,  0.999608,  0.999608
  15,  1.000690,  1.000084,  0.999611,  0.999611
  16,  1.000702,  1.000088,  0.999597,  0.999597
  17,  1.000724,  1.000095,  0.999571,  0.999571
  18,  1.000724,  1.000095,  0.999571,  0.999571
Optimization terminated successfully.
         Current function value: 0.055219
         Iterations: 6
         Function evaluations: 60
         Gradient evaluations: 12
  19,  1.000479,  1.000212,  1.000077,  1.000077
  20,  1.000951,  1.000422,  0.999650,  0.999650
  21,  1.001180,  0.999923,  0.999643,  0.999643
  22,  1.001154,  0.999910,  0.999632,  0.999632
  23,  1.001129,  0.999897,  0.999621,  0.999621
  24,  1.001129,  0.999897,  0.999621,  0.999621
Optimization terminated successfully.
         Current function value: 0.134346
         Iterations: 6
         Function evaluations: 45
         Gradient evaluations: 9
  25,  1.000403,  1.000174,  0.999503,  0.999503
  26,  1.000606,  1.000267,  0.999608,  0.999608
  27,  1.000690,  1.000084,  0.999611,  0.999611
  28,  1.000702,  1.000088,  0.999597,  0.999597
  29,  1.000724,  1.000095,  0.999571,  0.999571
  30,  1.000724,  1.000095,  0.999571,  0.999571
Optimization terminated successfully.
         Current function value: 0.055219
         Iterations: 6
         Function evaluations: 60
         Gradient evaluations: 12
  31,  1.000479,  1.000212,  1.000077,  1.000077
  32,  1.000951,  1.000422,  0.999650,  0.999650
  33,  1.001180,  0.999923,  0.999643,  0.999643
  34,  1.001154,  0.999910,  0.999632,  0.999632
  35,  1.001129,  0.999897,  0.999621,  0.999621
  36,  1.001129,  0.999897,  0.999621,  0.999621
Optimization terminated successfully.
         Current function value: 0.134344
         Iterations: 6
         Function evaluations: 45
         Gradient evaluations: 9
  37,  1.000403,  1.000174,  0.999503,  0.999503
  38,  1.000606,  1.000267,  0.999608,  0.999608
  39,  1.000690,  1.000084,  0.999611,  0.999611
  40,  1.000702,  1.000088,  0.999597,  0.999597
  41,  1.000724,  1.000095,  0.999571,  0.999571
  42,  1.000724,  1.000095,  0.999571,  0.999571
Optimization terminated successfully.
         Current function value: 0.055218
         Iterations: 6
         Function evaluations: 60
         Gradient evaluations: 12
  43,  1.000479,  1.000212,  1.000077,  1.000077
  44,  1.000951,  1.000422,  0.999650,  0.999650
  45,  1.001180,  0.999923,  0.999643,  0.999643
  46,  1.001154,  0.999910,  0.999632,  0.999632
  47,  1.001129,  0.999897,  0.999621,  0.999621
  48,  1.001129,  0.999897,  0.999621,  0.999621
Optimization terminated successfully.
         Current function value: 0.134343
         Iterations: 6
         Function evaluations: 45
         Gradient evaluations: 9
  49,  1.000403,  1.000174,  0.999503,  0.999503
  50,  1.000606,  1.000267,  0.999608,  0.999608
  51,  1.000690,  1.000084,  0.999611,  0.999611
  52,  1.000702,  1.000088,  0.999597,  0.999597
  53,  1.000724,  1.000095,  0.999571,  0.999571
  54,  1.000724,  1.000095,  0.999571,  0.999571
Optimization terminated successfully.
         Current function value: 0.055218
         Iterations: 6
         Function evaluations: 60
         Gradient evaluations: 12
  55,  1.000479,  1.000212,  1.000077,  1.000077
  56,  1.000951,  1.000422,  0.999650,  0.999650
  57,  1.001180,  0.999923,  0.999643,  0.999643
  58,  1.001154,  0.999910,  0.999632,  0.999632
  59,  1.001129,  0.999897,  0.999621,  0.999621
  60,  1.001129,  0.999897,  0.999621,  0.999621
Optimization terminated successfully.
         Current function value: 0.134342
         Iterations: 6
         Function evaluations: 45
         Gradient evaluations: 9
  61,  1.000403,  1.000174,  0.999503,  0.999503
  62,  1.000606,  1.000267,  0.999608,  0.999608
  63,  1.000690,  1.000084,  0.999611,  0.999611
  64,  1.000702,  1.000088,  0.999597,  0.999597
  65,  1.000724,  1.000095,  0.999571,  0.999571
  66,  1.000724,  1.000095,  0.999571,  0.999571
Optimization terminated successfully.
         Current function value: 0.055217
         Iterations: 6
         Function evaluations: 60
         Gradient evaluations: 12
  67,  1.000479,  1.000212,  1.000077,  1.000077
  68,  1.000951,  1.000422,  0.999650,  0.999650
  69,  1.001180,  0.999923,  0.999643,  0.999643
  70,  1.001154,  0.999910,  0.999632,  0.999632
  71,  1.001129,  0.999897,  0.999621,  0.999621
  72,  1.001129,  0.999897,  0.999621,  0.999621
Optimization terminated successfully.
         Current function value: 0.134340
         Iterations: 6
         Function evaluations: 45
         Gradient evaluations: 9
  73,  1.000403,  1.000174,  0.999503,  0.999503
  74,  1.000606,  1.000267,  0.999608,  0.999608
  75,  1.000690,  1.000084,  0.999611,  0.999611
  76,  1.000702,  1.000088,  0.999597,  0.999597
  77,  1.000724,  1.000095,  0.999571,  0.999571
  78,  1.000724,  1.000095,  0.999571,  0.999571
Optimization terminated successfully.
         Current function value: 0.055216
         Iterations: 6
         Function evaluations: 60
         Gradient evaluations: 12
  79,  1.000479,  1.000212,  1.000077,  1.000077
  80,  1.000951,  1.000422,  0.999650,  0.999650
  81,  1.001180,  0.999923,  0.999643,  0.999643
  82,  1.001154,  0.999910,  0.999632,  0.999632
  83,  1.001129,  0.999897,  0.999621,  0.999621
  84,  1.001129,  0.999897,  0.999621,  0.999621
Optimization terminated successfully.
         Current function value: 0.134339
         Iterations: 6
         Function evaluations: 45
         Gradient evaluations: 9
