fisher1 and fisher2 are: 0.8789750901890021, 0
begin truth calculations
begin calculating d2chi
   1,  0.999114,  0.999619,  1.001121,  1.001121
   2,  0.998777,  0.999465,  1.000952,  1.000952
   3,  0.998604,  0.999845,  1.000945,  1.000945
   4,  0.998641,  0.999854,  1.000901,  1.000901
   5,  0.998725,  0.999875,  1.000803,  1.000803
   6,  0.998801,  0.999893,  1.000714,  1.000714
   7,  0.998801,  0.999893,  1.000714,  1.000714
Optimization terminated successfully.
         Current function value: 0.141624
         Iterations: 7
         Function evaluations: 65
         Gradient evaluations: 13
   8,  0.999111,  0.999607,  0.999867,  0.999867
   9,  0.998234,  0.999217,  1.000671,  1.000671
  10,  0.997796,  1.000177,  1.000684,  1.000684
  11,  0.997864,  1.000204,  1.000694,  1.000694
  12,  0.997912,  1.000224,  1.000702,  1.000702
  13,  0.997912,  1.000224,  1.000702,  1.000702
Optimization terminated successfully.
         Current function value: 0.432205
         Iterations: 6
         Function evaluations: 45
         Gradient evaluations: 9
  14,  0.999114,  0.999619,  1.001121,  1.001121
  15,  0.998777,  0.999465,  1.000952,  1.000952
  16,  0.998604,  0.999845,  1.000945,  1.000945
  17,  0.998641,  0.999854,  1.000901,  1.000901
  18,  0.998725,  0.999875,  1.000803,  1.000803
  19,  0.998801,  0.999893,  1.000714,  1.000714
  20,  0.998801,  0.999893,  1.000714,  1.000714
Optimization terminated successfully.
         Current function value: 0.141626
         Iterations: 7
         Function evaluations: 65
         Gradient evaluations: 13
  21,  0.999111,  0.999607,  0.999867,  0.999867
  22,  0.998234,  0.999217,  1.000671,  1.000671
  23,  0.997796,  1.000177,  1.000684,  1.000684
  24,  0.997864,  1.000204,  1.000694,  1.000694
  25,  0.997912,  1.000224,  1.000702,  1.000702
  26,  0.997912,  1.000224,  1.000702,  1.000702
Optimization terminated successfully.
         Current function value: 0.432210
         Iterations: 6
         Function evaluations: 45
         Gradient evaluations: 9
  27,  0.999114,  0.999619,  1.001121,  1.001121
  28,  0.998777,  0.999465,  1.000952,  1.000952
  29,  0.998604,  0.999845,  1.000945,  1.000945
  30,  0.998641,  0.999854,  1.000901,  1.000901
  31,  0.998725,  0.999875,  1.000803,  1.000803
  32,  0.998801,  0.999893,  1.000714,  1.000714
  33,  0.998801,  0.999893,  1.000714,  1.000714
Optimization terminated successfully.
         Current function value: 0.141627
         Iterations: 7
         Function evaluations: 65
         Gradient evaluations: 13
  34,  0.999111,  0.999607,  0.999867,  0.999867
  35,  0.998234,  0.999217,  1.000671,  1.000671
  36,  0.997795,  1.000177,  1.000684,  1.000684
  37,  0.997864,  1.000204,  1.000694,  1.000694
  38,  0.997912,  1.000224,  1.000702,  1.000702
  39,  0.997912,  1.000224,  1.000702,  1.000702
Optimization terminated successfully.
         Current function value: 0.432214
         Iterations: 6
         Function evaluations: 45
         Gradient evaluations: 9
  40,  0.999114,  0.999619,  1.001121,  1.001121
  41,  0.998777,  0.999465,  1.000952,  1.000952
  42,  0.998604,  0.999845,  1.000945,  1.000945
  43,  0.998641,  0.999854,  1.000901,  1.000901
  44,  0.998725,  0.999875,  1.000803,  1.000803
  45,  0.998801,  0.999893,  1.000714,  1.000714
  46,  0.998801,  0.999893,  1.000714,  1.000714
Optimization terminated successfully.
         Current function value: 0.141628
         Iterations: 7
         Function evaluations: 65
         Gradient evaluations: 13
  47,  0.999111,  0.999607,  0.999867,  0.999867
  48,  0.998234,  0.999217,  1.000671,  1.000671
  49,  0.997795,  1.000177,  1.000684,  1.000684
  50,  0.997864,  1.000204,  1.000694,  1.000694
  51,  0.997912,  1.000224,  1.000702,  1.000702
  52,  0.997912,  1.000224,  1.000702,  1.000702
Optimization terminated successfully.
         Current function value: 0.432218
         Iterations: 6
         Function evaluations: 45
         Gradient evaluations: 9
  53,  0.999114,  0.999619,  1.001121,  1.001121
  54,  0.998777,  0.999465,  1.000952,  1.000952
  55,  0.998604,  0.999845,  1.000945,  1.000945
  56,  0.998641,  0.999854,  1.000901,  1.000901
  57,  0.998725,  0.999875,  1.000803,  1.000803
  58,  0.998801,  0.999893,  1.000714,  1.000714
  59,  0.998801,  0.999893,  1.000714,  1.000714
Optimization terminated successfully.
         Current function value: 0.141630
         Iterations: 7
         Function evaluations: 65
         Gradient evaluations: 13
  60,  0.999111,  0.999607,  0.999867,  0.999867
  61,  0.998234,  0.999217,  1.000671,  1.000671
  62,  0.997795,  1.000177,  1.000684,  1.000684
  63,  0.997864,  1.000204,  1.000694,  1.000694
  64,  0.997912,  1.000224,  1.000702,  1.000702
  65,  0.997912,  1.000224,  1.000702,  1.000702
Optimization terminated successfully.
         Current function value: 0.432222
         Iterations: 6
         Function evaluations: 45
         Gradient evaluations: 9
  66,  0.999114,  0.999619,  1.001121,  1.001121
  67,  0.998777,  0.999465,  1.000952,  1.000952
  68,  0.998604,  0.999845,  1.000945,  1.000945
  69,  0.998641,  0.999854,  1.000901,  1.000901
  70,  0.998725,  0.999875,  1.000803,  1.000803
  71,  0.998801,  0.999893,  1.000714,  1.000714
  72,  0.998801,  0.999893,  1.000714,  1.000714
Optimization terminated successfully.
         Current function value: 0.141631
         Iterations: 7
         Function evaluations: 65
         Gradient evaluations: 13
  73,  0.999111,  0.999607,  0.999867,  0.999867
  74,  0.998234,  0.999217,  1.000671,  1.000671
  75,  0.997795,  1.000177,  1.000684,  1.000684
  76,  0.997864,  1.000204,  1.000694,  1.000694
  77,  0.997912,  1.000224,  1.000702,  1.000702
  78,  0.997912,  1.000224,  1.000702,  1.000702
Optimization terminated successfully.
         Current function value: 0.432227
         Iterations: 6
         Function evaluations: 45
         Gradient evaluations: 9
  79,  0.999114,  0.999619,  1.001121,  1.001121
  80,  0.998777,  0.999465,  1.000952,  1.000952
  81,  0.998604,  0.999845,  1.000945,  1.000945
  82,  0.998641,  0.999854,  1.000901,  1.000901
  83,  0.998725,  0.999875,  1.000803,  1.000803
  84,  0.998801,  0.999893,  1.000714,  1.000714
  85,  0.998801,  0.999893,  1.000714,  1.000714
Optimization terminated successfully.
         Current function value: 0.141632
         Iterations: 7
         Function evaluations: 65
         Gradient evaluations: 13
  86,  0.999111,  0.999607,  0.999867,  0.999867
  87,  0.998234,  0.999217,  1.000671,  1.000671
  88,  0.997795,  1.000177,  1.000684,  1.000684
  89,  0.997864,  1.000204,  1.000694,  1.000694
  90,  0.997912,  1.000224,  1.000702,  1.000702
  91,  0.997912,  1.000224,  1.000702,  1.000702
Optimization terminated successfully.
         Current function value: 0.432231
         Iterations: 6
         Function evaluations: 45
         Gradient evaluations: 9
