fisher1 and fisher2 are: 0.8444175709995141, 0
begin truth calculations
begin calculating d2chi
   1,  1.000267,  1.000115,  0.999670,  0.999670
   2,  1.000402,  1.000177,  0.999739,  0.999739
   3,  1.000459,  1.000051,  0.999741,  0.999741
   4,  1.000468,  1.000055,  0.999731,  0.999731
   5,  1.000481,  1.000060,  0.999715,  0.999715
   6,  1.000481,  1.000060,  0.999715,  0.999715
Optimization terminated successfully.
         Current function value: 0.024107
         Iterations: 6
         Function evaluations: 60
         Gradient evaluations: 12
   7,  1.000321,  1.000142,  1.000051,  1.000051
   8,  1.000643,  1.000286,  0.999759,  0.999759
   9,  1.000800,  0.999944,  0.999754,  0.999754
  10,  1.000779,  0.999933,  0.999747,  0.999747
  11,  1.000767,  0.999927,  0.999743,  0.999743
  12,  1.000767,  0.999927,  0.999743,  0.999743
Optimization terminated successfully.
         Current function value: 0.061270
         Iterations: 6
         Function evaluations: 45
         Gradient evaluations: 9
  13,  1.000267,  1.000115,  0.999670,  0.999670
  14,  1.000402,  1.000177,  0.999739,  0.999739
  15,  1.000459,  1.000051,  0.999741,  0.999741
  16,  1.000468,  1.000055,  0.999731,  0.999731
  17,  1.000481,  1.000060,  0.999715,  0.999715
  18,  1.000481,  1.000060,  0.999715,  0.999715
Optimization terminated successfully.
         Current function value: 0.024106
         Iterations: 6
         Function evaluations: 60
         Gradient evaluations: 12
  19,  1.000321,  1.000142,  1.000051,  1.000051
  20,  1.000643,  1.000286,  0.999759,  0.999759
  21,  1.000800,  0.999944,  0.999754,  0.999754
  22,  1.000779,  0.999933,  0.999747,  0.999747
  23,  1.000767,  0.999927,  0.999743,  0.999743
  24,  1.000767,  0.999927,  0.999743,  0.999743
Optimization terminated successfully.
         Current function value: 0.061269
         Iterations: 6
         Function evaluations: 45
         Gradient evaluations: 9
  25,  1.000267,  1.000115,  0.999670,  0.999670
  26,  1.000402,  1.000177,  0.999739,  0.999739
  27,  1.000459,  1.000051,  0.999741,  0.999741
  28,  1.000468,  1.000055,  0.999731,  0.999731
  29,  1.000481,  1.000060,  0.999715,  0.999715
  30,  1.000481,  1.000060,  0.999715,  0.999715
Optimization terminated successfully.
         Current function value: 0.024106
         Iterations: 6
         Function evaluations: 60
         Gradient evaluations: 12
  31,  1.000321,  1.000142,  1.000051,  1.000051
  32,  1.000643,  1.000286,  0.999759,  0.999759
  33,  1.000800,  0.999944,  0.999754,  0.999754
  34,  1.000779,  0.999933,  0.999747,  0.999747
  35,  1.000767,  0.999927,  0.999743,  0.999743
  36,  1.000767,  0.999927,  0.999743,  0.999743
Optimization terminated successfully.
         Current function value: 0.061268
         Iterations: 6
         Function evaluations: 45
         Gradient evaluations: 9
  37,  1.000267,  1.000115,  0.999670,  0.999670
  38,  1.000402,  1.000177,  0.999739,  0.999739
  39,  1.000459,  1.000051,  0.999741,  0.999741
  40,  1.000468,  1.000055,  0.999731,  0.999731
  41,  1.000481,  1.000060,  0.999715,  0.999715
  42,  1.000481,  1.000060,  0.999715,  0.999715
Optimization terminated successfully.
         Current function value: 0.024105
         Iterations: 6
         Function evaluations: 60
         Gradient evaluations: 12
  43,  1.000321,  1.000142,  1.000051,  1.000051
  44,  1.000643,  1.000286,  0.999759,  0.999759
  45,  1.000800,  0.999944,  0.999754,  0.999754
  46,  1.000779,  0.999933,  0.999747,  0.999747
  47,  1.000767,  0.999927,  0.999743,  0.999743
  48,  1.000767,  0.999927,  0.999743,  0.999743
Optimization terminated successfully.
         Current function value: 0.061267
         Iterations: 6
         Function evaluations: 45
         Gradient evaluations: 9
  49,  1.000267,  1.000115,  0.999670,  0.999670
  50,  1.000402,  1.000177,  0.999739,  0.999739
  51,  1.000459,  1.000051,  0.999741,  0.999741
  52,  1.000468,  1.000055,  0.999731,  0.999731
  53,  1.000481,  1.000060,  0.999715,  0.999715
  54,  1.000481,  1.000060,  0.999715,  0.999715
Optimization terminated successfully.
         Current function value: 0.024105
         Iterations: 6
         Function evaluations: 60
         Gradient evaluations: 12
  55,  1.000321,  1.000142,  1.000051,  1.000051
  56,  1.000643,  1.000286,  0.999759,  0.999759
  57,  1.000800,  0.999944,  0.999754,  0.999754
  58,  1.000779,  0.999933,  0.999747,  0.999747
  59,  1.000767,  0.999927,  0.999743,  0.999743
  60,  1.000767,  0.999927,  0.999743,  0.999743
Optimization terminated successfully.
         Current function value: 0.061266
         Iterations: 6
         Function evaluations: 45
         Gradient evaluations: 9
  61,  1.000267,  1.000115,  0.999670,  0.999670
  62,  1.000402,  1.000177,  0.999739,  0.999739
  63,  1.000459,  1.000051,  0.999741,  0.999741
  64,  1.000468,  1.000055,  0.999731,  0.999731
  65,  1.000481,  1.000060,  0.999715,  0.999715
  66,  1.000481,  1.000060,  0.999715,  0.999715
Optimization terminated successfully.
         Current function value: 0.024105
         Iterations: 6
         Function evaluations: 60
         Gradient evaluations: 12
  67,  1.000321,  1.000142,  1.000051,  1.000051
  68,  1.000643,  1.000286,  0.999759,  0.999759
  69,  1.000800,  0.999944,  0.999754,  0.999754
  70,  1.000779,  0.999933,  0.999747,  0.999747
  71,  1.000767,  0.999927,  0.999743,  0.999743
  72,  1.000767,  0.999927,  0.999743,  0.999743
Optimization terminated successfully.
         Current function value: 0.061265
         Iterations: 6
         Function evaluations: 45
         Gradient evaluations: 9
  73,  1.000267,  1.000115,  0.999670,  0.999670
  74,  1.000402,  1.000177,  0.999739,  0.999739
  75,  1.000459,  1.000051,  0.999741,  0.999741
  76,  1.000468,  1.000055,  0.999731,  0.999731
  77,  1.000481,  1.000060,  0.999715,  0.999715
  78,  1.000481,  1.000060,  0.999715,  0.999715
Optimization terminated successfully.
         Current function value: 0.024104
         Iterations: 6
         Function evaluations: 60
         Gradient evaluations: 12
  79,  1.000321,  1.000142,  1.000051,  1.000051
  80,  1.000643,  1.000286,  0.999759,  0.999759
  81,  1.000800,  0.999944,  0.999754,  0.999754
  82,  1.000779,  0.999933,  0.999747,  0.999747
  83,  1.000767,  0.999927,  0.999743,  0.999743
  84,  1.000767,  0.999927,  0.999743,  0.999743
Optimization terminated successfully.
         Current function value: 0.061264
         Iterations: 6
         Function evaluations: 45
         Gradient evaluations: 9
