fisher1 and fisher2 are: 0.7124706795487417, 0
begin truth calculations
begin calculating d2chi
   1,  1.001107,  1.000490,  0.999075,  0.999075
   2,  1.001460,  1.000659,  0.999352,  0.999352
   3,  1.001231,  1.001161,  0.999342,  0.999342
   4,  1.001283,  1.001172,  0.999304,  0.999304
   5,  1.001336,  1.001183,  0.999266,  0.999266
   6,  1.001336,  1.001183,  0.999266,  0.999266
Optimization terminated successfully.
         Current function value: 0.762470
         Iterations: 6
         Function evaluations: 60
         Gradient evaluations: 12
   7,  0.999193,  0.999652,  1.000080,  1.000080
   8,  0.998453,  0.999343,  1.000989,  1.000989
   9,  0.997842,  1.000678,  1.001007,  1.001007
  10,  0.998014,  1.000743,  1.000804,  1.000804
  11,  0.998201,  1.000815,  1.000583,  1.000583
  12,  0.998200,  1.000816,  1.000583,  1.000583
  13,  0.998200,  1.000816,  1.000583,  1.000583
Optimization terminated successfully.
         Current function value: 0.251724
         Iterations: 7
         Function evaluations: 55
         Gradient evaluations: 11
  14,  1.001107,  1.000490,  0.999075,  0.999075
  15,  1.001460,  1.000659,  0.999352,  0.999352
  16,  1.001231,  1.001161,  0.999342,  0.999342
  17,  1.001283,  1.001172,  0.999304,  0.999304
  18,  1.001336,  1.001183,  0.999266,  0.999266
  19,  1.001336,  1.001183,  0.999266,  0.999266
Optimization terminated successfully.
         Current function value: 0.762470
         Iterations: 6
         Function evaluations: 60
         Gradient evaluations: 12
  20,  0.999193,  0.999652,  1.000080,  1.000080
  21,  0.998453,  0.999343,  1.000989,  1.000989
  22,  0.997842,  1.000678,  1.001007,  1.001007
  23,  0.998014,  1.000743,  1.000804,  1.000804
  24,  0.998201,  1.000815,  1.000583,  1.000583
  25,  0.998200,  1.000816,  1.000583,  1.000583
  26,  0.998200,  1.000816,  1.000583,  1.000583
Optimization terminated successfully.
         Current function value: 0.251722
         Iterations: 7
         Function evaluations: 55
         Gradient evaluations: 11
  27,  1.001107,  1.000490,  0.999075,  0.999075
  28,  1.001460,  1.000659,  0.999352,  0.999352
  29,  1.001231,  1.001161,  0.999342,  0.999342
  30,  1.001283,  1.001172,  0.999304,  0.999304
  31,  1.001336,  1.001183,  0.999266,  0.999266
  32,  1.001336,  1.001183,  0.999266,  0.999266
Optimization terminated successfully.
         Current function value: 0.762470
         Iterations: 6
         Function evaluations: 60
         Gradient evaluations: 12
  33,  0.999193,  0.999652,  1.000080,  1.000080
  34,  0.998453,  0.999343,  1.000989,  1.000989
  35,  0.997842,  1.000678,  1.001007,  1.001007
  36,  0.998014,  1.000743,  1.000804,  1.000804
  37,  0.998201,  1.000815,  1.000583,  1.000583
  38,  0.998200,  1.000816,  1.000583,  1.000583
  39,  0.998200,  1.000816,  1.000583,  1.000583
Optimization terminated successfully.
         Current function value: 0.251720
         Iterations: 7
         Function evaluations: 55
         Gradient evaluations: 11
  40,  1.001107,  1.000490,  0.999075,  0.999075
  41,  1.001460,  1.000659,  0.999352,  0.999352
  42,  1.001231,  1.001161,  0.999342,  0.999342
  43,  1.001283,  1.001172,  0.999304,  0.999304
  44,  1.001336,  1.001183,  0.999266,  0.999266
  45,  1.001336,  1.001183,  0.999266,  0.999266
Optimization terminated successfully.
         Current function value: 0.762470
         Iterations: 6
         Function evaluations: 60
         Gradient evaluations: 12
  46,  0.999193,  0.999652,  1.000080,  1.000080
  47,  0.998453,  0.999343,  1.000989,  1.000989
  48,  0.997842,  1.000678,  1.001007,  1.001007
  49,  0.998014,  1.000743,  1.000804,  1.000804
  50,  0.998201,  1.000815,  1.000583,  1.000583
  51,  0.998200,  1.000816,  1.000583,  1.000583
  52,  0.998200,  1.000816,  1.000583,  1.000583
Optimization terminated successfully.
         Current function value: 0.251718
         Iterations: 7
         Function evaluations: 55
         Gradient evaluations: 11
  53,  1.001107,  1.000490,  0.999075,  0.999075
  54,  1.001460,  1.000659,  0.999352,  0.999352
  55,  1.001231,  1.001161,  0.999342,  0.999342
  56,  1.001283,  1.001172,  0.999304,  0.999304
  57,  1.001336,  1.001183,  0.999266,  0.999266
  58,  1.001336,  1.001183,  0.999266,  0.999266
Optimization terminated successfully.
         Current function value: 0.762470
         Iterations: 6
         Function evaluations: 60
         Gradient evaluations: 12
  59,  0.999193,  0.999652,  1.000080,  1.000080
  60,  0.998453,  0.999343,  1.000989,  1.000989
  61,  0.997842,  1.000678,  1.001007,  1.001007
  62,  0.998014,  1.000743,  1.000804,  1.000804
  63,  0.998201,  1.000815,  1.000583,  1.000583
  64,  0.998200,  1.000816,  1.000583,  1.000583
  65,  0.998200,  1.000816,  1.000583,  1.000583
Optimization terminated successfully.
         Current function value: 0.251716
         Iterations: 7
         Function evaluations: 55
         Gradient evaluations: 11
  66,  1.001107,  1.000490,  0.999075,  0.999075
  67,  1.001460,  1.000659,  0.999352,  0.999352
  68,  1.001231,  1.001161,  0.999342,  0.999342
  69,  1.001283,  1.001172,  0.999304,  0.999304
  70,  1.001336,  1.001183,  0.999266,  0.999266
  71,  1.001336,  1.001183,  0.999266,  0.999266
Optimization terminated successfully.
         Current function value: 0.762470
         Iterations: 6
         Function evaluations: 60
         Gradient evaluations: 12
  72,  0.999193,  0.999652,  1.000080,  1.000080
  73,  0.998453,  0.999343,  1.000989,  1.000989
  74,  0.997842,  1.000678,  1.001007,  1.001007
  75,  0.998014,  1.000743,  1.000804,  1.000804
  76,  0.998201,  1.000815,  1.000583,  1.000583
  77,  0.998200,  1.000816,  1.000583,  1.000583
  78,  0.998200,  1.000816,  1.000583,  1.000583
Optimization terminated successfully.
         Current function value: 0.251713
         Iterations: 7
         Function evaluations: 55
         Gradient evaluations: 11
  79,  1.001107,  1.000490,  0.999075,  0.999075
  80,  1.001460,  1.000659,  0.999352,  0.999352
  81,  1.001231,  1.001161,  0.999342,  0.999342
  82,  1.001283,  1.001172,  0.999304,  0.999304
  83,  1.001336,  1.001183,  0.999266,  0.999266
  84,  1.001336,  1.001183,  0.999266,  0.999266
Optimization terminated successfully.
         Current function value: 0.762469
         Iterations: 6
         Function evaluations: 60
         Gradient evaluations: 12
  85,  0.999193,  0.999652,  1.000080,  1.000080
  86,  0.998453,  0.999343,  1.000989,  1.000989
  87,  0.997842,  1.000678,  1.001007,  1.001007
  88,  0.998014,  1.000743,  1.000804,  1.000804
  89,  0.998201,  1.000815,  1.000583,  1.000583
  90,  0.998200,  1.000816,  1.000583,  1.000583
  91,  0.998200,  1.000816,  1.000583,  1.000583
  92,  0.998200,  1.000816,  1.000583,  1.000583
Warning: Desired error not necessarily achieved due to precision loss.
         Current function value: 0.251711
         Iterations: 8
         Function evaluations: 260
         Gradient evaluations: 50
