fisher1 and fisher2 are: 0.7721609399669482, 0
begin truth calculations
begin calculating d2chi
   1,  1.001246,  1.000540,  0.998589,  0.998589
   2,  1.001822,  1.000806,  0.998914,  0.998914
   3,  1.001960,  1.000503,  0.998920,  0.998920
   4,  1.001971,  1.000508,  0.998908,  0.998908
   5,  1.001994,  1.000519,  0.998882,  0.998882
   6,  1.002047,  1.000545,  0.998823,  0.998823
   7,  1.002067,  1.000554,  0.998801,  0.998801
   8,  1.002067,  1.000554,  0.998801,  0.998801
Optimization terminated successfully.
         Current function value: 0.584686
         Iterations: 8
         Function evaluations: 70
         Gradient evaluations: 14
   9,  1.000725,  1.000323,  1.000153,  1.000153
  10,  1.001619,  1.000728,  0.999374,  0.999374
  11,  1.001929,  1.000051,  0.999365,  0.999365
  12,  1.001992,  1.000053,  0.999319,  0.999319
  13,  1.001992,  1.000052,  0.999319,  0.999319
Optimization terminated successfully.
         Current function value: 0.563101
         Iterations: 5
         Function evaluations: 45
         Gradient evaluations: 9
  14,  1.001246,  1.000540,  0.998589,  0.998589
  15,  1.001822,  1.000806,  0.998914,  0.998914
  16,  1.001960,  1.000503,  0.998920,  0.998920
  17,  1.001971,  1.000508,  0.998908,  0.998908
  18,  1.001994,  1.000519,  0.998882,  0.998882
  19,  1.002047,  1.000545,  0.998823,  0.998823
  20,  1.002067,  1.000554,  0.998801,  0.998801
  21,  1.002067,  1.000554,  0.998801,  0.998801
Optimization terminated successfully.
         Current function value: 0.584686
         Iterations: 8
         Function evaluations: 70
         Gradient evaluations: 14
  22,  1.000725,  1.000323,  1.000153,  1.000153
  23,  1.001619,  1.000728,  0.999374,  0.999374
  24,  1.001929,  1.000051,  0.999365,  0.999365
  25,  1.001992,  1.000053,  0.999319,  0.999319
  26,  1.001992,  1.000052,  0.999319,  0.999319
Optimization terminated successfully.
         Current function value: 0.563102
         Iterations: 5
         Function evaluations: 45
         Gradient evaluations: 9
  27,  1.001246,  1.000540,  0.998589,  0.998589
  28,  1.001822,  1.000806,  0.998914,  0.998914
  29,  1.001960,  1.000503,  0.998920,  0.998920
  30,  1.001971,  1.000508,  0.998908,  0.998908
  31,  1.001994,  1.000519,  0.998882,  0.998882
  32,  1.002047,  1.000545,  0.998823,  0.998823
  33,  1.002067,  1.000554,  0.998801,  0.998801
  34,  1.002067,  1.000554,  0.998801,  0.998801
Optimization terminated successfully.
         Current function value: 0.584685
         Iterations: 8
         Function evaluations: 70
         Gradient evaluations: 14
  35,  1.000725,  1.000323,  1.000153,  1.000153
  36,  1.001619,  1.000728,  0.999374,  0.999374
  37,  1.001929,  1.000051,  0.999365,  0.999365
  38,  1.001992,  1.000053,  0.999319,  0.999319
  39,  1.001992,  1.000052,  0.999319,  0.999319
Optimization terminated successfully.
         Current function value: 0.563103
         Iterations: 5
         Function evaluations: 45
         Gradient evaluations: 9
  40,  1.001246,  1.000540,  0.998589,  0.998589
  41,  1.001822,  1.000806,  0.998914,  0.998914
  42,  1.001960,  1.000503,  0.998920,  0.998920
  43,  1.001971,  1.000508,  0.998908,  0.998908
  44,  1.001994,  1.000519,  0.998882,  0.998882
  45,  1.002047,  1.000545,  0.998823,  0.998823
  46,  1.002067,  1.000554,  0.998801,  0.998801
  47,  1.002067,  1.000554,  0.998801,  0.998801
Optimization terminated successfully.
         Current function value: 0.584684
         Iterations: 8
         Function evaluations: 70
         Gradient evaluations: 14
  48,  1.000725,  1.000323,  1.000153,  1.000153
  49,  1.001619,  1.000728,  0.999374,  0.999374
  50,  1.001929,  1.000051,  0.999365,  0.999365
  51,  1.001992,  1.000053,  0.999319,  0.999319
  52,  1.001992,  1.000052,  0.999319,  0.999319
Optimization terminated successfully.
         Current function value: 0.563104
         Iterations: 5
         Function evaluations: 45
         Gradient evaluations: 9
  53,  1.001246,  1.000540,  0.998589,  0.998589
  54,  1.001822,  1.000806,  0.998914,  0.998914
  55,  1.001960,  1.000503,  0.998920,  0.998920
  56,  1.001971,  1.000508,  0.998908,  0.998908
  57,  1.001994,  1.000519,  0.998882,  0.998882
  58,  1.002047,  1.000545,  0.998823,  0.998823
  59,  1.002067,  1.000554,  0.998801,  0.998801
  60,  1.002067,  1.000554,  0.998801,  0.998801
Optimization terminated successfully.
         Current function value: 0.584684
         Iterations: 8
         Function evaluations: 70
         Gradient evaluations: 14
  61,  1.000725,  1.000323,  1.000153,  1.000153
  62,  1.001619,  1.000728,  0.999374,  0.999374
  63,  1.001929,  1.000051,  0.999365,  0.999365
  64,  1.001992,  1.000053,  0.999319,  0.999319
  65,  1.001992,  1.000052,  0.999319,  0.999319
Optimization terminated successfully.
         Current function value: 0.563105
         Iterations: 5
         Function evaluations: 45
         Gradient evaluations: 9
  66,  1.001246,  1.000540,  0.998589,  0.998589
  67,  1.001822,  1.000806,  0.998914,  0.998914
  68,  1.001960,  1.000503,  0.998920,  0.998920
  69,  1.001971,  1.000508,  0.998908,  0.998908
  70,  1.001994,  1.000519,  0.998882,  0.998882
  71,  1.002047,  1.000545,  0.998823,  0.998823
  72,  1.002067,  1.000554,  0.998801,  0.998801
  73,  1.002067,  1.000554,  0.998801,  0.998801
Optimization terminated successfully.
         Current function value: 0.584683
         Iterations: 8
         Function evaluations: 70
         Gradient evaluations: 14
  74,  1.000725,  1.000323,  1.000153,  1.000153
  75,  1.001619,  1.000728,  0.999374,  0.999374
  76,  1.001929,  1.000051,  0.999365,  0.999365
  77,  1.001992,  1.000053,  0.999319,  0.999319
  78,  1.001992,  1.000052,  0.999319,  0.999319
Optimization terminated successfully.
         Current function value: 0.563106
         Iterations: 5
         Function evaluations: 45
         Gradient evaluations: 9
  79,  1.001246,  1.000540,  0.998589,  0.998589
  80,  1.001822,  1.000806,  0.998914,  0.998914
  81,  1.001960,  1.000503,  0.998920,  0.998920
  82,  1.001971,  1.000508,  0.998908,  0.998908
  83,  1.001994,  1.000519,  0.998882,  0.998882
  84,  1.002047,  1.000545,  0.998823,  0.998823
  85,  1.002067,  1.000554,  0.998801,  0.998801
  86,  1.002067,  1.000554,  0.998801,  0.998801
Optimization terminated successfully.
         Current function value: 0.584682
         Iterations: 8
         Function evaluations: 70
         Gradient evaluations: 14
  87,  1.000725,  1.000323,  1.000153,  1.000153
  88,  1.001619,  1.000728,  0.999374,  0.999374
  89,  1.001929,  1.000051,  0.999365,  0.999365
  90,  1.001992,  1.000053,  0.999319,  0.999319
  91,  1.001992,  1.000052,  0.999319,  0.999319
Optimization terminated successfully.
         Current function value: 0.563107
         Iterations: 5
         Function evaluations: 45
         Gradient evaluations: 9
