fisher1 and fisher2 are: 0.6841963456664333, 0
begin truth calculations
begin calculating d2chi
   1,  1.000886,  1.000410,  0.999809,  0.999809
   2,  1.000903,  1.000425,  0.999876,  0.999876
   3,  1.000498,  1.001316,  0.999859,  0.999859
   4,  1.000330,  1.001614,  0.999859,  0.999859
   5,  1.000331,  1.001614,  0.999859,  0.999859
Optimization terminated successfully.
         Current function value: 0.856497
         Iterations: 5
         Function evaluations: 40
         Gradient evaluations: 8
   6,  0.997877,  0.999068,  0.999913,  0.999913
   7,  0.995758,  0.998143,  1.002072,  1.002072
   8,  0.994402,  1.001108,  1.002113,  1.002113
   9,  0.994639,  1.001178,  1.001931,  1.001931
  10,  0.994943,  1.001276,  1.001694,  1.001694
  11,  0.994943,  1.001276,  1.001694,  1.001694
  12,  0.994943,  1.001276,  1.001694,  1.001694
Optimization terminated successfully.
         Current function value: 1.865016
         Iterations: 7
         Function evaluations: 50
         Gradient evaluations: 10
  13,  1.000886,  1.000410,  0.999809,  0.999809
  14,  1.000903,  1.000425,  0.999876,  0.999876
  15,  1.000498,  1.001316,  0.999859,  0.999859
  16,  1.000330,  1.001614,  0.999859,  0.999859
  17,  1.000331,  1.001614,  0.999859,  0.999859
Optimization terminated successfully.
         Current function value: 0.856497
         Iterations: 5
         Function evaluations: 40
         Gradient evaluations: 8
  18,  0.997877,  0.999068,  0.999913,  0.999913
  19,  0.995758,  0.998143,  1.002072,  1.002072
  20,  0.994402,  1.001108,  1.002113,  1.002113
  21,  0.994639,  1.001178,  1.001931,  1.001931
  22,  0.994943,  1.001276,  1.001694,  1.001694
  23,  0.994943,  1.001276,  1.001694,  1.001694
  24,  0.994943,  1.001276,  1.001694,  1.001694
Optimization terminated successfully.
         Current function value: 1.865006
         Iterations: 7
         Function evaluations: 50
         Gradient evaluations: 10
  25,  1.000886,  1.000410,  0.999809,  0.999809
  26,  1.000903,  1.000425,  0.999876,  0.999876
  27,  1.000498,  1.001316,  0.999859,  0.999859
  28,  1.000330,  1.001614,  0.999859,  0.999859
  29,  1.000331,  1.001614,  0.999859,  0.999859
Optimization terminated successfully.
         Current function value: 0.856496
         Iterations: 5
         Function evaluations: 40
         Gradient evaluations: 8
  30,  0.997877,  0.999068,  0.999913,  0.999913
  31,  0.995758,  0.998143,  1.002072,  1.002072
  32,  0.994402,  1.001108,  1.002113,  1.002113
  33,  0.994639,  1.001178,  1.001931,  1.001931
  34,  0.994943,  1.001276,  1.001694,  1.001694
  35,  0.994943,  1.001276,  1.001694,  1.001694
  36,  0.994943,  1.001276,  1.001694,  1.001694
Optimization terminated successfully.
         Current function value: 1.864995
         Iterations: 7
         Function evaluations: 50
         Gradient evaluations: 10
  37,  1.000886,  1.000410,  0.999809,  0.999809
  38,  1.000903,  1.000425,  0.999876,  0.999876
  39,  1.000498,  1.001316,  0.999859,  0.999859
  40,  1.000330,  1.001614,  0.999859,  0.999859
  41,  1.000331,  1.001614,  0.999859,  0.999859
  42,  1.000331,  1.001614,  0.999859,  0.999859
Optimization terminated successfully.
         Current function value: 0.856495
         Iterations: 6
         Function evaluations: 50
         Gradient evaluations: 10
  43,  0.997877,  0.999068,  0.999913,  0.999913
  44,  0.995758,  0.998143,  1.002072,  1.002072
  45,  0.994402,  1.001108,  1.002113,  1.002113
  46,  0.994639,  1.001178,  1.001931,  1.001931
  47,  0.994943,  1.001276,  1.001694,  1.001694
  48,  0.994943,  1.001276,  1.001694,  1.001694
  49,  0.994943,  1.001276,  1.001694,  1.001694
Optimization terminated successfully.
         Current function value: 1.864985
         Iterations: 7
         Function evaluations: 50
         Gradient evaluations: 10
  50,  1.000886,  1.000410,  0.999809,  0.999809
  51,  1.000903,  1.000425,  0.999876,  0.999876
  52,  1.000498,  1.001316,  0.999859,  0.999859
  53,  1.000330,  1.001614,  0.999859,  0.999859
  54,  1.000331,  1.001614,  0.999859,  0.999859
Optimization terminated successfully.
         Current function value: 0.856495
         Iterations: 5
         Function evaluations: 40
         Gradient evaluations: 8
  55,  0.997877,  0.999068,  0.999913,  0.999913
  56,  0.995758,  0.998143,  1.002072,  1.002072
  57,  0.994402,  1.001108,  1.002113,  1.002113
  58,  0.994639,  1.001178,  1.001931,  1.001931
  59,  0.994943,  1.001276,  1.001694,  1.001694
  60,  0.994943,  1.001276,  1.001694,  1.001694
  61,  0.994943,  1.001276,  1.001694,  1.001694
Optimization terminated successfully.
         Current function value: 1.864975
         Iterations: 7
         Function evaluations: 50
         Gradient evaluations: 10
  62,  1.000886,  1.000410,  0.999809,  0.999809
  63,  1.000903,  1.000425,  0.999876,  0.999876
  64,  1.000498,  1.001316,  0.999859,  0.999859
  65,  1.000330,  1.001614,  0.999859,  0.999859
  66,  1.000331,  1.001614,  0.999859,  0.999859
Optimization terminated successfully.
         Current function value: 0.856494
         Iterations: 5
         Function evaluations: 40
         Gradient evaluations: 8
  67,  0.997877,  0.999068,  0.999913,  0.999913
  68,  0.995758,  0.998143,  1.002072,  1.002072
  69,  0.994402,  1.001108,  1.002113,  1.002113
  70,  0.994639,  1.001178,  1.001931,  1.001931
  71,  0.994943,  1.001276,  1.001694,  1.001694
  72,  0.994943,  1.001276,  1.001694,  1.001694
  73,  0.994943,  1.001276,  1.001694,  1.001694
Optimization terminated successfully.
         Current function value: 1.864965
         Iterations: 7
         Function evaluations: 50
         Gradient evaluations: 10
  74,  1.000886,  1.000410,  0.999809,  0.999809
  75,  1.000904,  1.000425,  0.999876,  0.999876
  76,  1.000498,  1.001316,  0.999859,  0.999859
  77,  1.000330,  1.001614,  0.999859,  0.999859
  78,  1.000331,  1.001614,  0.999859,  0.999859
Optimization terminated successfully.
         Current function value: 0.856494
         Iterations: 5
         Function evaluations: 40
         Gradient evaluations: 8
  79,  0.997877,  0.999068,  0.999913,  0.999913
  80,  0.995758,  0.998143,  1.002072,  1.002072
  81,  0.994402,  1.001108,  1.002113,  1.002113
  82,  0.994639,  1.001178,  1.001931,  1.001931
  83,  0.994943,  1.001276,  1.001694,  1.001694
  84,  0.994943,  1.001276,  1.001694,  1.001694
  85,  0.994943,  1.001276,  1.001694,  1.001694
Optimization terminated successfully.
         Current function value: 1.864955
         Iterations: 7
         Function evaluations: 50
         Gradient evaluations: 10
