fisher1 and fisher2 are: 0.8758334975354123, 0
begin truth calculations
begin calculating d2chi
   1,  0.999246,  0.999676,  1.000953,  1.000953
   2,  0.998958,  0.999544,  1.000809,  1.000809
   3,  0.998812,  0.999866,  1.000803,  1.000803
   4,  0.998844,  0.999873,  1.000765,  1.000765
   5,  0.998916,  0.999891,  1.000680,  1.000680
   6,  0.998978,  0.999906,  1.000609,  1.000609
   7,  0.998978,  0.999906,  1.000609,  1.000609
Optimization terminated successfully.
         Current function value: 0.103402
         Iterations: 7
         Function evaluations: 65
         Gradient evaluations: 13
   8,  0.999247,  0.999667,  0.999887,  0.999887
   9,  0.998505,  0.999337,  1.000566,  1.000566
  10,  0.998135,  1.000148,  1.000577,  1.000577
  11,  0.998191,  1.000171,  1.000587,  1.000587
  12,  0.998231,  1.000189,  1.000594,  1.000594
  13,  0.998231,  1.000189,  1.000594,  1.000594
Optimization terminated successfully.
         Current function value: 0.311338
         Iterations: 6
         Function evaluations: 45
         Gradient evaluations: 9
  14,  0.999246,  0.999676,  1.000953,  1.000953
  15,  0.998958,  0.999544,  1.000809,  1.000809
  16,  0.998812,  0.999866,  1.000803,  1.000803
  17,  0.998844,  0.999873,  1.000765,  1.000765
  18,  0.998916,  0.999891,  1.000680,  1.000680
  19,  0.998978,  0.999906,  1.000609,  1.000609
  20,  0.998978,  0.999906,  1.000609,  1.000609
Optimization terminated successfully.
         Current function value: 0.103403
         Iterations: 7
         Function evaluations: 65
         Gradient evaluations: 13
  21,  0.999247,  0.999667,  0.999887,  0.999887
  22,  0.998505,  0.999337,  1.000566,  1.000566
  23,  0.998135,  1.000148,  1.000577,  1.000577
  24,  0.998191,  1.000171,  1.000587,  1.000587
  25,  0.998231,  1.000189,  1.000594,  1.000594
  26,  0.998231,  1.000189,  1.000594,  1.000594
Optimization terminated successfully.
         Current function value: 0.311341
         Iterations: 6
         Function evaluations: 45
         Gradient evaluations: 9
  27,  0.999246,  0.999676,  1.000953,  1.000953
  28,  0.998958,  0.999544,  1.000809,  1.000809
  29,  0.998812,  0.999866,  1.000803,  1.000803
  30,  0.998844,  0.999873,  1.000765,  1.000765
  31,  0.998916,  0.999891,  1.000680,  1.000680
  32,  0.998978,  0.999906,  1.000609,  1.000609
  33,  0.998978,  0.999906,  1.000609,  1.000609
Optimization terminated successfully.
         Current function value: 0.103404
         Iterations: 7
         Function evaluations: 65
         Gradient evaluations: 13
  34,  0.999247,  0.999667,  0.999887,  0.999887
  35,  0.998505,  0.999337,  1.000566,  1.000566
  36,  0.998135,  1.000148,  1.000577,  1.000577
  37,  0.998191,  1.000171,  1.000587,  1.000587
  38,  0.998231,  1.000189,  1.000594,  1.000594
  39,  0.998231,  1.000189,  1.000594,  1.000594
Optimization terminated successfully.
         Current function value: 0.311344
         Iterations: 6
         Function evaluations: 45
         Gradient evaluations: 9
  40,  0.999246,  0.999676,  1.000953,  1.000953
  41,  0.998958,  0.999544,  1.000809,  1.000809
  42,  0.998812,  0.999866,  1.000803,  1.000803
  43,  0.998844,  0.999873,  1.000765,  1.000765
  44,  0.998916,  0.999891,  1.000680,  1.000680
  45,  0.998978,  0.999906,  1.000609,  1.000609
  46,  0.998978,  0.999906,  1.000609,  1.000609
Optimization terminated successfully.
         Current function value: 0.103405
         Iterations: 7
         Function evaluations: 65
         Gradient evaluations: 13
  47,  0.999247,  0.999667,  0.999887,  0.999887
  48,  0.998505,  0.999337,  1.000566,  1.000566
  49,  0.998135,  1.000148,  1.000577,  1.000577
  50,  0.998191,  1.000171,  1.000587,  1.000587
  51,  0.998231,  1.000189,  1.000594,  1.000594
  52,  0.998231,  1.000189,  1.000594,  1.000594
Optimization terminated successfully.
         Current function value: 0.311348
         Iterations: 6
         Function evaluations: 45
         Gradient evaluations: 9
  53,  0.999246,  0.999676,  1.000953,  1.000953
  54,  0.998958,  0.999544,  1.000809,  1.000809
  55,  0.998812,  0.999866,  1.000803,  1.000803
  56,  0.998844,  0.999873,  1.000765,  1.000765
  57,  0.998916,  0.999891,  1.000680,  1.000680
  58,  0.998978,  0.999906,  1.000609,  1.000609
  59,  0.998978,  0.999906,  1.000609,  1.000609
Optimization terminated successfully.
         Current function value: 0.103406
         Iterations: 7
         Function evaluations: 65
         Gradient evaluations: 13
  60,  0.999247,  0.999667,  0.999887,  0.999887
  61,  0.998505,  0.999337,  1.000566,  1.000566
  62,  0.998135,  1.000148,  1.000577,  1.000577
  63,  0.998191,  1.000171,  1.000587,  1.000587
  64,  0.998231,  1.000189,  1.000594,  1.000594
  65,  0.998231,  1.000189,  1.000594,  1.000594
Optimization terminated successfully.
         Current function value: 0.311351
         Iterations: 6
         Function evaluations: 45
         Gradient evaluations: 9
  66,  0.999246,  0.999676,  1.000953,  1.000953
  67,  0.998958,  0.999544,  1.000809,  1.000809
  68,  0.998812,  0.999866,  1.000803,  1.000803
  69,  0.998844,  0.999873,  1.000765,  1.000765
  70,  0.998916,  0.999891,  1.000680,  1.000680
  71,  0.998978,  0.999906,  1.000609,  1.000609
  72,  0.998978,  0.999906,  1.000609,  1.000609
Optimization terminated successfully.
         Current function value: 0.103407
         Iterations: 7
         Function evaluations: 65
         Gradient evaluations: 13
  73,  0.999247,  0.999667,  0.999887,  0.999887
  74,  0.998505,  0.999337,  1.000566,  1.000566
  75,  0.998135,  1.000148,  1.000577,  1.000577
  76,  0.998191,  1.000171,  1.000587,  1.000587
  77,  0.998231,  1.000189,  1.000594,  1.000594
  78,  0.998231,  1.000189,  1.000594,  1.000594
Optimization terminated successfully.
         Current function value: 0.311355
         Iterations: 6
         Function evaluations: 45
         Gradient evaluations: 9
  79,  0.999246,  0.999676,  1.000953,  1.000953
  80,  0.998958,  0.999544,  1.000809,  1.000809
  81,  0.998812,  0.999866,  1.000803,  1.000803
  82,  0.998844,  0.999873,  1.000765,  1.000765
  83,  0.998916,  0.999891,  1.000680,  1.000680
  84,  0.998978,  0.999906,  1.000609,  1.000609
  85,  0.998978,  0.999906,  1.000609,  1.000609
Optimization terminated successfully.
         Current function value: 0.103408
         Iterations: 7
         Function evaluations: 65
         Gradient evaluations: 13
  86,  0.999247,  0.999667,  0.999887,  0.999887
  87,  0.998505,  0.999337,  1.000566,  1.000566
  88,  0.998135,  1.000148,  1.000577,  1.000577
  89,  0.998191,  1.000171,  1.000587,  1.000587
  90,  0.998231,  1.000189,  1.000594,  1.000594
  91,  0.998231,  1.000189,  1.000594,  1.000594
Optimization terminated successfully.
         Current function value: 0.311358
         Iterations: 6
         Function evaluations: 45
         Gradient evaluations: 9
