fisher1 and fisher2 are: 0.6496388264769453, 0
begin truth calculations
begin calculating d2chi
   1,  0.999795,  0.999939,  1.001028,  1.001028
   2,  0.999617,  0.999879,  1.001010,  1.001010
   3,  0.998836,  1.001601,  1.000977,  1.000977
   4,  0.998528,  1.002318,  1.000891,  1.000891
   5,  0.998527,  1.002321,  1.000891,  1.000891
   6,  0.998527,  1.002321,  1.000891,  1.000891
   7,  0.998527,  1.002321,  1.000891,  1.000891
   8,  0.998527,  1.002321,  1.000891,  1.000891
   9,  0.998527,  1.002321,  1.000891,  1.000891
  10,  0.998527,  1.002321,  1.000891,  1.000891
Warning: Maximum number of iterations has been exceeded.
         Current function value: 1.315642
         Iterations: 10
         Function evaluations: 255
         Gradient evaluations: 51
  11,  0.995597,  0.998057,  0.999683,  0.999683
  12,  0.991192,  0.996113,  1.004070,  1.004070
  13,  0.988615,  1.001749,  1.004146,  1.004146
  14,  0.989174,  1.001765,  1.003832,  1.003832
  15,  0.989753,  1.001814,  1.003498,  1.003498
  16,  0.989755,  1.001809,  1.003498,  1.003498
  17,  0.989755,  1.001809,  1.003498,  1.003498
Optimization terminated successfully.
         Current function value: 8.148392
         Iterations: 7
         Function evaluations: 50
         Gradient evaluations: 10
  18,  0.999795,  0.999939,  1.001028,  1.001028
  19,  0.999617,  0.999879,  1.001010,  1.001010
  20,  0.998836,  1.001601,  1.000977,  1.000977
  21,  0.998528,  1.002318,  1.000891,  1.000891
  22,  0.998527,  1.002321,  1.000891,  1.000891
  23,  0.998527,  1.002321,  1.000891,  1.000891
  24,  0.998527,  1.002321,  1.000891,  1.000891
  25,  0.998527,  1.002321,  1.000891,  1.000891
  26,  0.998527,  1.002321,  1.000891,  1.000891
Warning: Desired error not necessarily achieved due to precision loss.
         Current function value: 1.315640
         Iterations: 9
         Function evaluations: 724
         Gradient evaluations: 142
  27,  0.995597,  0.998057,  0.999683,  0.999683
  28,  0.991192,  0.996113,  1.004070,  1.004070
  29,  0.988615,  1.001749,  1.004146,  1.004146
  30,  0.989174,  1.001765,  1.003832,  1.003832
  31,  0.989753,  1.001814,  1.003498,  1.003498
  32,  0.989755,  1.001809,  1.003498,  1.003498
  33,  0.989755,  1.001809,  1.003498,  1.003498
Optimization terminated successfully.
         Current function value: 8.148364
         Iterations: 7
         Function evaluations: 50
         Gradient evaluations: 10
  34,  0.999795,  0.999939,  1.001028,  1.001028
  35,  0.999617,  0.999879,  1.001010,  1.001010
  36,  0.998836,  1.001601,  1.000977,  1.000977
  37,  0.998528,  1.002318,  1.000891,  1.000891
  38,  0.998527,  1.002321,  1.000891,  1.000891
  39,  0.998527,  1.002321,  1.000891,  1.000891
  40,  0.998527,  1.002321,  1.000891,  1.000891
  41,  0.998527,  1.002321,  1.000891,  1.000891
  42,  0.998527,  1.002321,  1.000891,  1.000891
Warning: Desired error not necessarily achieved due to precision loss.
         Current function value: 1.315638
         Iterations: 9
         Function evaluations: 392
         Gradient evaluations: 76
  43,  0.995597,  0.998057,  0.999683,  0.999683
  44,  0.991192,  0.996113,  1.004070,  1.004070
  45,  0.988615,  1.001749,  1.004146,  1.004146
  46,  0.989174,  1.001765,  1.003832,  1.003832
  47,  0.989753,  1.001814,  1.003498,  1.003498
  48,  0.989755,  1.001809,  1.003498,  1.003498
  49,  0.989755,  1.001809,  1.003498,  1.003498
  50,  0.989755,  1.001809,  1.003498,  1.003498
Optimization terminated successfully.
         Current function value: 8.148336
         Iterations: 8
         Function evaluations: 65
         Gradient evaluations: 13
  51,  0.999795,  0.999939,  1.001028,  1.001028
  52,  0.999617,  0.999879,  1.001010,  1.001010
  53,  0.998836,  1.001601,  1.000977,  1.000977
  54,  0.998528,  1.002318,  1.000891,  1.000891
  55,  0.998527,  1.002321,  1.000891,  1.000891
Warning: Desired error not necessarily achieved due to precision loss.
         Current function value: 1.315636
         Iterations: 5
         Function evaluations: 357
         Gradient evaluations: 69
  56,  0.995597,  0.998057,  0.999683,  0.999683
  57,  0.991192,  0.996113,  1.004070,  1.004070
  58,  0.988615,  1.001749,  1.004146,  1.004146
  59,  0.989174,  1.001765,  1.003832,  1.003832
  60,  0.989753,  1.001814,  1.003498,  1.003498
  61,  0.989755,  1.001809,  1.003498,  1.003498
  62,  0.989755,  1.001809,  1.003498,  1.003498
Optimization terminated successfully.
         Current function value: 8.148308
         Iterations: 7
         Function evaluations: 50
         Gradient evaluations: 10
  63,  0.999795,  0.999939,  1.001028,  1.001028
  64,  0.999617,  0.999879,  1.001010,  1.001010
  65,  0.998836,  1.001601,  1.000977,  1.000977
  66,  0.998528,  1.002318,  1.000891,  1.000891
  67,  0.998527,  1.002321,  1.000891,  1.000891
Warning: Desired error not necessarily achieved due to precision loss.
         Current function value: 1.315633
         Iterations: 5
         Function evaluations: 297
         Gradient evaluations: 57
  68,  0.995597,  0.998057,  0.999683,  0.999683
  69,  0.991192,  0.996113,  1.004070,  1.004070
  70,  0.988615,  1.001749,  1.004146,  1.004146
  71,  0.989174,  1.001765,  1.003832,  1.003832
  72,  0.989753,  1.001814,  1.003498,  1.003498
  73,  0.989755,  1.001809,  1.003498,  1.003498
  74,  0.989755,  1.001809,  1.003498,  1.003498
Optimization terminated successfully.
         Current function value: 8.148281
         Iterations: 7
         Function evaluations: 50
         Gradient evaluations: 10
  75,  0.999795,  0.999939,  1.001028,  1.001028
  76,  0.999617,  0.999879,  1.001010,  1.001010
  77,  0.998836,  1.001601,  1.000977,  1.000977
  78,  0.998528,  1.002318,  1.000891,  1.000891
  79,  0.998527,  1.002321,  1.000891,  1.000891
  80,  0.998527,  1.002321,  1.000891,  1.000891
  81,  0.998527,  1.002321,  1.000891,  1.000891
  82,  0.998527,  1.002321,  1.000891,  1.000891
  83,  0.998527,  1.002321,  1.000891,  1.000891
Warning: Desired error not necessarily achieved due to precision loss.
         Current function value: 1.315631
         Iterations: 9
         Function evaluations: 709
         Gradient evaluations: 138
  84,  0.995597,  0.998057,  0.999683,  0.999683
  85,  0.991192,  0.996113,  1.004070,  1.004070
  86,  0.988615,  1.001749,  1.004146,  1.004146
  87,  0.989174,  1.001765,  1.003832,  1.003832
  88,  0.989753,  1.001814,  1.003498,  1.003498
  89,  0.989755,  1.001809,  1.003498,  1.003498
  90,  0.989755,  1.001809,  1.003498,  1.003498
Optimization terminated successfully.
         Current function value: 8.148253
         Iterations: 7
         Function evaluations: 50
         Gradient evaluations: 10
  91,  0.999795,  0.999939,  1.001028,  1.001028
  92,  0.999617,  0.999879,  1.001010,  1.001010
  93,  0.998836,  1.001601,  1.000977,  1.000977
  94,  0.998528,  1.002318,  1.000891,  1.000891
  95,  0.998527,  1.002321,  1.000891,  1.000891
  96,  0.998527,  1.002321,  1.000891,  1.000891
  97,  0.998527,  1.002321,  1.000891,  1.000891
  98,  0.998527,  1.002321,  1.000891,  1.000891
  99,  0.998527,  1.002321,  1.000891,  1.000891
 100,  0.998527,  1.002321,  1.000891,  1.000891
Warning: Maximum number of iterations has been exceeded.
         Current function value: 1.315629
         Iterations: 10
         Function evaluations: 155
         Gradient evaluations: 31
 101,  0.995597,  0.998057,  0.999683,  0.999683
 102,  0.991192,  0.996113,  1.004070,  1.004070
 103,  0.988615,  1.001749,  1.004146,  1.004146
 104,  0.989174,  1.001765,  1.003832,  1.003832
 105,  0.989753,  1.001814,  1.003498,  1.003498
 106,  0.989755,  1.001809,  1.003498,  1.003498
 107,  0.989755,  1.001809,  1.003498,  1.003498
 108,  0.989755,  1.001809,  1.003498,  1.003498
Optimization terminated successfully.
         Current function value: 8.148225
         Iterations: 8
         Function evaluations: 60
         Gradient evaluations: 12
