fisher1 and fisher2 are: 0.863267126921053, 0
begin truth calculations
begin calculating d2chi
   1,  0.999733,  0.999885,  1.000334,  1.000334
   2,  0.999631,  0.999839,  1.000283,  1.000283
   3,  0.999581,  0.999949,  1.000281,  1.000281
   4,  0.999592,  0.999952,  1.000267,  1.000267
   5,  0.999619,  0.999958,  1.000236,  1.000236
   6,  0.999637,  0.999962,  1.000216,  1.000216
   7,  0.999637,  0.999962,  1.000216,  1.000216
Optimization terminated successfully.
         Current function value: 0.013290
         Iterations: 7
         Function evaluations: 65
         Gradient evaluations: 13
   8,  0.999740,  0.999885,  0.999960,  0.999960
   9,  0.999485,  0.999772,  1.000193,  1.000193
  10,  0.999358,  1.000049,  1.000197,  1.000197
  11,  0.999375,  1.000057,  1.000201,  1.000201
  12,  0.999390,  1.000063,  1.000205,  1.000205
  13,  0.999390,  1.000063,  1.000205,  1.000205
Optimization terminated successfully.
         Current function value: 0.037705
         Iterations: 6
         Function evaluations: 45
         Gradient evaluations: 9
  14,  0.999733,  0.999885,  1.000335,  1.000335
  15,  0.999631,  0.999839,  1.000283,  1.000283
  16,  0.999581,  0.999949,  1.000281,  1.000281
  17,  0.999592,  0.999952,  1.000267,  1.000267
  18,  0.999619,  0.999958,  1.000236,  1.000236
  19,  0.999637,  0.999962,  1.000216,  1.000216
  20,  0.999637,  0.999962,  1.000216,  1.000216
Optimization terminated successfully.
         Current function value: 0.013290
         Iterations: 7
         Function evaluations: 65
         Gradient evaluations: 13
  21,  0.999740,  0.999885,  0.999960,  0.999960
  22,  0.999485,  0.999772,  1.000193,  1.000193
  23,  0.999358,  1.000049,  1.000197,  1.000197
  24,  0.999375,  1.000057,  1.000201,  1.000201
  25,  0.999390,  1.000063,  1.000205,  1.000205
  26,  0.999390,  1.000063,  1.000205,  1.000205
Optimization terminated successfully.
         Current function value: 0.037706
         Iterations: 6
         Function evaluations: 45
         Gradient evaluations: 9
  27,  0.999733,  0.999885,  1.000335,  1.000335
  28,  0.999631,  0.999839,  1.000283,  1.000283
  29,  0.999581,  0.999949,  1.000281,  1.000281
  30,  0.999592,  0.999952,  1.000267,  1.000267
  31,  0.999619,  0.999958,  1.000236,  1.000236
  32,  0.999637,  0.999962,  1.000216,  1.000216
  33,  0.999637,  0.999962,  1.000216,  1.000216
Optimization terminated successfully.
         Current function value: 0.013290
         Iterations: 7
         Function evaluations: 65
         Gradient evaluations: 13
  34,  0.999740,  0.999885,  0.999960,  0.999960
  35,  0.999485,  0.999772,  1.000193,  1.000193
  36,  0.999358,  1.000049,  1.000197,  1.000197
  37,  0.999375,  1.000057,  1.000201,  1.000201
  38,  0.999390,  1.000063,  1.000205,  1.000205
  39,  0.999390,  1.000063,  1.000205,  1.000205
Optimization terminated successfully.
         Current function value: 0.037707
         Iterations: 6
         Function evaluations: 45
         Gradient evaluations: 9
  40,  0.999733,  0.999885,  1.000335,  1.000335
  41,  0.999631,  0.999839,  1.000283,  1.000283
  42,  0.999581,  0.999949,  1.000281,  1.000281
  43,  0.999592,  0.999952,  1.000267,  1.000267
  44,  0.999619,  0.999958,  1.000236,  1.000236
  45,  0.999637,  0.999962,  1.000216,  1.000216
  46,  0.999637,  0.999962,  1.000216,  1.000216
Optimization terminated successfully.
         Current function value: 0.013291
         Iterations: 7
         Function evaluations: 65
         Gradient evaluations: 13
  47,  0.999740,  0.999885,  0.999960,  0.999960
  48,  0.999485,  0.999772,  1.000193,  1.000193
  49,  0.999358,  1.000049,  1.000197,  1.000197
  50,  0.999375,  1.000057,  1.000201,  1.000201
  51,  0.999390,  1.000063,  1.000205,  1.000205
  52,  0.999390,  1.000063,  1.000205,  1.000205
Optimization terminated successfully.
         Current function value: 0.037708
         Iterations: 6
         Function evaluations: 45
         Gradient evaluations: 9
  53,  0.999733,  0.999885,  1.000335,  1.000335
  54,  0.999631,  0.999839,  1.000283,  1.000283
  55,  0.999581,  0.999949,  1.000281,  1.000281
  56,  0.999592,  0.999952,  1.000267,  1.000267
  57,  0.999619,  0.999958,  1.000236,  1.000236
  58,  0.999637,  0.999962,  1.000216,  1.000216
  59,  0.999637,  0.999962,  1.000216,  1.000216
Optimization terminated successfully.
         Current function value: 0.013291
         Iterations: 7
         Function evaluations: 65
         Gradient evaluations: 13
  60,  0.999740,  0.999885,  0.999960,  0.999960
  61,  0.999485,  0.999772,  1.000193,  1.000193
  62,  0.999358,  1.000049,  1.000197,  1.000197
  63,  0.999375,  1.000057,  1.000201,  1.000201
  64,  0.999390,  1.000063,  1.000205,  1.000205
  65,  0.999390,  1.000063,  1.000205,  1.000205
Optimization terminated successfully.
         Current function value: 0.037709
         Iterations: 6
         Function evaluations: 45
         Gradient evaluations: 9
  66,  0.999733,  0.999885,  1.000335,  1.000335
  67,  0.999631,  0.999839,  1.000283,  1.000283
  68,  0.999581,  0.999949,  1.000281,  1.000281
  69,  0.999592,  0.999952,  1.000267,  1.000267
  70,  0.999619,  0.999958,  1.000236,  1.000236
  71,  0.999637,  0.999962,  1.000216,  1.000216
  72,  0.999637,  0.999962,  1.000216,  1.000216
Optimization terminated successfully.
         Current function value: 0.013291
         Iterations: 7
         Function evaluations: 65
         Gradient evaluations: 13
  73,  0.999740,  0.999885,  0.999960,  0.999960
  74,  0.999485,  0.999772,  1.000193,  1.000193
  75,  0.999358,  1.000049,  1.000197,  1.000197
  76,  0.999375,  1.000057,  1.000201,  1.000201
  77,  0.999390,  1.000063,  1.000205,  1.000205
  78,  0.999390,  1.000063,  1.000205,  1.000205
Optimization terminated successfully.
         Current function value: 0.037710
         Iterations: 6
         Function evaluations: 45
         Gradient evaluations: 9
  79,  0.999733,  0.999885,  1.000335,  1.000335
  80,  0.999631,  0.999839,  1.000283,  1.000283
  81,  0.999581,  0.999949,  1.000281,  1.000281
  82,  0.999592,  0.999952,  1.000267,  1.000267
  83,  0.999619,  0.999958,  1.000236,  1.000236
  84,  0.999637,  0.999962,  1.000216,  1.000216
  85,  0.999637,  0.999962,  1.000216,  1.000216
Optimization terminated successfully.
         Current function value: 0.013292
         Iterations: 7
         Function evaluations: 65
         Gradient evaluations: 13
  86,  0.999740,  0.999885,  0.999960,  0.999960
  87,  0.999485,  0.999772,  1.000193,  1.000193
  88,  0.999358,  1.000049,  1.000197,  1.000197
  89,  0.999375,  1.000057,  1.000201,  1.000201
  90,  0.999390,  1.000063,  1.000205,  1.000205
  91,  0.999390,  1.000063,  1.000205,  1.000205
Optimization terminated successfully.
         Current function value: 0.037711
         Iterations: 6
         Function evaluations: 45
         Gradient evaluations: 9
