fisher1 and fisher2 are: 0.7281786428166908, 0
begin truth calculations
begin calculating d2chi
   1,  1.001217,  1.000533,  0.998828,  0.998828
   2,  1.001686,  1.000754,  0.999143,  0.999143
   3,  1.001577,  1.000994,  0.999138,  0.999138
   4,  1.001609,  1.000993,  0.999114,  0.999114
   5,  1.001685,  1.000989,  0.999057,  0.999057
   6,  1.001710,  1.000987,  0.999038,  0.999038
   7,  1.001710,  1.000987,  0.999038,  0.999038
Optimization terminated successfully.
         Current function value: 0.740246
         Iterations: 7
         Function evaluations: 70
         Gradient evaluations: 14
   8,  0.999992,  1.000000,  1.000083,  1.000083
   9,  0.999900,  0.999973,  1.000120,  1.000120
  10,  0.999514,  1.000820,  1.000131,  1.000131
  11,  0.999610,  1.000577,  1.000109,  1.000109
  12,  0.999610,  1.000576,  1.000109,  1.000109
Optimization terminated successfully.
         Current function value: 0.106705
         Iterations: 5
         Function evaluations: 40
         Gradient evaluations: 8
  13,  1.001217,  1.000533,  0.998828,  0.998828
  14,  1.001686,  1.000754,  0.999143,  0.999143
  15,  1.001577,  1.000994,  0.999138,  0.999138
  16,  1.001609,  1.000993,  0.999114,  0.999114
  17,  1.001685,  1.000989,  0.999057,  0.999057
  18,  1.001710,  1.000987,  0.999038,  0.999038
  19,  1.001710,  1.000987,  0.999038,  0.999038
Optimization terminated successfully.
         Current function value: 0.740246
         Iterations: 7
         Function evaluations: 70
         Gradient evaluations: 14
  20,  0.999992,  1.000000,  1.000083,  1.000083
  21,  0.999900,  0.999973,  1.000120,  1.000120
  22,  0.999514,  1.000819,  1.000131,  1.000131
  23,  0.999610,  1.000577,  1.000109,  1.000109
  24,  0.999610,  1.000576,  1.000109,  1.000109
Optimization terminated successfully.
         Current function value: 0.106705
         Iterations: 5
         Function evaluations: 40
         Gradient evaluations: 8
  25,  1.001217,  1.000533,  0.998828,  0.998828
  26,  1.001686,  1.000754,  0.999143,  0.999143
  27,  1.001577,  1.000994,  0.999138,  0.999138
  28,  1.001609,  1.000993,  0.999114,  0.999114
  29,  1.001685,  1.000989,  0.999057,  0.999057
  30,  1.001710,  1.000987,  0.999038,  0.999038
  31,  1.001710,  1.000987,  0.999038,  0.999038
Optimization terminated successfully.
         Current function value: 0.740245
         Iterations: 7
         Function evaluations: 70
         Gradient evaluations: 14
  32,  0.999992,  1.000000,  1.000083,  1.000083
  33,  0.999900,  0.999973,  1.000120,  1.000120
  34,  0.999515,  1.000819,  1.000131,  1.000131
  35,  0.999610,  1.000577,  1.000109,  1.000109
  36,  0.999610,  1.000576,  1.000109,  1.000109
Optimization terminated successfully.
         Current function value: 0.106705
         Iterations: 5
         Function evaluations: 40
         Gradient evaluations: 8
  37,  1.001217,  1.000533,  0.998828,  0.998828
  38,  1.001686,  1.000754,  0.999143,  0.999143
  39,  1.001577,  1.000994,  0.999138,  0.999138
  40,  1.001609,  1.000993,  0.999114,  0.999114
  41,  1.001685,  1.000989,  0.999057,  0.999057
  42,  1.001710,  1.000987,  0.999038,  0.999038
  43,  1.001710,  1.000987,  0.999038,  0.999038
Optimization terminated successfully.
         Current function value: 0.740245
         Iterations: 7
         Function evaluations: 70
         Gradient evaluations: 14
  44,  0.999992,  1.000000,  1.000083,  1.000083
  45,  0.999900,  0.999973,  1.000120,  1.000120
  46,  0.999515,  1.000819,  1.000131,  1.000131
  47,  0.999610,  1.000577,  1.000109,  1.000109
  48,  0.999610,  1.000576,  1.000109,  1.000109
Optimization terminated successfully.
         Current function value: 0.106705
         Iterations: 5
         Function evaluations: 40
         Gradient evaluations: 8
  49,  1.001217,  1.000533,  0.998828,  0.998828
  50,  1.001686,  1.000754,  0.999143,  0.999143
  51,  1.001577,  1.000994,  0.999138,  0.999138
  52,  1.001609,  1.000993,  0.999114,  0.999114
  53,  1.001685,  1.000989,  0.999057,  0.999057
  54,  1.001710,  1.000987,  0.999038,  0.999038
  55,  1.001710,  1.000987,  0.999038,  0.999038
Optimization terminated successfully.
         Current function value: 0.740245
         Iterations: 7
         Function evaluations: 70
         Gradient evaluations: 14
  56,  0.999992,  1.000000,  1.000083,  1.000083
  57,  0.999900,  0.999973,  1.000120,  1.000120
  58,  0.999515,  1.000819,  1.000131,  1.000131
  59,  0.999610,  1.000577,  1.000109,  1.000109
  60,  0.999610,  1.000576,  1.000109,  1.000109
Optimization terminated successfully.
         Current function value: 0.106705
         Iterations: 5
         Function evaluations: 40
         Gradient evaluations: 8
  61,  1.001217,  1.000533,  0.998828,  0.998828
  62,  1.001686,  1.000754,  0.999143,  0.999143
  63,  1.001577,  1.000994,  0.999138,  0.999138
  64,  1.001609,  1.000993,  0.999114,  0.999114
  65,  1.001685,  1.000989,  0.999057,  0.999057
  66,  1.001710,  1.000987,  0.999038,  0.999038
  67,  1.001710,  1.000987,  0.999038,  0.999038
Optimization terminated successfully.
         Current function value: 0.740245
         Iterations: 7
         Function evaluations: 70
         Gradient evaluations: 14
  68,  0.999992,  1.000000,  1.000083,  1.000083
  69,  0.999900,  0.999973,  1.000120,  1.000120
  70,  0.999515,  1.000819,  1.000131,  1.000131
  71,  0.999610,  1.000577,  1.000109,  1.000109
  72,  0.999610,  1.000576,  1.000109,  1.000109
Optimization terminated successfully.
         Current function value: 0.106706
         Iterations: 5
         Function evaluations: 40
         Gradient evaluations: 8
  73,  1.001217,  1.000533,  0.998828,  0.998828
  74,  1.001686,  1.000754,  0.999143,  0.999143
  75,  1.001577,  1.000994,  0.999138,  0.999138
  76,  1.001609,  1.000993,  0.999114,  0.999114
  77,  1.001685,  1.000989,  0.999057,  0.999057
  78,  1.001710,  1.000987,  0.999038,  0.999038
  79,  1.001710,  1.000987,  0.999038,  0.999038
Optimization terminated successfully.
         Current function value: 0.740245
         Iterations: 7
         Function evaluations: 70
         Gradient evaluations: 14
  80,  0.999992,  1.000000,  1.000083,  1.000083
  81,  0.999900,  0.999973,  1.000120,  1.000120
  82,  0.999515,  1.000819,  1.000131,  1.000131
  83,  0.999610,  1.000577,  1.000109,  1.000109
  84,  0.999610,  1.000576,  1.000109,  1.000109
Optimization terminated successfully.
         Current function value: 0.106706
         Iterations: 5
         Function evaluations: 40
         Gradient evaluations: 8
