fisher1 and fisher2 are: 0.6684883823984842, 0
begin truth calculations
begin calculating d2chi
   1,  1.000269,  1.000141,  1.000433,  1.000433
   2,  1.000401,  1.000214,  1.000374,  1.000374
   3,  0.999506,  1.002180,  1.000337,  1.000337
   4,  0.999588,  1.001909,  1.000287,  1.000287
   5,  0.999589,  1.001907,  1.000287,  1.000287
   6,  0.999589,  1.001907,  1.000287,  1.000287
   7,  0.999589,  1.001907,  1.000287,  1.000287
Optimization terminated successfully.
         Current function value: 0.996208
         Iterations: 7
         Function evaluations: 80
         Gradient evaluations: 16
   8,  0.996923,  0.998646,  0.999814,  0.999814
   9,  0.993847,  0.997294,  1.002898,  1.002898
  10,  0.991980,  1.001377,  1.002954,  1.002954
  11,  0.992367,  1.001446,  1.002703,  1.002703
  12,  0.992745,  1.001530,  1.002453,  1.002453
  13,  0.992745,  1.001528,  1.002453,  1.002453
  14,  0.992745,  1.001528,  1.002453,  1.002453
Optimization terminated successfully.
         Current function value: 3.971218
         Iterations: 7
         Function evaluations: 50
         Gradient evaluations: 10
  15,  1.000269,  1.000141,  1.000433,  1.000433
  16,  1.000401,  1.000214,  1.000374,  1.000374
  17,  0.999506,  1.002180,  1.000337,  1.000337
  18,  0.999588,  1.001909,  1.000287,  1.000287
  19,  0.999589,  1.001907,  1.000287,  1.000287
  20,  0.999589,  1.001907,  1.000287,  1.000287
Optimization terminated successfully.
         Current function value: 0.996206
         Iterations: 6
         Function evaluations: 50
         Gradient evaluations: 10
  21,  0.996923,  0.998646,  0.999814,  0.999814
  22,  0.993847,  0.997294,  1.002898,  1.002898
  23,  0.991980,  1.001377,  1.002954,  1.002954
  24,  0.992367,  1.001446,  1.002703,  1.002703
  25,  0.992745,  1.001530,  1.002453,  1.002453
  26,  0.992745,  1.001528,  1.002453,  1.002453
  27,  0.992745,  1.001528,  1.002453,  1.002453
Optimization terminated successfully.
         Current function value: 3.971201
         Iterations: 7
         Function evaluations: 50
         Gradient evaluations: 10
  28,  1.000269,  1.000141,  1.000433,  1.000433
  29,  1.000401,  1.000214,  1.000374,  1.000374
  30,  0.999506,  1.002180,  1.000337,  1.000337
  31,  0.999588,  1.001909,  1.000287,  1.000287
  32,  0.999589,  1.001907,  1.000287,  1.000287
  33,  0.999589,  1.001907,  1.000287,  1.000287
  34,  0.999589,  1.001907,  1.000287,  1.000287
  35,  0.999589,  1.001907,  1.000287,  1.000287
Warning: Desired error not necessarily achieved due to precision loss.
         Current function value: 0.996205
         Iterations: 8
         Function evaluations: 404
         Gradient evaluations: 79
  36,  0.996923,  0.998646,  0.999814,  0.999814
  37,  0.993847,  0.997294,  1.002898,  1.002898
  38,  0.991980,  1.001377,  1.002954,  1.002954
  39,  0.992367,  1.001446,  1.002703,  1.002703
  40,  0.992745,  1.001530,  1.002453,  1.002453
  41,  0.992745,  1.001528,  1.002453,  1.002453
  42,  0.992745,  1.001528,  1.002453,  1.002453
Optimization terminated successfully.
         Current function value: 3.971184
         Iterations: 7
         Function evaluations: 50
         Gradient evaluations: 10
  43,  1.000269,  1.000141,  1.000433,  1.000433
  44,  1.000401,  1.000214,  1.000374,  1.000374
  45,  0.999506,  1.002180,  1.000337,  1.000337
  46,  0.999588,  1.001909,  1.000287,  1.000287
  47,  0.999589,  1.001907,  1.000287,  1.000287
  48,  0.999589,  1.001907,  1.000287,  1.000287
  49,  0.999589,  1.001907,  1.000287,  1.000287
Warning: Desired error not necessarily achieved due to precision loss.
         Current function value: 0.996204
         Iterations: 7
         Function evaluations: 332
         Gradient evaluations: 64
  50,  0.996923,  0.998646,  0.999814,  0.999814
  51,  0.993847,  0.997294,  1.002898,  1.002898
  52,  0.991980,  1.001377,  1.002954,  1.002954
  53,  0.992367,  1.001446,  1.002703,  1.002703
  54,  0.992745,  1.001530,  1.002453,  1.002453
  55,  0.992745,  1.001528,  1.002453,  1.002453
  56,  0.992745,  1.001528,  1.002453,  1.002453
Optimization terminated successfully.
         Current function value: 3.971167
         Iterations: 7
         Function evaluations: 50
         Gradient evaluations: 10
  57,  1.000269,  1.000141,  1.000433,  1.000433
  58,  1.000401,  1.000214,  1.000374,  1.000374
  59,  0.999506,  1.002180,  1.000337,  1.000337
  60,  0.999588,  1.001909,  1.000287,  1.000287
  61,  0.999589,  1.001907,  1.000287,  1.000287
  62,  0.999589,  1.001907,  1.000287,  1.000287
Optimization terminated successfully.
         Current function value: 0.996203
         Iterations: 6
         Function evaluations: 50
         Gradient evaluations: 10
  63,  0.996923,  0.998646,  0.999814,  0.999814
  64,  0.993847,  0.997294,  1.002898,  1.002898
  65,  0.991980,  1.001377,  1.002954,  1.002954
  66,  0.992367,  1.001446,  1.002703,  1.002703
  67,  0.992745,  1.001530,  1.002453,  1.002453
  68,  0.992745,  1.001528,  1.002453,  1.002453
  69,  0.992745,  1.001528,  1.002453,  1.002453
Optimization terminated successfully.
         Current function value: 3.971150
         Iterations: 7
         Function evaluations: 50
         Gradient evaluations: 10
  70,  1.000269,  1.000141,  1.000433,  1.000433
  71,  1.000401,  1.000214,  1.000374,  1.000374
  72,  0.999506,  1.002180,  1.000337,  1.000337
  73,  0.999588,  1.001909,  1.000287,  1.000287
  74,  0.999589,  1.001907,  1.000287,  1.000287
  75,  0.999589,  1.001907,  1.000287,  1.000287
Optimization terminated successfully.
         Current function value: 0.996202
         Iterations: 6
         Function evaluations: 50
         Gradient evaluations: 10
  76,  0.996923,  0.998646,  0.999814,  0.999814
  77,  0.993847,  0.997294,  1.002898,  1.002898
  78,  0.991980,  1.001377,  1.002954,  1.002954
  79,  0.992367,  1.001446,  1.002703,  1.002703
  80,  0.992745,  1.001530,  1.002453,  1.002453
  81,  0.992745,  1.001528,  1.002453,  1.002453
  82,  0.992745,  1.001528,  1.002453,  1.002453
Optimization terminated successfully.
         Current function value: 3.971133
         Iterations: 7
         Function evaluations: 50
         Gradient evaluations: 10
  83,  1.000269,  1.000141,  1.000433,  1.000433
  84,  1.000401,  1.000214,  1.000374,  1.000374
  85,  0.999506,  1.002180,  1.000337,  1.000337
  86,  0.999588,  1.001909,  1.000287,  1.000287
  87,  0.999589,  1.001907,  1.000287,  1.000287
  88,  0.999589,  1.001907,  1.000287,  1.000287
  89,  0.999589,  1.001907,  1.000287,  1.000287
Optimization terminated successfully.
         Current function value: 0.996200
         Iterations: 7
         Function evaluations: 80
         Gradient evaluations: 16
  90,  0.996923,  0.998646,  0.999814,  0.999814
  91,  0.993847,  0.997294,  1.002898,  1.002898
  92,  0.991980,  1.001377,  1.002954,  1.002954
  93,  0.992367,  1.001446,  1.002703,  1.002703
  94,  0.992745,  1.001530,  1.002453,  1.002453
  95,  0.992745,  1.001528,  1.002453,  1.002453
  96,  0.992745,  1.001528,  1.002453,  1.002453
Optimization terminated successfully.
         Current function value: 3.971116
         Iterations: 7
         Function evaluations: 50
         Gradient evaluations: 10
