fisher1 and fisher2 are: 0.8255680150779752, 0
begin truth calculations
begin calculating d2chi
   1,  1.000646,  1.000279,  0.999211,  0.999211
   2,  1.000969,  1.000427,  0.999380,  0.999380
   3,  1.001093,  1.000155,  0.999385,  0.999385
   4,  1.001111,  1.000160,  0.999364,  0.999364
   5,  1.001150,  1.000171,  0.999321,  0.999321
   6,  1.001150,  1.000171,  0.999321,  0.999321
Optimization terminated successfully.
         Current function value: 0.143450
         Iterations: 6
         Function evaluations: 60
         Gradient evaluations: 12
   7,  1.000747,  1.000331,  1.000124,  1.000124
   8,  1.001453,  1.000646,  0.999489,  0.999489
   9,  1.001793,  0.999904,  0.999479,  0.999479
  10,  1.001767,  0.999890,  0.999463,  0.999463
  11,  1.001707,  0.999860,  0.999426,  0.999426
  12,  1.001707,  0.999860,  0.999426,  0.999426
Optimization terminated successfully.
         Current function value: 0.315439
         Iterations: 6
         Function evaluations: 45
         Gradient evaluations: 9
  13,  1.000646,  1.000279,  0.999211,  0.999211
  14,  1.000969,  1.000427,  0.999380,  0.999380
  15,  1.001093,  1.000155,  0.999385,  0.999385
  16,  1.001111,  1.000160,  0.999364,  0.999364
  17,  1.001150,  1.000171,  0.999321,  0.999321
  18,  1.001150,  1.000171,  0.999321,  0.999321
Optimization terminated successfully.
         Current function value: 0.143449
         Iterations: 6
         Function evaluations: 60
         Gradient evaluations: 12
  19,  1.000747,  1.000331,  1.000124,  1.000124
  20,  1.001453,  1.000646,  0.999489,  0.999489
  21,  1.001793,  0.999904,  0.999479,  0.999479
  22,  1.001767,  0.999890,  0.999463,  0.999463
  23,  1.001707,  0.999860,  0.999426,  0.999426
  24,  1.001707,  0.999860,  0.999426,  0.999426
Optimization terminated successfully.
         Current function value: 0.315437
         Iterations: 6
         Function evaluations: 45
         Gradient evaluations: 9
  25,  1.000646,  1.000279,  0.999211,  0.999211
  26,  1.000969,  1.000427,  0.999380,  0.999380
  27,  1.001093,  1.000155,  0.999385,  0.999385
  28,  1.001111,  1.000160,  0.999364,  0.999364
  29,  1.001150,  1.000171,  0.999321,  0.999321
  30,  1.001150,  1.000171,  0.999321,  0.999321
Optimization terminated successfully.
         Current function value: 0.143448
         Iterations: 6
         Function evaluations: 60
         Gradient evaluations: 12
  31,  1.000747,  1.000331,  1.000124,  1.000124
  32,  1.001453,  1.000646,  0.999489,  0.999489
  33,  1.001793,  0.999904,  0.999479,  0.999479
  34,  1.001767,  0.999890,  0.999463,  0.999463
  35,  1.001707,  0.999860,  0.999426,  0.999426
  36,  1.001707,  0.999860,  0.999426,  0.999426
Optimization terminated successfully.
         Current function value: 0.315436
         Iterations: 6
         Function evaluations: 45
         Gradient evaluations: 9
  37,  1.000646,  1.000279,  0.999211,  0.999211
  38,  1.000969,  1.000427,  0.999380,  0.999380
  39,  1.001093,  1.000155,  0.999385,  0.999385
  40,  1.001111,  1.000160,  0.999364,  0.999364
  41,  1.001150,  1.000171,  0.999321,  0.999321
  42,  1.001150,  1.000171,  0.999321,  0.999321
Optimization terminated successfully.
         Current function value: 0.143448
         Iterations: 6
         Function evaluations: 60
         Gradient evaluations: 12
  43,  1.000747,  1.000331,  1.000124,  1.000124
  44,  1.001453,  1.000646,  0.999489,  0.999489
  45,  1.001793,  0.999904,  0.999479,  0.999479
  46,  1.001767,  0.999890,  0.999463,  0.999463
  47,  1.001707,  0.999860,  0.999426,  0.999426
  48,  1.001707,  0.999860,  0.999426,  0.999426
Optimization terminated successfully.
         Current function value: 0.315434
         Iterations: 6
         Function evaluations: 45
         Gradient evaluations: 9
  49,  1.000646,  1.000279,  0.999211,  0.999211
  50,  1.000969,  1.000427,  0.999380,  0.999380
  51,  1.001093,  1.000155,  0.999385,  0.999385
  52,  1.001111,  1.000160,  0.999364,  0.999364
  53,  1.001150,  1.000171,  0.999321,  0.999321
  54,  1.001150,  1.000171,  0.999321,  0.999321
Optimization terminated successfully.
         Current function value: 0.143447
         Iterations: 6
         Function evaluations: 60
         Gradient evaluations: 12
  55,  1.000747,  1.000331,  1.000124,  1.000124
  56,  1.001453,  1.000646,  0.999489,  0.999489
  57,  1.001793,  0.999904,  0.999479,  0.999479
  58,  1.001767,  0.999890,  0.999463,  0.999463
  59,  1.001707,  0.999860,  0.999426,  0.999426
  60,  1.001707,  0.999860,  0.999426,  0.999426
Optimization terminated successfully.
         Current function value: 0.315433
         Iterations: 6
         Function evaluations: 45
         Gradient evaluations: 9
  61,  1.000646,  1.000279,  0.999211,  0.999211
  62,  1.000969,  1.000427,  0.999380,  0.999380
  63,  1.001093,  1.000155,  0.999385,  0.999385
  64,  1.001111,  1.000160,  0.999364,  0.999364
  65,  1.001150,  1.000171,  0.999321,  0.999321
  66,  1.001150,  1.000171,  0.999321,  0.999321
Optimization terminated successfully.
         Current function value: 0.143446
         Iterations: 6
         Function evaluations: 60
         Gradient evaluations: 12
  67,  1.000747,  1.000331,  1.000124,  1.000124
  68,  1.001453,  1.000646,  0.999489,  0.999489
  69,  1.001793,  0.999904,  0.999479,  0.999479
  70,  1.001767,  0.999890,  0.999463,  0.999463
  71,  1.001707,  0.999860,  0.999426,  0.999426
  72,  1.001707,  0.999860,  0.999426,  0.999426
Optimization terminated successfully.
         Current function value: 0.315431
         Iterations: 6
         Function evaluations: 45
         Gradient evaluations: 9
  73,  1.000646,  1.000279,  0.999211,  0.999211
  74,  1.000969,  1.000427,  0.999380,  0.999380
  75,  1.001093,  1.000155,  0.999385,  0.999385
  76,  1.001111,  1.000160,  0.999364,  0.999364
  77,  1.001150,  1.000171,  0.999321,  0.999321
  78,  1.001150,  1.000171,  0.999321,  0.999321
Optimization terminated successfully.
         Current function value: 0.143445
         Iterations: 6
         Function evaluations: 60
         Gradient evaluations: 12
  79,  1.000747,  1.000331,  1.000124,  1.000124
  80,  1.001453,  1.000646,  0.999489,  0.999489
  81,  1.001793,  0.999904,  0.999479,  0.999479
  82,  1.001767,  0.999890,  0.999463,  0.999463
  83,  1.001707,  0.999860,  0.999426,  0.999426
  84,  1.001707,  0.999860,  0.999426,  0.999426
Optimization terminated successfully.
         Current function value: 0.315430
         Iterations: 6
         Function evaluations: 45
         Gradient evaluations: 9
