fisher1 and fisher2 are: 0.8098600518100261, 0
begin truth calculations
begin calculating d2chi
   1,  1.000896,  1.000387,  0.998924,  0.998924
   2,  1.001336,  1.000589,  0.999157,  0.999157
   3,  1.001489,  1.000253,  0.999164,  0.999164
   4,  1.001510,  1.000258,  0.999141,  0.999141
   5,  1.001559,  1.000270,  0.999088,  0.999088
   6,  1.001571,  1.000272,  0.999076,  0.999076
   7,  1.001571,  1.000272,  0.999076,  0.999076
Optimization terminated successfully.
         Current function value: 0.280122
         Iterations: 7
         Function evaluations: 65
         Gradient evaluations: 13
   8,  1.001003,  1.000445,  1.000174,  1.000174
   9,  1.001865,  1.000830,  0.999404,  0.999404
  10,  1.002283,  0.999916,  0.999391,  0.999391
  11,  1.002266,  0.999908,  0.999375,  0.999375
  12,  1.002227,  0.999891,  0.999339,  0.999339
  13,  1.002156,  0.999859,  0.999273,  0.999273
  14,  1.002156,  0.999858,  0.999273,  0.999273
Optimization terminated successfully.
         Current function value: 0.524911
         Iterations: 7
         Function evaluations: 50
         Gradient evaluations: 10
  15,  1.000896,  1.000387,  0.998924,  0.998924
  16,  1.001336,  1.000589,  0.999157,  0.999157
  17,  1.001489,  1.000253,  0.999164,  0.999164
  18,  1.001510,  1.000258,  0.999141,  0.999141
  19,  1.001559,  1.000270,  0.999088,  0.999088
  20,  1.001571,  1.000272,  0.999076,  0.999076
  21,  1.001571,  1.000272,  0.999076,  0.999076
Optimization terminated successfully.
         Current function value: 0.280122
         Iterations: 7
         Function evaluations: 65
         Gradient evaluations: 13
  22,  1.001003,  1.000445,  1.000174,  1.000174
  23,  1.001865,  1.000830,  0.999404,  0.999404
  24,  1.002283,  0.999916,  0.999391,  0.999391
  25,  1.002266,  0.999908,  0.999375,  0.999375
  26,  1.002227,  0.999891,  0.999339,  0.999339
  27,  1.002156,  0.999859,  0.999273,  0.999273
  28,  1.002156,  0.999858,  0.999273,  0.999273
Optimization terminated successfully.
         Current function value: 0.524910
         Iterations: 7
         Function evaluations: 50
         Gradient evaluations: 10
  29,  1.000896,  1.000387,  0.998924,  0.998924
  30,  1.001336,  1.000589,  0.999157,  0.999157
  31,  1.001489,  1.000253,  0.999164,  0.999164
  32,  1.001510,  1.000258,  0.999141,  0.999141
  33,  1.001559,  1.000270,  0.999088,  0.999088
  34,  1.001571,  1.000272,  0.999076,  0.999076
  35,  1.001571,  1.000272,  0.999076,  0.999076
Optimization terminated successfully.
         Current function value: 0.280121
         Iterations: 7
         Function evaluations: 65
         Gradient evaluations: 13
  36,  1.001003,  1.000445,  1.000174,  1.000174
  37,  1.001865,  1.000830,  0.999404,  0.999404
  38,  1.002283,  0.999916,  0.999391,  0.999391
  39,  1.002266,  0.999908,  0.999375,  0.999375
  40,  1.002227,  0.999891,  0.999339,  0.999339
  41,  1.002156,  0.999859,  0.999273,  0.999273
  42,  1.002156,  0.999858,  0.999273,  0.999273
Optimization terminated successfully.
         Current function value: 0.524909
         Iterations: 7
         Function evaluations: 50
         Gradient evaluations: 10
  43,  1.000896,  1.000387,  0.998924,  0.998924
  44,  1.001336,  1.000589,  0.999157,  0.999157
  45,  1.001489,  1.000253,  0.999164,  0.999164
  46,  1.001510,  1.000258,  0.999141,  0.999141
  47,  1.001559,  1.000270,  0.999088,  0.999088
  48,  1.001571,  1.000272,  0.999076,  0.999076
  49,  1.001571,  1.000272,  0.999076,  0.999076
Optimization terminated successfully.
         Current function value: 0.280120
         Iterations: 7
         Function evaluations: 65
         Gradient evaluations: 13
  50,  1.001003,  1.000445,  1.000174,  1.000174
  51,  1.001865,  1.000830,  0.999404,  0.999404
  52,  1.002283,  0.999916,  0.999391,  0.999391
  53,  1.002266,  0.999908,  0.999375,  0.999375
  54,  1.002227,  0.999891,  0.999339,  0.999339
  55,  1.002156,  0.999859,  0.999273,  0.999273
  56,  1.002156,  0.999858,  0.999273,  0.999273
Optimization terminated successfully.
         Current function value: 0.524907
         Iterations: 7
         Function evaluations: 50
         Gradient evaluations: 10
  57,  1.000896,  1.000387,  0.998924,  0.998924
  58,  1.001336,  1.000589,  0.999157,  0.999157
  59,  1.001489,  1.000253,  0.999164,  0.999164
  60,  1.001510,  1.000258,  0.999141,  0.999141
  61,  1.001559,  1.000270,  0.999088,  0.999088
  62,  1.001571,  1.000272,  0.999076,  0.999076
  63,  1.001571,  1.000272,  0.999076,  0.999076
Optimization terminated successfully.
         Current function value: 0.280119
         Iterations: 7
         Function evaluations: 65
         Gradient evaluations: 13
  64,  1.001003,  1.000445,  1.000174,  1.000174
  65,  1.001865,  1.000830,  0.999404,  0.999404
  66,  1.002283,  0.999916,  0.999391,  0.999391
  67,  1.002266,  0.999908,  0.999375,  0.999375
  68,  1.002227,  0.999891,  0.999339,  0.999339
  69,  1.002156,  0.999859,  0.999273,  0.999273
  70,  1.002156,  0.999858,  0.999273,  0.999273
Optimization terminated successfully.
         Current function value: 0.524906
         Iterations: 7
         Function evaluations: 50
         Gradient evaluations: 10
  71,  1.000896,  1.000387,  0.998924,  0.998924
  72,  1.001336,  1.000589,  0.999157,  0.999157
  73,  1.001489,  1.000253,  0.999164,  0.999164
  74,  1.001510,  1.000258,  0.999141,  0.999141
  75,  1.001559,  1.000270,  0.999088,  0.999088
  76,  1.001571,  1.000272,  0.999076,  0.999076
  77,  1.001571,  1.000272,  0.999076,  0.999076
Optimization terminated successfully.
         Current function value: 0.280118
         Iterations: 7
         Function evaluations: 65
         Gradient evaluations: 13
  78,  1.001003,  1.000445,  1.000174,  1.000174
  79,  1.001865,  1.000830,  0.999404,  0.999404
  80,  1.002283,  0.999916,  0.999391,  0.999391
  81,  1.002266,  0.999908,  0.999375,  0.999375
  82,  1.002227,  0.999891,  0.999339,  0.999339
  83,  1.002156,  0.999859,  0.999273,  0.999273
  84,  1.002156,  0.999858,  0.999273,  0.999273
Optimization terminated successfully.
         Current function value: 0.524905
         Iterations: 7
         Function evaluations: 50
         Gradient evaluations: 10
  85,  1.000896,  1.000387,  0.998924,  0.998924
  86,  1.001336,  1.000589,  0.999157,  0.999157
  87,  1.001489,  1.000253,  0.999164,  0.999164
  88,  1.001510,  1.000258,  0.999141,  0.999141
  89,  1.001559,  1.000270,  0.999088,  0.999088
  90,  1.001571,  1.000272,  0.999076,  0.999076
  91,  1.001571,  1.000272,  0.999076,  0.999076
Optimization terminated successfully.
         Current function value: 0.280117
         Iterations: 7
         Function evaluations: 65
         Gradient evaluations: 13
  92,  1.001003,  1.000445,  1.000174,  1.000174
  93,  1.001865,  1.000830,  0.999404,  0.999404
  94,  1.002283,  0.999916,  0.999391,  0.999391
  95,  1.002266,  0.999908,  0.999375,  0.999375
  96,  1.002227,  0.999891,  0.999339,  0.999339
  97,  1.002156,  0.999859,  0.999273,  0.999273
  98,  1.002156,  0.999858,  0.999273,  0.999273
Optimization terminated successfully.
         Current function value: 0.524904
         Iterations: 7
         Function evaluations: 50
         Gradient evaluations: 10
