fisher1 and fisher2 are: 0.7533113840454093, 0
begin truth calculations
begin calculating d2chi
   1,  1.001289,  1.000560,  0.998609,  0.998609
   2,  1.001855,  1.000824,  0.998946,  0.998946
   3,  1.001929,  1.000663,  0.998949,  0.998949
   4,  1.001943,  1.000670,  0.998934,  0.998934
   5,  1.001972,  1.000687,  0.998901,  0.998901
   6,  1.002038,  1.000723,  0.998829,  0.998829
   7,  1.002038,  1.000722,  0.998829,  0.998829
Optimization terminated successfully.
         Current function value: 0.678478
         Iterations: 7
         Function evaluations: 70
         Gradient evaluations: 14
   8,  1.000453,  1.000204,  1.000124,  1.000124
   9,  1.001063,  1.000484,  0.999613,  0.999613
  10,  1.001183,  1.000222,  0.999609,  0.999609
  11,  1.001201,  1.000227,  0.999597,  0.999597
  12,  1.001245,  1.000240,  0.999569,  0.999569
  13,  1.001257,  1.000244,  0.999560,  0.999560
  14,  1.001257,  1.000244,  0.999560,  0.999560
Optimization terminated successfully.
         Current function value: 0.340815
         Iterations: 7
         Function evaluations: 55
         Gradient evaluations: 11
  15,  1.001289,  1.000560,  0.998609,  0.998609
  16,  1.001855,  1.000824,  0.998946,  0.998946
  17,  1.001929,  1.000663,  0.998949,  0.998949
  18,  1.001943,  1.000670,  0.998934,  0.998934
  19,  1.001972,  1.000687,  0.998901,  0.998901
  20,  1.002038,  1.000723,  0.998829,  0.998829
  21,  1.002038,  1.000722,  0.998829,  0.998829
Optimization terminated successfully.
         Current function value: 0.678478
         Iterations: 7
         Function evaluations: 70
         Gradient evaluations: 14
  22,  1.000453,  1.000204,  1.000124,  1.000124
  23,  1.001063,  1.000484,  0.999613,  0.999613
  24,  1.001183,  1.000222,  0.999609,  0.999609
  25,  1.001201,  1.000227,  0.999597,  0.999597
  26,  1.001245,  1.000240,  0.999569,  0.999569
  27,  1.001257,  1.000244,  0.999560,  0.999560
  28,  1.001257,  1.000244,  0.999560,  0.999560
Optimization terminated successfully.
         Current function value: 0.340816
         Iterations: 7
         Function evaluations: 55
         Gradient evaluations: 11
  29,  1.001289,  1.000560,  0.998609,  0.998609
  30,  1.001855,  1.000824,  0.998946,  0.998946
  31,  1.001929,  1.000663,  0.998949,  0.998949
  32,  1.001943,  1.000670,  0.998934,  0.998934
  33,  1.001972,  1.000687,  0.998901,  0.998901
  34,  1.002038,  1.000723,  0.998829,  0.998829
  35,  1.002038,  1.000722,  0.998829,  0.998829
Optimization terminated successfully.
         Current function value: 0.678477
         Iterations: 7
         Function evaluations: 70
         Gradient evaluations: 14
  36,  1.000453,  1.000204,  1.000124,  1.000124
  37,  1.001063,  1.000484,  0.999613,  0.999613
  38,  1.001183,  1.000222,  0.999609,  0.999609
  39,  1.001201,  1.000227,  0.999597,  0.999597
  40,  1.001245,  1.000240,  0.999569,  0.999569
  41,  1.001257,  1.000244,  0.999560,  0.999560
  42,  1.001257,  1.000244,  0.999560,  0.999560
Optimization terminated successfully.
         Current function value: 0.340818
         Iterations: 7
         Function evaluations: 55
         Gradient evaluations: 11
  43,  1.001289,  1.000560,  0.998609,  0.998609
  44,  1.001855,  1.000824,  0.998946,  0.998946
  45,  1.001929,  1.000663,  0.998949,  0.998949
  46,  1.001943,  1.000670,  0.998934,  0.998934
  47,  1.001972,  1.000687,  0.998901,  0.998901
  48,  1.002038,  1.000723,  0.998829,  0.998829
  49,  1.002038,  1.000722,  0.998829,  0.998829
Optimization terminated successfully.
         Current function value: 0.678477
         Iterations: 7
         Function evaluations: 70
         Gradient evaluations: 14
  50,  1.000453,  1.000204,  1.000124,  1.000124
  51,  1.001063,  1.000484,  0.999613,  0.999613
  52,  1.001183,  1.000222,  0.999609,  0.999609
  53,  1.001201,  1.000227,  0.999597,  0.999597
  54,  1.001245,  1.000240,  0.999569,  0.999569
  55,  1.001257,  1.000244,  0.999560,  0.999560
  56,  1.001257,  1.000244,  0.999560,  0.999560
Optimization terminated successfully.
         Current function value: 0.340819
         Iterations: 7
         Function evaluations: 55
         Gradient evaluations: 11
  57,  1.001289,  1.000560,  0.998609,  0.998609
  58,  1.001855,  1.000824,  0.998946,  0.998946
  59,  1.001929,  1.000663,  0.998949,  0.998949
  60,  1.001943,  1.000670,  0.998934,  0.998934
  61,  1.001972,  1.000687,  0.998901,  0.998901
  62,  1.002038,  1.000723,  0.998829,  0.998829
  63,  1.002038,  1.000722,  0.998829,  0.998829
Optimization terminated successfully.
         Current function value: 0.678477
         Iterations: 7
         Function evaluations: 70
         Gradient evaluations: 14
  64,  1.000453,  1.000204,  1.000124,  1.000124
  65,  1.001063,  1.000484,  0.999613,  0.999613
  66,  1.001183,  1.000222,  0.999609,  0.999609
  67,  1.001201,  1.000227,  0.999597,  0.999597
  68,  1.001245,  1.000240,  0.999569,  0.999569
  69,  1.001257,  1.000244,  0.999560,  0.999560
  70,  1.001257,  1.000244,  0.999560,  0.999560
Optimization terminated successfully.
         Current function value: 0.340820
         Iterations: 7
         Function evaluations: 55
         Gradient evaluations: 11
  71,  1.001289,  1.000560,  0.998609,  0.998609
  72,  1.001855,  1.000824,  0.998946,  0.998946
  73,  1.001929,  1.000663,  0.998949,  0.998949
  74,  1.001943,  1.000670,  0.998934,  0.998934
  75,  1.001972,  1.000687,  0.998901,  0.998901
  76,  1.002038,  1.000723,  0.998829,  0.998829
  77,  1.002038,  1.000722,  0.998829,  0.998829
Optimization terminated successfully.
         Current function value: 0.678476
         Iterations: 7
         Function evaluations: 70
         Gradient evaluations: 14
  78,  1.000453,  1.000204,  1.000124,  1.000124
  79,  1.001063,  1.000484,  0.999613,  0.999613
  80,  1.001183,  1.000222,  0.999609,  0.999609
  81,  1.001201,  1.000227,  0.999597,  0.999597
  82,  1.001245,  1.000240,  0.999569,  0.999569
  83,  1.001257,  1.000244,  0.999560,  0.999560
  84,  1.001257,  1.000244,  0.999560,  0.999560
Optimization terminated successfully.
         Current function value: 0.340822
         Iterations: 7
         Function evaluations: 55
         Gradient evaluations: 11
  85,  1.001289,  1.000560,  0.998609,  0.998609
  86,  1.001855,  1.000824,  0.998946,  0.998946
  87,  1.001929,  1.000663,  0.998949,  0.998949
  88,  1.001943,  1.000670,  0.998934,  0.998934
  89,  1.001972,  1.000687,  0.998901,  0.998901
  90,  1.002038,  1.000723,  0.998829,  0.998829
  91,  1.002038,  1.000722,  0.998829,  0.998829
Optimization terminated successfully.
         Current function value: 0.678476
         Iterations: 7
         Function evaluations: 70
         Gradient evaluations: 14
  92,  1.000453,  1.000204,  1.000124,  1.000124
  93,  1.001063,  1.000484,  0.999613,  0.999613
  94,  1.001183,  1.000222,  0.999609,  0.999609
  95,  1.001201,  1.000227,  0.999597,  0.999597
  96,  1.001245,  1.000240,  0.999569,  0.999569
  97,  1.001257,  1.000244,  0.999560,  0.999560
  98,  1.001257,  1.000244,  0.999560,  0.999560
Optimization terminated successfully.
         Current function value: 0.340823
         Iterations: 7
         Function evaluations: 55
         Gradient evaluations: 11
