fisher1 and fisher2 are: 0.8318512003851548, 0
begin truth calculations
begin calculating d2chi
   1,  1.000530,  1.000228,  0.999350,  0.999350
   2,  1.000795,  1.000350,  0.999488,  0.999488
   3,  1.000901,  1.000119,  0.999492,  0.999492
   4,  1.000916,  1.000123,  0.999475,  0.999475
   5,  1.000947,  1.000132,  0.999440,  0.999440
   6,  1.000947,  1.000132,  0.999440,  0.999440
Optimization terminated successfully.
         Current function value: 0.095778
         Iterations: 6
         Function evaluations: 60
         Gradient evaluations: 12
   7,  1.000620,  1.000275,  1.000101,  1.000101
   8,  1.001221,  1.000543,  0.999560,  0.999560
   9,  1.001510,  0.999910,  0.999551,  0.999551
  10,  1.001484,  0.999896,  0.999537,  0.999537
  11,  1.001442,  0.999874,  0.999515,  0.999515
  12,  1.001442,  0.999874,  0.999515,  0.999515
Optimization terminated successfully.
         Current function value: 0.222087
         Iterations: 6
         Function evaluations: 45
         Gradient evaluations: 9
  13,  1.000530,  1.000228,  0.999350,  0.999350
  14,  1.000795,  1.000350,  0.999488,  0.999488
  15,  1.000901,  1.000119,  0.999492,  0.999492
  16,  1.000916,  1.000123,  0.999475,  0.999475
  17,  1.000947,  1.000132,  0.999440,  0.999440
  18,  1.000947,  1.000132,  0.999440,  0.999440
Optimization terminated successfully.
         Current function value: 0.095777
         Iterations: 6
         Function evaluations: 60
         Gradient evaluations: 12
  19,  1.000620,  1.000275,  1.000101,  1.000101
  20,  1.001221,  1.000543,  0.999560,  0.999560
  21,  1.001510,  0.999910,  0.999551,  0.999551
  22,  1.001484,  0.999896,  0.999537,  0.999537
  23,  1.001442,  0.999874,  0.999515,  0.999515
  24,  1.001442,  0.999874,  0.999515,  0.999515
Optimization terminated successfully.
         Current function value: 0.222086
         Iterations: 6
         Function evaluations: 45
         Gradient evaluations: 9
  25,  1.000530,  1.000228,  0.999350,  0.999350
  26,  1.000795,  1.000350,  0.999488,  0.999488
  27,  1.000901,  1.000119,  0.999492,  0.999492
  28,  1.000916,  1.000123,  0.999475,  0.999475
  29,  1.000947,  1.000132,  0.999440,  0.999440
  30,  1.000947,  1.000132,  0.999440,  0.999440
Optimization terminated successfully.
         Current function value: 0.095777
         Iterations: 6
         Function evaluations: 60
         Gradient evaluations: 12
  31,  1.000620,  1.000275,  1.000101,  1.000101
  32,  1.001221,  1.000543,  0.999560,  0.999560
  33,  1.001510,  0.999910,  0.999551,  0.999551
  34,  1.001484,  0.999896,  0.999537,  0.999537
  35,  1.001442,  0.999874,  0.999515,  0.999515
  36,  1.001442,  0.999874,  0.999515,  0.999515
Optimization terminated successfully.
         Current function value: 0.222084
         Iterations: 6
         Function evaluations: 45
         Gradient evaluations: 9
  37,  1.000530,  1.000228,  0.999350,  0.999350
  38,  1.000795,  1.000350,  0.999488,  0.999488
  39,  1.000901,  1.000119,  0.999492,  0.999492
  40,  1.000916,  1.000123,  0.999475,  0.999475
  41,  1.000947,  1.000132,  0.999440,  0.999440
  42,  1.000947,  1.000132,  0.999440,  0.999440
Optimization terminated successfully.
         Current function value: 0.095776
         Iterations: 6
         Function evaluations: 60
         Gradient evaluations: 12
  43,  1.000620,  1.000275,  1.000101,  1.000101
  44,  1.001221,  1.000543,  0.999560,  0.999560
  45,  1.001510,  0.999910,  0.999551,  0.999551
  46,  1.001484,  0.999896,  0.999537,  0.999537
  47,  1.001442,  0.999874,  0.999515,  0.999515
  48,  1.001442,  0.999874,  0.999515,  0.999515
Optimization terminated successfully.
         Current function value: 0.222083
         Iterations: 6
         Function evaluations: 45
         Gradient evaluations: 9
  49,  1.000530,  1.000228,  0.999350,  0.999350
  50,  1.000795,  1.000350,  0.999488,  0.999488
  51,  1.000901,  1.000119,  0.999492,  0.999492
  52,  1.000916,  1.000123,  0.999475,  0.999475
  53,  1.000947,  1.000132,  0.999440,  0.999440
  54,  1.000947,  1.000132,  0.999440,  0.999440
Optimization terminated successfully.
         Current function value: 0.095775
         Iterations: 6
         Function evaluations: 60
         Gradient evaluations: 12
  55,  1.000620,  1.000275,  1.000101,  1.000101
  56,  1.001221,  1.000543,  0.999560,  0.999560
  57,  1.001510,  0.999910,  0.999551,  0.999551
  58,  1.001484,  0.999896,  0.999537,  0.999537
  59,  1.001442,  0.999874,  0.999515,  0.999515
  60,  1.001442,  0.999874,  0.999515,  0.999515
Optimization terminated successfully.
         Current function value: 0.222082
         Iterations: 6
         Function evaluations: 45
         Gradient evaluations: 9
  61,  1.000530,  1.000228,  0.999350,  0.999350
  62,  1.000795,  1.000350,  0.999488,  0.999488
  63,  1.000901,  1.000119,  0.999492,  0.999492
  64,  1.000916,  1.000123,  0.999475,  0.999475
  65,  1.000947,  1.000132,  0.999440,  0.999440
  66,  1.000947,  1.000132,  0.999440,  0.999440
Optimization terminated successfully.
         Current function value: 0.095774
         Iterations: 6
         Function evaluations: 60
         Gradient evaluations: 12
  67,  1.000620,  1.000275,  1.000101,  1.000101
  68,  1.001221,  1.000543,  0.999560,  0.999560
  69,  1.001510,  0.999910,  0.999551,  0.999551
  70,  1.001484,  0.999896,  0.999537,  0.999537
  71,  1.001442,  0.999874,  0.999515,  0.999515
  72,  1.001442,  0.999874,  0.999515,  0.999515
Optimization terminated successfully.
         Current function value: 0.222080
         Iterations: 6
         Function evaluations: 45
         Gradient evaluations: 9
  73,  1.000530,  1.000228,  0.999350,  0.999350
  74,  1.000795,  1.000350,  0.999488,  0.999488
  75,  1.000901,  1.000119,  0.999492,  0.999492
  76,  1.000916,  1.000123,  0.999475,  0.999475
  77,  1.000947,  1.000132,  0.999440,  0.999440
  78,  1.000947,  1.000132,  0.999440,  0.999440
Optimization terminated successfully.
         Current function value: 0.095774
         Iterations: 6
         Function evaluations: 60
         Gradient evaluations: 12
  79,  1.000620,  1.000275,  1.000101,  1.000101
  80,  1.001221,  1.000543,  0.999560,  0.999560
  81,  1.001510,  0.999910,  0.999551,  0.999551
  82,  1.001484,  0.999896,  0.999537,  0.999537
  83,  1.001442,  0.999874,  0.999515,  0.999515
  84,  1.001442,  0.999874,  0.999515,  0.999515
Optimization terminated successfully.
         Current function value: 0.222079
         Iterations: 6
         Function evaluations: 45
         Gradient evaluations: 9
