fisher1 and fisher2 are: 0.7218954575095111, 0
begin truth calculations
begin calculating d2chi
   1,  1.001178,  1.000518,  0.998917,  0.998917
   2,  1.001606,  1.000721,  0.999219,  0.999219
   3,  1.001454,  1.001055,  0.999213,  0.999213
   4,  1.001472,  1.001056,  0.999199,  0.999199
   5,  1.001511,  1.001059,  0.999169,  0.999169
   6,  1.001576,  1.001062,  0.999120,  0.999120
   7,  1.001576,  1.001062,  0.999120,  0.999120
Optimization terminated successfully.
         Current function value: 0.749144
         Iterations: 7
         Function evaluations: 65
         Gradient evaluations: 13
   8,  0.999492,  0.999789,  1.000212,  1.000212
   9,  0.999483,  0.999789,  1.000275,  1.000275
  10,  0.999141,  1.000537,  1.000285,  1.000285
  11,  0.999081,  1.000670,  1.000286,  1.000286
  12,  0.999081,  1.000670,  1.000286,  1.000286
Optimization terminated successfully.
         Current function value: 0.122605
         Iterations: 5
         Function evaluations: 45
         Gradient evaluations: 9
  13,  1.001178,  1.000518,  0.998917,  0.998917
  14,  1.001606,  1.000721,  0.999219,  0.999219
  15,  1.001454,  1.001055,  0.999213,  0.999213
  16,  1.001472,  1.001056,  0.999199,  0.999199
  17,  1.001511,  1.001059,  0.999169,  0.999169
  18,  1.001576,  1.001062,  0.999120,  0.999120
  19,  1.001576,  1.001062,  0.999120,  0.999120
Optimization terminated successfully.
         Current function value: 0.749144
         Iterations: 7
         Function evaluations: 65
         Gradient evaluations: 13
  20,  0.999492,  0.999789,  1.000212,  1.000212
  21,  0.999483,  0.999790,  1.000275,  1.000275
  22,  0.999141,  1.000537,  1.000285,  1.000285
  23,  0.999081,  1.000670,  1.000286,  1.000286
  24,  0.999081,  1.000670,  1.000286,  1.000286
Optimization terminated successfully.
         Current function value: 0.122604
         Iterations: 5
         Function evaluations: 45
         Gradient evaluations: 9
  25,  1.001178,  1.000518,  0.998917,  0.998917
  26,  1.001606,  1.000721,  0.999219,  0.999219
  27,  1.001454,  1.001055,  0.999213,  0.999213
  28,  1.001472,  1.001056,  0.999199,  0.999199
  29,  1.001511,  1.001059,  0.999169,  0.999169
  30,  1.001576,  1.001062,  0.999120,  0.999120
  31,  1.001576,  1.001062,  0.999120,  0.999120
Optimization terminated successfully.
         Current function value: 0.749144
         Iterations: 7
         Function evaluations: 65
         Gradient evaluations: 13
  32,  0.999492,  0.999789,  1.000212,  1.000212
  33,  0.999483,  0.999790,  1.000275,  1.000275
  34,  0.999141,  1.000537,  1.000285,  1.000285
  35,  0.999081,  1.000670,  1.000286,  1.000286
  36,  0.999081,  1.000670,  1.000286,  1.000286
Optimization terminated successfully.
         Current function value: 0.122603
         Iterations: 5
         Function evaluations: 45
         Gradient evaluations: 9
  37,  1.001178,  1.000518,  0.998917,  0.998917
  38,  1.001606,  1.000721,  0.999219,  0.999219
  39,  1.001454,  1.001055,  0.999213,  0.999213
  40,  1.001472,  1.001056,  0.999199,  0.999199
  41,  1.001511,  1.001059,  0.999169,  0.999169
  42,  1.001576,  1.001062,  0.999120,  0.999120
  43,  1.001576,  1.001062,  0.999120,  0.999120
Optimization terminated successfully.
         Current function value: 0.749144
         Iterations: 7
         Function evaluations: 65
         Gradient evaluations: 13
  44,  0.999492,  0.999789,  1.000212,  1.000212
  45,  0.999483,  0.999790,  1.000275,  1.000275
  46,  0.999141,  1.000537,  1.000285,  1.000285
  47,  0.999081,  1.000670,  1.000286,  1.000286
  48,  0.999081,  1.000670,  1.000286,  1.000286
Optimization terminated successfully.
         Current function value: 0.122603
         Iterations: 5
         Function evaluations: 45
         Gradient evaluations: 9
  49,  1.001178,  1.000518,  0.998917,  0.998917
  50,  1.001606,  1.000721,  0.999219,  0.999219
  51,  1.001454,  1.001055,  0.999213,  0.999213
  52,  1.001472,  1.001056,  0.999199,  0.999199
  53,  1.001511,  1.001058,  0.999169,  0.999169
  54,  1.001576,  1.001062,  0.999120,  0.999120
  55,  1.001576,  1.001062,  0.999120,  0.999120
Optimization terminated successfully.
         Current function value: 0.749144
         Iterations: 7
         Function evaluations: 65
         Gradient evaluations: 13
  56,  0.999492,  0.999789,  1.000212,  1.000212
  57,  0.999483,  0.999790,  1.000275,  1.000275
  58,  0.999141,  1.000537,  1.000285,  1.000285
  59,  0.999081,  1.000670,  1.000286,  1.000286
  60,  0.999081,  1.000670,  1.000286,  1.000286
Optimization terminated successfully.
         Current function value: 0.122602
         Iterations: 5
         Function evaluations: 45
         Gradient evaluations: 9
  61,  1.001178,  1.000518,  0.998917,  0.998917
  62,  1.001606,  1.000721,  0.999219,  0.999219
  63,  1.001454,  1.001055,  0.999213,  0.999213
  64,  1.001472,  1.001056,  0.999199,  0.999199
  65,  1.001511,  1.001059,  0.999169,  0.999169
  66,  1.001576,  1.001062,  0.999120,  0.999120
  67,  1.001576,  1.001062,  0.999120,  0.999120
Optimization terminated successfully.
         Current function value: 0.749144
         Iterations: 7
         Function evaluations: 65
         Gradient evaluations: 13
  68,  0.999492,  0.999789,  1.000212,  1.000212
  69,  0.999483,  0.999790,  1.000275,  1.000275
  70,  0.999141,  1.000537,  1.000285,  1.000285
  71,  0.999081,  1.000670,  1.000286,  1.000286
  72,  0.999081,  1.000670,  1.000286,  1.000286
Optimization terminated successfully.
         Current function value: 0.122601
         Iterations: 5
         Function evaluations: 45
         Gradient evaluations: 9
  73,  1.001178,  1.000518,  0.998917,  0.998917
  74,  1.001606,  1.000721,  0.999219,  0.999219
  75,  1.001454,  1.001055,  0.999213,  0.999213
  76,  1.001472,  1.001056,  0.999199,  0.999199
  77,  1.001511,  1.001058,  0.999169,  0.999169
  78,  1.001576,  1.001062,  0.999120,  0.999120
  79,  1.001576,  1.001062,  0.999120,  0.999120
Optimization terminated successfully.
         Current function value: 0.749144
         Iterations: 7
         Function evaluations: 65
         Gradient evaluations: 13
  80,  0.999492,  0.999789,  1.000212,  1.000212
  81,  0.999483,  0.999790,  1.000275,  1.000275
  82,  0.999142,  1.000537,  1.000285,  1.000285
  83,  0.999081,  1.000670,  1.000286,  1.000286
  84,  0.999081,  1.000670,  1.000286,  1.000286
Optimization terminated successfully.
         Current function value: 0.122601
         Iterations: 5
         Function evaluations: 45
         Gradient evaluations: 9
