fisher1 and fisher2 are: 0.6747715677056638, 0
begin truth calculations
begin calculating d2chi
   1,  1.000479,  1.000233,  1.000222,  1.000222
   2,  1.000549,  1.000271,  1.000121,  1.000121
   3,  0.999659,  1.002227,  1.000084,  1.000084
   4,  0.999901,  1.001785,  1.000108,  1.000108
   5,  0.999901,  1.001785,  1.000108,  1.000108
   6,  0.999901,  1.001785,  1.000108,  1.000108
Optimization terminated successfully.
         Current function value: 0.929232
         Iterations: 6
         Function evaluations: 50
         Gradient evaluations: 10
   7,  0.997321,  0.998822,  0.999855,  0.999855
   8,  0.994644,  0.997649,  1.002552,  1.002552
   9,  0.992986,  1.001275,  1.002601,  1.002601
  10,  0.993314,  1.001344,  1.002376,  1.002376
  11,  0.993657,  1.001430,  1.002137,  1.002137
  12,  0.993657,  1.001429,  1.002137,  1.002137
  13,  0.993657,  1.001429,  1.002137,  1.002137
Optimization terminated successfully.
         Current function value: 2.998004
         Iterations: 7
         Function evaluations: 50
         Gradient evaluations: 10
  14,  1.000479,  1.000233,  1.000222,  1.000222
  15,  1.000549,  1.000271,  1.000121,  1.000121
  16,  0.999659,  1.002227,  1.000084,  1.000084
  17,  0.999901,  1.001785,  1.000108,  1.000108
  18,  0.999901,  1.001785,  1.000108,  1.000108
  19,  0.999901,  1.001785,  1.000108,  1.000108
Optimization terminated successfully.
         Current function value: 0.929231
         Iterations: 6
         Function evaluations: 50
         Gradient evaluations: 10
  20,  0.997321,  0.998822,  0.999855,  0.999855
  21,  0.994644,  0.997649,  1.002552,  1.002552
  22,  0.992986,  1.001275,  1.002601,  1.002601
  23,  0.993314,  1.001344,  1.002376,  1.002376
  24,  0.993657,  1.001430,  1.002137,  1.002137
  25,  0.993657,  1.001429,  1.002137,  1.002137
  26,  0.993657,  1.001429,  1.002137,  1.002137
Optimization terminated successfully.
         Current function value: 2.997990
         Iterations: 7
         Function evaluations: 50
         Gradient evaluations: 10
  27,  1.000479,  1.000233,  1.000222,  1.000222
  28,  1.000549,  1.000271,  1.000121,  1.000121
  29,  0.999659,  1.002227,  1.000084,  1.000084
  30,  0.999901,  1.001785,  1.000108,  1.000108
  31,  0.999901,  1.001785,  1.000108,  1.000108
  32,  0.999901,  1.001785,  1.000108,  1.000108
Warning: Desired error not necessarily achieved due to precision loss.
         Current function value: 0.929230
         Iterations: 6
         Function evaluations: 377
         Gradient evaluations: 73
  33,  0.997321,  0.998822,  0.999855,  0.999855
  34,  0.994644,  0.997649,  1.002552,  1.002552
  35,  0.992986,  1.001275,  1.002601,  1.002601
  36,  0.993314,  1.001344,  1.002376,  1.002376
  37,  0.993657,  1.001430,  1.002137,  1.002137
  38,  0.993657,  1.001429,  1.002137,  1.002137
  39,  0.993657,  1.001429,  1.002137,  1.002137
Optimization terminated successfully.
         Current function value: 2.997976
         Iterations: 7
         Function evaluations: 50
         Gradient evaluations: 10
  40,  1.000479,  1.000233,  1.000222,  1.000222
  41,  1.000549,  1.000271,  1.000121,  1.000121
  42,  0.999659,  1.002227,  1.000084,  1.000084
  43,  0.999901,  1.001785,  1.000108,  1.000108
  44,  0.999901,  1.001785,  1.000108,  1.000108
Warning: Desired error not necessarily achieved due to precision loss.
         Current function value: 0.929229
         Iterations: 5
         Function evaluations: 371
         Gradient evaluations: 72
  45,  0.997321,  0.998822,  0.999855,  0.999855
  46,  0.994645,  0.997649,  1.002552,  1.002552
  47,  0.992986,  1.001275,  1.002601,  1.002601
  48,  0.993314,  1.001344,  1.002376,  1.002376
  49,  0.993657,  1.001430,  1.002137,  1.002137
  50,  0.993657,  1.001429,  1.002137,  1.002137
  51,  0.993657,  1.001429,  1.002137,  1.002137
Optimization terminated successfully.
         Current function value: 2.997962
         Iterations: 7
         Function evaluations: 50
         Gradient evaluations: 10
  52,  1.000479,  1.000233,  1.000222,  1.000222
  53,  1.000549,  1.000271,  1.000121,  1.000121
  54,  0.999659,  1.002227,  1.000084,  1.000084
  55,  0.999901,  1.001785,  1.000108,  1.000108
  56,  0.999901,  1.001785,  1.000108,  1.000108
Warning: Desired error not necessarily achieved due to precision loss.
         Current function value: 0.929228
         Iterations: 5
         Function evaluations: 307
         Gradient evaluations: 59
  57,  0.997321,  0.998822,  0.999855,  0.999855
  58,  0.994645,  0.997649,  1.002552,  1.002552
  59,  0.992986,  1.001275,  1.002601,  1.002601
  60,  0.993314,  1.001344,  1.002376,  1.002376
  61,  0.993657,  1.001430,  1.002137,  1.002137
  62,  0.993657,  1.001429,  1.002137,  1.002137
  63,  0.993657,  1.001429,  1.002137,  1.002137
Optimization terminated successfully.
         Current function value: 2.997948
         Iterations: 7
         Function evaluations: 50
         Gradient evaluations: 10
  64,  1.000479,  1.000233,  1.000222,  1.000222
  65,  1.000549,  1.000271,  1.000121,  1.000121
  66,  0.999659,  1.002227,  1.000084,  1.000084
  67,  0.999901,  1.001785,  1.000108,  1.000108
  68,  0.999901,  1.001785,  1.000108,  1.000108
  69,  0.999901,  1.001785,  1.000108,  1.000108
  70,  0.999901,  1.001785,  1.000108,  1.000108
Optimization terminated successfully.
         Current function value: 0.929227
         Iterations: 7
         Function evaluations: 321
         Gradient evaluations: 63
  71,  0.997321,  0.998822,  0.999855,  0.999855
  72,  0.994645,  0.997649,  1.002552,  1.002552
  73,  0.992986,  1.001275,  1.002601,  1.002601
  74,  0.993314,  1.001344,  1.002376,  1.002376
  75,  0.993657,  1.001430,  1.002137,  1.002137
  76,  0.993657,  1.001429,  1.002137,  1.002137
  77,  0.993657,  1.001429,  1.002137,  1.002137
Optimization terminated successfully.
         Current function value: 2.997934
         Iterations: 7
         Function evaluations: 50
         Gradient evaluations: 10
  78,  1.000479,  1.000233,  1.000222,  1.000222
  79,  1.000549,  1.000272,  1.000121,  1.000121
  80,  0.999659,  1.002227,  1.000084,  1.000084
  81,  0.999901,  1.001785,  1.000108,  1.000108
  82,  0.999901,  1.001785,  1.000108,  1.000108
  83,  0.999901,  1.001785,  1.000108,  1.000108
Optimization terminated successfully.
         Current function value: 0.929226
         Iterations: 6
         Function evaluations: 50
         Gradient evaluations: 10
  84,  0.997321,  0.998822,  0.999855,  0.999855
  85,  0.994645,  0.997649,  1.002552,  1.002552
  86,  0.992986,  1.001275,  1.002601,  1.002601
  87,  0.993314,  1.001344,  1.002376,  1.002376
  88,  0.993657,  1.001430,  1.002137,  1.002137
  89,  0.993657,  1.001429,  1.002137,  1.002137
  90,  0.993657,  1.001429,  1.002137,  1.002137
Optimization terminated successfully.
         Current function value: 2.997920
         Iterations: 7
         Function evaluations: 50
         Gradient evaluations: 10
