fisher1 and fisher2 are: 0.8224264224243854, 0
begin truth calculations
begin calculating d2chi
   1,  1.000701,  1.000302,  0.999147,  0.999147
   2,  1.001050,  1.000463,  0.999330,  0.999330
   3,  1.001181,  1.000174,  0.999335,  0.999335
   4,  1.001200,  1.000179,  0.999314,  0.999314
   5,  1.001244,  1.000190,  0.999266,  0.999266
   6,  1.001244,  1.000190,  0.999266,  0.999266
Optimization terminated successfully.
         Current function value: 0.169275
         Iterations: 6
         Function evaluations: 60
         Gradient evaluations: 12
   7,  1.000805,  1.000357,  1.000135,  1.000135
   8,  1.001555,  1.000691,  0.999461,  0.999461
   9,  1.001915,  0.999903,  0.999450,  0.999450
  10,  1.001891,  0.999891,  0.999434,  0.999434
  11,  1.001833,  0.999862,  0.999395,  0.999395
  12,  1.001821,  0.999855,  0.999387,  0.999387
  13,  1.001821,  0.999855,  0.999387,  0.999387
  14,  1.001821,  0.999855,  0.999387,  0.999387
Warning: Desired error not necessarily achieved due to precision loss.
         Current function value: 0.361718
         Iterations: 8
         Function evaluations: 374
         Gradient evaluations: 73
  15,  1.000701,  1.000302,  0.999147,  0.999147
  16,  1.001050,  1.000463,  0.999330,  0.999330
  17,  1.001181,  1.000174,  0.999335,  0.999335
  18,  1.001200,  1.000179,  0.999314,  0.999314
  19,  1.001244,  1.000190,  0.999266,  0.999266
  20,  1.001244,  1.000190,  0.999266,  0.999266
Optimization terminated successfully.
         Current function value: 0.169274
         Iterations: 6
         Function evaluations: 60
         Gradient evaluations: 12
  21,  1.000805,  1.000357,  1.000135,  1.000135
  22,  1.001555,  1.000691,  0.999461,  0.999461
  23,  1.001915,  0.999903,  0.999450,  0.999450
  24,  1.001891,  0.999891,  0.999434,  0.999434
  25,  1.001833,  0.999862,  0.999395,  0.999395
  26,  1.001821,  0.999855,  0.999387,  0.999387
  27,  1.001821,  0.999855,  0.999387,  0.999387
  28,  1.001821,  0.999855,  0.999387,  0.999387
Warning: Desired error not necessarily achieved due to precision loss.
         Current function value: 0.361716
         Iterations: 8
         Function evaluations: 364
         Gradient evaluations: 71
  29,  1.000701,  1.000302,  0.999147,  0.999147
  30,  1.001050,  1.000463,  0.999330,  0.999330
  31,  1.001181,  1.000174,  0.999335,  0.999335
  32,  1.001200,  1.000179,  0.999314,  0.999314
  33,  1.001244,  1.000190,  0.999266,  0.999266
  34,  1.001244,  1.000190,  0.999266,  0.999266
Optimization terminated successfully.
         Current function value: 0.169273
         Iterations: 6
         Function evaluations: 60
         Gradient evaluations: 12
  35,  1.000805,  1.000357,  1.000135,  1.000135
  36,  1.001555,  1.000691,  0.999461,  0.999461
  37,  1.001915,  0.999903,  0.999450,  0.999450
  38,  1.001891,  0.999891,  0.999434,  0.999434
  39,  1.001833,  0.999862,  0.999395,  0.999395
  40,  1.001821,  0.999855,  0.999387,  0.999387
  41,  1.001821,  0.999855,  0.999387,  0.999387
  42,  1.001821,  0.999855,  0.999387,  0.999387
Warning: Desired error not necessarily achieved due to precision loss.
         Current function value: 0.361715
         Iterations: 8
         Function evaluations: 299
         Gradient evaluations: 58
  43,  1.000701,  1.000302,  0.999147,  0.999147
  44,  1.001050,  1.000463,  0.999330,  0.999330
  45,  1.001181,  1.000174,  0.999335,  0.999335
  46,  1.001200,  1.000179,  0.999314,  0.999314
  47,  1.001244,  1.000190,  0.999266,  0.999266
  48,  1.001244,  1.000190,  0.999266,  0.999266
Optimization terminated successfully.
         Current function value: 0.169272
         Iterations: 6
         Function evaluations: 60
         Gradient evaluations: 12
  49,  1.000805,  1.000357,  1.000135,  1.000135
  50,  1.001555,  1.000691,  0.999461,  0.999461
  51,  1.001915,  0.999903,  0.999450,  0.999450
  52,  1.001891,  0.999891,  0.999434,  0.999434
  53,  1.001833,  0.999862,  0.999395,  0.999395
  54,  1.001821,  0.999855,  0.999387,  0.999387
  55,  1.001821,  0.999855,  0.999387,  0.999387
  56,  1.001821,  0.999855,  0.999387,  0.999387
Warning: Desired error not necessarily achieved due to precision loss.
         Current function value: 0.361713
         Iterations: 8
         Function evaluations: 425
         Gradient evaluations: 83
  57,  1.000701,  1.000302,  0.999147,  0.999147
  58,  1.001050,  1.000463,  0.999330,  0.999330
  59,  1.001181,  1.000174,  0.999335,  0.999335
  60,  1.001200,  1.000179,  0.999314,  0.999314
  61,  1.001244,  1.000190,  0.999266,  0.999266
  62,  1.001244,  1.000190,  0.999266,  0.999266
Optimization terminated successfully.
         Current function value: 0.169272
         Iterations: 6
         Function evaluations: 60
         Gradient evaluations: 12
  63,  1.000805,  1.000357,  1.000135,  1.000135
  64,  1.001555,  1.000691,  0.999461,  0.999461
  65,  1.001915,  0.999903,  0.999450,  0.999450
  66,  1.001891,  0.999891,  0.999434,  0.999434
  67,  1.001833,  0.999862,  0.999395,  0.999395
  68,  1.001821,  0.999855,  0.999387,  0.999387
  69,  1.001821,  0.999855,  0.999387,  0.999387
  70,  1.001821,  0.999855,  0.999387,  0.999387
Warning: Desired error not necessarily achieved due to precision loss.
         Current function value: 0.361712
         Iterations: 8
         Function evaluations: 628
         Gradient evaluations: 123
  71,  1.000701,  1.000302,  0.999147,  0.999147
  72,  1.001050,  1.000463,  0.999330,  0.999330
  73,  1.001181,  1.000174,  0.999335,  0.999335
  74,  1.001200,  1.000179,  0.999314,  0.999314
  75,  1.001244,  1.000190,  0.999266,  0.999266
  76,  1.001244,  1.000190,  0.999266,  0.999266
Optimization terminated successfully.
         Current function value: 0.169271
         Iterations: 6
         Function evaluations: 60
         Gradient evaluations: 12
  77,  1.000805,  1.000357,  1.000135,  1.000135
  78,  1.001555,  1.000691,  0.999461,  0.999461
  79,  1.001915,  0.999903,  0.999450,  0.999450
  80,  1.001891,  0.999891,  0.999434,  0.999434
  81,  1.001833,  0.999862,  0.999395,  0.999395
  82,  1.001821,  0.999855,  0.999387,  0.999387
  83,  1.001821,  0.999855,  0.999387,  0.999387
  84,  1.001821,  0.999855,  0.999387,  0.999387
Warning: Desired error not necessarily achieved due to precision loss.
         Current function value: 0.361710
         Iterations: 8
         Function evaluations: 329
         Gradient evaluations: 64
  85,  1.000701,  1.000302,  0.999147,  0.999147
  86,  1.001050,  1.000463,  0.999330,  0.999330
  87,  1.001181,  1.000174,  0.999335,  0.999335
  88,  1.001200,  1.000179,  0.999314,  0.999314
  89,  1.001244,  1.000190,  0.999266,  0.999266
  90,  1.001244,  1.000190,  0.999266,  0.999266
Optimization terminated successfully.
         Current function value: 0.169270
         Iterations: 6
         Function evaluations: 60
         Gradient evaluations: 12
  91,  1.000805,  1.000357,  1.000135,  1.000135
  92,  1.001555,  1.000691,  0.999461,  0.999461
  93,  1.001915,  0.999903,  0.999450,  0.999450
  94,  1.001891,  0.999891,  0.999434,  0.999434
  95,  1.001833,  0.999862,  0.999395,  0.999395
  96,  1.001821,  0.999855,  0.999387,  0.999387
  97,  1.001821,  0.999855,  0.999387,  0.999387
Warning: Desired error not necessarily achieved due to precision loss.
         Current function value: 0.361709
         Iterations: 7
         Function evaluations: 255
         Gradient evaluations: 49
