fisher1 and fisher2 are: 0.6999043089343824, 0
begin truth calculations
begin calculating d2chi
   1,  1.001000,  1.000448,  0.999336,  0.999336
   2,  1.001223,  1.000559,  0.999560,  0.999560
   3,  1.000870,  1.001334,  0.999545,  0.999545
   4,  1.000911,  1.001348,  0.999520,  0.999520
   5,  1.000941,  1.001361,  0.999501,  0.999501
   6,  1.000941,  1.001360,  0.999501,  0.999501
Optimization terminated successfully.
         Current function value: 0.788656
         Iterations: 6
         Function evaluations: 55
         Gradient evaluations: 11
   7,  0.998685,  0.999426,  1.000003,  1.000003
   8,  0.997388,  0.998867,  1.001387,  1.001387
   9,  0.996476,  1.000862,  1.001414,  1.001414
  10,  0.996581,  1.000903,  1.001313,  1.001313
  11,  0.996830,  1.001004,  1.001071,  1.001071
  12,  0.996865,  1.001018,  1.001036,  1.001036
  13,  0.996865,  1.001018,  1.001036,  1.001036
Optimization terminated successfully.
         Current function value: 0.695532
         Iterations: 7
         Function evaluations: 50
         Gradient evaluations: 10
  14,  1.001000,  1.000448,  0.999336,  0.999336
  15,  1.001223,  1.000559,  0.999560,  0.999560
  16,  1.000870,  1.001334,  0.999545,  0.999545
  17,  1.000911,  1.001348,  0.999520,  0.999520
  18,  1.000941,  1.001361,  0.999501,  0.999501
  19,  1.000941,  1.001360,  0.999501,  0.999501
Optimization terminated successfully.
         Current function value: 0.788656
         Iterations: 6
         Function evaluations: 55
         Gradient evaluations: 11
  20,  0.998685,  0.999426,  1.000003,  1.000003
  21,  0.997388,  0.998867,  1.001387,  1.001387
  22,  0.996476,  1.000862,  1.001414,  1.001414
  23,  0.996581,  1.000903,  1.001313,  1.001313
  24,  0.996830,  1.001004,  1.001071,  1.001071
  25,  0.996865,  1.001018,  1.001036,  1.001036
  26,  0.996865,  1.001018,  1.001036,  1.001036
Optimization terminated successfully.
         Current function value: 0.695527
         Iterations: 7
         Function evaluations: 50
         Gradient evaluations: 10
  27,  1.001000,  1.000448,  0.999336,  0.999336
  28,  1.001223,  1.000559,  0.999560,  0.999560
  29,  1.000870,  1.001334,  0.999545,  0.999545
  30,  1.000911,  1.001348,  0.999520,  0.999520
  31,  1.000941,  1.001361,  0.999501,  0.999501
  32,  1.000941,  1.001360,  0.999501,  0.999501
Optimization terminated successfully.
         Current function value: 0.788656
         Iterations: 6
         Function evaluations: 55
         Gradient evaluations: 11
  33,  0.998685,  0.999426,  1.000003,  1.000003
  34,  0.997389,  0.998867,  1.001387,  1.001387
  35,  0.996476,  1.000862,  1.001414,  1.001414
  36,  0.996581,  1.000903,  1.001313,  1.001313
  37,  0.996830,  1.001004,  1.001071,  1.001071
  38,  0.996865,  1.001018,  1.001036,  1.001036
  39,  0.996865,  1.001018,  1.001036,  1.001036
Optimization terminated successfully.
         Current function value: 0.695522
         Iterations: 7
         Function evaluations: 50
         Gradient evaluations: 10
  40,  1.001000,  1.000448,  0.999336,  0.999336
  41,  1.001223,  1.000559,  0.999560,  0.999560
  42,  1.000870,  1.001334,  0.999545,  0.999545
  43,  1.000911,  1.001348,  0.999520,  0.999520
  44,  1.000941,  1.001361,  0.999501,  0.999501
  45,  1.000941,  1.001360,  0.999501,  0.999501
Optimization terminated successfully.
         Current function value: 0.788656
         Iterations: 6
         Function evaluations: 55
         Gradient evaluations: 11
  46,  0.998685,  0.999426,  1.000003,  1.000003
  47,  0.997389,  0.998867,  1.001387,  1.001387
  48,  0.996476,  1.000862,  1.001414,  1.001414
  49,  0.996581,  1.000903,  1.001313,  1.001313
  50,  0.996830,  1.001004,  1.001071,  1.001071
  51,  0.996865,  1.001018,  1.001036,  1.001036
  52,  0.996865,  1.001018,  1.001036,  1.001036
Optimization terminated successfully.
         Current function value: 0.695517
         Iterations: 7
         Function evaluations: 50
         Gradient evaluations: 10
  53,  1.001000,  1.000448,  0.999336,  0.999336
  54,  1.001223,  1.000559,  0.999560,  0.999560
  55,  1.000870,  1.001334,  0.999545,  0.999545
  56,  1.000911,  1.001348,  0.999520,  0.999520
  57,  1.000941,  1.001361,  0.999501,  0.999501
  58,  1.000941,  1.001360,  0.999501,  0.999501
Optimization terminated successfully.
         Current function value: 0.788655
         Iterations: 6
         Function evaluations: 55
         Gradient evaluations: 11
  59,  0.998685,  0.999426,  1.000003,  1.000003
  60,  0.997389,  0.998867,  1.001387,  1.001387
  61,  0.996476,  1.000862,  1.001414,  1.001414
  62,  0.996581,  1.000903,  1.001313,  1.001313
  63,  0.996830,  1.001004,  1.001071,  1.001071
  64,  0.996865,  1.001018,  1.001036,  1.001036
  65,  0.996865,  1.001018,  1.001036,  1.001036
Optimization terminated successfully.
         Current function value: 0.695512
         Iterations: 7
         Function evaluations: 50
         Gradient evaluations: 10
  66,  1.001000,  1.000448,  0.999336,  0.999336
  67,  1.001223,  1.000559,  0.999560,  0.999560
  68,  1.000870,  1.001334,  0.999545,  0.999545
  69,  1.000911,  1.001348,  0.999520,  0.999520
  70,  1.000941,  1.001361,  0.999501,  0.999501
  71,  1.000941,  1.001360,  0.999501,  0.999501
Optimization terminated successfully.
         Current function value: 0.788655
         Iterations: 6
         Function evaluations: 55
         Gradient evaluations: 11
  72,  0.998685,  0.999426,  1.000003,  1.000003
  73,  0.997389,  0.998867,  1.001387,  1.001387
  74,  0.996476,  1.000862,  1.001414,  1.001414
  75,  0.996581,  1.000903,  1.001313,  1.001313
  76,  0.996830,  1.001004,  1.001071,  1.001071
  77,  0.996865,  1.001018,  1.001036,  1.001036
  78,  0.996865,  1.001018,  1.001036,  1.001036
Optimization terminated successfully.
         Current function value: 0.695507
         Iterations: 7
         Function evaluations: 50
         Gradient evaluations: 10
  79,  1.001000,  1.000448,  0.999336,  0.999336
  80,  1.001223,  1.000559,  0.999560,  0.999560
  81,  1.000870,  1.001334,  0.999545,  0.999545
  82,  1.000911,  1.001348,  0.999520,  0.999520
  83,  1.000941,  1.001361,  0.999501,  0.999501
  84,  1.000941,  1.001360,  0.999501,  0.999501
Optimization terminated successfully.
         Current function value: 0.788655
         Iterations: 6
         Function evaluations: 55
         Gradient evaluations: 11
  85,  0.998685,  0.999426,  1.000003,  1.000003
  86,  0.997389,  0.998867,  1.001387,  1.001387
  87,  0.996476,  1.000862,  1.001414,  1.001414
  88,  0.996581,  1.000903,  1.001313,  1.001313
  89,  0.996830,  1.001004,  1.001071,  1.001071
  90,  0.996865,  1.001018,  1.001036,  1.001036
  91,  0.996865,  1.001018,  1.001036,  1.001036
Optimization terminated successfully.
         Current function value: 0.695501
         Iterations: 7
         Function evaluations: 50
         Gradient evaluations: 10
