fisher1 and fisher2 are: 0.8475591636531039, 0
begin truth calculations
begin calculating d2chi
   1,  1.000195,  1.000084,  0.999758,  0.999758
   2,  1.000294,  1.000129,  0.999809,  0.999809
   3,  1.000337,  1.000036,  0.999810,  0.999810
   4,  1.000343,  1.000039,  0.999803,  0.999803
   5,  1.000353,  1.000043,  0.999791,  0.999791
   6,  1.000353,  1.000043,  0.999791,  0.999791
Optimization terminated successfully.
         Current function value: 0.012868
         Iterations: 6
         Function evaluations: 60
         Gradient evaluations: 12
   7,  1.000236,  1.000105,  1.000037,  1.000037
   8,  1.000475,  1.000211,  0.999821,  0.999821
   9,  1.000591,  0.999957,  0.999817,  0.999817
  10,  1.000575,  0.999949,  0.999812,  0.999812
  11,  1.000567,  0.999945,  0.999809,  0.999809
  12,  1.000567,  0.999945,  0.999809,  0.999809
Optimization terminated successfully.
         Current function value: 0.033379
         Iterations: 6
         Function evaluations: 45
         Gradient evaluations: 9
  13,  1.000195,  1.000084,  0.999758,  0.999758
  14,  1.000294,  1.000129,  0.999809,  0.999809
  15,  1.000337,  1.000036,  0.999810,  0.999810
  16,  1.000343,  1.000039,  0.999803,  0.999803
  17,  1.000353,  1.000043,  0.999791,  0.999791
  18,  1.000353,  1.000043,  0.999791,  0.999791
Optimization terminated successfully.
         Current function value: 0.012867
         Iterations: 6
         Function evaluations: 60
         Gradient evaluations: 12
  19,  1.000236,  1.000105,  1.000037,  1.000037
  20,  1.000475,  1.000211,  0.999821,  0.999821
  21,  1.000591,  0.999957,  0.999817,  0.999817
  22,  1.000575,  0.999949,  0.999812,  0.999812
  23,  1.000567,  0.999945,  0.999809,  0.999809
  24,  1.000567,  0.999945,  0.999809,  0.999809
Optimization terminated successfully.
         Current function value: 0.033378
         Iterations: 6
         Function evaluations: 45
         Gradient evaluations: 9
  25,  1.000195,  1.000084,  0.999758,  0.999758
  26,  1.000294,  1.000129,  0.999809,  0.999809
  27,  1.000337,  1.000036,  0.999810,  0.999810
  28,  1.000343,  1.000039,  0.999803,  0.999803
  29,  1.000353,  1.000043,  0.999791,  0.999791
  30,  1.000353,  1.000043,  0.999791,  0.999791
Optimization terminated successfully.
         Current function value: 0.012867
         Iterations: 6
         Function evaluations: 60
         Gradient evaluations: 12
  31,  1.000236,  1.000105,  1.000037,  1.000037
  32,  1.000475,  1.000211,  0.999821,  0.999821
  33,  1.000591,  0.999957,  0.999817,  0.999817
  34,  1.000575,  0.999949,  0.999812,  0.999812
  35,  1.000567,  0.999945,  0.999809,  0.999809
  36,  1.000567,  0.999945,  0.999809,  0.999809
Optimization terminated successfully.
         Current function value: 0.033377
         Iterations: 6
         Function evaluations: 45
         Gradient evaluations: 9
  37,  1.000195,  1.000084,  0.999758,  0.999758
  38,  1.000294,  1.000129,  0.999809,  0.999809
  39,  1.000337,  1.000036,  0.999810,  0.999810
  40,  1.000343,  1.000039,  0.999803,  0.999803
  41,  1.000353,  1.000043,  0.999791,  0.999791
  42,  1.000353,  1.000043,  0.999791,  0.999791
Optimization terminated successfully.
         Current function value: 0.012867
         Iterations: 6
         Function evaluations: 60
         Gradient evaluations: 12
  43,  1.000236,  1.000105,  1.000037,  1.000037
  44,  1.000475,  1.000211,  0.999821,  0.999821
  45,  1.000591,  0.999957,  0.999817,  0.999817
  46,  1.000575,  0.999949,  0.999812,  0.999812
  47,  1.000567,  0.999945,  0.999809,  0.999809
  48,  1.000567,  0.999945,  0.999809,  0.999809
Optimization terminated successfully.
         Current function value: 0.033377
         Iterations: 6
         Function evaluations: 45
         Gradient evaluations: 9
  49,  1.000195,  1.000084,  0.999758,  0.999758
  50,  1.000294,  1.000129,  0.999809,  0.999809
  51,  1.000337,  1.000036,  0.999810,  0.999810
  52,  1.000343,  1.000039,  0.999803,  0.999803
  53,  1.000353,  1.000043,  0.999791,  0.999791
  54,  1.000353,  1.000043,  0.999791,  0.999791
Optimization terminated successfully.
         Current function value: 0.012866
         Iterations: 6
         Function evaluations: 60
         Gradient evaluations: 12
  55,  1.000236,  1.000105,  1.000037,  1.000037
  56,  1.000475,  1.000211,  0.999821,  0.999821
  57,  1.000591,  0.999957,  0.999817,  0.999817
  58,  1.000574,  0.999949,  0.999812,  0.999812
  59,  1.000567,  0.999945,  0.999809,  0.999809
  60,  1.000567,  0.999945,  0.999809,  0.999809
Optimization terminated successfully.
         Current function value: 0.033376
         Iterations: 6
         Function evaluations: 45
         Gradient evaluations: 9
  61,  1.000195,  1.000084,  0.999758,  0.999758
  62,  1.000294,  1.000129,  0.999809,  0.999809
  63,  1.000337,  1.000036,  0.999810,  0.999810
  64,  1.000343,  1.000039,  0.999803,  0.999803
  65,  1.000353,  1.000043,  0.999791,  0.999791
  66,  1.000353,  1.000043,  0.999791,  0.999791
Optimization terminated successfully.
         Current function value: 0.012866
         Iterations: 6
         Function evaluations: 60
         Gradient evaluations: 12
  67,  1.000236,  1.000105,  1.000037,  1.000037
  68,  1.000475,  1.000211,  0.999821,  0.999821
  69,  1.000591,  0.999957,  0.999817,  0.999817
  70,  1.000574,  0.999949,  0.999812,  0.999812
  71,  1.000567,  0.999945,  0.999809,  0.999809
  72,  1.000567,  0.999945,  0.999809,  0.999809
Optimization terminated successfully.
         Current function value: 0.033375
         Iterations: 6
         Function evaluations: 45
         Gradient evaluations: 9
  73,  1.000195,  1.000084,  0.999758,  0.999758
  74,  1.000294,  1.000129,  0.999809,  0.999809
  75,  1.000337,  1.000036,  0.999810,  0.999810
  76,  1.000343,  1.000039,  0.999803,  0.999803
  77,  1.000353,  1.000043,  0.999791,  0.999791
  78,  1.000353,  1.000043,  0.999791,  0.999791
Optimization terminated successfully.
         Current function value: 0.012866
         Iterations: 6
         Function evaluations: 60
         Gradient evaluations: 12
  79,  1.000236,  1.000105,  1.000037,  1.000037
  80,  1.000475,  1.000211,  0.999821,  0.999821
  81,  1.000591,  0.999957,  0.999817,  0.999817
  82,  1.000574,  0.999949,  0.999812,  0.999812
  83,  1.000567,  0.999945,  0.999809,  0.999809
  84,  1.000567,  0.999945,  0.999809,  0.999809
Optimization terminated successfully.
         Current function value: 0.033374
         Iterations: 6
         Function evaluations: 45
         Gradient evaluations: 9
