fisher1 and fisher2 are: 0.9480901285679781, 0
begin truth calculations
begin calculating d2chi
   1,  0.995249,  0.997964,  1.006193,  1.006193
   2,  0.993492,  0.997163,  1.005340,  1.005340
   3,  0.992410,  0.999547,  1.005296,  1.005296
   4,  0.992563,  0.999581,  1.005114,  1.005114
   5,  0.992892,  0.999653,  1.004722,  1.004722
   6,  0.993693,  0.999809,  1.003775,  1.003775
   7,  0.993754,  0.999785,  1.003717,  1.003717
   8,  0.993756,  0.999782,  1.003718,  1.003718
   9,  0.993756,  0.999782,  1.003718,  1.003718
  10,  0.993756,  0.999782,  1.003718,  1.003718
Warning: Maximum number of iterations has been exceeded.
         Current function value: 3.559439
         Iterations: 10
         Function evaluations: 80
         Gradient evaluations: 16
  11,  0.994787,  0.997697,  0.999302,  0.999302
  12,  0.989602,  0.995396,  1.004187,  1.004187
  13,  0.986472,  1.002264,  1.004275,  1.004275
  14,  0.987203,  1.001779,  1.004187,  1.004187
  15,  0.987964,  1.001299,  1.004090,  1.004090
  16,  0.987974,  1.001277,  1.004089,  1.004089
  17,  0.987975,  1.001277,  1.004089,  1.004089
Optimization terminated successfully.
         Current function value: 13.311854
         Iterations: 7
         Function evaluations: 50
         Gradient evaluations: 10
  18,  0.995249,  0.997964,  1.006193,  1.006193
  19,  0.993492,  0.997163,  1.005340,  1.005340
  20,  0.992410,  0.999547,  1.005296,  1.005296
  21,  0.992563,  0.999581,  1.005114,  1.005114
  22,  0.992892,  0.999653,  1.004722,  1.004722
  23,  0.993693,  0.999809,  1.003775,  1.003775
  24,  0.993754,  0.999785,  1.003717,  1.003717
  25,  0.993756,  0.999782,  1.003718,  1.003718
  26,  0.993756,  0.999782,  1.003718,  1.003718
  27,  0.993756,  0.999782,  1.003718,  1.003718
Warning: Maximum number of iterations has been exceeded.
         Current function value: 3.559449
         Iterations: 10
         Function evaluations: 90
         Gradient evaluations: 18
  28,  0.994787,  0.997697,  0.999302,  0.999302
  29,  0.989602,  0.995396,  1.004187,  1.004187
  30,  0.986472,  1.002264,  1.004275,  1.004275
  31,  0.987203,  1.001779,  1.004187,  1.004187
  32,  0.987964,  1.001299,  1.004090,  1.004090
  33,  0.987974,  1.001277,  1.004089,  1.004089
  34,  0.987975,  1.001277,  1.004089,  1.004089
Optimization terminated successfully.
         Current function value: 13.311894
         Iterations: 7
         Function evaluations: 50
         Gradient evaluations: 10
  35,  0.995249,  0.997964,  1.006193,  1.006193
  36,  0.993492,  0.997163,  1.005340,  1.005340
  37,  0.992410,  0.999547,  1.005296,  1.005296
  38,  0.992563,  0.999581,  1.005114,  1.005114
  39,  0.992892,  0.999653,  1.004722,  1.004722
  40,  0.993693,  0.999809,  1.003775,  1.003775
  41,  0.993754,  0.999785,  1.003717,  1.003717
  42,  0.993756,  0.999782,  1.003718,  1.003718
  43,  0.993756,  0.999782,  1.003718,  1.003718
  44,  0.993756,  0.999782,  1.003718,  1.003718
Warning: Maximum number of iterations has been exceeded.
         Current function value: 3.559458
         Iterations: 10
         Function evaluations: 80
         Gradient evaluations: 16
  45,  0.994787,  0.997697,  0.999302,  0.999302
  46,  0.989602,  0.995396,  1.004187,  1.004187
  47,  0.986472,  1.002264,  1.004275,  1.004275
  48,  0.987203,  1.001779,  1.004187,  1.004187
  49,  0.987964,  1.001299,  1.004090,  1.004090
  50,  0.987974,  1.001277,  1.004089,  1.004089
  51,  0.987974,  1.001277,  1.004089,  1.004089
Optimization terminated successfully.
         Current function value: 13.311933
         Iterations: 7
         Function evaluations: 50
         Gradient evaluations: 10
  52,  0.995249,  0.997964,  1.006193,  1.006193
  53,  0.993492,  0.997163,  1.005340,  1.005340
  54,  0.992410,  0.999547,  1.005296,  1.005296
  55,  0.992563,  0.999581,  1.005114,  1.005114
  56,  0.992892,  0.999653,  1.004722,  1.004722
  57,  0.993693,  0.999809,  1.003775,  1.003775
  58,  0.993754,  0.999785,  1.003717,  1.003717
  59,  0.993756,  0.999782,  1.003718,  1.003718
  60,  0.993756,  0.999782,  1.003718,  1.003718
  61,  0.993756,  0.999782,  1.003718,  1.003718
Warning: Maximum number of iterations has been exceeded.
         Current function value: 3.559468
         Iterations: 10
         Function evaluations: 90
         Gradient evaluations: 18
  62,  0.994787,  0.997697,  0.999302,  0.999302
  63,  0.989602,  0.995396,  1.004187,  1.004187
  64,  0.986472,  1.002264,  1.004275,  1.004275
  65,  0.987203,  1.001779,  1.004187,  1.004187
  66,  0.987964,  1.001299,  1.004090,  1.004090
  67,  0.987974,  1.001277,  1.004089,  1.004089
  68,  0.987974,  1.001277,  1.004089,  1.004089
Optimization terminated successfully.
         Current function value: 13.311972
         Iterations: 7
         Function evaluations: 50
         Gradient evaluations: 10
  69,  0.995249,  0.997964,  1.006193,  1.006193
  70,  0.993492,  0.997163,  1.005340,  1.005340
  71,  0.992410,  0.999547,  1.005296,  1.005296
  72,  0.992563,  0.999581,  1.005114,  1.005114
  73,  0.992892,  0.999653,  1.004722,  1.004722
  74,  0.993693,  0.999809,  1.003775,  1.003775
  75,  0.993754,  0.999785,  1.003717,  1.003717
  76,  0.993756,  0.999782,  1.003718,  1.003718
  77,  0.993756,  0.999782,  1.003718,  1.003718
  78,  0.993756,  0.999782,  1.003718,  1.003718
Warning: Maximum number of iterations has been exceeded.
         Current function value: 3.559478
         Iterations: 10
         Function evaluations: 80
         Gradient evaluations: 16
  79,  0.994787,  0.997697,  0.999302,  0.999302
  80,  0.989602,  0.995396,  1.004187,  1.004187
  81,  0.986472,  1.002264,  1.004275,  1.004275
  82,  0.987202,  1.001779,  1.004187,  1.004187
  83,  0.987964,  1.001299,  1.004090,  1.004090
  84,  0.987974,  1.001277,  1.004089,  1.004089
  85,  0.987974,  1.001277,  1.004089,  1.004089
  86,  0.987974,  1.001277,  1.004089,  1.004089
Optimization terminated successfully.
         Current function value: 13.312011
         Iterations: 8
         Function evaluations: 65
         Gradient evaluations: 13
  87,  0.995249,  0.997964,  1.006193,  1.006193
  88,  0.993492,  0.997163,  1.005340,  1.005340
  89,  0.992410,  0.999547,  1.005296,  1.005296
  90,  0.992563,  0.999581,  1.005114,  1.005114
  91,  0.992892,  0.999653,  1.004722,  1.004722
  92,  0.993693,  0.999809,  1.003775,  1.003775
  93,  0.993754,  0.999785,  1.003717,  1.003717
  94,  0.993756,  0.999782,  1.003718,  1.003718
  95,  0.993756,  0.999782,  1.003718,  1.003718
  96,  0.993756,  0.999782,  1.003718,  1.003718
Warning: Maximum number of iterations has been exceeded.
         Current function value: 3.559488
         Iterations: 10
         Function evaluations: 85
         Gradient evaluations: 17
  97,  0.994787,  0.997697,  0.999302,  0.999302
  98,  0.989602,  0.995396,  1.004187,  1.004187
  99,  0.986472,  1.002264,  1.004275,  1.004275
 100,  0.987202,  1.001779,  1.004187,  1.004187
 101,  0.987964,  1.001299,  1.004090,  1.004090
 102,  0.987974,  1.001277,  1.004089,  1.004089
 103,  0.987974,  1.001277,  1.004089,  1.004089
Optimization terminated successfully.
         Current function value: 13.312050
         Iterations: 7
         Function evaluations: 50
         Gradient evaluations: 10
 104,  0.995249,  0.997964,  1.006193,  1.006193
 105,  0.993492,  0.997163,  1.005340,  1.005340
 106,  0.992410,  0.999547,  1.005296,  1.005296
 107,  0.992563,  0.999581,  1.005114,  1.005114
 108,  0.992892,  0.999653,  1.004722,  1.004722
 109,  0.993693,  0.999809,  1.003775,  1.003775
 110,  0.993754,  0.999785,  1.003717,  1.003717
 111,  0.993756,  0.999782,  1.003718,  1.003718
 112,  0.993756,  0.999782,  1.003718,  1.003718
 113,  0.993756,  0.999782,  1.003718,  1.003718
Warning: Maximum number of iterations has been exceeded.
         Current function value: 3.559497
         Iterations: 10
         Function evaluations: 85
         Gradient evaluations: 17
 114,  0.994787,  0.997697,  0.999302,  0.999302
 115,  0.989602,  0.995396,  1.004187,  1.004187
 116,  0.986472,  1.002264,  1.004275,  1.004275
 117,  0.987202,  1.001779,  1.004187,  1.004187
 118,  0.987964,  1.001299,  1.004090,  1.004090
 119,  0.987974,  1.001277,  1.004089,  1.004089
 120,  0.987974,  1.001277,  1.004089,  1.004089
 121,  0.987974,  1.001277,  1.004089,  1.004089
Optimization terminated successfully.
         Current function value: 13.312089
         Iterations: 8
         Function evaluations: 55
         Gradient evaluations: 11
