fisher1 and fisher2 are: 0.7910104958884872, 0
begin truth calculations
begin calculating d2chi
   1,  1.001115,  1.000482,  0.998694,  0.998694
   2,  1.001649,  1.000728,  0.998984,  0.998984
   3,  1.001808,  1.000379,  0.998991,  0.998991
   4,  1.001826,  1.000384,  0.998972,  0.998972
   5,  1.001867,  1.000395,  0.998928,  0.998928
   6,  1.001910,  1.000406,  0.998883,  0.998883
   7,  1.001910,  1.000406,  0.998883,  0.998883
Optimization terminated successfully.
         Current function value: 0.446568
         Iterations: 7
         Function evaluations: 65
         Gradient evaluations: 13
   8,  1.001237,  1.000549,  1.000231,  1.000231
   9,  1.002007,  1.000895,  0.999550,  0.999550
  10,  1.002439,  0.999952,  0.999536,  0.999536
  11,  1.002413,  0.999946,  0.999480,  0.999480
  12,  1.002354,  0.999935,  0.999354,  0.999354
  13,  1.002293,  0.999922,  0.999224,  0.999224
  14,  1.002293,  0.999921,  0.999223,  0.999223
  15,  1.002293,  0.999921,  0.999223,  0.999223
Warning: Desired error not necessarily achieved due to precision loss.
         Current function value: 0.641665
         Iterations: 8
         Function evaluations: 462
         Gradient evaluations: 90
  16,  1.001115,  1.000482,  0.998694,  0.998694
  17,  1.001649,  1.000728,  0.998984,  0.998984
  18,  1.001808,  1.000379,  0.998991,  0.998991
  19,  1.001826,  1.000384,  0.998972,  0.998972
  20,  1.001867,  1.000395,  0.998928,  0.998928
  21,  1.001910,  1.000406,  0.998883,  0.998883
  22,  1.001910,  1.000406,  0.998883,  0.998883
Optimization terminated successfully.
         Current function value: 0.446567
         Iterations: 7
         Function evaluations: 65
         Gradient evaluations: 13
  23,  1.001237,  1.000549,  1.000231,  1.000231
  24,  1.002007,  1.000895,  0.999550,  0.999550
  25,  1.002439,  0.999952,  0.999536,  0.999536
  26,  1.002413,  0.999946,  0.999480,  0.999480
  27,  1.002354,  0.999935,  0.999354,  0.999354
  28,  1.002293,  0.999922,  0.999224,  0.999224
  29,  1.002293,  0.999921,  0.999223,  0.999223
  30,  1.002293,  0.999921,  0.999223,  0.999223
Warning: Desired error not necessarily achieved due to precision loss.
         Current function value: 0.641665
         Iterations: 8
         Function evaluations: 352
         Gradient evaluations: 68
  31,  1.001115,  1.000482,  0.998694,  0.998694
  32,  1.001649,  1.000728,  0.998984,  0.998984
  33,  1.001808,  1.000379,  0.998991,  0.998991
  34,  1.001826,  1.000384,  0.998972,  0.998972
  35,  1.001867,  1.000395,  0.998928,  0.998928
  36,  1.001910,  1.000406,  0.998883,  0.998883
  37,  1.001910,  1.000406,  0.998883,  0.998883
Optimization terminated successfully.
         Current function value: 0.446566
         Iterations: 7
         Function evaluations: 65
         Gradient evaluations: 13
  38,  1.001237,  1.000549,  1.000231,  1.000231
  39,  1.002007,  1.000895,  0.999550,  0.999550
  40,  1.002439,  0.999952,  0.999536,  0.999536
  41,  1.002413,  0.999946,  0.999480,  0.999480
  42,  1.002354,  0.999935,  0.999354,  0.999354
  43,  1.002293,  0.999922,  0.999224,  0.999224
  44,  1.002293,  0.999921,  0.999223,  0.999223
  45,  1.002293,  0.999921,  0.999223,  0.999223
Warning: Desired error not necessarily achieved due to precision loss.
         Current function value: 0.641665
         Iterations: 8
         Function evaluations: 367
         Gradient evaluations: 71
  46,  1.001115,  1.000482,  0.998694,  0.998694
  47,  1.001649,  1.000728,  0.998984,  0.998984
  48,  1.001808,  1.000379,  0.998991,  0.998991
  49,  1.001826,  1.000384,  0.998972,  0.998972
  50,  1.001867,  1.000395,  0.998928,  0.998928
  51,  1.001910,  1.000406,  0.998883,  0.998883
  52,  1.001910,  1.000406,  0.998883,  0.998883
Optimization terminated successfully.
         Current function value: 0.446566
         Iterations: 7
         Function evaluations: 65
         Gradient evaluations: 13
  53,  1.001237,  1.000549,  1.000231,  1.000231
  54,  1.002007,  1.000895,  0.999550,  0.999550
  55,  1.002439,  0.999952,  0.999536,  0.999536
  56,  1.002413,  0.999946,  0.999480,  0.999480
  57,  1.002354,  0.999935,  0.999354,  0.999354
  58,  1.002293,  0.999922,  0.999224,  0.999224
  59,  1.002293,  0.999921,  0.999223,  0.999223
  60,  1.002293,  0.999921,  0.999223,  0.999223
Warning: Desired error not necessarily achieved due to precision loss.
         Current function value: 0.641664
         Iterations: 8
         Function evaluations: 244
         Gradient evaluations: 47
  61,  1.001115,  1.000482,  0.998694,  0.998694
  62,  1.001649,  1.000728,  0.998984,  0.998984
  63,  1.001808,  1.000379,  0.998991,  0.998991
  64,  1.001826,  1.000384,  0.998972,  0.998972
  65,  1.001867,  1.000395,  0.998928,  0.998928
  66,  1.001910,  1.000406,  0.998883,  0.998883
  67,  1.001910,  1.000406,  0.998883,  0.998883
Optimization terminated successfully.
         Current function value: 0.446565
         Iterations: 7
         Function evaluations: 65
         Gradient evaluations: 13
  68,  1.001237,  1.000549,  1.000231,  1.000231
  69,  1.002007,  1.000895,  0.999550,  0.999550
  70,  1.002439,  0.999952,  0.999536,  0.999536
  71,  1.002413,  0.999946,  0.999480,  0.999480
  72,  1.002354,  0.999935,  0.999354,  0.999354
  73,  1.002293,  0.999922,  0.999224,  0.999224
  74,  1.002293,  0.999921,  0.999223,  0.999223
Warning: Desired error not necessarily achieved due to precision loss.
         Current function value: 0.641664
         Iterations: 7
         Function evaluations: 347
         Gradient evaluations: 67
  75,  1.001115,  1.000482,  0.998694,  0.998694
  76,  1.001649,  1.000728,  0.998984,  0.998984
  77,  1.001808,  1.000379,  0.998991,  0.998991
  78,  1.001826,  1.000384,  0.998972,  0.998972
  79,  1.001867,  1.000395,  0.998928,  0.998928
  80,  1.001910,  1.000406,  0.998883,  0.998883
  81,  1.001910,  1.000406,  0.998883,  0.998883
Optimization terminated successfully.
         Current function value: 0.446564
         Iterations: 7
         Function evaluations: 65
         Gradient evaluations: 13
  82,  1.001237,  1.000549,  1.000231,  1.000231
  83,  1.002007,  1.000895,  0.999550,  0.999550
  84,  1.002439,  0.999952,  0.999536,  0.999536
  85,  1.002413,  0.999946,  0.999480,  0.999480
  86,  1.002354,  0.999935,  0.999354,  0.999354
  87,  1.002293,  0.999922,  0.999224,  0.999224
  88,  1.002293,  0.999921,  0.999223,  0.999223
Warning: Desired error not necessarily achieved due to precision loss.
         Current function value: 0.641664
         Iterations: 7
         Function evaluations: 357
         Gradient evaluations: 69
  89,  1.001115,  1.000482,  0.998694,  0.998694
  90,  1.001649,  1.000728,  0.998984,  0.998984
  91,  1.001808,  1.000379,  0.998991,  0.998991
  92,  1.001826,  1.000384,  0.998972,  0.998972
  93,  1.001867,  1.000395,  0.998928,  0.998928
  94,  1.001910,  1.000406,  0.998883,  0.998883
  95,  1.001910,  1.000406,  0.998883,  0.998883
Optimization terminated successfully.
         Current function value: 0.446563
         Iterations: 7
         Function evaluations: 65
         Gradient evaluations: 13
  96,  1.001237,  1.000549,  1.000231,  1.000231
  97,  1.002007,  1.000895,  0.999550,  0.999550
  98,  1.002439,  0.999952,  0.999536,  0.999536
  99,  1.002413,  0.999946,  0.999480,  0.999480
 100,  1.002354,  0.999935,  0.999354,  0.999354
 101,  1.002293,  0.999922,  0.999224,  0.999224
 102,  1.002293,  0.999921,  0.999223,  0.999223
Warning: Desired error not necessarily achieved due to precision loss.
         Current function value: 0.641664
         Iterations: 7
         Function evaluations: 462
         Gradient evaluations: 90
