fisher1 and fisher2 are: 0.6590636044377147, 0
begin truth calculations
begin calculating d2chi
   1,  1.000021,  1.000035,  1.000746,  1.000746
   2,  1.000015,  1.000157,  1.000742,  1.000742
   3,  0.999727,  1.000761,  1.000731,  1.000731
   4,  0.999477,  1.001281,  1.000671,  1.000671
   5,  0.999081,  1.002105,  1.000577,  1.000577
   6,  0.999081,  1.002105,  1.000577,  1.000577
   7,  0.999081,  1.002105,  1.000577,  1.000577
   8,  0.999081,  1.002105,  1.000577,  1.000577
   9,  0.999081,  1.002105,  1.000577,  1.000577
  10,  0.999081,  1.002105,  1.000577,  1.000577
Warning: Maximum number of iterations has been exceeded.
         Current function value: 1.131069
         Iterations: 10
         Function evaluations: 85
         Gradient evaluations: 17
  11,  0.996285,  0.998363,  0.999750,  0.999750
  12,  0.992569,  0.996726,  1.003459,  1.003459
  13,  0.990366,  1.001542,  1.003525,  1.003525
  14,  0.990839,  1.001598,  1.003240,  1.003240
  15,  0.991296,  1.001676,  1.002957,  1.002957
  16,  0.991298,  1.001673,  1.002958,  1.002958
  17,  0.991298,  1.001673,  1.002958,  1.002958
Optimization terminated successfully.
         Current function value: 5.805651
         Iterations: 7
         Function evaluations: 50
         Gradient evaluations: 10
  18,  1.000021,  1.000035,  1.000746,  1.000746
  19,  1.000015,  1.000157,  1.000742,  1.000742
  20,  0.999728,  1.000760,  1.000731,  1.000731
  21,  0.999477,  1.001281,  1.000671,  1.000671
  22,  0.999081,  1.002105,  1.000577,  1.000577
  23,  0.999081,  1.002105,  1.000577,  1.000577
  24,  0.999081,  1.002105,  1.000577,  1.000577
  25,  0.999081,  1.002105,  1.000577,  1.000577
  26,  0.999081,  1.002105,  1.000577,  1.000577
Warning: Desired error not necessarily achieved due to precision loss.
         Current function value: 1.131067
         Iterations: 9
         Function evaluations: 540
         Gradient evaluations: 106
  27,  0.996285,  0.998363,  0.999750,  0.999750
  28,  0.992569,  0.996726,  1.003459,  1.003459
  29,  0.990366,  1.001542,  1.003525,  1.003525
  30,  0.990839,  1.001598,  1.003240,  1.003240
  31,  0.991296,  1.001676,  1.002957,  1.002957
  32,  0.991298,  1.001673,  1.002958,  1.002958
  33,  0.991298,  1.001673,  1.002958,  1.002958
Optimization terminated successfully.
         Current function value: 5.805629
         Iterations: 7
         Function evaluations: 50
         Gradient evaluations: 10
  34,  1.000021,  1.000035,  1.000746,  1.000746
  35,  1.000015,  1.000157,  1.000742,  1.000742
  36,  0.999728,  1.000760,  1.000731,  1.000731
  37,  0.999478,  1.001280,  1.000671,  1.000671
  38,  0.999081,  1.002105,  1.000577,  1.000577
  39,  0.999081,  1.002105,  1.000577,  1.000577
  40,  0.999081,  1.002105,  1.000577,  1.000577
  41,  0.999081,  1.002105,  1.000577,  1.000577
  42,  0.999081,  1.002105,  1.000577,  1.000577
Warning: Desired error not necessarily achieved due to precision loss.
         Current function value: 1.131065
         Iterations: 9
         Function evaluations: 345
         Gradient evaluations: 67
  43,  0.996285,  0.998363,  0.999750,  0.999750
  44,  0.992569,  0.996726,  1.003459,  1.003459
  45,  0.990366,  1.001542,  1.003525,  1.003525
  46,  0.990839,  1.001598,  1.003240,  1.003240
  47,  0.991297,  1.001676,  1.002957,  1.002957
  48,  0.991298,  1.001673,  1.002958,  1.002958
  49,  0.991298,  1.001673,  1.002958,  1.002958
Optimization terminated successfully.
         Current function value: 5.805607
         Iterations: 7
         Function evaluations: 50
         Gradient evaluations: 10
  50,  1.000021,  1.000035,  1.000746,  1.000746
  51,  1.000015,  1.000157,  1.000742,  1.000742
  52,  0.999728,  1.000760,  1.000731,  1.000731
  53,  0.999478,  1.001280,  1.000671,  1.000671
  54,  0.999081,  1.002105,  1.000577,  1.000577
  55,  0.999081,  1.002105,  1.000577,  1.000577
  56,  0.999081,  1.002105,  1.000577,  1.000577
  57,  0.999081,  1.002105,  1.000577,  1.000577
Warning: Desired error not necessarily achieved due to precision loss.
         Current function value: 1.131064
         Iterations: 8
         Function evaluations: 426
         Gradient evaluations: 83
  58,  0.996285,  0.998363,  0.999750,  0.999750
  59,  0.992569,  0.996726,  1.003459,  1.003459
  60,  0.990366,  1.001542,  1.003525,  1.003525
  61,  0.990839,  1.001598,  1.003240,  1.003240
  62,  0.991297,  1.001676,  1.002957,  1.002957
  63,  0.991298,  1.001673,  1.002958,  1.002958
  64,  0.991298,  1.001673,  1.002958,  1.002958
Optimization terminated successfully.
         Current function value: 5.805585
         Iterations: 7
         Function evaluations: 50
         Gradient evaluations: 10
  65,  1.000021,  1.000035,  1.000746,  1.000746
  66,  1.000015,  1.000157,  1.000742,  1.000742
  67,  0.999728,  1.000759,  1.000731,  1.000731
  68,  0.999478,  1.001279,  1.000671,  1.000671
  69,  0.999081,  1.002105,  1.000577,  1.000577
  70,  0.999081,  1.002105,  1.000577,  1.000577
  71,  0.999081,  1.002105,  1.000577,  1.000577
  72,  0.999081,  1.002105,  1.000577,  1.000577
Optimization terminated successfully.
         Current function value: 1.131062
         Iterations: 8
         Function evaluations: 75
         Gradient evaluations: 15
  73,  0.996285,  0.998363,  0.999750,  0.999750
  74,  0.992569,  0.996726,  1.003459,  1.003459
  75,  0.990366,  1.001542,  1.003525,  1.003525
  76,  0.990839,  1.001598,  1.003240,  1.003240
  77,  0.991297,  1.001676,  1.002957,  1.002957
  78,  0.991298,  1.001673,  1.002958,  1.002958
  79,  0.991298,  1.001673,  1.002958,  1.002958
  80,  0.991298,  1.001673,  1.002958,  1.002958
  81,  0.991298,  1.001673,  1.002958,  1.002958
  82,  0.991298,  1.001673,  1.002958,  1.002958
Warning: Maximum number of iterations has been exceeded.
         Current function value: 5.805563
         Iterations: 10
         Function evaluations: 493
         Gradient evaluations: 97
  83,  1.000021,  1.000035,  1.000746,  1.000746
  84,  1.000015,  1.000157,  1.000742,  1.000742
  85,  0.999728,  1.000759,  1.000731,  1.000731
  86,  0.999478,  1.001279,  1.000671,  1.000671
  87,  0.999081,  1.002105,  1.000577,  1.000577
  88,  0.999081,  1.002105,  1.000577,  1.000577
Warning: Desired error not necessarily achieved due to precision loss.
         Current function value: 1.131060
         Iterations: 6
         Function evaluations: 347
         Gradient evaluations: 67
  89,  0.996285,  0.998363,  0.999750,  0.999750
  90,  0.992569,  0.996726,  1.003459,  1.003459
  91,  0.990366,  1.001542,  1.003525,  1.003525
  92,  0.990839,  1.001598,  1.003240,  1.003240
  93,  0.991297,  1.001676,  1.002957,  1.002957
  94,  0.991298,  1.001673,  1.002958,  1.002958
  95,  0.991298,  1.001673,  1.002958,  1.002958
Optimization terminated successfully.
         Current function value: 5.805541
         Iterations: 7
         Function evaluations: 50
         Gradient evaluations: 10
  96,  1.000021,  1.000035,  1.000746,  1.000746
  97,  1.000015,  1.000157,  1.000742,  1.000742
  98,  0.999728,  1.000759,  1.000731,  1.000731
  99,  0.999478,  1.001278,  1.000671,  1.000671
 100,  0.999081,  1.002105,  1.000577,  1.000577
 101,  0.999081,  1.002105,  1.000577,  1.000577
 102,  0.999081,  1.002105,  1.000577,  1.000577
 103,  0.999081,  1.002105,  1.000577,  1.000577
 104,  0.999081,  1.002105,  1.000577,  1.000577
 105,  0.999081,  1.002105,  1.000577,  1.000577
Warning: Maximum number of iterations has been exceeded.
         Current function value: 1.131059
         Iterations: 10
         Function evaluations: 200
         Gradient evaluations: 39
 106,  0.996285,  0.998363,  0.999750,  0.999750
 107,  0.992569,  0.996726,  1.003459,  1.003459
 108,  0.990366,  1.001542,  1.003525,  1.003525
 109,  0.990839,  1.001598,  1.003240,  1.003240
 110,  0.991297,  1.001676,  1.002957,  1.002957
 111,  0.991298,  1.001673,  1.002958,  1.002958
 112,  0.991298,  1.001673,  1.002958,  1.002958
Optimization terminated successfully.
         Current function value: 5.805519
         Iterations: 7
         Function evaluations: 50
         Gradient evaluations: 10
