fisher1 and fisher2 are: 0.8664087195746428, 0
begin truth calculations
begin calculating d2chi
   1,  0.999617,  0.999835,  1.000481,  1.000481
   2,  0.999471,  0.999768,  1.000407,  1.000407
   3,  0.999398,  0.999928,  1.000404,  1.000404
   4,  0.999415,  0.999932,  1.000385,  1.000385
   5,  0.999452,  0.999941,  1.000341,  1.000341
   6,  0.999479,  0.999948,  1.000310,  1.000310
   7,  0.999479,  0.999948,  1.000310,  1.000310
Optimization terminated successfully.
         Current function value: 0.027199
         Iterations: 7
         Function evaluations: 65
         Gradient evaluations: 13
   8,  0.999625,  0.999834,  0.999943,  0.999943
   9,  0.999255,  0.999670,  1.000280,  1.000280
  10,  0.999072,  1.000071,  1.000285,  1.000285
  11,  0.999098,  1.000083,  1.000291,  1.000291
  12,  0.999118,  1.000092,  1.000296,  1.000296
  13,  0.999118,  1.000092,  1.000296,  1.000296
Optimization terminated successfully.
         Current function value: 0.078394
         Iterations: 6
         Function evaluations: 45
         Gradient evaluations: 9
  14,  0.999617,  0.999835,  1.000481,  1.000481
  15,  0.999471,  0.999768,  1.000407,  1.000407
  16,  0.999398,  0.999928,  1.000404,  1.000404
  17,  0.999415,  0.999932,  1.000385,  1.000385
  18,  0.999452,  0.999941,  1.000341,  1.000341
  19,  0.999479,  0.999948,  1.000310,  1.000310
  20,  0.999479,  0.999948,  1.000310,  1.000310
Optimization terminated successfully.
         Current function value: 0.027200
         Iterations: 7
         Function evaluations: 65
         Gradient evaluations: 13
  21,  0.999625,  0.999834,  0.999943,  0.999943
  22,  0.999255,  0.999670,  1.000280,  1.000280
  23,  0.999072,  1.000071,  1.000285,  1.000285
  24,  0.999098,  1.000083,  1.000291,  1.000291
  25,  0.999118,  1.000092,  1.000296,  1.000296
  26,  0.999118,  1.000092,  1.000296,  1.000296
Optimization terminated successfully.
         Current function value: 0.078395
         Iterations: 6
         Function evaluations: 45
         Gradient evaluations: 9
  27,  0.999617,  0.999835,  1.000481,  1.000481
  28,  0.999471,  0.999768,  1.000407,  1.000407
  29,  0.999398,  0.999928,  1.000404,  1.000404
  30,  0.999415,  0.999932,  1.000385,  1.000385
  31,  0.999452,  0.999941,  1.000341,  1.000341
  32,  0.999479,  0.999948,  1.000310,  1.000310
  33,  0.999479,  0.999948,  1.000310,  1.000310
Optimization terminated successfully.
         Current function value: 0.027200
         Iterations: 7
         Function evaluations: 65
         Gradient evaluations: 13
  34,  0.999625,  0.999834,  0.999943,  0.999943
  35,  0.999255,  0.999670,  1.000280,  1.000280
  36,  0.999072,  1.000071,  1.000285,  1.000285
  37,  0.999098,  1.000083,  1.000291,  1.000291
  38,  0.999118,  1.000092,  1.000296,  1.000296
  39,  0.999118,  1.000092,  1.000296,  1.000296
Optimization terminated successfully.
         Current function value: 0.078397
         Iterations: 6
         Function evaluations: 45
         Gradient evaluations: 9
  40,  0.999617,  0.999835,  1.000481,  1.000481
  41,  0.999471,  0.999768,  1.000407,  1.000407
  42,  0.999398,  0.999928,  1.000404,  1.000404
  43,  0.999415,  0.999932,  1.000385,  1.000385
  44,  0.999452,  0.999941,  1.000341,  1.000341
  45,  0.999479,  0.999948,  1.000310,  1.000310
  46,  0.999479,  0.999948,  1.000310,  1.000310
Optimization terminated successfully.
         Current function value: 0.027201
         Iterations: 7
         Function evaluations: 65
         Gradient evaluations: 13
  47,  0.999625,  0.999834,  0.999943,  0.999943
  48,  0.999255,  0.999670,  1.000280,  1.000280
  49,  0.999072,  1.000071,  1.000285,  1.000285
  50,  0.999098,  1.000083,  1.000291,  1.000291
  51,  0.999118,  1.000092,  1.000296,  1.000296
  52,  0.999118,  1.000092,  1.000296,  1.000296
Optimization terminated successfully.
         Current function value: 0.078398
         Iterations: 6
         Function evaluations: 45
         Gradient evaluations: 9
  53,  0.999617,  0.999835,  1.000481,  1.000481
  54,  0.999471,  0.999768,  1.000407,  1.000407
  55,  0.999398,  0.999928,  1.000404,  1.000404
  56,  0.999414,  0.999932,  1.000385,  1.000385
  57,  0.999452,  0.999941,  1.000341,  1.000341
  58,  0.999479,  0.999948,  1.000310,  1.000310
  59,  0.999479,  0.999948,  1.000310,  1.000310
Optimization terminated successfully.
         Current function value: 0.027201
         Iterations: 7
         Function evaluations: 65
         Gradient evaluations: 13
  60,  0.999625,  0.999834,  0.999943,  0.999943
  61,  0.999255,  0.999670,  1.000280,  1.000280
  62,  0.999072,  1.000071,  1.000285,  1.000285
  63,  0.999098,  1.000083,  1.000291,  1.000291
  64,  0.999118,  1.000092,  1.000296,  1.000296
  65,  0.999118,  1.000092,  1.000296,  1.000296
Optimization terminated successfully.
         Current function value: 0.078400
         Iterations: 6
         Function evaluations: 45
         Gradient evaluations: 9
  66,  0.999617,  0.999835,  1.000481,  1.000481
  67,  0.999471,  0.999768,  1.000407,  1.000407
  68,  0.999398,  0.999928,  1.000404,  1.000404
  69,  0.999414,  0.999932,  1.000385,  1.000385
  70,  0.999452,  0.999941,  1.000341,  1.000341
  71,  0.999479,  0.999948,  1.000310,  1.000310
  72,  0.999479,  0.999948,  1.000310,  1.000310
Optimization terminated successfully.
         Current function value: 0.027202
         Iterations: 7
         Function evaluations: 65
         Gradient evaluations: 13
  73,  0.999625,  0.999834,  0.999943,  0.999943
  74,  0.999255,  0.999670,  1.000280,  1.000280
  75,  0.999072,  1.000071,  1.000285,  1.000285
  76,  0.999098,  1.000083,  1.000291,  1.000291
  77,  0.999118,  1.000092,  1.000296,  1.000296
  78,  0.999118,  1.000092,  1.000296,  1.000296
Optimization terminated successfully.
         Current function value: 0.078401
         Iterations: 6
         Function evaluations: 45
         Gradient evaluations: 9
  79,  0.999617,  0.999835,  1.000481,  1.000481
  80,  0.999471,  0.999768,  1.000407,  1.000407
  81,  0.999398,  0.999928,  1.000404,  1.000404
  82,  0.999414,  0.999932,  1.000385,  1.000385
  83,  0.999452,  0.999941,  1.000341,  1.000341
  84,  0.999479,  0.999948,  1.000310,  1.000310
  85,  0.999479,  0.999948,  1.000310,  1.000310
Optimization terminated successfully.
         Current function value: 0.027202
         Iterations: 7
         Function evaluations: 65
         Gradient evaluations: 13
  86,  0.999625,  0.999834,  0.999943,  0.999943
  87,  0.999255,  0.999670,  1.000280,  1.000280
  88,  0.999072,  1.000071,  1.000285,  1.000285
  89,  0.999098,  1.000083,  1.000291,  1.000291
  90,  0.999118,  1.000092,  1.000296,  1.000296
  91,  0.999118,  1.000092,  1.000296,  1.000296
Optimization terminated successfully.
         Current function value: 0.078403
         Iterations: 6
         Function evaluations: 45
         Gradient evaluations: 9
