fisher1 and fisher2 are: 0.9543733138751578, 0
begin truth calculations
begin calculating d2chi
   1,  0.994807,  0.997775,  1.006783,  1.006783
   2,  0.992891,  0.996902,  1.005855,  1.005855
   3,  0.991660,  0.999615,  1.005806,  1.005806
   4,  0.991822,  0.999644,  1.005618,  1.005618
   5,  0.992167,  0.999702,  1.005214,  1.005214
   6,  0.992994,  0.999819,  1.004258,  1.004258
   7,  0.993188,  0.999803,  1.004051,  1.004051
   8,  0.993191,  0.999794,  1.004051,  1.004051
   9,  0.993192,  0.999794,  1.004051,  1.004051
  10,  0.993192,  0.999794,  1.004051,  1.004051
Warning: Maximum number of iterations has been exceeded.
         Current function value: 4.205846
         Iterations: 10
         Function evaluations: 80
         Gradient evaluations: 16
  11,  0.994267,  0.997467,  0.999240,  0.999240
  12,  0.988560,  0.994934,  1.004633,  1.004633
  13,  0.984741,  1.003315,  1.004740,  1.004740
  14,  0.985525,  1.002582,  1.004648,  1.004648
  15,  0.986786,  1.001426,  1.004494,  1.004494
  16,  0.986806,  1.001384,  1.004493,  1.004493
  17,  0.986807,  1.001383,  1.004493,  1.004493
  18,  0.986807,  1.001383,  1.004493,  1.004493
Optimization terminated successfully.
         Current function value: 15.925590
         Iterations: 8
         Function evaluations: 55
         Gradient evaluations: 11
  19,  0.994807,  0.997775,  1.006783,  1.006783
  20,  0.992891,  0.996902,  1.005855,  1.005855
  21,  0.991660,  0.999615,  1.005806,  1.005806
  22,  0.991822,  0.999644,  1.005618,  1.005618
  23,  0.992167,  0.999702,  1.005214,  1.005214
  24,  0.992994,  0.999819,  1.004258,  1.004258
  25,  0.993188,  0.999803,  1.004051,  1.004051
  26,  0.993191,  0.999794,  1.004051,  1.004051
  27,  0.993192,  0.999794,  1.004051,  1.004051
  28,  0.993192,  0.999794,  1.004051,  1.004051
Warning: Maximum number of iterations has been exceeded.
         Current function value: 4.205857
         Iterations: 10
         Function evaluations: 80
         Gradient evaluations: 16
  29,  0.994267,  0.997467,  0.999240,  0.999240
  30,  0.988560,  0.994934,  1.004633,  1.004633
  31,  0.984741,  1.003315,  1.004740,  1.004740
  32,  0.985525,  1.002582,  1.004648,  1.004648
  33,  0.986786,  1.001426,  1.004494,  1.004494
  34,  0.986806,  1.001384,  1.004493,  1.004493
  35,  0.986807,  1.001383,  1.004493,  1.004493
  36,  0.986807,  1.001383,  1.004493,  1.004493
Optimization terminated successfully.
         Current function value: 15.925634
         Iterations: 8
         Function evaluations: 55
         Gradient evaluations: 11
  37,  0.994807,  0.997775,  1.006783,  1.006783
  38,  0.992891,  0.996902,  1.005855,  1.005855
  39,  0.991660,  0.999615,  1.005806,  1.005806
  40,  0.991822,  0.999644,  1.005618,  1.005618
  41,  0.992167,  0.999702,  1.005214,  1.005214
  42,  0.992994,  0.999819,  1.004258,  1.004258
  43,  0.993188,  0.999803,  1.004051,  1.004051
  44,  0.993191,  0.999794,  1.004051,  1.004051
  45,  0.993192,  0.999794,  1.004051,  1.004051
  46,  0.993192,  0.999794,  1.004051,  1.004051
Warning: Maximum number of iterations has been exceeded.
         Current function value: 4.205868
         Iterations: 10
         Function evaluations: 80
         Gradient evaluations: 16
  47,  0.994267,  0.997467,  0.999240,  0.999240
  48,  0.988560,  0.994934,  1.004633,  1.004633
  49,  0.984741,  1.003315,  1.004740,  1.004740
  50,  0.985525,  1.002582,  1.004648,  1.004648
  51,  0.986786,  1.001426,  1.004494,  1.004494
  52,  0.986806,  1.001384,  1.004493,  1.004493
  53,  0.986807,  1.001383,  1.004493,  1.004493
  54,  0.986807,  1.001383,  1.004493,  1.004493
Optimization terminated successfully.
         Current function value: 15.925679
         Iterations: 8
         Function evaluations: 55
         Gradient evaluations: 11
  55,  0.994807,  0.997775,  1.006783,  1.006783
  56,  0.992891,  0.996902,  1.005855,  1.005855
  57,  0.991660,  0.999615,  1.005806,  1.005806
  58,  0.991822,  0.999644,  1.005618,  1.005618
  59,  0.992167,  0.999701,  1.005214,  1.005214
  60,  0.992994,  0.999819,  1.004258,  1.004258
  61,  0.993188,  0.999803,  1.004051,  1.004051
  62,  0.993191,  0.999794,  1.004051,  1.004051
  63,  0.993192,  0.999794,  1.004051,  1.004051
  64,  0.993192,  0.999794,  1.004051,  1.004051
Warning: Maximum number of iterations has been exceeded.
         Current function value: 4.205879
         Iterations: 10
         Function evaluations: 80
         Gradient evaluations: 16
  65,  0.994267,  0.997467,  0.999240,  0.999240
  66,  0.988560,  0.994934,  1.004633,  1.004633
  67,  0.984741,  1.003315,  1.004740,  1.004740
  68,  0.985524,  1.002582,  1.004648,  1.004648
  69,  0.986786,  1.001426,  1.004494,  1.004494
  70,  0.986806,  1.001384,  1.004493,  1.004493
  71,  0.986807,  1.001383,  1.004493,  1.004493
  72,  0.986807,  1.001383,  1.004493,  1.004493
  73,  0.986807,  1.001383,  1.004493,  1.004493
Warning: Desired error not necessarily achieved due to precision loss.
         Current function value: 15.925723
         Iterations: 9
         Function evaluations: 250
         Gradient evaluations: 48
  74,  0.994807,  0.997775,  1.006783,  1.006783
  75,  0.992891,  0.996902,  1.005855,  1.005855
  76,  0.991660,  0.999615,  1.005806,  1.005806
  77,  0.991822,  0.999644,  1.005618,  1.005618
  78,  0.992167,  0.999702,  1.005214,  1.005214
  79,  0.992994,  0.999819,  1.004258,  1.004258
  80,  0.993188,  0.999803,  1.004051,  1.004051
  81,  0.993191,  0.999794,  1.004051,  1.004051
  82,  0.993192,  0.999794,  1.004051,  1.004051
  83,  0.993192,  0.999794,  1.004051,  1.004051
Warning: Maximum number of iterations has been exceeded.
         Current function value: 4.205890
         Iterations: 10
         Function evaluations: 80
         Gradient evaluations: 16
  84,  0.994267,  0.997467,  0.999240,  0.999240
  85,  0.988560,  0.994934,  1.004633,  1.004633
  86,  0.984741,  1.003315,  1.004740,  1.004740
  87,  0.985524,  1.002582,  1.004649,  1.004649
  88,  0.986786,  1.001426,  1.004494,  1.004494
  89,  0.986806,  1.001384,  1.004493,  1.004493
  90,  0.986807,  1.001383,  1.004493,  1.004493
  91,  0.986807,  1.001383,  1.004493,  1.004493
Optimization terminated successfully.
         Current function value: 15.925767
         Iterations: 8
         Function evaluations: 55
         Gradient evaluations: 11
  92,  0.994807,  0.997775,  1.006783,  1.006783
  93,  0.992891,  0.996902,  1.005856,  1.005856
  94,  0.991660,  0.999615,  1.005806,  1.005806
  95,  0.991822,  0.999644,  1.005618,  1.005618
  96,  0.992167,  0.999702,  1.005214,  1.005214
  97,  0.992993,  0.999819,  1.004258,  1.004258
  98,  0.993188,  0.999803,  1.004051,  1.004051
  99,  0.993191,  0.999794,  1.004051,  1.004051
 100,  0.993192,  0.999794,  1.004051,  1.004051
 101,  0.993192,  0.999794,  1.004051,  1.004051
Warning: Maximum number of iterations has been exceeded.
         Current function value: 4.205901
         Iterations: 10
         Function evaluations: 80
         Gradient evaluations: 16
 102,  0.994267,  0.997467,  0.999240,  0.999240
 103,  0.988560,  0.994934,  1.004633,  1.004633
 104,  0.984741,  1.003315,  1.004740,  1.004740
 105,  0.985524,  1.002582,  1.004649,  1.004649
 106,  0.986786,  1.001426,  1.004494,  1.004494
 107,  0.986806,  1.001384,  1.004493,  1.004493
 108,  0.986807,  1.001383,  1.004493,  1.004493
 109,  0.986807,  1.001383,  1.004493,  1.004493
 110,  0.986807,  1.001383,  1.004493,  1.004493
Optimization terminated successfully.
         Current function value: 15.925811
         Iterations: 9
         Function evaluations: 95
         Gradient evaluations: 19
 111,  0.994807,  0.997775,  1.006783,  1.006783
 112,  0.992891,  0.996902,  1.005856,  1.005856
 113,  0.991660,  0.999615,  1.005806,  1.005806
 114,  0.991822,  0.999644,  1.005618,  1.005618
 115,  0.992167,  0.999702,  1.005214,  1.005214
 116,  0.992993,  0.999819,  1.004258,  1.004258
 117,  0.993188,  0.999803,  1.004051,  1.004051
 118,  0.993191,  0.999794,  1.004051,  1.004051
 119,  0.993192,  0.999794,  1.004051,  1.004051
 120,  0.993192,  0.999794,  1.004051,  1.004051
Warning: Maximum number of iterations has been exceeded.
         Current function value: 4.205911
         Iterations: 10
         Function evaluations: 80
         Gradient evaluations: 16
 121,  0.994267,  0.997467,  0.999240,  0.999240
 122,  0.988560,  0.994934,  1.004633,  1.004633
 123,  0.984741,  1.003315,  1.004740,  1.004740
 124,  0.985524,  1.002582,  1.004649,  1.004649
 125,  0.986786,  1.001426,  1.004494,  1.004494
 126,  0.986806,  1.001384,  1.004493,  1.004493
 127,  0.986807,  1.001383,  1.004493,  1.004493
 128,  0.986807,  1.001383,  1.004493,  1.004493
Optimization terminated successfully.
         Current function value: 15.925855
         Iterations: 8
         Function evaluations: 55
         Gradient evaluations: 11
