fisher1 and fisher2 are: 0.8883998681497716, 0
begin truth calculations
begin calculating d2chi
   1,  0.998697,  0.999440,  1.001658,  1.001658
   2,  0.998203,  0.999214,  1.001411,  1.001411
   3,  0.997942,  0.999787,  1.001401,  1.001401
   4,  0.997996,  0.999799,  1.001338,  1.001338
   5,  0.998115,  0.999829,  1.001196,  1.001196
   6,  0.998243,  0.999858,  1.001047,  1.001047
   7,  0.998243,  0.999857,  1.001047,  1.001047
   8,  0.998243,  0.999857,  1.001047,  1.001047
Optimization terminated successfully.
         Current function value: 0.300538
         Iterations: 8
         Function evaluations: 70
         Gradient evaluations: 14
   9,  0.998672,  0.999413,  0.999804,  0.999804
  10,  0.997359,  0.998830,  1.001011,  1.001011
  11,  0.996695,  1.000283,  1.001030,  1.001030
  12,  0.996808,  1.000315,  1.001041,  1.001041
  13,  0.996883,  1.000340,  1.001048,  1.001048
  14,  0.996883,  1.000340,  1.001048,  1.001048
Optimization terminated successfully.
         Current function value: 0.952217
         Iterations: 6
         Function evaluations: 45
         Gradient evaluations: 9
  15,  0.998697,  0.999440,  1.001658,  1.001658
  16,  0.998203,  0.999214,  1.001411,  1.001411
  17,  0.997942,  0.999787,  1.001401,  1.001401
  18,  0.997996,  0.999799,  1.001338,  1.001338
  19,  0.998115,  0.999829,  1.001196,  1.001196
  20,  0.998243,  0.999858,  1.001047,  1.001047
  21,  0.998243,  0.999857,  1.001047,  1.001047
  22,  0.998243,  0.999857,  1.001047,  1.001047
Optimization terminated successfully.
         Current function value: 0.300540
         Iterations: 8
         Function evaluations: 70
         Gradient evaluations: 14
  23,  0.998672,  0.999413,  0.999804,  0.999804
  24,  0.997359,  0.998830,  1.001011,  1.001011
  25,  0.996695,  1.000283,  1.001030,  1.001030
  26,  0.996808,  1.000315,  1.001041,  1.001041
  27,  0.996883,  1.000340,  1.001049,  1.001049
  28,  0.996883,  1.000340,  1.001048,  1.001048
Optimization terminated successfully.
         Current function value: 0.952224
         Iterations: 6
         Function evaluations: 45
         Gradient evaluations: 9
  29,  0.998697,  0.999440,  1.001658,  1.001658
  30,  0.998203,  0.999214,  1.001412,  1.001412
  31,  0.997942,  0.999787,  1.001401,  1.001401
  32,  0.997996,  0.999799,  1.001338,  1.001338
  33,  0.998115,  0.999829,  1.001196,  1.001196
  34,  0.998243,  0.999858,  1.001047,  1.001047
  35,  0.998243,  0.999857,  1.001047,  1.001047
  36,  0.998243,  0.999857,  1.001047,  1.001047
Optimization terminated successfully.
         Current function value: 0.300543
         Iterations: 8
         Function evaluations: 70
         Gradient evaluations: 14
  37,  0.998672,  0.999413,  0.999804,  0.999804
  38,  0.997359,  0.998830,  1.001011,  1.001011
  39,  0.996695,  1.000283,  1.001030,  1.001030
  40,  0.996808,  1.000315,  1.001041,  1.001041
  41,  0.996883,  1.000340,  1.001049,  1.001049
  42,  0.996883,  1.000340,  1.001048,  1.001048
Optimization terminated successfully.
         Current function value: 0.952231
         Iterations: 6
         Function evaluations: 45
         Gradient evaluations: 9
  43,  0.998697,  0.999440,  1.001658,  1.001658
  44,  0.998203,  0.999214,  1.001412,  1.001412
  45,  0.997942,  0.999787,  1.001401,  1.001401
  46,  0.997996,  0.999799,  1.001338,  1.001338
  47,  0.998115,  0.999829,  1.001196,  1.001196
  48,  0.998243,  0.999858,  1.001047,  1.001047
  49,  0.998243,  0.999857,  1.001047,  1.001047
  50,  0.998243,  0.999857,  1.001047,  1.001047
Optimization terminated successfully.
         Current function value: 0.300545
         Iterations: 8
         Function evaluations: 70
         Gradient evaluations: 14
  51,  0.998672,  0.999413,  0.999804,  0.999804
  52,  0.997359,  0.998830,  1.001011,  1.001011
  53,  0.996695,  1.000283,  1.001030,  1.001030
  54,  0.996808,  1.000315,  1.001041,  1.001041
  55,  0.996883,  1.000340,  1.001049,  1.001049
  56,  0.996883,  1.000340,  1.001048,  1.001048
Optimization terminated successfully.
         Current function value: 0.952238
         Iterations: 6
         Function evaluations: 45
         Gradient evaluations: 9
  57,  0.998697,  0.999440,  1.001658,  1.001658
  58,  0.998203,  0.999214,  1.001412,  1.001412
  59,  0.997942,  0.999787,  1.001401,  1.001401
  60,  0.997996,  0.999799,  1.001338,  1.001338
  61,  0.998115,  0.999829,  1.001196,  1.001196
  62,  0.998243,  0.999858,  1.001047,  1.001047
  63,  0.998243,  0.999857,  1.001047,  1.001047
  64,  0.998243,  0.999857,  1.001047,  1.001047
Optimization terminated successfully.
         Current function value: 0.300547
         Iterations: 8
         Function evaluations: 70
         Gradient evaluations: 14
  65,  0.998672,  0.999413,  0.999804,  0.999804
  66,  0.997359,  0.998830,  1.001011,  1.001011
  67,  0.996695,  1.000283,  1.001030,  1.001030
  68,  0.996808,  1.000315,  1.001041,  1.001041
  69,  0.996883,  1.000340,  1.001049,  1.001049
  70,  0.996883,  1.000340,  1.001048,  1.001048
Optimization terminated successfully.
         Current function value: 0.952244
         Iterations: 6
         Function evaluations: 45
         Gradient evaluations: 9
  71,  0.998697,  0.999440,  1.001658,  1.001658
  72,  0.998202,  0.999214,  1.001412,  1.001412
  73,  0.997942,  0.999787,  1.001401,  1.001401
  74,  0.997996,  0.999799,  1.001338,  1.001338
  75,  0.998115,  0.999829,  1.001196,  1.001196
  76,  0.998243,  0.999858,  1.001047,  1.001047
  77,  0.998243,  0.999857,  1.001047,  1.001047
  78,  0.998243,  0.999857,  1.001047,  1.001047
Optimization terminated successfully.
         Current function value: 0.300549
         Iterations: 8
         Function evaluations: 70
         Gradient evaluations: 14
  79,  0.998672,  0.999413,  0.999804,  0.999804
  80,  0.997359,  0.998830,  1.001011,  1.001011
  81,  0.996695,  1.000283,  1.001030,  1.001030
  82,  0.996808,  1.000315,  1.001041,  1.001041
  83,  0.996883,  1.000340,  1.001049,  1.001049
  84,  0.996883,  1.000340,  1.001048,  1.001048
Optimization terminated successfully.
         Current function value: 0.952251
         Iterations: 6
         Function evaluations: 45
         Gradient evaluations: 9
  85,  0.998697,  0.999440,  1.001658,  1.001658
  86,  0.998202,  0.999214,  1.001412,  1.001412
  87,  0.997942,  0.999787,  1.001401,  1.001401
  88,  0.997996,  0.999799,  1.001338,  1.001338
  89,  0.998115,  0.999829,  1.001196,  1.001196
  90,  0.998243,  0.999858,  1.001047,  1.001047
  91,  0.998243,  0.999857,  1.001047,  1.001047
  92,  0.998243,  0.999857,  1.001047,  1.001047
Optimization terminated successfully.
         Current function value: 0.300551
         Iterations: 8
         Function evaluations: 70
         Gradient evaluations: 14
  93,  0.998672,  0.999413,  0.999804,  0.999804
  94,  0.997359,  0.998830,  1.001011,  1.001011
  95,  0.996695,  1.000283,  1.001030,  1.001030
  96,  0.996808,  1.000315,  1.001041,  1.001041
  97,  0.996883,  1.000340,  1.001049,  1.001049
  98,  0.996883,  1.000340,  1.001048,  1.001048
Optimization terminated successfully.
         Current function value: 0.952258
         Iterations: 6
         Function evaluations: 45
         Gradient evaluations: 9
