fisher1 and fisher2 are: 0.8192848297707955, 0
begin truth calculations
begin calculating d2chi
   1,  1.000754,  1.000325,  0.999086,  0.999086
   2,  1.001127,  1.000497,  0.999282,  0.999282
   3,  1.001265,  1.000193,  0.999288,  0.999288
   4,  1.001285,  1.000199,  0.999266,  0.999266
   5,  1.001333,  1.000210,  0.999214,  0.999214
   6,  1.001333,  1.000210,  0.999214,  0.999214
Optimization terminated successfully.
         Current function value: 0.196087
         Iterations: 6
         Function evaluations: 60
         Gradient evaluations: 12
   7,  1.000859,  1.000381,  1.000145,  1.000145
   8,  1.001647,  1.000733,  0.999438,  0.999438
   9,  1.002026,  0.999904,  0.999427,  0.999427
  10,  1.002003,  0.999893,  0.999410,  0.999410
  11,  1.001950,  0.999866,  0.999372,  0.999372
  12,  1.001923,  0.999853,  0.999353,  0.999353
  13,  1.001924,  0.999853,  0.999353,  0.999353
Optimization terminated successfully.
         Current function value: 0.406552
         Iterations: 7
         Function evaluations: 50
         Gradient evaluations: 10
  14,  1.000754,  1.000325,  0.999086,  0.999086
  15,  1.001127,  1.000497,  0.999282,  0.999282
  16,  1.001265,  1.000193,  0.999288,  0.999288
  17,  1.001285,  1.000199,  0.999266,  0.999266
  18,  1.001333,  1.000210,  0.999214,  0.999214
  19,  1.001333,  1.000210,  0.999214,  0.999214
Optimization terminated successfully.
         Current function value: 0.196087
         Iterations: 6
         Function evaluations: 60
         Gradient evaluations: 12
  20,  1.000859,  1.000381,  1.000145,  1.000145
  21,  1.001647,  1.000733,  0.999438,  0.999438
  22,  1.002026,  0.999904,  0.999427,  0.999427
  23,  1.002003,  0.999893,  0.999410,  0.999410
  24,  1.001950,  0.999866,  0.999372,  0.999372
  25,  1.001923,  0.999853,  0.999353,  0.999353
  26,  1.001924,  0.999853,  0.999353,  0.999353
Optimization terminated successfully.
         Current function value: 0.406550
         Iterations: 7
         Function evaluations: 50
         Gradient evaluations: 10
  27,  1.000754,  1.000325,  0.999086,  0.999086
  28,  1.001127,  1.000497,  0.999282,  0.999282
  29,  1.001265,  1.000193,  0.999288,  0.999288
  30,  1.001285,  1.000199,  0.999266,  0.999266
  31,  1.001333,  1.000210,  0.999214,  0.999214
  32,  1.001333,  1.000210,  0.999214,  0.999214
Optimization terminated successfully.
         Current function value: 0.196086
         Iterations: 6
         Function evaluations: 60
         Gradient evaluations: 12
  33,  1.000859,  1.000381,  1.000145,  1.000145
  34,  1.001647,  1.000733,  0.999438,  0.999438
  35,  1.002026,  0.999904,  0.999427,  0.999427
  36,  1.002003,  0.999893,  0.999410,  0.999410
  37,  1.001950,  0.999866,  0.999372,  0.999372
  38,  1.001923,  0.999853,  0.999353,  0.999353
  39,  1.001923,  0.999853,  0.999353,  0.999353
Optimization terminated successfully.
         Current function value: 0.406549
         Iterations: 7
         Function evaluations: 50
         Gradient evaluations: 10
  40,  1.000754,  1.000325,  0.999086,  0.999086
  41,  1.001127,  1.000497,  0.999282,  0.999282
  42,  1.001265,  1.000193,  0.999288,  0.999288
  43,  1.001285,  1.000199,  0.999266,  0.999266
  44,  1.001333,  1.000210,  0.999214,  0.999214
  45,  1.001333,  1.000210,  0.999214,  0.999214
Optimization terminated successfully.
         Current function value: 0.196085
         Iterations: 6
         Function evaluations: 60
         Gradient evaluations: 12
  46,  1.000859,  1.000381,  1.000145,  1.000145
  47,  1.001647,  1.000733,  0.999438,  0.999438
  48,  1.002026,  0.999904,  0.999427,  0.999427
  49,  1.002003,  0.999893,  0.999410,  0.999410
  50,  1.001950,  0.999866,  0.999372,  0.999372
  51,  1.001923,  0.999853,  0.999353,  0.999353
  52,  1.001923,  0.999853,  0.999353,  0.999353
Optimization terminated successfully.
         Current function value: 0.406548
         Iterations: 7
         Function evaluations: 50
         Gradient evaluations: 10
  53,  1.000754,  1.000325,  0.999086,  0.999086
  54,  1.001127,  1.000497,  0.999282,  0.999282
  55,  1.001265,  1.000193,  0.999288,  0.999288
  56,  1.001285,  1.000199,  0.999266,  0.999266
  57,  1.001333,  1.000210,  0.999214,  0.999214
  58,  1.001333,  1.000210,  0.999214,  0.999214
Optimization terminated successfully.
         Current function value: 0.196084
         Iterations: 6
         Function evaluations: 60
         Gradient evaluations: 12
  59,  1.000859,  1.000381,  1.000145,  1.000145
  60,  1.001647,  1.000733,  0.999438,  0.999438
  61,  1.002026,  0.999904,  0.999427,  0.999427
  62,  1.002003,  0.999893,  0.999410,  0.999410
  63,  1.001950,  0.999866,  0.999372,  0.999372
  64,  1.001923,  0.999853,  0.999353,  0.999353
  65,  1.001923,  0.999853,  0.999353,  0.999353
Optimization terminated successfully.
         Current function value: 0.406546
         Iterations: 7
         Function evaluations: 50
         Gradient evaluations: 10
  66,  1.000754,  1.000325,  0.999086,  0.999086
  67,  1.001127,  1.000497,  0.999282,  0.999282
  68,  1.001265,  1.000193,  0.999288,  0.999288
  69,  1.001285,  1.000199,  0.999266,  0.999266
  70,  1.001333,  1.000210,  0.999214,  0.999214
  71,  1.001333,  1.000210,  0.999214,  0.999214
Optimization terminated successfully.
         Current function value: 0.196083
         Iterations: 6
         Function evaluations: 60
         Gradient evaluations: 12
  72,  1.000859,  1.000381,  1.000145,  1.000145
  73,  1.001647,  1.000733,  0.999438,  0.999438
  74,  1.002026,  0.999904,  0.999427,  0.999427
  75,  1.002003,  0.999893,  0.999410,  0.999410
  76,  1.001950,  0.999866,  0.999372,  0.999372
  77,  1.001923,  0.999853,  0.999353,  0.999353
  78,  1.001923,  0.999853,  0.999353,  0.999353
Optimization terminated successfully.
         Current function value: 0.406545
         Iterations: 7
         Function evaluations: 50
         Gradient evaluations: 10
  79,  1.000754,  1.000325,  0.999086,  0.999086
  80,  1.001127,  1.000497,  0.999282,  0.999282
  81,  1.001265,  1.000193,  0.999288,  0.999288
  82,  1.001285,  1.000199,  0.999266,  0.999266
  83,  1.001333,  1.000210,  0.999214,  0.999214
  84,  1.001333,  1.000210,  0.999214,  0.999214
Optimization terminated successfully.
         Current function value: 0.196082
         Iterations: 6
         Function evaluations: 60
         Gradient evaluations: 12
  85,  1.000859,  1.000381,  1.000145,  1.000145
  86,  1.001647,  1.000733,  0.999438,  0.999438
  87,  1.002026,  0.999904,  0.999427,  0.999427
  88,  1.002003,  0.999893,  0.999410,  0.999410
  89,  1.001950,  0.999866,  0.999372,  0.999372
  90,  1.001923,  0.999853,  0.999353,  0.999353
  91,  1.001923,  0.999853,  0.999353,  0.999353
Optimization terminated successfully.
         Current function value: 0.406543
         Iterations: 7
         Function evaluations: 50
         Gradient evaluations: 10
