fisher1 and fisher2 are: 0.6402140485161758, 0
begin truth calculations
begin calculating d2chi
   1,  0.999541,  0.999834,  1.001435,  1.001435
   2,  0.999189,  0.999697,  1.001371,  1.001371
   3,  0.997898,  1.002541,  1.001316,  1.001316
   4,  0.997927,  1.002555,  1.001228,  1.001228
   5,  0.997926,  1.002557,  1.001228,  1.001228
   6,  0.997926,  1.002557,  1.001228,  1.001228
Optimization terminated successfully.
         Current function value: 1.559822
         Iterations: 6
         Function evaluations: 55
         Gradient evaluations: 11
   7,  0.994860,  0.997730,  0.999612,  0.999612
   8,  0.989717,  0.995455,  1.004731,  1.004731
   9,  0.986692,  1.002070,  1.004821,  1.004821
  10,  0.987345,  1.001994,  1.004483,  1.004483
  11,  0.988116,  1.001944,  1.004075,  1.004075
  12,  0.988120,  1.001934,  1.004075,  1.004075
  13,  0.988120,  1.001934,  1.004075,  1.004075
  14,  0.988120,  1.001934,  1.004075,  1.004075
Warning: Desired error not necessarily achieved due to precision loss.
         Current function value: 11.066612
         Iterations: 8
         Function evaluations: 61
         Gradient evaluations: 12
  15,  0.999542,  0.999834,  1.001435,  1.001435
  16,  0.999189,  0.999697,  1.001371,  1.001371
  17,  0.997898,  1.002541,  1.001316,  1.001316
  18,  0.997927,  1.002555,  1.001228,  1.001228
  19,  0.997926,  1.002557,  1.001228,  1.001228
  20,  0.997926,  1.002557,  1.001228,  1.001228
Optimization terminated successfully.
         Current function value: 1.559819
         Iterations: 6
         Function evaluations: 55
         Gradient evaluations: 11
  21,  0.994860,  0.997730,  0.999612,  0.999612
  22,  0.989717,  0.995455,  1.004731,  1.004731
  23,  0.986692,  1.002070,  1.004821,  1.004821
  24,  0.987345,  1.001994,  1.004483,  1.004483
  25,  0.988116,  1.001944,  1.004075,  1.004075
  26,  0.988120,  1.001934,  1.004075,  1.004075
  27,  0.988120,  1.001934,  1.004075,  1.004075
Optimization terminated successfully.
         Current function value: 11.066578
         Iterations: 7
         Function evaluations: 50
         Gradient evaluations: 10
  28,  0.999542,  0.999834,  1.001435,  1.001435
  29,  0.999189,  0.999697,  1.001371,  1.001371
  30,  0.997898,  1.002541,  1.001316,  1.001316
  31,  0.997927,  1.002555,  1.001228,  1.001228
  32,  0.997926,  1.002557,  1.001228,  1.001228
  33,  0.997926,  1.002557,  1.001228,  1.001228
Optimization terminated successfully.
         Current function value: 1.559816
         Iterations: 6
         Function evaluations: 55
         Gradient evaluations: 11
  34,  0.994860,  0.997730,  0.999612,  0.999612
  35,  0.989717,  0.995455,  1.004731,  1.004731
  36,  0.986692,  1.002070,  1.004821,  1.004821
  37,  0.987345,  1.001994,  1.004483,  1.004483
  38,  0.988116,  1.001944,  1.004075,  1.004075
  39,  0.988120,  1.001934,  1.004075,  1.004075
  40,  0.988120,  1.001934,  1.004075,  1.004075
Optimization terminated successfully.
         Current function value: 11.066543
         Iterations: 7
         Function evaluations: 50
         Gradient evaluations: 10
  41,  0.999542,  0.999834,  1.001435,  1.001435
  42,  0.999189,  0.999697,  1.001371,  1.001371
  43,  0.997898,  1.002541,  1.001316,  1.001316
  44,  0.997927,  1.002555,  1.001228,  1.001228
  45,  0.997926,  1.002557,  1.001228,  1.001228
  46,  0.997926,  1.002557,  1.001228,  1.001228
Optimization terminated successfully.
         Current function value: 1.559813
         Iterations: 6
         Function evaluations: 55
         Gradient evaluations: 11
  47,  0.994860,  0.997730,  0.999612,  0.999612
  48,  0.989717,  0.995455,  1.004731,  1.004731
  49,  0.986692,  1.002070,  1.004821,  1.004821
  50,  0.987345,  1.001994,  1.004483,  1.004483
  51,  0.988116,  1.001944,  1.004075,  1.004075
  52,  0.988120,  1.001934,  1.004075,  1.004075
  53,  0.988120,  1.001934,  1.004075,  1.004075
Optimization terminated successfully.
         Current function value: 11.066509
         Iterations: 7
         Function evaluations: 50
         Gradient evaluations: 10
  54,  0.999542,  0.999834,  1.001435,  1.001435
  55,  0.999189,  0.999697,  1.001371,  1.001371
  56,  0.997898,  1.002541,  1.001316,  1.001316
  57,  0.997927,  1.002555,  1.001228,  1.001228
  58,  0.997926,  1.002557,  1.001228,  1.001228
  59,  0.997926,  1.002557,  1.001228,  1.001228
Optimization terminated successfully.
         Current function value: 1.559810
         Iterations: 6
         Function evaluations: 55
         Gradient evaluations: 11
  60,  0.994860,  0.997730,  0.999612,  0.999612
  61,  0.989717,  0.995455,  1.004731,  1.004731
  62,  0.986692,  1.002070,  1.004821,  1.004821
  63,  0.987345,  1.001994,  1.004483,  1.004483
  64,  0.988116,  1.001944,  1.004075,  1.004075
  65,  0.988120,  1.001934,  1.004075,  1.004075
  66,  0.988120,  1.001934,  1.004075,  1.004075
  67,  0.988120,  1.001934,  1.004075,  1.004075
Optimization terminated successfully.
         Current function value: 11.066475
         Iterations: 8
         Function evaluations: 60
         Gradient evaluations: 12
  68,  0.999542,  0.999834,  1.001435,  1.001435
  69,  0.999189,  0.999697,  1.001371,  1.001371
  70,  0.997898,  1.002541,  1.001316,  1.001316
  71,  0.997927,  1.002555,  1.001228,  1.001228
  72,  0.997926,  1.002557,  1.001228,  1.001228
  73,  0.997926,  1.002557,  1.001228,  1.001228
Optimization terminated successfully.
         Current function value: 1.559808
         Iterations: 6
         Function evaluations: 55
         Gradient evaluations: 11
  74,  0.994860,  0.997730,  0.999612,  0.999612
  75,  0.989717,  0.995455,  1.004731,  1.004731
  76,  0.986692,  1.002070,  1.004821,  1.004821
  77,  0.987345,  1.001993,  1.004483,  1.004483
  78,  0.988116,  1.001944,  1.004075,  1.004075
  79,  0.988120,  1.001934,  1.004075,  1.004075
  80,  0.988120,  1.001934,  1.004075,  1.004075
  81,  0.988120,  1.001934,  1.004075,  1.004075
  82,  0.988120,  1.001934,  1.004075,  1.004075
  83,  0.988120,  1.001934,  1.004075,  1.004075
Warning: Maximum number of iterations has been exceeded.
         Current function value: 11.066440
         Iterations: 10
         Function evaluations: 335
         Gradient evaluations: 67
  84,  0.999542,  0.999834,  1.001435,  1.001435
  85,  0.999189,  0.999697,  1.001371,  1.001371
  86,  0.997898,  1.002541,  1.001316,  1.001316
  87,  0.997927,  1.002555,  1.001228,  1.001228
  88,  0.997926,  1.002557,  1.001228,  1.001228
  89,  0.997926,  1.002557,  1.001228,  1.001228
Optimization terminated successfully.
         Current function value: 1.559805
         Iterations: 6
         Function evaluations: 55
         Gradient evaluations: 11
  90,  0.994860,  0.997730,  0.999612,  0.999612
  91,  0.989717,  0.995455,  1.004731,  1.004731
  92,  0.986692,  1.002070,  1.004821,  1.004821
  93,  0.987345,  1.001993,  1.004483,  1.004483
  94,  0.988116,  1.001944,  1.004075,  1.004075
  95,  0.988120,  1.001934,  1.004075,  1.004075
  96,  0.988120,  1.001934,  1.004075,  1.004075
Optimization terminated successfully.
         Current function value: 11.066406
         Iterations: 7
         Function evaluations: 50
         Gradient evaluations: 10
