fisher1 and fisher2 are: 0.8915414608033614, 0
begin truth calculations
begin calculating d2chi
   1,  0.998550,  0.999377,  1.001848,  1.001848
   2,  0.998001,  0.999126,  1.001574,  1.001574
   3,  0.997708,  0.999769,  1.001562,  1.001562
   4,  0.997767,  0.999783,  1.001493,  1.001493
   5,  0.997899,  0.999815,  1.001337,  1.001337
   6,  0.998047,  0.999848,  1.001163,  1.001163
   7,  0.998048,  0.999847,  1.001164,  1.001164
   8,  0.998048,  0.999847,  1.001164,  1.001164
Optimization terminated successfully.
         Current function value: 0.369677
         Iterations: 8
         Function evaluations: 70
         Gradient evaluations: 14
   9,  0.998515,  0.999344,  0.999782,  0.999782
  10,  0.997047,  0.998691,  1.001133,  1.001133
  11,  0.996300,  1.000326,  1.001155,  1.001155
  12,  0.996431,  1.000357,  1.001166,  1.001166
  13,  0.996517,  1.000381,  1.001172,  1.001172
  14,  0.996517,  1.000381,  1.001172,  1.001172
Optimization terminated successfully.
         Current function value: 1.184949
         Iterations: 6
         Function evaluations: 45
         Gradient evaluations: 9
  15,  0.998550,  0.999377,  1.001848,  1.001848
  16,  0.998001,  0.999126,  1.001574,  1.001574
  17,  0.997708,  0.999769,  1.001562,  1.001562
  18,  0.997767,  0.999783,  1.001493,  1.001493
  19,  0.997899,  0.999815,  1.001337,  1.001337
  20,  0.998047,  0.999848,  1.001163,  1.001163
  21,  0.998048,  0.999847,  1.001164,  1.001164
  22,  0.998048,  0.999847,  1.001164,  1.001164
Optimization terminated successfully.
         Current function value: 0.369679
         Iterations: 8
         Function evaluations: 70
         Gradient evaluations: 14
  23,  0.998515,  0.999344,  0.999782,  0.999782
  24,  0.997047,  0.998691,  1.001133,  1.001133
  25,  0.996300,  1.000326,  1.001155,  1.001155
  26,  0.996431,  1.000357,  1.001166,  1.001166
  27,  0.996517,  1.000381,  1.001172,  1.001172
  28,  0.996517,  1.000381,  1.001172,  1.001172
Optimization terminated successfully.
         Current function value: 1.184957
         Iterations: 6
         Function evaluations: 45
         Gradient evaluations: 9
  29,  0.998550,  0.999377,  1.001848,  1.001848
  30,  0.998001,  0.999126,  1.001574,  1.001574
  31,  0.997708,  0.999769,  1.001562,  1.001562
  32,  0.997767,  0.999783,  1.001493,  1.001493
  33,  0.997899,  0.999815,  1.001337,  1.001337
  34,  0.998047,  0.999848,  1.001163,  1.001163
  35,  0.998048,  0.999847,  1.001164,  1.001164
  36,  0.998048,  0.999847,  1.001164,  1.001164
Optimization terminated successfully.
         Current function value: 0.369681
         Iterations: 8
         Function evaluations: 70
         Gradient evaluations: 14
  37,  0.998515,  0.999344,  0.999782,  0.999782
  38,  0.997047,  0.998691,  1.001133,  1.001133
  39,  0.996300,  1.000326,  1.001155,  1.001155
  40,  0.996431,  1.000357,  1.001166,  1.001166
  41,  0.996517,  1.000381,  1.001172,  1.001172
  42,  0.996517,  1.000381,  1.001172,  1.001172
Optimization terminated successfully.
         Current function value: 1.184965
         Iterations: 6
         Function evaluations: 45
         Gradient evaluations: 9
  43,  0.998550,  0.999377,  1.001848,  1.001848
  44,  0.998001,  0.999126,  1.001574,  1.001574
  45,  0.997708,  0.999769,  1.001562,  1.001562
  46,  0.997767,  0.999783,  1.001493,  1.001493
  47,  0.997899,  0.999815,  1.001337,  1.001337
  48,  0.998047,  0.999848,  1.001163,  1.001163
  49,  0.998048,  0.999847,  1.001164,  1.001164
  50,  0.998048,  0.999847,  1.001164,  1.001164
Optimization terminated successfully.
         Current function value: 0.369684
         Iterations: 8
         Function evaluations: 70
         Gradient evaluations: 14
  51,  0.998515,  0.999344,  0.999782,  0.999782
  52,  0.997047,  0.998691,  1.001133,  1.001133
  53,  0.996300,  1.000326,  1.001155,  1.001155
  54,  0.996431,  1.000357,  1.001166,  1.001166
  55,  0.996517,  1.000381,  1.001172,  1.001172
  56,  0.996517,  1.000381,  1.001172,  1.001172
Optimization terminated successfully.
         Current function value: 1.184973
         Iterations: 6
         Function evaluations: 45
         Gradient evaluations: 9
  57,  0.998550,  0.999377,  1.001848,  1.001848
  58,  0.998001,  0.999126,  1.001574,  1.001574
  59,  0.997708,  0.999769,  1.001562,  1.001562
  60,  0.997767,  0.999783,  1.001493,  1.001493
  61,  0.997899,  0.999815,  1.001337,  1.001337
  62,  0.998047,  0.999848,  1.001163,  1.001163
  63,  0.998048,  0.999847,  1.001164,  1.001164
  64,  0.998048,  0.999847,  1.001164,  1.001164
Optimization terminated successfully.
         Current function value: 0.369686
         Iterations: 8
         Function evaluations: 70
         Gradient evaluations: 14
  65,  0.998515,  0.999344,  0.999782,  0.999782
  66,  0.997047,  0.998691,  1.001133,  1.001133
  67,  0.996300,  1.000326,  1.001155,  1.001155
  68,  0.996431,  1.000357,  1.001166,  1.001166
  69,  0.996517,  1.000381,  1.001172,  1.001172
  70,  0.996517,  1.000381,  1.001172,  1.001172
Optimization terminated successfully.
         Current function value: 1.184981
         Iterations: 6
         Function evaluations: 45
         Gradient evaluations: 9
  71,  0.998550,  0.999377,  1.001848,  1.001848
  72,  0.998001,  0.999126,  1.001574,  1.001574
  73,  0.997708,  0.999769,  1.001562,  1.001562
  74,  0.997767,  0.999783,  1.001493,  1.001493
  75,  0.997899,  0.999815,  1.001337,  1.001337
  76,  0.998047,  0.999848,  1.001163,  1.001163
  77,  0.998048,  0.999847,  1.001164,  1.001164
  78,  0.998048,  0.999847,  1.001164,  1.001164
Optimization terminated successfully.
         Current function value: 0.369688
         Iterations: 8
         Function evaluations: 70
         Gradient evaluations: 14
  79,  0.998515,  0.999344,  0.999782,  0.999782
  80,  0.997047,  0.998691,  1.001133,  1.001133
  81,  0.996300,  1.000326,  1.001155,  1.001155
  82,  0.996431,  1.000357,  1.001166,  1.001166
  83,  0.996516,  1.000381,  1.001172,  1.001172
  84,  0.996517,  1.000381,  1.001172,  1.001172
Optimization terminated successfully.
         Current function value: 1.184989
         Iterations: 6
         Function evaluations: 45
         Gradient evaluations: 9
  85,  0.998550,  0.999377,  1.001848,  1.001848
  86,  0.998001,  0.999126,  1.001574,  1.001574
  87,  0.997708,  0.999769,  1.001562,  1.001562
  88,  0.997767,  0.999783,  1.001493,  1.001493
  89,  0.997899,  0.999814,  1.001337,  1.001337
  90,  0.998047,  0.999848,  1.001163,  1.001163
  91,  0.998048,  0.999847,  1.001164,  1.001164
  92,  0.998048,  0.999847,  1.001164,  1.001164
Optimization terminated successfully.
         Current function value: 0.369691
         Iterations: 8
         Function evaluations: 70
         Gradient evaluations: 14
  93,  0.998515,  0.999344,  0.999782,  0.999782
  94,  0.997047,  0.998691,  1.001133,  1.001133
  95,  0.996300,  1.000326,  1.001155,  1.001155
  96,  0.996431,  1.000357,  1.001166,  1.001166
  97,  0.996516,  1.000381,  1.001172,  1.001172
  98,  0.996517,  1.000381,  1.001172,  1.001172
Optimization terminated successfully.
         Current function value: 1.184997
         Iterations: 6
         Function evaluations: 45
         Gradient evaluations: 9
