fisher1 and fisher2 are: 0.9260989799928494, 0
begin truth calculations
begin calculating d2chi
   1,  0.996679,  0.998575,  1.004295,  1.004295
   2,  0.995440,  0.998010,  1.003688,  1.003688
   3,  0.994734,  0.999562,  1.003659,  1.003659
   4,  0.994853,  0.999594,  1.003516,  1.003516
   5,  0.995110,  0.999665,  1.003204,  1.003204
   6,  0.995592,  0.999787,  1.002624,  1.002624
   7,  0.995596,  0.999774,  1.002625,  1.002625
   8,  0.995596,  0.999774,  1.002625,  1.002625
   9,  0.995596,  0.999774,  1.002625,  1.002625
Optimization terminated successfully.
         Current function value: 1.810295
         Iterations: 9
         Function evaluations: 75
         Gradient evaluations: 15
  10,  0.996441,  0.998428,  0.999506,  0.999506
  11,  0.992910,  0.996860,  1.002801,  1.002801
  12,  0.991050,  1.000937,  1.002854,  1.002854
  13,  0.991456,  1.000909,  1.002823,  1.002823
  14,  0.991723,  1.000909,  1.002800,  1.002800
  15,  0.991725,  1.000905,  1.002800,  1.002800
  16,  0.991725,  1.000905,  1.002800,  1.002800
Optimization terminated successfully.
         Current function value: 6.441912
         Iterations: 7
         Function evaluations: 50
         Gradient evaluations: 10
  17,  0.996679,  0.998575,  1.004295,  1.004295
  18,  0.995440,  0.998010,  1.003688,  1.003688
  19,  0.994734,  0.999562,  1.003659,  1.003659
  20,  0.994853,  0.999594,  1.003516,  1.003516
  21,  0.995110,  0.999665,  1.003204,  1.003204
  22,  0.995592,  0.999787,  1.002624,  1.002624
  23,  0.995596,  0.999774,  1.002625,  1.002625
  24,  0.995596,  0.999774,  1.002625,  1.002625
  25,  0.995596,  0.999774,  1.002625,  1.002625
Optimization terminated successfully.
         Current function value: 1.810301
         Iterations: 9
         Function evaluations: 75
         Gradient evaluations: 15
  26,  0.996441,  0.998428,  0.999506,  0.999506
  27,  0.992910,  0.996860,  1.002801,  1.002801
  28,  0.991050,  1.000937,  1.002854,  1.002854
  29,  0.991456,  1.000909,  1.002823,  1.002823
  30,  0.991723,  1.000909,  1.002800,  1.002800
  31,  0.991725,  1.000905,  1.002800,  1.002800
  32,  0.991725,  1.000905,  1.002800,  1.002800
Optimization terminated successfully.
         Current function value: 6.441936
         Iterations: 7
         Function evaluations: 50
         Gradient evaluations: 10
  33,  0.996679,  0.998575,  1.004295,  1.004295
  34,  0.995440,  0.998010,  1.003688,  1.003688
  35,  0.994734,  0.999562,  1.003659,  1.003659
  36,  0.994853,  0.999594,  1.003516,  1.003516
  37,  0.995110,  0.999665,  1.003204,  1.003204
  38,  0.995592,  0.999787,  1.002624,  1.002624
  39,  0.995596,  0.999774,  1.002625,  1.002625
  40,  0.995596,  0.999774,  1.002625,  1.002625
  41,  0.995596,  0.999774,  1.002625,  1.002625
  42,  0.995596,  0.999774,  1.002625,  1.002625
Warning: Maximum number of iterations has been exceeded.
         Current function value: 1.810307
         Iterations: 10
         Function evaluations: 85
         Gradient evaluations: 17
  43,  0.996441,  0.998428,  0.999506,  0.999506
  44,  0.992910,  0.996860,  1.002801,  1.002801
  45,  0.991050,  1.000937,  1.002854,  1.002854
  46,  0.991456,  1.000909,  1.002823,  1.002823
  47,  0.991723,  1.000909,  1.002800,  1.002800
  48,  0.991725,  1.000905,  1.002800,  1.002800
  49,  0.991725,  1.000905,  1.002800,  1.002800
Optimization terminated successfully.
         Current function value: 6.441960
         Iterations: 7
         Function evaluations: 50
         Gradient evaluations: 10
  50,  0.996679,  0.998575,  1.004295,  1.004295
  51,  0.995440,  0.998010,  1.003688,  1.003688
  52,  0.994734,  0.999562,  1.003659,  1.003659
  53,  0.994853,  0.999594,  1.003516,  1.003516
  54,  0.995110,  0.999665,  1.003204,  1.003204
  55,  0.995592,  0.999787,  1.002624,  1.002624
  56,  0.995596,  0.999774,  1.002625,  1.002625
  57,  0.995596,  0.999774,  1.002625,  1.002625
  58,  0.995596,  0.999774,  1.002625,  1.002625
Optimization terminated successfully.
         Current function value: 1.810313
         Iterations: 9
         Function evaluations: 75
         Gradient evaluations: 15
  59,  0.996441,  0.998428,  0.999506,  0.999506
  60,  0.992910,  0.996860,  1.002801,  1.002801
  61,  0.991050,  1.000937,  1.002854,  1.002854
  62,  0.991456,  1.000909,  1.002823,  1.002823
  63,  0.991723,  1.000909,  1.002800,  1.002800
  64,  0.991725,  1.000905,  1.002800,  1.002800
  65,  0.991725,  1.000905,  1.002800,  1.002800
Optimization terminated successfully.
         Current function value: 6.441984
         Iterations: 7
         Function evaluations: 50
         Gradient evaluations: 10
  66,  0.996679,  0.998575,  1.004295,  1.004295
  67,  0.995440,  0.998010,  1.003688,  1.003688
  68,  0.994734,  0.999562,  1.003659,  1.003659
  69,  0.994853,  0.999594,  1.003516,  1.003516
  70,  0.995110,  0.999665,  1.003204,  1.003204
  71,  0.995592,  0.999787,  1.002624,  1.002624
  72,  0.995596,  0.999774,  1.002625,  1.002625
  73,  0.995596,  0.999774,  1.002625,  1.002625
  74,  0.995596,  0.999774,  1.002625,  1.002625
Optimization terminated successfully.
         Current function value: 1.810320
         Iterations: 9
         Function evaluations: 75
         Gradient evaluations: 15
  75,  0.996441,  0.998428,  0.999506,  0.999506
  76,  0.992910,  0.996860,  1.002801,  1.002801
  77,  0.991050,  1.000937,  1.002854,  1.002854
  78,  0.991456,  1.000909,  1.002823,  1.002823
  79,  0.991723,  1.000909,  1.002800,  1.002800
  80,  0.991725,  1.000905,  1.002800,  1.002800
  81,  0.991725,  1.000905,  1.002800,  1.002800
Optimization terminated successfully.
         Current function value: 6.442008
         Iterations: 7
         Function evaluations: 50
         Gradient evaluations: 10
  82,  0.996679,  0.998575,  1.004295,  1.004295
  83,  0.995440,  0.998010,  1.003688,  1.003688
  84,  0.994734,  0.999562,  1.003659,  1.003659
  85,  0.994853,  0.999594,  1.003516,  1.003516
  86,  0.995110,  0.999665,  1.003204,  1.003204
  87,  0.995592,  0.999787,  1.002624,  1.002624
  88,  0.995596,  0.999774,  1.002625,  1.002625
  89,  0.995596,  0.999774,  1.002625,  1.002625
  90,  0.995596,  0.999774,  1.002625,  1.002625
Optimization terminated successfully.
         Current function value: 1.810326
         Iterations: 9
         Function evaluations: 75
         Gradient evaluations: 15
  91,  0.996441,  0.998428,  0.999506,  0.999506
  92,  0.992910,  0.996860,  1.002801,  1.002801
  93,  0.991050,  1.000937,  1.002854,  1.002854
  94,  0.991456,  1.000909,  1.002823,  1.002823
  95,  0.991723,  1.000909,  1.002800,  1.002800
  96,  0.991725,  1.000905,  1.002800,  1.002800
  97,  0.991725,  1.000905,  1.002800,  1.002800
Optimization terminated successfully.
         Current function value: 6.442032
         Iterations: 7
         Function evaluations: 50
         Gradient evaluations: 10
  98,  0.996679,  0.998575,  1.004295,  1.004295
  99,  0.995440,  0.998010,  1.003688,  1.003688
 100,  0.994734,  0.999562,  1.003659,  1.003659
 101,  0.994853,  0.999594,  1.003516,  1.003516
 102,  0.995110,  0.999665,  1.003204,  1.003204
 103,  0.995592,  0.999787,  1.002624,  1.002624
 104,  0.995596,  0.999774,  1.002625,  1.002625
 105,  0.995596,  0.999774,  1.002625,  1.002625
 106,  0.995596,  0.999774,  1.002625,  1.002625
 107,  0.995596,  0.999774,  1.002625,  1.002625
Warning: Maximum number of iterations has been exceeded.
         Current function value: 1.810332
         Iterations: 10
         Function evaluations: 85
         Gradient evaluations: 17
 108,  0.996441,  0.998428,  0.999506,  0.999506
 109,  0.992910,  0.996860,  1.002801,  1.002801
 110,  0.991050,  1.000937,  1.002854,  1.002854
 111,  0.991456,  1.000909,  1.002823,  1.002823
 112,  0.991723,  1.000909,  1.002800,  1.002800
 113,  0.991725,  1.000905,  1.002800,  1.002800
 114,  0.991725,  1.000905,  1.002800,  1.002800
Optimization terminated successfully.
         Current function value: 6.442056
         Iterations: 7
         Function evaluations: 50
         Gradient evaluations: 10
