fisher1 and fisher2 are: 0.7250370501631009, 0
begin truth calculations
begin calculating d2chi
   1,  1.001198,  1.000526,  0.998871,  0.998871
   2,  1.001648,  1.000738,  0.999180,  0.999180
   3,  1.001518,  1.001024,  0.999174,  0.999174
   4,  1.001568,  1.001024,  0.999136,  0.999136
   5,  1.001646,  1.001024,  0.999078,  0.999078
   6,  1.001646,  1.001024,  0.999078,  0.999078
Optimization terminated successfully.
         Current function value: 0.744815
         Iterations: 6
         Function evaluations: 65
         Gradient evaluations: 13
   7,  0.999864,  0.999947,  1.000123,  1.000123
   8,  0.999773,  0.999913,  1.000111,  1.000111
   9,  0.999220,  1.001125,  1.000127,  1.000127
  10,  0.999274,  1.000917,  1.000155,  1.000155
  11,  0.999351,  1.000623,  1.000195,  1.000195
  12,  0.999351,  1.000623,  1.000195,  1.000195
Optimization terminated successfully.
         Current function value: 0.108750
         Iterations: 6
         Function evaluations: 45
         Gradient evaluations: 9
  13,  1.001198,  1.000526,  0.998871,  0.998871
  14,  1.001648,  1.000738,  0.999180,  0.999180
  15,  1.001518,  1.001024,  0.999174,  0.999174
  16,  1.001568,  1.001024,  0.999136,  0.999136
  17,  1.001646,  1.001024,  0.999078,  0.999078
  18,  1.001646,  1.001024,  0.999078,  0.999078
Optimization terminated successfully.
         Current function value: 0.744815
         Iterations: 6
         Function evaluations: 65
         Gradient evaluations: 13
  19,  0.999864,  0.999947,  1.000123,  1.000123
  20,  0.999773,  0.999913,  1.000111,  1.000111
  21,  0.999220,  1.001125,  1.000127,  1.000127
  22,  0.999274,  1.000917,  1.000155,  1.000155
  23,  0.999351,  1.000623,  1.000195,  1.000195
  24,  0.999351,  1.000623,  1.000195,  1.000195
Optimization terminated successfully.
         Current function value: 0.108750
         Iterations: 6
         Function evaluations: 45
         Gradient evaluations: 9
  25,  1.001198,  1.000526,  0.998871,  0.998871
  26,  1.001648,  1.000738,  0.999180,  0.999180
  27,  1.001518,  1.001024,  0.999174,  0.999174
  28,  1.001568,  1.001024,  0.999136,  0.999136
  29,  1.001646,  1.001024,  0.999078,  0.999078
  30,  1.001646,  1.001024,  0.999078,  0.999078
Optimization terminated successfully.
         Current function value: 0.744815
         Iterations: 6
         Function evaluations: 65
         Gradient evaluations: 13
  31,  0.999864,  0.999947,  1.000123,  1.000123
  32,  0.999773,  0.999913,  1.000111,  1.000111
  33,  0.999219,  1.001125,  1.000127,  1.000127
  34,  0.999274,  1.000917,  1.000155,  1.000155
  35,  0.999351,  1.000623,  1.000195,  1.000195
  36,  0.999351,  1.000623,  1.000195,  1.000195
Optimization terminated successfully.
         Current function value: 0.108749
         Iterations: 6
         Function evaluations: 45
         Gradient evaluations: 9
  37,  1.001198,  1.000526,  0.998871,  0.998871
  38,  1.001648,  1.000738,  0.999180,  0.999180
  39,  1.001518,  1.001024,  0.999174,  0.999174
  40,  1.001568,  1.001024,  0.999136,  0.999136
  41,  1.001646,  1.001024,  0.999078,  0.999078
  42,  1.001646,  1.001024,  0.999078,  0.999078
Optimization terminated successfully.
         Current function value: 0.744815
         Iterations: 6
         Function evaluations: 65
         Gradient evaluations: 13
  43,  0.999864,  0.999947,  1.000123,  1.000123
  44,  0.999773,  0.999913,  1.000111,  1.000111
  45,  0.999219,  1.001125,  1.000127,  1.000127
  46,  0.999274,  1.000917,  1.000155,  1.000155
  47,  0.999351,  1.000622,  1.000195,  1.000195
  48,  0.999351,  1.000623,  1.000195,  1.000195
Optimization terminated successfully.
         Current function value: 0.108749
         Iterations: 6
         Function evaluations: 45
         Gradient evaluations: 9
  49,  1.001198,  1.000526,  0.998871,  0.998871
  50,  1.001648,  1.000738,  0.999180,  0.999180
  51,  1.001518,  1.001024,  0.999174,  0.999174
  52,  1.001568,  1.001024,  0.999136,  0.999136
  53,  1.001646,  1.001024,  0.999078,  0.999078
  54,  1.001646,  1.001024,  0.999078,  0.999078
Optimization terminated successfully.
         Current function value: 0.744815
         Iterations: 6
         Function evaluations: 65
         Gradient evaluations: 13
  55,  0.999864,  0.999947,  1.000123,  1.000123
  56,  0.999773,  0.999913,  1.000111,  1.000111
  57,  0.999219,  1.001125,  1.000127,  1.000127
  58,  0.999274,  1.000918,  1.000155,  1.000155
  59,  0.999351,  1.000622,  1.000195,  1.000195
  60,  0.999351,  1.000623,  1.000195,  1.000195
Optimization terminated successfully.
         Current function value: 0.108749
         Iterations: 6
         Function evaluations: 45
         Gradient evaluations: 9
  61,  1.001198,  1.000526,  0.998871,  0.998871
  62,  1.001648,  1.000738,  0.999180,  0.999180
  63,  1.001518,  1.001024,  0.999174,  0.999174
  64,  1.001568,  1.001024,  0.999136,  0.999136
  65,  1.001646,  1.001024,  0.999078,  0.999078
  66,  1.001646,  1.001024,  0.999078,  0.999078
Optimization terminated successfully.
         Current function value: 0.744815
         Iterations: 6
         Function evaluations: 65
         Gradient evaluations: 13
  67,  0.999864,  0.999947,  1.000123,  1.000123
  68,  0.999773,  0.999913,  1.000111,  1.000111
  69,  0.999219,  1.001125,  1.000127,  1.000127
  70,  0.999274,  1.000918,  1.000155,  1.000155
  71,  0.999351,  1.000622,  1.000195,  1.000195
  72,  0.999351,  1.000623,  1.000195,  1.000195
Optimization terminated successfully.
         Current function value: 0.108749
         Iterations: 6
         Function evaluations: 45
         Gradient evaluations: 9
  73,  1.001198,  1.000526,  0.998871,  0.998871
  74,  1.001648,  1.000738,  0.999180,  0.999180
  75,  1.001518,  1.001024,  0.999174,  0.999174
  76,  1.001568,  1.001024,  0.999136,  0.999136
  77,  1.001646,  1.001024,  0.999078,  0.999078
  78,  1.001646,  1.001024,  0.999078,  0.999078
Optimization terminated successfully.
         Current function value: 0.744814
         Iterations: 6
         Function evaluations: 65
         Gradient evaluations: 13
  79,  0.999864,  0.999947,  1.000123,  1.000123
  80,  0.999773,  0.999913,  1.000111,  1.000111
  81,  0.999219,  1.001125,  1.000127,  1.000127
  82,  0.999274,  1.000918,  1.000155,  1.000155
  83,  0.999351,  1.000622,  1.000195,  1.000195
  84,  0.999351,  1.000623,  1.000195,  1.000195
Optimization terminated successfully.
         Current function value: 0.108748
         Iterations: 6
         Function evaluations: 45
         Gradient evaluations: 9
