fisher1 and fisher2 are: 0.6810547530128435, 0
begin truth calculations
begin calculating d2chi
   1,  1.000696,  1.000326,  0.999964,  0.999964
   2,  1.000691,  1.000339,  0.999975,  0.999975
   3,  1.000490,  1.000780,  0.999964,  0.999964
   4,  1.000335,  1.001244,  0.999951,  0.999951
   5,  1.000194,  1.001667,  0.999939,  0.999939
   6,  1.000193,  1.001669,  0.999939,  0.999939
   7,  1.000193,  1.001669,  0.999939,  0.999939
   8,  1.000193,  1.001669,  0.999939,  0.999939
   9,  1.000193,  1.001669,  0.999939,  0.999939
Optimization terminated successfully.
         Current function value: 0.877473
         Iterations: 9
         Function evaluations: 75
         Gradient evaluations: 15
  10,  0.997697,  0.998989,  0.999894,  0.999894
  11,  0.995398,  0.997983,  1.002227,  1.002227
  12,  0.993942,  1.001167,  1.002270,  1.002270
  13,  0.994209,  1.001236,  1.002073,  1.002073
  14,  0.994525,  1.001328,  1.001838,  1.001838
  15,  0.994525,  1.001327,  1.001838,  1.001838
  16,  0.994525,  1.001327,  1.001838,  1.001838
Optimization terminated successfully.
         Current function value: 2.202223
         Iterations: 7
         Function evaluations: 50
         Gradient evaluations: 10
  17,  1.000696,  1.000326,  0.999964,  0.999964
  18,  1.000691,  1.000339,  0.999975,  0.999975
  19,  1.000490,  1.000780,  0.999964,  0.999964
  20,  1.000335,  1.001244,  0.999951,  0.999951
  21,  1.000194,  1.001667,  0.999939,  0.999939
  22,  1.000193,  1.001669,  0.999939,  0.999939
  23,  1.000193,  1.001669,  0.999939,  0.999939
  24,  1.000193,  1.001669,  0.999939,  0.999939
  25,  1.000193,  1.001669,  0.999939,  0.999939
  26,  1.000193,  1.001669,  0.999939,  0.999939
Warning: Maximum number of iterations has been exceeded.
         Current function value: 0.877472
         Iterations: 10
         Function evaluations: 478
         Gradient evaluations: 95
  27,  0.997697,  0.998989,  0.999894,  0.999894
  28,  0.995398,  0.997983,  1.002227,  1.002227
  29,  0.993942,  1.001167,  1.002270,  1.002270
  30,  0.994209,  1.001236,  1.002073,  1.002073
  31,  0.994525,  1.001328,  1.001838,  1.001838
  32,  0.994525,  1.001327,  1.001838,  1.001838
  33,  0.994525,  1.001327,  1.001838,  1.001838
Optimization terminated successfully.
         Current function value: 2.202212
         Iterations: 7
         Function evaluations: 50
         Gradient evaluations: 10
  34,  1.000696,  1.000326,  0.999964,  0.999964
  35,  1.000691,  1.000339,  0.999975,  0.999975
  36,  1.000490,  1.000780,  0.999964,  0.999964
  37,  1.000335,  1.001244,  0.999951,  0.999951
  38,  1.000194,  1.001667,  0.999939,  0.999939
  39,  1.000193,  1.001669,  0.999939,  0.999939
  40,  1.000193,  1.001669,  0.999939,  0.999939
  41,  1.000193,  1.001669,  0.999939,  0.999939
  42,  1.000193,  1.001669,  0.999939,  0.999939
Optimization terminated successfully.
         Current function value: 0.877471
         Iterations: 9
         Function evaluations: 400
         Gradient evaluations: 79
  43,  0.997697,  0.998989,  0.999894,  0.999894
  44,  0.995398,  0.997983,  1.002227,  1.002227
  45,  0.993942,  1.001167,  1.002270,  1.002270
  46,  0.994209,  1.001236,  1.002073,  1.002073
  47,  0.994525,  1.001328,  1.001838,  1.001838
  48,  0.994525,  1.001327,  1.001838,  1.001838
  49,  0.994525,  1.001327,  1.001838,  1.001838
Optimization terminated successfully.
         Current function value: 2.202200
         Iterations: 7
         Function evaluations: 50
         Gradient evaluations: 10
  50,  1.000696,  1.000326,  0.999964,  0.999964
  51,  1.000691,  1.000339,  0.999975,  0.999975
  52,  1.000490,  1.000780,  0.999964,  0.999964
  53,  1.000336,  1.001244,  0.999951,  0.999951
  54,  1.000194,  1.001667,  0.999939,  0.999939
  55,  1.000193,  1.001669,  0.999939,  0.999939
  56,  1.000193,  1.001669,  0.999939,  0.999939
  57,  1.000193,  1.001669,  0.999939,  0.999939
Optimization terminated successfully.
         Current function value: 0.877471
         Iterations: 8
         Function evaluations: 70
         Gradient evaluations: 14
  58,  0.997697,  0.998989,  0.999894,  0.999894
  59,  0.995398,  0.997983,  1.002227,  1.002227
  60,  0.993942,  1.001167,  1.002270,  1.002270
  61,  0.994209,  1.001236,  1.002073,  1.002073
  62,  0.994525,  1.001328,  1.001838,  1.001838
  63,  0.994525,  1.001327,  1.001838,  1.001838
  64,  0.994525,  1.001327,  1.001838,  1.001838
Optimization terminated successfully.
         Current function value: 2.202189
         Iterations: 7
         Function evaluations: 50
         Gradient evaluations: 10
  65,  1.000696,  1.000326,  0.999964,  0.999964
  66,  1.000691,  1.000339,  0.999975,  0.999975
  67,  1.000490,  1.000780,  0.999964,  0.999964
  68,  1.000336,  1.001244,  0.999951,  0.999951
  69,  1.000194,  1.001667,  0.999939,  0.999939
  70,  1.000193,  1.001669,  0.999939,  0.999939
  71,  1.000193,  1.001669,  0.999939,  0.999939
  72,  1.000193,  1.001669,  0.999939,  0.999939
Optimization terminated successfully.
         Current function value: 0.877470
         Iterations: 8
         Function evaluations: 70
         Gradient evaluations: 14
  73,  0.997697,  0.998989,  0.999894,  0.999894
  74,  0.995398,  0.997983,  1.002227,  1.002227
  75,  0.993942,  1.001167,  1.002270,  1.002270
  76,  0.994209,  1.001236,  1.002073,  1.002073
  77,  0.994525,  1.001328,  1.001838,  1.001838
  78,  0.994525,  1.001327,  1.001838,  1.001838
  79,  0.994525,  1.001327,  1.001838,  1.001838
Optimization terminated successfully.
         Current function value: 2.202178
         Iterations: 7
         Function evaluations: 50
         Gradient evaluations: 10
  80,  1.000696,  1.000326,  0.999964,  0.999964
  81,  1.000691,  1.000339,  0.999975,  0.999975
  82,  1.000490,  1.000780,  0.999964,  0.999964
  83,  1.000336,  1.001243,  0.999951,  0.999951
  84,  1.000194,  1.001667,  0.999939,  0.999939
  85,  1.000193,  1.001669,  0.999939,  0.999939
  86,  1.000193,  1.001669,  0.999939,  0.999939
  87,  1.000193,  1.001669,  0.999939,  0.999939
Optimization terminated successfully.
         Current function value: 0.877469
         Iterations: 8
         Function evaluations: 70
         Gradient evaluations: 14
  88,  0.997697,  0.998989,  0.999894,  0.999894
  89,  0.995398,  0.997983,  1.002227,  1.002227
  90,  0.993942,  1.001167,  1.002270,  1.002270
  91,  0.994209,  1.001236,  1.002073,  1.002073
  92,  0.994525,  1.001328,  1.001838,  1.001838
  93,  0.994525,  1.001327,  1.001838,  1.001838
  94,  0.994525,  1.001327,  1.001838,  1.001838
Optimization terminated successfully.
         Current function value: 2.202166
         Iterations: 7
         Function evaluations: 50
         Gradient evaluations: 10
  95,  1.000696,  1.000326,  0.999964,  0.999964
  96,  1.000691,  1.000339,  0.999975,  0.999975
  97,  1.000490,  1.000780,  0.999964,  0.999964
  98,  1.000336,  1.001243,  0.999951,  0.999951
  99,  1.000194,  1.001667,  0.999939,  0.999939
 100,  1.000193,  1.001669,  0.999939,  0.999939
 101,  1.000193,  1.001669,  0.999939,  0.999939
 102,  1.000193,  1.001669,  0.999939,  0.999939
Optimization terminated successfully.
         Current function value: 0.877468
         Iterations: 8
         Function evaluations: 110
         Gradient evaluations: 22
 103,  0.997697,  0.998989,  0.999894,  0.999894
 104,  0.995398,  0.997983,  1.002227,  1.002227
 105,  0.993942,  1.001167,  1.002270,  1.002270
 106,  0.994209,  1.001236,  1.002073,  1.002073
 107,  0.994525,  1.001328,  1.001838,  1.001838
 108,  0.994525,  1.001327,  1.001838,  1.001838
 109,  0.994525,  1.001327,  1.001838,  1.001838
Optimization terminated successfully.
         Current function value: 2.202155
         Iterations: 7
         Function evaluations: 50
         Gradient evaluations: 10
