fisher1 and fisher2 are: 0.9355237579536189, 0
begin truth calculations
begin calculating d2chi
   1,  0.996089,  0.998323,  1.005076,  1.005076
   2,  0.994635,  0.997659,  1.004367,  1.004367
   3,  0.993786,  0.999528,  1.004332,  1.004332
   4,  0.993920,  0.999563,  1.004171,  1.004171
   5,  0.994209,  0.999641,  1.003820,  1.003820
   6,  0.994827,  0.999792,  1.003077,  1.003077
   7,  0.994833,  0.999772,  1.003078,  1.003078
   8,  0.994833,  0.999771,  1.003079,  1.003079
   9,  0.994833,  0.999771,  1.003079,  1.003079
Optimization terminated successfully.
         Current function value: 2.467677
         Iterations: 9
         Function evaluations: 75
         Gradient evaluations: 15
  10,  0.995765,  0.998129,  0.999421,  0.999421
  11,  0.991557,  0.996261,  1.003362,  1.003362
  12,  0.989268,  1.001282,  1.003428,  1.003428
  13,  0.989794,  1.001146,  1.003373,  1.003373
  14,  0.990179,  1.001071,  1.003329,  1.003329
  15,  0.990183,  1.001063,  1.003328,  1.003328
  16,  0.990183,  1.001063,  1.003328,  1.003328
Optimization terminated successfully.
         Current function value: 8.981973
         Iterations: 7
         Function evaluations: 50
         Gradient evaluations: 10
  17,  0.996089,  0.998323,  1.005076,  1.005076
  18,  0.994635,  0.997659,  1.004367,  1.004367
  19,  0.993786,  0.999528,  1.004332,  1.004332
  20,  0.993920,  0.999563,  1.004171,  1.004171
  21,  0.994209,  0.999641,  1.003820,  1.003820
  22,  0.994827,  0.999792,  1.003077,  1.003077
  23,  0.994833,  0.999772,  1.003078,  1.003078
  24,  0.994833,  0.999771,  1.003079,  1.003079
  25,  0.994833,  0.999771,  1.003079,  1.003079
Optimization terminated successfully.
         Current function value: 2.467685
         Iterations: 9
         Function evaluations: 75
         Gradient evaluations: 15
  26,  0.995764,  0.998129,  0.999421,  0.999421
  27,  0.991557,  0.996261,  1.003362,  1.003362
  28,  0.989268,  1.001282,  1.003428,  1.003428
  29,  0.989794,  1.001146,  1.003373,  1.003373
  30,  0.990179,  1.001071,  1.003329,  1.003329
  31,  0.990183,  1.001063,  1.003328,  1.003328
  32,  0.990183,  1.001063,  1.003328,  1.003328
  33,  0.990183,  1.001063,  1.003328,  1.003328
  34,  0.990183,  1.001063,  1.003328,  1.003328
Optimization terminated successfully.
         Current function value: 8.982003
         Iterations: 9
         Function evaluations: 70
         Gradient evaluations: 14
  35,  0.996089,  0.998323,  1.005076,  1.005076
  36,  0.994635,  0.997659,  1.004367,  1.004367
  37,  0.993786,  0.999528,  1.004332,  1.004332
  38,  0.993920,  0.999563,  1.004171,  1.004171
  39,  0.994209,  0.999641,  1.003820,  1.003820
  40,  0.994827,  0.999792,  1.003077,  1.003077
  41,  0.994833,  0.999772,  1.003079,  1.003079
  42,  0.994833,  0.999771,  1.003079,  1.003079
  43,  0.994833,  0.999771,  1.003079,  1.003079
Optimization terminated successfully.
         Current function value: 2.467693
         Iterations: 9
         Function evaluations: 75
         Gradient evaluations: 15
  44,  0.995764,  0.998129,  0.999421,  0.999421
  45,  0.991557,  0.996261,  1.003363,  1.003363
  46,  0.989268,  1.001282,  1.003428,  1.003428
  47,  0.989794,  1.001146,  1.003373,  1.003373
  48,  0.990179,  1.001071,  1.003329,  1.003329
  49,  0.990183,  1.001063,  1.003328,  1.003328
  50,  0.990183,  1.001063,  1.003328,  1.003328
Optimization terminated successfully.
         Current function value: 8.982033
         Iterations: 7
         Function evaluations: 50
         Gradient evaluations: 10
  51,  0.996089,  0.998323,  1.005076,  1.005076
  52,  0.994635,  0.997659,  1.004367,  1.004367
  53,  0.993786,  0.999528,  1.004332,  1.004332
  54,  0.993920,  0.999563,  1.004171,  1.004171
  55,  0.994209,  0.999641,  1.003820,  1.003820
  56,  0.994827,  0.999792,  1.003077,  1.003077
  57,  0.994833,  0.999772,  1.003079,  1.003079
  58,  0.994833,  0.999771,  1.003079,  1.003079
  59,  0.994833,  0.999771,  1.003079,  1.003079
  60,  0.994833,  0.999771,  1.003079,  1.003079
Warning: Maximum number of iterations has been exceeded.
         Current function value: 2.467700
         Iterations: 10
         Function evaluations: 85
         Gradient evaluations: 17
  61,  0.995764,  0.998129,  0.999421,  0.999421
  62,  0.991557,  0.996261,  1.003363,  1.003363
  63,  0.989268,  1.001282,  1.003428,  1.003428
  64,  0.989794,  1.001146,  1.003373,  1.003373
  65,  0.990179,  1.001071,  1.003329,  1.003329
  66,  0.990183,  1.001063,  1.003328,  1.003328
  67,  0.990183,  1.001063,  1.003328,  1.003328
Optimization terminated successfully.
         Current function value: 8.982063
         Iterations: 7
         Function evaluations: 50
         Gradient evaluations: 10
  68,  0.996089,  0.998323,  1.005076,  1.005076
  69,  0.994635,  0.997659,  1.004367,  1.004367
  70,  0.993786,  0.999528,  1.004332,  1.004332
  71,  0.993920,  0.999563,  1.004171,  1.004171
  72,  0.994209,  0.999641,  1.003820,  1.003820
  73,  0.994827,  0.999792,  1.003077,  1.003077
  74,  0.994833,  0.999772,  1.003079,  1.003079
  75,  0.994833,  0.999771,  1.003079,  1.003079
  76,  0.994833,  0.999771,  1.003079,  1.003079
Optimization terminated successfully.
         Current function value: 2.467708
         Iterations: 9
         Function evaluations: 75
         Gradient evaluations: 15
  77,  0.995764,  0.998129,  0.999421,  0.999421
  78,  0.991557,  0.996261,  1.003363,  1.003363
  79,  0.989268,  1.001282,  1.003428,  1.003428
  80,  0.989794,  1.001146,  1.003373,  1.003373
  81,  0.990179,  1.001071,  1.003329,  1.003329
  82,  0.990183,  1.001063,  1.003328,  1.003328
  83,  0.990183,  1.001063,  1.003328,  1.003328
Optimization terminated successfully.
         Current function value: 8.982093
         Iterations: 7
         Function evaluations: 50
         Gradient evaluations: 10
  84,  0.996089,  0.998323,  1.005076,  1.005076
  85,  0.994635,  0.997659,  1.004367,  1.004367
  86,  0.993786,  0.999528,  1.004332,  1.004332
  87,  0.993920,  0.999563,  1.004171,  1.004171
  88,  0.994209,  0.999641,  1.003820,  1.003820
  89,  0.994827,  0.999792,  1.003077,  1.003077
  90,  0.994833,  0.999772,  1.003079,  1.003079
  91,  0.994833,  0.999771,  1.003079,  1.003079
  92,  0.994833,  0.999771,  1.003079,  1.003079
Optimization terminated successfully.
         Current function value: 2.467716
         Iterations: 9
         Function evaluations: 75
         Gradient evaluations: 15
  93,  0.995764,  0.998129,  0.999421,  0.999421
  94,  0.991557,  0.996261,  1.003363,  1.003363
  95,  0.989268,  1.001282,  1.003428,  1.003428
  96,  0.989794,  1.001146,  1.003373,  1.003373
  97,  0.990179,  1.001071,  1.003329,  1.003329
  98,  0.990183,  1.001063,  1.003328,  1.003328
  99,  0.990183,  1.001063,  1.003328,  1.003328
Optimization terminated successfully.
         Current function value: 8.982123
         Iterations: 7
         Function evaluations: 50
         Gradient evaluations: 10
 100,  0.996089,  0.998323,  1.005076,  1.005076
 101,  0.994635,  0.997659,  1.004367,  1.004367
 102,  0.993786,  0.999528,  1.004332,  1.004332
 103,  0.993920,  0.999563,  1.004171,  1.004171
 104,  0.994209,  0.999641,  1.003820,  1.003820
 105,  0.994827,  0.999792,  1.003077,  1.003077
 106,  0.994833,  0.999772,  1.003079,  1.003079
 107,  0.994833,  0.999771,  1.003079,  1.003079
 108,  0.994833,  0.999771,  1.003079,  1.003079
 109,  0.994833,  0.999771,  1.003079,  1.003079
Warning: Maximum number of iterations has been exceeded.
         Current function value: 2.467723
         Iterations: 10
         Function evaluations: 140
         Gradient evaluations: 28
 110,  0.995764,  0.998129,  0.999421,  0.999421
 111,  0.991557,  0.996261,  1.003363,  1.003363
 112,  0.989268,  1.001282,  1.003428,  1.003428
 113,  0.989794,  1.001146,  1.003373,  1.003373
 114,  0.990179,  1.001071,  1.003329,  1.003329
 115,  0.990183,  1.001063,  1.003328,  1.003328
 116,  0.990183,  1.001063,  1.003328,  1.003328
Optimization terminated successfully.
         Current function value: 8.982153
         Iterations: 7
         Function evaluations: 50
         Gradient evaluations: 10
