[[5.72168382e+02 6.47526402e+02 6.62486529e+02 7.24066021e+02
  7.45631148e+02 8.37946370e+02 8.06575734e+02 7.89190508e+02
  7.37541226e+02 7.63068796e+02]
 [1.09316077e+03 1.15173121e+03 1.20562407e+03 1.31729881e+03
  1.28771982e+03 1.32996410e+03 1.42961727e+03 1.32152659e+03
  1.35459441e+03 1.29985719e+03]
 [1.38028921e+03 1.36421017e+03 1.47136902e+03 1.55462050e+03
  1.72842072e+03 2.02416379e+03 1.90217291e+03 1.73017518e+03
  1.78917166e+03 1.72549316e+03]
 [1.56314594e+03 1.62177049e+03 1.82021144e+03 2.04222425e+03
  2.10795008e+03 2.26448221e+03 2.21426260e+03 2.08762735e+03
  2.17708907e+03 2.04857163e+03]
 [1.72375370e+03 1.76495868e+03 1.85008346e+03 2.00047423e+03
  2.13708896e+03 2.46489080e+03 2.31286969e+03 2.20639134e+03
  2.10946566e+03 2.10355777e+03]
 [1.47917259e+03 1.62137188e+03 1.79385277e+03 1.85025152e+03
  2.10787256e+03 2.40470025e+03 2.22443799e+03 2.11790828e+03
  2.04527222e+03 1.97107249e+03]
 [1.43115641e+03 1.48629517e+03 1.58406419e+03 1.73866958e+03
  1.85375106e+03 2.18894869e+03 1.98002333e+03 1.96152169e+03
  1.77587793e+03 1.63902674e+03]
 [1.15832110e+03 1.16760481e+03 1.37552233e+03 1.55101660e+03
  1.72831777e+03 1.92619366e+03 1.72136136e+03 1.55744361e+03
  1.47438621e+03 1.38091123e+03]
 [9.08711268e+02 1.08934478e+03 1.17979919e+03 1.27509146e+03
  1.34069236e+03 1.62578417e+03 1.39000845e+03 1.18157458e+03
  1.12785256e+03 1.10480986e+03]
 [6.71196642e+02 7.27063037e+02 8.96539276e+02 9.89750215e+02
  1.11324252e+03 1.28467439e+03 1.12592246e+03 1.02235251e+03
  8.86684511e+02 8.12268009e+02]
 [5.50081195e+02 5.47602262e+02 5.87623997e+02 7.42906011e+02
  9.03459427e+02 9.26137539e+02 8.47489168e+02 6.69671322e+02
  6.29013970e+02 4.95404526e+02]
 [3.56553350e+02 4.15573235e+02 4.04488423e+02 5.05628661e+02
  6.31275029e+02 7.08690689e+02 6.10406167e+02 4.63735001e+02
  3.94086665e+02 3.70572460e+02]
 [2.12900009e+02 2.43833063e+02 2.93110133e+02 3.88839123e+02
  4.75236300e+02 5.22745753e+02 3.91918724e+02 2.68379353e+02
  2.42479302e+02 2.45891033e+02]
 [1.55420938e+02 1.73830010e+02 1.89256123e+02 2.59617825e+02
  3.03877367e+02 3.20884654e+02 2.55654811e+02 2.16061042e+02
  1.85031736e+02 1.36839957e+02]
 [1.13056016e+02 1.01909728e+02 1.59406393e+02 2.12528747e+02
  2.53889349e+02 2.37442332e+02 1.63092768e+02 1.39668907e+02
  1.14124484e+02 9.37524127e+01]
 [8.00705577e+01 8.03820147e+01 1.09971839e+02 1.73827519e+02
  1.82529686e+02 2.09385682e+02 1.31973066e+02 1.06723563e+02
  8.30833268e+01 6.65003745e+01]
 [5.80886516e+01 7.04761203e+01 7.66270772e+01 1.18162554e+02
  1.17275565e+02 1.48369252e+02 9.41822802e+01 7.87780506e+01
  6.20953657e+01 5.46657959e+01]
 [4.14100896e+01 4.50621465e+01 5.69041818e+01 7.22502610e+01
  1.03521768e+02 9.84854123e+01 7.12978066e+01 4.84118576e+01
  4.30235452e+01 4.18644066e+01]
 [2.84516562e+01 3.56776261e+01 4.17844736e+01 6.03757541e+01
  7.97407770e+01 9.04602123e+01 5.61954459e+01 3.41522706e+01
  3.11033868e+01 2.67758755e+01]
 [2.53042499e+01 2.50381344e+01 2.76419304e+01 4.13201508e+01
  6.35915084e+01 6.06407582e+01 3.28278951e+01 2.65164187e+01
  2.33519659e+01 1.80972262e+01]
 [1.67204594e+01 1.59241788e+01 2.36797694e+01 2.80990572e+01
  3.93133475e+01 4.51288655e+01 3.00829414e+01 2.16001536e+01
  1.91913136e+01 1.37503309e+01]
 [1.15312461e+01 1.95527248e+01 1.32847223e+01 2.02837657e+01
  2.70825184e+01 2.82473227e+01 1.93811066e+01 1.44657779e+01
  1.30316707e+01 1.02705439e+01]
 [7.77447273e+00 1.07871002e+01 1.40843467e+01 1.18691133e+01
  1.55777942e+01 1.82307492e+01 1.03685110e+01 9.71556232e+00
  1.03491553e+01 5.83197634e+00]
 [4.93975343e+00 8.62804039e+00 9.18874781e+00 8.81131421e+00
  1.66857156e+01 1.34636408e+01 1.08347106e+01 6.43228087e+00
  4.69664715e+00 5.43659590e+00]
 [4.04839631e+00 4.16804597e+00 5.05363953e+00 4.39189279e+00
  9.23533278e+00 9.45022439e+00 7.54883487e+00 4.82269598e+00
  3.09854031e+00 2.24096783e+00]
 [1.83921315e+00 4.73386280e+00 3.56398569e+00 6.35474468e+00
  1.01799807e+01 6.97687824e+00 2.93173822e+00 2.22797407e+00
  2.23998063e+00 2.66660117e+00]
 [1.02158970e+00 1.86236204e+00 4.33966571e+00 2.41895980e+00
  7.14765192e+00 4.57528769e+00 1.52389309e+00 2.49030772e+00
  1.73958806e+00 1.51543785e+00]
 [6.81522730e-01 1.77704628e+00 1.94077309e+00 1.34140740e+00
  3.95388447e+00 3.07011695e+00 2.34525298e+00 7.47242133e-01
  4.70323335e-01 8.71567841e-01]
 [8.17097196e-01 1.91884270e+00 9.45014029e-01 1.93307482e+00
  2.15298194e+00 3.65774493e+00 1.51207874e-01 8.05621643e-01
  1.01390114e+00 1.11541252e+00]
 [7.95099622e-01 8.17519623e-02 3.81879917e-01 4.49541766e-01
  3.98864583e-01 7.96732353e-01 5.58602281e-01 1.15032100e-01
  9.60012673e-02 3.60136683e-01]]
[[ 37.07590062  39.26430806  57.47899853  78.07234844  78.81692962
   63.58319615  73.13766719  50.15710751  69.23814045  48.26173894]
 [101.38693476 120.7291075  107.09406024  99.87199573 131.89927486
  143.65560747 136.71095185 118.90358269 114.71820437 122.32789592]
 [118.42163223 126.48540076 179.12397599 143.14743211 165.52575695
  182.41210447 203.88944501 157.36197662 178.39519698 208.38006164]
 [143.94550516 172.21706923 156.70032931 219.83419903 211.71855041
  224.15673074 210.9283447  215.58180892 217.48163339 205.48435402]
 [176.54091312 203.8737042  226.1009973  226.43035148 245.79236456
  248.24057912 287.56417683 245.9572701  262.01121492 260.80393827]
 [180.37110203 211.05437738 214.79073023 253.21317355 284.39372973
  313.02633836 298.73164596 275.44951718 261.01214903 255.13809189]
 [196.49537103 204.24072465 256.87772919 281.70789279 247.56468772
  325.32200026 303.75465163 326.07373619 288.87675862 274.5703595 ]
 [207.50195282 226.51222572 259.11205111 265.67218989 327.37268669
  407.90608059 361.38610757 343.99939945 323.97249005 287.54272091]
 [213.34208328 220.04019987 256.50244013 293.56208498 350.5271277
  384.44132884 361.48586659 353.26640705 322.35074051 296.86227442]
 [221.98030694 277.87204785 247.75301387 314.21453835 418.12058443
  449.18145069 376.32341794 374.61110534 310.83104274 301.69206823]
 [259.5469581  236.12046881 207.74448271 292.08654039 365.09585524
  478.32415542 428.52047978 384.53489187 339.29451489 314.17985264]
 [215.01874587 174.61993238 216.05800495 337.53878018 447.40044862
  512.73617965 437.57030015 384.12765023 369.30227169 312.49588529]
 [115.48016794 140.75536514 212.5806569  276.72743852 419.66392348
  491.21282648 417.53791398 374.79830302 349.04465878 292.82954489]
 [ 85.63146586 124.90130733 184.44942293 304.71375399 402.78508139
  438.84987937 358.97215371 337.57603121 277.55824497 250.45943973]
 [ 67.3288808  125.29522042 187.32059966 259.86191837 337.11718857
  386.34031507 313.52908267 226.36264369 201.40844528 184.79153761]
 [ 79.84408259 106.94187582 159.85548654 211.14250998 302.2334898
  304.01396872 228.73448809 190.45476739 162.51446777 133.45414523]
 [ 77.50924275  94.95499195 154.46360791 198.42398645 233.81692708
  248.03346702 174.6209219  133.57469886 128.28726067 106.7531211 ]
 [ 75.21943755  85.26156375 103.75681137 132.79510654 170.55928314
  176.24727596 124.49819558  98.41558538  90.60482389  79.37130726]
 [ 64.94527289  56.08538147  86.86301852 111.70583456 137.5117052
  129.82802302 106.85229431  88.35526318  70.57849894  61.25517994]
 [ 45.85234382  54.67050899  56.04473897  76.57437856  97.72224505
   99.55267331  74.2362302   69.96444433  59.58025091  43.39257008]
 [ 37.86879684  47.13305995  45.05311712  54.96877217  57.58857845
   80.96291343  58.77938916  40.76529822  37.78856525  28.79405398]
 [ 30.72894653  26.34850617  28.68905808  46.00774104  58.84228296
   59.55536357  36.97908272  30.8682056   28.21992048  21.60781727]
 [ 19.53959263  22.72390331  27.64435542  34.60465898  43.27897553
   51.91492576  33.22769868  20.19696812  21.83308289  18.97432411]
 [ 21.41329234  16.86684186  16.87198     29.18537211  28.72763498
   21.79372637  24.96601616  18.50385204  11.65020437  16.5490262 ]
 [ 10.35950124  10.85894785  12.99582133  19.32499015  22.04147798
   15.67829414  15.60221616  11.0276873   11.42091708   6.90847583]
 [ 10.4579152    9.86484679   7.06158684  11.49031051  20.48789313
   14.44143852   6.57184781   7.92332947   6.73510858   3.80405519]
 [  8.35748715   6.71750655   2.40280977   7.08673157  13.32037061
    9.96241704   6.16374729   5.69232381   6.92855184   4.02624156]
 [  5.13451152   8.60441841   4.68202395   5.36872783   7.04702423
    5.49102362   6.01633826   5.20113491   3.05396666   2.25130775]
 [  4.14170539   4.88929419   3.87759854   5.41556541   6.10641873
    8.53859534   3.48481335   2.6865131    2.61739005   1.5090554 ]
 [  1.60379929   1.20472286   1.67848077   3.13280333   5.88379612
    2.95587691   1.04566828   1.31763213   0.55359521   1.28462672]]
