t23 and m31 are: 0.932382165300029, 0.002517
begin the min_chisq
   1,  0.996289,  0.998409,  1.004810,  1.004810
   2,  0.994908,  0.997778,  1.004135,  1.004135
   3,  0.994109,  0.999536,  1.004103,  1.004103
   4,  0.994239,  0.999571,  1.003948,  1.003948
   5,  0.994517,  0.999647,  1.003609,  1.003609
   6,  0.995086,  0.999789,  1.002923,  1.002923
   7,  0.995091,  0.999772,  1.002925,  1.002925
   8,  0.995092,  0.999771,  1.002925,  1.002925
   9,  0.995092,  0.999771,  1.002925,  1.002925
Optimization terminated successfully.
         Current function value: 2.233968
         Iterations: 9
         Function evaluations: 75
         Gradient evaluations: 15
  10,  0.995995,  0.998231,  0.999450,  0.999450
  11,  0.992019,  0.996466,  1.003170,  1.003170
  12,  0.989885,  1.001146,  1.003231,  1.003231
  13,  0.990367,  1.001056,  1.003184,  1.003184
  14,  0.990705,  1.001016,  1.003148,  1.003148
  15,  0.990708,  1.001010,  1.003148,  1.003148
  16,  0.990708,  1.001010,  1.003148,  1.003148
Optimization terminated successfully.
         Current function value: 8.072136
         Iterations: 7
         Function evaluations: 50
         Gradient evaluations: 10
