t23 and m31 are: 0.7030459015879722, 0.002517
begin the min_chisq
   1,  1.001027,  1.000458,  0.999265,  0.999265
   2,  1.001286,  1.000585,  0.999505,  0.999505
   3,  1.000966,  1.001287,  0.999491,  0.999491
   4,  1.000994,  1.001296,  0.999473,  0.999473
   5,  1.001048,  1.001314,  0.999438,  0.999438
   6,  1.001048,  1.001314,  0.999438,  0.999438
Optimization terminated successfully.
         Current function value: 0.780535
         Iterations: 6
         Function evaluations: 55
         Gradient evaluations: 11
   7,  0.998828,  0.999489,  1.000020,  1.000020
   8,  0.997678,  0.998996,  1.001269,  1.001269
   9,  0.996845,  1.000818,  1.001294,  1.001294
  10,  0.996929,  1.000851,  1.001209,  1.001209
  11,  0.997123,  1.000929,  1.001012,  1.001012
  12,  0.997216,  1.000967,  1.000917,  1.000917
  13,  0.997216,  1.000967,  1.000917,  1.000917
  14,  0.997216,  1.000967,  1.000917,  1.000917
Optimization terminated successfully.
         Current function value: 0.549753
         Iterations: 8
         Function evaluations: 55
         Gradient evaluations: 11
