t23 and m31 are: 0.6810547530128435, 0.002517
begin the min_chisq
   1,  1.000696,  1.000326,  0.999964,  0.999964
   2,  1.000691,  1.000339,  0.999975,  0.999975
   3,  1.000490,  1.000780,  0.999964,  0.999964
   4,  1.000336,  1.001244,  0.999951,  0.999951
   5,  1.000194,  1.001667,  0.999939,  0.999939
   6,  1.000193,  1.001669,  0.999939,  0.999939
   7,  1.000193,  1.001669,  0.999939,  0.999939
   8,  1.000193,  1.001669,  0.999939,  0.999939
Optimization terminated successfully.
         Current function value: 0.877471
         Iterations: 8
         Function evaluations: 70
         Gradient evaluations: 14
   9,  0.997697,  0.998989,  0.999894,  0.999894
  10,  0.995398,  0.997983,  1.002227,  1.002227
  11,  0.993942,  1.001167,  1.002270,  1.002270
  12,  0.994209,  1.001236,  1.002073,  1.002073
  13,  0.994525,  1.001328,  1.001838,  1.001838
  14,  0.994525,  1.001327,  1.001838,  1.001838
  15,  0.994525,  1.001327,  1.001838,  1.001838
Optimization terminated successfully.
         Current function value: 2.202189
         Iterations: 7
         Function evaluations: 50
         Gradient evaluations: 10
