t23 and m31 are: 0.7470281987382297, 0.002517
begin the min_chisq
   1,  1.001284,  1.000559,  0.998643,  0.998643
   2,  1.001836,  1.000816,  0.998979,  0.998979
   3,  1.001891,  1.000695,  0.998981,  0.998981
   4,  1.001919,  1.000722,  0.998947,  0.998947
   5,  1.001987,  1.000784,  0.998864,  0.998864
   6,  1.001988,  1.000784,  0.998863,  0.998863
   7,  1.001988,  1.000784,  0.998863,  0.998863
Optimization terminated successfully.
         Current function value: 0.699695
         Iterations: 7
         Function evaluations: 75
         Gradient evaluations: 15
   8,  1.000330,  1.000149,  1.000106,  1.000106
   9,  1.000808,  1.000372,  0.999716,  0.999716
  10,  1.000846,  1.000289,  0.999715,  0.999715
  11,  1.000856,  1.000293,  0.999709,  0.999709
  12,  1.000877,  1.000303,  0.999696,  0.999696
  13,  1.000916,  1.000320,  0.999673,  0.999673
  14,  1.000916,  1.000320,  0.999673,  0.999673
Optimization terminated successfully.
         Current function value: 0.258981
         Iterations: 7
         Function evaluations: 60
         Gradient evaluations: 12
