t23 and m31 are: 0.6213644925946369, 0.002517
begin the min_chisq
   1,  0.998933,  0.999583,  1.002403,  1.002403
   2,  0.998218,  0.999285,  1.002214,  1.002214
   3,  0.996513,  1.003044,  1.002142,  1.002142
   4,  0.996590,  1.003083,  1.001970,  1.001970
   5,  0.996586,  1.003091,  1.001969,  1.001969
   6,  0.996586,  1.003091,  1.001969,  1.001969
Optimization terminated successfully.
         Current function value: 2.268208
         Iterations: 6
         Function evaluations: 55
         Gradient evaluations: 11
   7,  0.993237,  0.997008,  0.999460,  0.999460
   8,  0.986467,  0.994004,  1.006213,  1.006213
   9,  0.981855,  1.004096,  1.006348,  1.006348
  10,  0.982706,  1.003481,  1.006034,  1.006034
  11,  0.984558,  1.002190,  1.005337,  1.005337
  12,  0.984580,  1.002142,  1.005337,  1.005337
  13,  0.984581,  1.002141,  1.005337,  1.005337
  14,  0.984581,  1.002141,  1.005337,  1.005337
  15,  0.984581,  1.002141,  1.005337,  1.005337
  16,  0.984581,  1.002141,  1.005337,  1.005337
Warning: Maximum number of iterations has been exceeded.
         Current function value: 18.899972
         Iterations: 10
         Function evaluations: 95
         Gradient evaluations: 19
