t23 and m31 are: 0.8192848297707955, 0.002517
begin the min_chisq
   1,  1.000754,  1.000325,  0.999086,  0.999086
   2,  1.001127,  1.000497,  0.999282,  0.999282
   3,  1.001265,  1.000193,  0.999288,  0.999288
   4,  1.001285,  1.000199,  0.999266,  0.999266
   5,  1.001333,  1.000210,  0.999214,  0.999214
   6,  1.001333,  1.000210,  0.999214,  0.999214
Optimization terminated successfully.
         Current function value: 0.196085
         Iterations: 6
         Function evaluations: 60
         Gradient evaluations: 12
   7,  1.000859,  1.000381,  1.000145,  1.000145
   8,  1.001647,  1.000733,  0.999438,  0.999438
   9,  1.002026,  0.999904,  0.999427,  0.999427
  10,  1.002003,  0.999893,  0.999410,  0.999410
  11,  1.001950,  0.999866,  0.999372,  0.999372
  12,  1.001923,  0.999853,  0.999353,  0.999353
  13,  1.001923,  0.999853,  0.999353,  0.999353
Optimization terminated successfully.
         Current function value: 0.406548
         Iterations: 7
         Function evaluations: 50
         Gradient evaluations: 10
