t23 and m31 are: 0.8130016444636159, 0.002517
begin the min_chisq
   1,  1.000851,  1.000367,  0.998975,  0.998975
   2,  1.001270,  1.000560,  0.999196,  0.999196
   3,  1.001419,  1.000233,  0.999202,  0.999202
   4,  1.001440,  1.000238,  0.999180,  0.999180
   5,  1.001489,  1.000250,  0.999126,  0.999126
   6,  1.001496,  1.000251,  0.999119,  0.999119
   7,  1.001496,  1.000251,  0.999119,  0.999119
Optimization terminated successfully.
         Current function value: 0.251729
         Iterations: 7
         Function evaluations: 65
         Gradient evaluations: 13
   8,  1.000958,  1.000425,  1.000164,  1.000164
   9,  1.001802,  1.000802,  0.999409,  0.999409
  10,  1.002210,  0.999911,  0.999397,  0.999397
  11,  1.002190,  0.999901,  0.999380,  0.999380
  12,  1.002147,  0.999881,  0.999344,  0.999344
  13,  1.002091,  0.999855,  0.999296,  0.999296
  14,  1.002091,  0.999854,  0.999296,  0.999296
Optimization terminated successfully.
         Current function value: 0.488813
         Iterations: 7
         Function evaluations: 50
         Gradient evaluations: 10
