t23 and m31 are: 0.7376034207774602, 0.002517
begin the min_chisq
   1,  1.001260,  1.000550,  0.998720,  0.998720
   2,  1.001777,  1.000793,  0.999049,  0.999049
   3,  1.001722,  1.000916,  0.999046,  0.999046
   4,  1.001766,  1.000906,  0.999014,  0.999014
   5,  1.001872,  1.000882,  0.998937,  0.998937
   6,  1.001873,  1.000881,  0.998937,  0.998937
   7,  1.001873,  1.000881,  0.998937,  0.998937
Optimization terminated successfully.
         Current function value: 0.723556
         Iterations: 7
         Function evaluations: 80
         Gradient evaluations: 16
   8,  1.000135,  1.000062,  1.000071,  1.000071
   9,  1.000400,  1.000193,  0.999872,  0.999872
  10,  1.000290,  1.000431,  0.999875,  0.999875
  11,  1.000316,  1.000443,  0.999873,  0.999873
  12,  1.000316,  1.000443,  0.999873,  0.999873
Optimization terminated successfully.
         Current function value: 0.156018
         Iterations: 5
         Function evaluations: 45
         Gradient evaluations: 9
