t23 and m31 are: 0.9166742020320799, 0.002517
begin the min_chisq
   1,  0.997235,  0.998814,  1.003562,  1.003562
   2,  0.996200,  0.998341,  1.003053,  1.003053
   3,  0.995621,  0.999613,  1.003029,  1.003029
   4,  0.995724,  0.999640,  1.002906,  1.002906
   5,  0.995948,  0.999700,  1.002635,  1.002635
   6,  0.996316,  0.999793,  1.002194,  1.002194
   7,  0.996319,  0.999785,  1.002195,  1.002195
   8,  0.996319,  0.999785,  1.002195,  1.002195
   9,  0.996319,  0.999785,  1.002195,  1.002195
Optimization terminated successfully.
         Current function value: 1.277380
         Iterations: 9
         Function evaluations: 75
         Gradient evaluations: 15
  10,  0.997070,  0.998706,  0.999588,  0.999588
  11,  0.994166,  0.997416,  1.002286,  1.002286
  12,  0.992660,  1.000717,  1.002330,  1.002330
  13,  0.992972,  1.000731,  1.002317,  1.002317
  14,  0.993167,  1.000754,  1.002308,  1.002308
  15,  0.993168,  1.000752,  1.002307,  1.002307
  16,  0.993168,  1.000752,  1.002307,  1.002307
Optimization terminated successfully.
         Current function value: 4.434031
         Iterations: 7
         Function evaluations: 50
         Gradient evaluations: 10
