t23 and m31 are: 0.9355237579536189, 0.002517
begin the min_chisq
   1,  0.996089,  0.998323,  1.005076,  1.005076
   2,  0.994635,  0.997659,  1.004367,  1.004367
   3,  0.993786,  0.999528,  1.004332,  1.004332
   4,  0.993920,  0.999563,  1.004171,  1.004171
   5,  0.994209,  0.999641,  1.003820,  1.003820
   6,  0.994827,  0.999792,  1.003077,  1.003077
   7,  0.994833,  0.999772,  1.003079,  1.003079
   8,  0.994833,  0.999771,  1.003079,  1.003079
   9,  0.994833,  0.999771,  1.003079,  1.003079
  10,  0.994833,  0.999771,  1.003079,  1.003079
Warning: Maximum number of iterations has been exceeded.
         Current function value: 2.467700
         Iterations: 10
         Function evaluations: 85
         Gradient evaluations: 17
  11,  0.995764,  0.998129,  0.999421,  0.999421
  12,  0.991557,  0.996261,  1.003363,  1.003363
  13,  0.989268,  1.001282,  1.003428,  1.003428
  14,  0.989794,  1.001146,  1.003373,  1.003373
  15,  0.990179,  1.001071,  1.003329,  1.003329
  16,  0.990183,  1.001063,  1.003328,  1.003328
  17,  0.990183,  1.001063,  1.003328,  1.003328
Optimization terminated successfully.
         Current function value: 8.982063
         Iterations: 7
         Function evaluations: 50
         Gradient evaluations: 10
