t23 and m31 are: 0.9449485359143883, 0.002517
begin the min_chisq
   1,  0.995465,  0.998056,  1.005906,  1.005906
   2,  0.993785,  0.997290,  1.005089,  1.005089
   3,  0.992767,  0.999531,  1.005048,  1.005048
   4,  0.992917,  0.999566,  1.004871,  1.004871
   5,  0.993236,  0.999642,  1.004487,  1.004487
   6,  0.994020,  0.999810,  1.003553,  1.003553
   7,  0.994031,  0.999779,  1.003554,  1.003554
   8,  0.994032,  0.999778,  1.003554,  1.003554
   9,  0.994032,  0.999778,  1.003554,  1.003554
  10,  0.994032,  0.999778,  1.003554,  1.003554
Warning: Maximum number of iterations has been exceeded.
         Current function value: 3.262079
         Iterations: 10
         Function evaluations: 85
         Gradient evaluations: 17
  11,  0.995040,  0.997809,  0.999332,  0.999332
  12,  0.990107,  0.995620,  1.003973,  1.003973
  13,  0.987235,  1.001922,  1.004054,  1.004054
  14,  0.987913,  1.001552,  1.003973,  1.003973
  15,  0.988535,  1.001240,  1.003893,  1.003893
  16,  0.988542,  1.001224,  1.003893,  1.003893
  17,  0.988543,  1.001223,  1.003893,  1.003893
  18,  0.988543,  1.001223,  1.003893,  1.003893
Optimization terminated successfully.
         Current function value: 12.121004
         Iterations: 8
         Function evaluations: 110
         Gradient evaluations: 22
