t23 and m31 are: 0.7847273105813075, 0.002517
begin the min_chisq
   1,  1.001168,  1.000505,  0.998645,  0.998645
   2,  1.001722,  1.000761,  0.998950,  0.998950
   3,  1.001877,  1.000421,  0.998956,  0.998956
   4,  1.001893,  1.000426,  0.998939,  0.998939
   5,  1.001929,  1.000437,  0.998901,  0.998901
   6,  1.001983,  1.000454,  0.998843,  0.998843
   7,  1.001983,  1.000453,  0.998843,  0.998843
Optimization terminated successfully.
         Current function value: 0.496909
         Iterations: 7
         Function evaluations: 65
         Gradient evaluations: 13
   8,  1.001327,  1.000590,  1.000256,  1.000256
   9,  1.001925,  1.000859,  0.999729,  0.999729
  10,  1.002348,  0.999936,  0.999716,  0.999716
  11,  1.002307,  0.999943,  0.999531,  0.999531
  12,  1.002241,  0.999958,  0.999240,  0.999240
  13,  1.002241,  0.999958,  0.999239,  0.999239
Warning: Desired error not necessarily achieved due to precision loss.
         Current function value: 0.636840
         Iterations: 6
         Function evaluations: 302
         Gradient evaluations: 58
