t23 and m31 are: 0.706187494241562, 0.002517
begin the min_chisq
   1,  1.001054,  1.000469,  0.999198,  0.999198
   2,  1.001347,  1.000611,  0.999452,  0.999452
   3,  1.001059,  1.001242,  0.999440,  0.999440
   4,  1.001079,  1.001248,  0.999426,  0.999426
   5,  1.001124,  1.001262,  0.999394,  0.999394
   6,  1.001149,  1.001269,  0.999377,  0.999377
   7,  1.001149,  1.001269,  0.999377,  0.999377
Optimization terminated successfully.
         Current function value: 0.773623
         Iterations: 7
         Function evaluations: 60
         Gradient evaluations: 12
   8,  0.998961,  0.999549,  1.000038,  1.000038
   9,  0.997954,  0.999119,  1.001161,  1.001161
  10,  0.997198,  1.000773,  1.001184,  1.001184
  11,  0.997263,  1.000798,  1.001115,  1.001115
  12,  0.997409,  1.000857,  1.000959,  1.000959
  13,  0.997556,  1.000916,  1.000802,  1.000802
  14,  0.997555,  1.000917,  1.000802,  1.000802
  15,  0.997555,  1.000917,  1.000802,  1.000802
Optimization terminated successfully.
         Current function value: 0.428513
         Iterations: 8
         Function evaluations: 55
         Gradient evaluations: 11
