t23 and m31 are: 0.7972936811956668, 0.002517
begin the min_chisq
   1,  1.001052,  1.000454,  0.998757,  0.998757
   2,  1.001560,  1.000689,  0.999031,  0.999031
   3,  1.001721,  1.000336,  0.999037,  0.999037
   4,  1.001740,  1.000341,  0.999016,  0.999016
   5,  1.001786,  1.000352,  0.998968,  0.998968
   6,  1.001817,  1.000360,  0.998935,  0.998935
   7,  1.001817,  1.000360,  0.998935,  0.998935
Optimization terminated successfully.
         Current function value: 0.392930
         Iterations: 7
         Function evaluations: 65
         Gradient evaluations: 13
   8,  1.001161,  1.000515,  1.000211,  1.000211
   9,  1.002010,  1.000896,  0.999457,  0.999457
  10,  1.002446,  0.999943,  0.999444,  0.999444
  11,  1.002401,  0.999927,  0.999377,  0.999377
  12,  1.002296,  0.999893,  0.999224,  0.999224
  13,  1.002296,  0.999893,  0.999224,  0.999224
Warning: Desired error not necessarily achieved due to precision loss.
         Current function value: 0.623899
         Iterations: 6
         Function evaluations: 372
         Gradient evaluations: 72
