t23 and m31 are: 0.9543733138751578, 0.002517
begin the min_chisq
   1,  0.994807,  0.997775,  1.006783,  1.006783
   2,  0.992891,  0.996902,  1.005855,  1.005855
   3,  0.991660,  0.999615,  1.005806,  1.005806
   4,  0.991822,  0.999644,  1.005618,  1.005618
   5,  0.992167,  0.999701,  1.005214,  1.005214
   6,  0.992994,  0.999819,  1.004258,  1.004258
   7,  0.993188,  0.999803,  1.004051,  1.004051
   8,  0.993191,  0.999794,  1.004051,  1.004051
   9,  0.993192,  0.999794,  1.004051,  1.004051
  10,  0.993192,  0.999794,  1.004051,  1.004051
Warning: Maximum number of iterations has been exceeded.
         Current function value: 4.205879
         Iterations: 10
         Function evaluations: 80
         Gradient evaluations: 16
  11,  0.994267,  0.997467,  0.999240,  0.999240
  12,  0.988560,  0.994934,  1.004633,  1.004633
  13,  0.984741,  1.003315,  1.004740,  1.004740
  14,  0.985524,  1.002582,  1.004648,  1.004648
  15,  0.986786,  1.001426,  1.004494,  1.004494
  16,  0.986806,  1.001384,  1.004493,  1.004493
  17,  0.986807,  1.001383,  1.004493,  1.004493
  18,  0.986807,  1.001383,  1.004493,  1.004493
  19,  0.986807,  1.001383,  1.004493,  1.004493
Warning: Desired error not necessarily achieved due to precision loss.
         Current function value: 15.925723
         Iterations: 9
         Function evaluations: 250
         Gradient evaluations: 48
