t23 and m31 are: 0.7658777546597686, 0.002517
begin the min_chisq
   1,  1.001270,  1.000551,  0.998582,  0.998582
   2,  1.001848,  1.000819,  0.998913,  0.998913
   3,  1.001977,  1.000536,  0.998919,  0.998919
   4,  1.002009,  1.000558,  0.998881,  0.998881
   5,  1.002078,  1.000608,  0.998798,  0.998798
   6,  1.002078,  1.000608,  0.998798,  0.998798
   7,  1.002078,  1.000608,  0.998798,  0.998798
Optimization terminated successfully.
         Current function value: 0.621150
         Iterations: 7
         Function evaluations: 75
         Gradient evaluations: 15
   8,  1.000653,  1.000292,  1.000147,  1.000147
   9,  1.001472,  1.000663,  0.999440,  0.999440
  10,  1.001729,  1.000102,  0.999432,  0.999432
  11,  1.001795,  1.000110,  0.999383,  0.999383
  12,  1.001795,  1.000110,  0.999383,  0.999383
Optimization terminated successfully.
         Current function value: 0.499353
         Iterations: 5
         Function evaluations: 45
         Gradient evaluations: 9
