t23 and m31 are: 0.7878689032348973, 0.002517
begin the min_chisq
   1,  1.001143,  1.000494,  0.998668,  0.998668
   2,  1.001687,  1.000745,  0.998966,  0.998966
   3,  1.001845,  1.000400,  0.998972,  0.998972
   4,  1.001862,  1.000405,  0.998954,  0.998954
   5,  1.001901,  1.000416,  0.998913,  0.998913
   6,  1.001949,  1.000429,  0.998862,  0.998862
   7,  1.001949,  1.000429,  0.998862,  0.998862
Optimization terminated successfully.
         Current function value: 0.472205
         Iterations: 7
         Function evaluations: 65
         Gradient evaluations: 13
   8,  1.001279,  1.000568,  1.000243,  1.000243
   9,  1.001979,  1.000883,  0.999625,  0.999625
  10,  1.002406,  0.999949,  0.999611,  0.999611
  11,  1.002389,  0.999948,  0.999561,  0.999561
  12,  1.002351,  0.999945,  0.999452,  0.999452
  13,  1.002273,  0.999939,  0.999230,  0.999230
  14,  1.002273,  0.999939,  0.999229,  0.999229
Warning: Desired error not necessarily achieved due to precision loss.
         Current function value: 0.642071
         Iterations: 7
         Function evaluations: 336
         Gradient evaluations: 65
