t23 and m31 are: 0.6402140485161758, 0.002517
begin the min_chisq
   1,  0.999542,  0.999834,  1.001435,  1.001435
   2,  0.999189,  0.999697,  1.001371,  1.001371
   3,  0.997898,  1.002541,  1.001316,  1.001316
   4,  0.997927,  1.002555,  1.001228,  1.001228
   5,  0.997926,  1.002557,  1.001228,  1.001228
   6,  0.997926,  1.002557,  1.001228,  1.001228
Optimization terminated successfully.
         Current function value: 1.559813
         Iterations: 6
         Function evaluations: 55
         Gradient evaluations: 11
   7,  0.994860,  0.997730,  0.999612,  0.999612
   8,  0.989717,  0.995455,  1.004731,  1.004731
   9,  0.986692,  1.002070,  1.004821,  1.004821
  10,  0.987345,  1.001994,  1.004483,  1.004483
  11,  0.988116,  1.001944,  1.004075,  1.004075
  12,  0.988120,  1.001934,  1.004075,  1.004075
  13,  0.988120,  1.001934,  1.004075,  1.004075
Optimization terminated successfully.
         Current function value: 11.066509
         Iterations: 7
         Function evaluations: 50
         Gradient evaluations: 10
