t23 and m31 are: 0.74074501343105, 0.002517
begin the min_chisq
   1,  1.001271,  1.000554,  0.998691,  0.998691
   2,  1.001801,  1.000802,  0.999023,  0.999023
   3,  1.001587,  1.001287,  0.999007,  0.999007
   4,  1.001684,  1.001157,  0.998978,  0.998978
   5,  1.001915,  1.000850,  0.998910,  0.998910
   6,  1.001916,  1.000848,  0.998910,  0.998910
   7,  1.001916,  1.000848,  0.998910,  0.998910
Optimization terminated successfully.
         Current function value: 0.716549
         Iterations: 7
         Function evaluations: 65
         Gradient evaluations: 13
   8,  1.000199,  1.000091,  1.000084,  1.000084
   9,  1.000534,  1.000251,  0.999823,  0.999823
  10,  1.000475,  1.000379,  0.999824,  0.999824
  11,  1.000481,  1.000382,  0.999822,  0.999822
  12,  1.000495,  1.000387,  0.999816,  0.999816
  13,  1.000527,  1.000400,  0.999802,  0.999802
  14,  1.000528,  1.000401,  0.999802,  0.999802
Optimization terminated successfully.
         Current function value: 0.186136
         Iterations: 7
         Function evaluations: 55
         Gradient evaluations: 11
