t23 and m31 are: 0.8538423489602835, 0.002517
begin the min_chisq
   1,  1.000045,  1.000019,  0.999944,  0.999944
   2,  1.000067,  1.000030,  0.999956,  0.999956
   3,  1.000077,  1.000008,  0.999956,  0.999956
   4,  1.000079,  1.000008,  0.999955,  0.999955
   5,  1.000081,  1.000009,  0.999952,  0.999952
Optimization terminated successfully.
         Current function value: 0.000668
         Iterations: 5
         Function evaluations: 55
         Gradient evaluations: 11
   6,  1.000055,  1.000024,  1.000009,  1.000009
   7,  1.000111,  1.000049,  0.999958,  0.999958
   8,  1.000138,  0.999989,  0.999957,  0.999957
   9,  1.000133,  0.999987,  0.999956,  0.999956
  10,  1.000132,  0.999987,  0.999956,  0.999956
Optimization terminated successfully.
         Current function value: 0.001801
         Iterations: 5
         Function evaluations: 40
         Gradient evaluations: 8
