t23 and m31 are: 0.7533113840454093, 0.002517
begin the min_chisq
   1,  1.001289,  1.000560,  0.998609,  0.998609
   2,  1.001855,  1.000824,  0.998946,  0.998946
   3,  1.001929,  1.000663,  0.998949,  0.998949
   4,  1.001943,  1.000670,  0.998934,  0.998934
   5,  1.001972,  1.000687,  0.998901,  0.998901
   6,  1.002038,  1.000723,  0.998829,  0.998829
   7,  1.002038,  1.000722,  0.998829,  0.998829
Optimization terminated successfully.
         Current function value: 0.678477
         Iterations: 7
         Function evaluations: 70
         Gradient evaluations: 14
   8,  1.000453,  1.000204,  1.000124,  1.000124
   9,  1.001063,  1.000484,  0.999613,  0.999613
  10,  1.001183,  1.000222,  0.999609,  0.999609
  11,  1.001201,  1.000227,  0.999597,  0.999597
  12,  1.001245,  1.000240,  0.999569,  0.999569
  13,  1.001257,  1.000244,  0.999560,  0.999560
  14,  1.001257,  1.000244,  0.999560,  0.999560
Optimization terminated successfully.
         Current function value: 0.340819
         Iterations: 7
         Function evaluations: 55
         Gradient evaluations: 11
