t23 and m31 are: 0.8004352738492566, 0.002517
begin the min_chisq
   1,  1.001017,  1.000439,  0.998793,  0.998793
   2,  1.001510,  1.000666,  0.999058,  0.999058
   3,  1.001670,  1.000315,  0.999065,  0.999065
   4,  1.001690,  1.000320,  0.999043,  0.999043
   5,  1.001737,  1.000331,  0.998993,  0.998993
   6,  1.001763,  1.000337,  0.998966,  0.998966
   7,  1.001763,  1.000337,  0.998966,  0.998966
Optimization terminated successfully.
         Current function value: 0.365191
         Iterations: 7
         Function evaluations: 65
         Gradient evaluations: 13
   8,  1.001124,  1.000499,  1.000201,  1.000201
   9,  1.001991,  1.000887,  0.999430,  0.999430
  10,  1.002426,  0.999936,  0.999417,  0.999417
  11,  1.002370,  0.999914,  0.999345,  0.999345
  12,  1.002279,  0.999882,  0.999230,  0.999230
  13,  1.002279,  0.999881,  0.999230,  0.999230
Warning: Desired error not necessarily achieved due to precision loss.
         Current function value: 0.606725
         Iterations: 6
         Function evaluations: 446
         Gradient evaluations: 87
