t23 and m31 are: 0.6433556411697656, 0.002517
begin the min_chisq
   1,  0.999630,  0.999871,  1.001291,  1.001291
   2,  0.999336,  0.999759,  1.001244,  1.001244
   3,  0.997296,  1.004254,  1.001158,  1.001158
   4,  0.998051,  1.002649,  1.001117,  1.001117
   5,  0.998131,  1.002476,  1.001113,  1.001113
   6,  0.998131,  1.002476,  1.001113,  1.001113
   7,  0.998131,  1.002476,  1.001113,  1.001113
Optimization terminated successfully.
         Current function value: 1.471172
         Iterations: 7
         Function evaluations: 85
         Gradient evaluations: 17
   8,  0.995111,  0.997842,  0.999636,  0.999636
   9,  0.990220,  0.995679,  1.004505,  1.004505
  10,  0.987356,  1.001942,  1.004590,  1.004590
  11,  0.987976,  1.001905,  1.004259,  1.004259
  12,  0.988672,  1.001902,  1.003879,  1.003879
  13,  0.988675,  1.001894,  1.003879,  1.003879
  14,  0.988675,  1.001893,  1.003879,  1.003879
Optimization terminated successfully.
         Current function value: 10.025658
         Iterations: 7
         Function evaluations: 50
         Gradient evaluations: 10
