t23 and m31 are: 0.9041078314177207, 0.002517
begin the min_chisq
   1,  0.997923,  0.999108,  1.002661,  1.002661
   2,  0.997141,  0.998751,  1.002274,  1.002274
   3,  0.996714,  0.999690,  1.002257,  1.002257
   4,  0.996795,  0.999710,  1.002160,  1.002160
   5,  0.996974,  0.999756,  1.001947,  1.001947
   6,  0.997218,  0.999814,  1.001657,  1.001657
   7,  0.997220,  0.999810,  1.001658,  1.001658
   8,  0.997220,  0.999810,  1.001658,  1.001658
Optimization terminated successfully.
         Current function value: 0.738736
         Iterations: 8
         Function evaluations: 70
         Gradient evaluations: 14
   9,  0.997834,  0.999043,  0.999689,  0.999689
  10,  0.995691,  0.998091,  1.001671,  1.001671
  11,  0.994590,  1.000502,  1.001703,  1.001703
  12,  0.994802,  1.000532,  1.001706,  1.001706
  13,  0.994934,  1.000559,  1.001708,  1.001708
  14,  0.994934,  1.000558,  1.001707,  1.001707
  15,  0.994934,  1.000558,  1.001707,  1.001707
Optimization terminated successfully.
         Current function value: 2.470834
         Iterations: 7
         Function evaluations: 50
         Gradient evaluations: 10
