t23 and m31 are: 0.8883998681497716, 0.002517
begin the min_chisq
   1,  0.998697,  0.999440,  1.001658,  1.001658
   2,  0.998203,  0.999214,  1.001412,  1.001412
   3,  0.997942,  0.999787,  1.001401,  1.001401
   4,  0.997996,  0.999799,  1.001338,  1.001338
   5,  0.998115,  0.999829,  1.001196,  1.001196
   6,  0.998243,  0.999858,  1.001047,  1.001047
   7,  0.998243,  0.999857,  1.001047,  1.001047
   8,  0.998243,  0.999857,  1.001047,  1.001047
Optimization terminated successfully.
         Current function value: 0.300545
         Iterations: 8
         Function evaluations: 70
         Gradient evaluations: 14
   9,  0.998672,  0.999413,  0.999804,  0.999804
  10,  0.997359,  0.998830,  1.001011,  1.001011
  11,  0.996695,  1.000283,  1.001030,  1.001030
  12,  0.996808,  1.000315,  1.001041,  1.001041
  13,  0.996883,  1.000340,  1.001049,  1.001049
  14,  0.996883,  1.000340,  1.001048,  1.001048
Optimization terminated successfully.
         Current function value: 0.952238
         Iterations: 6
         Function evaluations: 45
         Gradient evaluations: 9
