t23 and m31 are: 0.9260989799928494, 0.002517
begin the min_chisq
   1,  0.996679,  0.998575,  1.004295,  1.004295
   2,  0.995440,  0.998010,  1.003688,  1.003688
   3,  0.994734,  0.999562,  1.003659,  1.003659
   4,  0.994853,  0.999594,  1.003516,  1.003516
   5,  0.995110,  0.999665,  1.003204,  1.003204
   6,  0.995592,  0.999787,  1.002624,  1.002624
   7,  0.995596,  0.999774,  1.002625,  1.002625
   8,  0.995596,  0.999774,  1.002625,  1.002625
   9,  0.995596,  0.999774,  1.002625,  1.002625
Optimization terminated successfully.
         Current function value: 1.810313
         Iterations: 9
         Function evaluations: 75
         Gradient evaluations: 15
  10,  0.996441,  0.998428,  0.999506,  0.999506
  11,  0.992910,  0.996860,  1.002801,  1.002801
  12,  0.991050,  1.000937,  1.002854,  1.002854
  13,  0.991456,  1.000909,  1.002823,  1.002823
  14,  0.991723,  1.000909,  1.002800,  1.002800
  15,  0.991725,  1.000905,  1.002800,  1.002800
  16,  0.991725,  1.000905,  1.002800,  1.002800
Optimization terminated successfully.
         Current function value: 6.441984
         Iterations: 7
         Function evaluations: 50
         Gradient evaluations: 10
