t23 and m31 are: 0.7501697913918195, 0.002517
begin the min_chisq
   1,  1.001288,  1.000560,  0.998624,  0.998624
   2,  1.001847,  1.000821,  0.998961,  0.998961
   3,  1.001910,  1.000684,  0.998963,  0.998963
   4,  1.001949,  1.000710,  0.998919,  0.998919
   5,  1.002016,  1.000753,  0.998845,  0.998845
   6,  1.002016,  1.000753,  0.998845,  0.998845
Optimization terminated successfully.
         Current function value: 0.689668
         Iterations: 6
         Function evaluations: 70
         Gradient evaluations: 14
   7,  1.000393,  1.000177,  1.000116,  1.000116
   8,  1.000939,  1.000429,  0.999663,  0.999663
   9,  1.001018,  1.000255,  0.999661,  0.999661
  10,  1.001027,  1.000258,  0.999656,  0.999656
  11,  1.001045,  1.000265,  0.999644,  0.999644
  12,  1.001089,  1.000280,  0.999617,  0.999617
  13,  1.001093,  1.000281,  0.999615,  0.999615
  14,  1.001093,  1.000281,  0.999615,  0.999615
Optimization terminated successfully.
         Current function value: 0.299326
         Iterations: 8
         Function evaluations: 60
         Gradient evaluations: 12
