t23 and m31 are: 0.8758334975354123, 0.002517
begin the min_chisq
   1,  0.999246,  0.999676,  1.000953,  1.000953
   2,  0.998958,  0.999544,  1.000809,  1.000809
   3,  0.998812,  0.999866,  1.000803,  1.000803
   4,  0.998844,  0.999873,  1.000765,  1.000765
   5,  0.998916,  0.999891,  1.000680,  1.000680
   6,  0.998978,  0.999906,  1.000609,  1.000609
   7,  0.998978,  0.999906,  1.000609,  1.000609
Optimization terminated successfully.
         Current function value: 0.103405
         Iterations: 7
         Function evaluations: 65
         Gradient evaluations: 13
   8,  0.999247,  0.999667,  0.999887,  0.999887
   9,  0.998505,  0.999337,  1.000566,  1.000566
  10,  0.998135,  1.000148,  1.000577,  1.000577
  11,  0.998191,  1.000171,  1.000587,  1.000587
  12,  0.998231,  1.000189,  1.000594,  1.000594
  13,  0.998231,  1.000189,  1.000594,  1.000594
Optimization terminated successfully.
         Current function value: 0.311348
         Iterations: 6
         Function evaluations: 45
         Gradient evaluations: 9
