t23 and m31 are: 0.794152088542077, 0.002517
begin the min_chisq
   1,  1.001085,  1.000469,  0.998724,  0.998724
   2,  1.001606,  1.000709,  0.999006,  0.999006
   3,  1.001767,  1.000358,  0.999013,  0.999013
   4,  1.001786,  1.000363,  0.998992,  0.998992
   5,  1.001829,  1.000374,  0.998946,  0.998946
   6,  1.001866,  1.000383,  0.998907,  0.998907
   7,  1.001866,  1.000382,  0.998907,  0.998907
Optimization terminated successfully.
         Current function value: 0.420100
         Iterations: 7
         Function evaluations: 65
         Gradient evaluations: 13
   8,  1.001198,  1.000532,  1.000221,  1.000221
   9,  1.002016,  1.000899,  0.999496,  0.999496
  10,  1.002451,  0.999949,  0.999482,  0.999482
  11,  1.002416,  0.999938,  0.999420,  0.999420
  12,  1.002332,  0.999916,  0.999276,  0.999276
  13,  1.002301,  0.999906,  0.999222,  0.999222
  14,  1.002301,  0.999906,  0.999222,  0.999222
Optimization terminated successfully.
         Current function value: 0.635590
         Iterations: 7
         Function evaluations: 55
         Gradient evaluations: 11
