t23 and m31 are: 0.6464972338233554, 0.002517
begin the min_chisq
   1,  0.999715,  0.999906,  1.001155,  1.001155
   2,  0.999479,  0.999820,  1.001123,  1.001123
   3,  0.998131,  1.002790,  1.001066,  1.001066
   4,  0.998332,  1.002398,  1.001001,  1.001001
   5,  0.998332,  1.002398,  1.001000,  1.001000
   6,  0.998332,  1.002398,  1.001000,  1.001000
Optimization terminated successfully.
         Current function value: 1.389906
         Iterations: 6
         Function evaluations: 50
         Gradient evaluations: 10
   7,  0.995357,  0.997951,  0.999659,  0.999659
   8,  0.990711,  0.995898,  1.004284,  1.004284
   9,  0.987996,  1.001837,  1.004365,  1.004365
  10,  0.988585,  1.001830,  1.004042,  1.004042
  11,  0.989218,  1.001859,  1.003686,  1.003686
  12,  0.989220,  1.001852,  1.003687,  1.003687
  13,  0.989220,  1.001852,  1.003687,  1.003687
Optimization terminated successfully.
         Current function value: 9.053761
         Iterations: 7
         Function evaluations: 50
         Gradient evaluations: 10
