t23 and m31 are: 0.8569839416138734, 0.002517
begin the min_chisq
   1,  0.999954,  0.999980,  1.000057,  1.000057
   2,  0.999937,  0.999972,  1.000048,  1.000048
   3,  0.999928,  0.999991,  1.000048,  1.000048
   4,  0.999930,  0.999992,  1.000045,  1.000045
   5,  0.999935,  0.999993,  1.000040,  1.000040
   6,  0.999938,  0.999993,  1.000037,  1.000037
   7,  0.999938,  0.999993,  1.000037,  1.000037
Optimization terminated successfully.
         Current function value: 0.000396
         Iterations: 7
         Function evaluations: 65
         Gradient evaluations: 13
   8,  0.999956,  0.999981,  0.999993,  0.999993
   9,  0.999913,  0.999961,  1.000032,  1.000032
  10,  0.999892,  1.000008,  1.000033,  1.000033
  11,  0.999894,  1.000009,  1.000034,  1.000034
  12,  0.999897,  1.000011,  1.000035,  1.000035
Optimization terminated successfully.
         Current function value: 0.001086
         Iterations: 5
         Function evaluations: 40
         Gradient evaluations: 8
