t23 and m31 are: 0.8664087195746428, 0.002517
begin the min_chisq
   1,  0.999617,  0.999835,  1.000481,  1.000481
   2,  0.999471,  0.999768,  1.000407,  1.000407
   3,  0.999398,  0.999928,  1.000404,  1.000404
   4,  0.999415,  0.999932,  1.000385,  1.000385
   5,  0.999452,  0.999941,  1.000341,  1.000341
   6,  0.999479,  0.999948,  1.000310,  1.000310
   7,  0.999479,  0.999948,  1.000310,  1.000310
Optimization terminated successfully.
         Current function value: 0.027201
         Iterations: 7
         Function evaluations: 65
         Gradient evaluations: 13
   8,  0.999625,  0.999834,  0.999943,  0.999943
   9,  0.999255,  0.999670,  1.000280,  1.000280
  10,  0.999072,  1.000071,  1.000285,  1.000285
  11,  0.999098,  1.000083,  1.000291,  1.000291
  12,  0.999118,  1.000092,  1.000296,  1.000296
  13,  0.999118,  1.000092,  1.000296,  1.000296
Optimization terminated successfully.
         Current function value: 0.078398
         Iterations: 6
         Function evaluations: 45
         Gradient evaluations: 9
