t23 and m31 are: 0.7250370501631009, 0.002517
begin the min_chisq
   1,  1.001198,  1.000526,  0.998871,  0.998871
   2,  1.001648,  1.000738,  0.999180,  0.999180
   3,  1.001518,  1.001024,  0.999174,  0.999174
   4,  1.001568,  1.001024,  0.999136,  0.999136
   5,  1.001646,  1.001024,  0.999078,  0.999078
   6,  1.001646,  1.001024,  0.999078,  0.999078
Optimization terminated successfully.
         Current function value: 0.744815
         Iterations: 6
         Function evaluations: 65
         Gradient evaluations: 13
   7,  0.999864,  0.999947,  1.000123,  1.000123
   8,  0.999773,  0.999913,  1.000111,  1.000111
   9,  0.999219,  1.001125,  1.000127,  1.000127
  10,  0.999274,  1.000917,  1.000155,  1.000155
  11,  0.999351,  1.000622,  1.000195,  1.000195
  12,  0.999351,  1.000623,  1.000195,  1.000195
Optimization terminated successfully.
         Current function value: 0.108749
         Iterations: 6
         Function evaluations: 45
         Gradient evaluations: 9
