t23 and m31 are: 0.9292405726464392, 0.002517
begin the min_chisq
   1,  0.996486,  0.998493,  1.004550,  1.004550
   2,  0.995176,  0.997895,  1.003909,  1.003909
   3,  0.994425,  0.999548,  1.003878,  1.003878
   4,  0.994549,  0.999581,  1.003729,  1.003729
   5,  0.994817,  0.999655,  1.003404,  1.003404
   6,  0.995341,  0.999787,  1.002772,  1.002772
   7,  0.995346,  0.999773,  1.002774,  1.002774
   8,  0.995346,  0.999772,  1.002774,  1.002774
   9,  0.995346,  0.999772,  1.002774,  1.002774
Warning: Desired error not necessarily achieved due to precision loss.
         Current function value: 2.014994
         Iterations: 9
         Function evaluations: 201
         Gradient evaluations: 38
  10,  0.996221,  0.998331,  0.999479,  0.999479
  11,  0.992470,  0.996665,  1.002983,  1.002983
  12,  0.990478,  1.001033,  1.003040,  1.003040
  13,  0.990921,  1.000978,  1.003001,  1.003001
  14,  0.991220,  1.000962,  1.002972,  1.002972
  15,  0.991222,  1.000957,  1.002972,  1.002972
  16,  0.991222,  1.000957,  1.002972,  1.002972
Optimization terminated successfully.
         Current function value: 7.226267
         Iterations: 7
         Function evaluations: 50
         Gradient evaluations: 10
