t23 and m31 are: 0.9198157946856698, 0.002517
begin the min_chisq
   1,  0.997054,  0.998736,  1.003801,  1.003801
   2,  0.995951,  0.998232,  1.003259,  1.003259
   3,  0.995332,  0.999595,  1.003234,  1.003234
   4,  0.995440,  0.999623,  1.003104,  1.003104
   5,  0.995676,  0.999688,  1.002819,  1.002819
   6,  0.996079,  0.999790,  1.002335,  1.002335
   7,  0.996082,  0.999780,  1.002336,  1.002336
   8,  0.996082,  0.999780,  1.002336,  1.002336
   9,  0.996082,  0.999780,  1.002336,  1.002336
  10,  0.996082,  0.999780,  1.002336,  1.002336
Warning: Maximum number of iterations has been exceeded.
         Current function value: 1.441972
         Iterations: 10
         Function evaluations: 245
         Gradient evaluations: 49
  11,  0.996866,  0.998615,  0.999561,  0.999561
  12,  0.993758,  0.997236,  1.002453,  1.002453
  13,  0.992140,  1.000782,  1.002499,  1.002499
  14,  0.992481,  1.000786,  1.002481,  1.002481
  15,  0.992697,  1.000805,  1.002468,  1.002468
  16,  0.992699,  1.000802,  1.002468,  1.002468
  17,  0.992699,  1.000802,  1.002468,  1.002468
Optimization terminated successfully.
         Current function value: 5.048315
         Iterations: 7
         Function evaluations: 50
         Gradient evaluations: 10
