t23 and m31 are: 0.8255680150779752, 0.002517
begin the min_chisq
   1,  1.000646,  1.000279,  0.999211,  0.999211
   2,  1.000969,  1.000427,  0.999380,  0.999380
   3,  1.001093,  1.000155,  0.999385,  0.999385
   4,  1.001111,  1.000160,  0.999364,  0.999364
   5,  1.001150,  1.000171,  0.999321,  0.999321
   6,  1.001150,  1.000171,  0.999321,  0.999321
Optimization terminated successfully.
         Current function value: 0.143448
         Iterations: 6
         Function evaluations: 60
         Gradient evaluations: 12
   7,  1.000747,  1.000331,  1.000124,  1.000124
   8,  1.001453,  1.000646,  0.999489,  0.999489
   9,  1.001793,  0.999904,  0.999479,  0.999479
  10,  1.001767,  0.999890,  0.999463,  0.999463
  11,  1.001707,  0.999860,  0.999426,  0.999426
  12,  1.001707,  0.999860,  0.999426,  0.999426
Optimization terminated successfully.
         Current function value: 0.315434
         Iterations: 6
         Function evaluations: 45
         Gradient evaluations: 9
