t23 and m31 are: 0.6841963456664333, 0.002517
begin the min_chisq
   1,  1.000886,  1.000410,  0.999809,  0.999809
   2,  1.000903,  1.000425,  0.999876,  0.999876
   3,  1.000498,  1.001316,  0.999859,  0.999859
   4,  1.000330,  1.001614,  0.999859,  0.999859
   5,  1.000331,  1.001614,  0.999859,  0.999859
   6,  1.000331,  1.001614,  0.999859,  0.999859
Optimization terminated successfully.
         Current function value: 0.856495
         Iterations: 6
         Function evaluations: 50
         Gradient evaluations: 10
   7,  0.997877,  0.999068,  0.999913,  0.999913
   8,  0.995758,  0.998143,  1.002072,  1.002072
   9,  0.994402,  1.001108,  1.002113,  1.002113
  10,  0.994639,  1.001178,  1.001931,  1.001931
  11,  0.994943,  1.001276,  1.001694,  1.001694
  12,  0.994943,  1.001276,  1.001694,  1.001694
  13,  0.994943,  1.001276,  1.001694,  1.001694
Optimization terminated successfully.
         Current function value: 1.864985
         Iterations: 7
         Function evaluations: 50
         Gradient evaluations: 10
