t23 and m31 are: 0.7784441252741279, 0.002517
begin the min_chisq
   1,  1.001212,  1.000525,  0.998610,  0.998610
   2,  1.001779,  1.000787,  0.998926,  0.998926
   3,  1.001927,  1.000463,  0.998932,  0.998932
   4,  1.001941,  1.000468,  0.998917,  0.998917
   5,  1.001970,  1.000479,  0.998886,  0.998886
   6,  1.002035,  1.000503,  0.998816,  0.998816
   7,  1.002035,  1.000503,  0.998816,  0.998816
Optimization terminated successfully.
         Current function value: 0.543146
         Iterations: 7
         Function evaluations: 65
         Gradient evaluations: 13
   8,  1.001466,  1.000652,  1.000295,  1.000295
   9,  1.001675,  1.000747,  1.000111,  1.000111
  10,  1.002101,  0.999819,  1.000098,  1.000098
  11,  1.002108,  0.999848,  0.999961,  0.999961
  12,  1.002123,  0.999914,  0.999659,  0.999659
  13,  1.002142,  1.000000,  0.999272,  0.999272
  14,  1.002141,  1.000002,  0.999271,  0.999271
  15,  1.002141,  1.000002,  0.999271,  0.999271
Optimization terminated successfully.
         Current function value: 0.610014
         Iterations: 8
         Function evaluations: 65
         Gradient evaluations: 13
