t23 and m31 are: 0.7156122722023315, 0.002517
begin the min_chisq
   1,  1.001132,  1.000499,  0.999019,  0.999019
   2,  1.001512,  1.000681,  0.999305,  0.999305
   3,  1.001310,  1.001126,  0.999297,  0.999297
   4,  1.001347,  1.001131,  0.999269,  0.999269
   5,  1.001421,  1.001142,  0.999214,  0.999214
   6,  1.001421,  1.001141,  0.999214,  0.999214
   7,  1.001421,  1.001141,  0.999214,  0.999214
Optimization terminated successfully.
         Current function value: 0.757781
         Iterations: 7
         Function evaluations: 65
         Gradient evaluations: 13
   8,  0.999273,  0.999688,  1.000112,  1.000112
   9,  0.999011,  0.999581,  1.000469,  1.000469
  10,  0.998475,  1.000753,  1.000485,  1.000485
  11,  0.998505,  1.000766,  1.000480,  1.000480
  12,  0.998505,  1.000767,  1.000480,  1.000480
Optimization terminated successfully.
         Current function value: 0.192356
         Iterations: 5
         Function evaluations: 45
         Gradient evaluations: 9
