t23 and m31 are: 0.8726919048818225, 0.002517
begin the min_chisq
   1,  0.999373,  0.999731,  1.000791,  1.000791
   2,  0.999134,  0.999621,  1.000670,  1.000670
   3,  0.999014,  0.999886,  1.000665,  1.000665
   4,  0.999040,  0.999893,  1.000634,  1.000634
   5,  0.999101,  0.999908,  1.000563,  1.000563
   6,  0.999150,  0.999919,  1.000506,  1.000506
   7,  0.999150,  0.999919,  1.000506,  1.000506
Optimization terminated successfully.
         Current function value: 0.071862
         Iterations: 7
         Function evaluations: 65
         Gradient evaluations: 13
   8,  0.999378,  0.999725,  0.999906,  0.999906
   9,  0.998765,  0.999453,  1.000466,  1.000466
  10,  0.998460,  1.000120,  1.000475,  1.000475
  11,  0.998505,  1.000140,  1.000484,  1.000484
  12,  0.998539,  1.000155,  1.000491,  1.000491
  13,  0.998539,  1.000155,  1.000491,  1.000491
Optimization terminated successfully.
         Current function value: 0.213367
         Iterations: 6
         Function evaluations: 45
         Gradient evaluations: 9
