t23 and m31 are: 0.863267126921053, 0.002517
begin the min_chisq
   1,  0.999733,  0.999885,  1.000335,  1.000335
   2,  0.999631,  0.999839,  1.000283,  1.000283
   3,  0.999581,  0.999949,  1.000281,  1.000281
   4,  0.999592,  0.999952,  1.000267,  1.000267
   5,  0.999619,  0.999958,  1.000236,  1.000236
   6,  0.999637,  0.999962,  1.000216,  1.000216
   7,  0.999637,  0.999962,  1.000216,  1.000216
Optimization terminated successfully.
         Current function value: 0.013291
         Iterations: 7
         Function evaluations: 65
         Gradient evaluations: 13
   8,  0.999740,  0.999885,  0.999960,  0.999960
   9,  0.999485,  0.999772,  1.000193,  1.000193
  10,  0.999358,  1.000049,  1.000197,  1.000197
  11,  0.999375,  1.000057,  1.000201,  1.000201
  12,  0.999390,  1.000063,  1.000205,  1.000205
  13,  0.999390,  1.000063,  1.000205,  1.000205
Optimization terminated successfully.
         Current function value: 0.037708
         Iterations: 6
         Function evaluations: 45
         Gradient evaluations: 9
