t23 and m31 are: 0.9418069432607985, 0.002517
begin the min_chisq
   1,  0.995677,  0.998146,  1.005624,  1.005624
   2,  0.994073,  0.997415,  1.004844,  1.004844
   3,  0.993116,  0.999524,  1.004805,  1.004805
   4,  0.993260,  0.999560,  1.004632,  1.004632
   5,  0.993569,  0.999638,  1.004259,  1.004259
   6,  0.994295,  0.999802,  1.003391,  1.003391
   7,  0.994302,  0.999776,  1.003393,  1.003393
   8,  0.994303,  0.999775,  1.003393,  1.003393
   9,  0.994303,  0.999775,  1.003393,  1.003393
Optimization terminated successfully.
         Current function value: 2.981294
         Iterations: 9
         Function evaluations: 75
         Gradient evaluations: 15
  10,  0.995287,  0.997918,  0.999362,  0.999362
  11,  0.990601,  0.995838,  1.003764,  1.003764
  12,  0.987949,  1.001657,  1.003839,  1.003839
  13,  0.988574,  1.001384,  1.003766,  1.003766
  14,  0.989094,  1.001182,  1.003701,  1.003701
  15,  0.989100,  1.001170,  1.003701,  1.003701
  16,  0.989100,  1.001170,  1.003701,  1.003701
Optimization terminated successfully.
         Current function value: 11.004016
         Iterations: 7
         Function evaluations: 50
         Gradient evaluations: 10
