t23 and m31 are: 0.8161432371172057, 0.002517
begin the min_chisq
   1,  1.000804,  1.000347,  0.999029,  0.999029
   2,  1.001200,  1.000529,  0.999238,  0.999238
   3,  1.001345,  1.000213,  0.999244,  0.999244
   4,  1.001365,  1.000218,  0.999221,  0.999221
   5,  1.001414,  1.000230,  0.999168,  0.999168
   6,  1.001417,  1.000230,  0.999165,  0.999165
   7,  1.001417,  1.000230,  0.999165,  0.999165
Optimization terminated successfully.
         Current function value: 0.223646
         Iterations: 7
         Function evaluations: 65
         Gradient evaluations: 13
   8,  1.000910,  1.000404,  1.000155,  1.000155
   9,  1.001729,  1.000769,  0.999421,  0.999421
  10,  1.002124,  0.999907,  0.999409,  0.999409
  11,  1.002103,  0.999896,  0.999392,  0.999392
  12,  1.002054,  0.999873,  0.999355,  0.999355
  13,  1.002013,  0.999853,  0.999322,  0.999322
  14,  1.002013,  0.999853,  0.999322,  0.999322
Optimization terminated successfully.
         Current function value: 0.449150
         Iterations: 7
         Function evaluations: 50
         Gradient evaluations: 10
