t23 and m31 are: 0.897824646110541, 0.002517
begin the min_chisq
   1,  0.998244,  0.999246,  1.002244,  1.002244
   2,  0.997581,  0.998943,  1.001914,  1.001914
   3,  0.997223,  0.999729,  1.001900,  1.001900
   4,  0.997294,  0.999746,  1.001817,  1.001817
   5,  0.997449,  0.999785,  1.001632,  1.001632
   6,  0.997642,  0.999829,  1.001405,  1.001405
   7,  0.997643,  0.999827,  1.001405,  1.001405
   8,  0.997643,  0.999827,  1.001405,  1.001405
Optimization terminated successfully.
         Current function value: 0.534822
         Iterations: 8
         Function evaluations: 70
         Gradient evaluations: 14
   9,  0.998185,  0.999198,  0.999737,  0.999737
  10,  0.996390,  0.998401,  1.001393,  1.001393
  11,  0.995471,  1.000412,  1.001419,  1.001419
  12,  0.995641,  1.000442,  1.001427,  1.001427
  13,  0.995748,  1.000468,  1.001432,  1.001432
  14,  0.995749,  1.000467,  1.001432,  1.001432
  15,  0.995749,  1.000467,  1.001432,  1.001432
Optimization terminated successfully.
         Current function value: 1.752457
         Iterations: 7
         Function evaluations: 50
         Gradient evaluations: 10
