t23 and m31 are: 0.7124706795487417, 0.002517
begin the min_chisq
   1,  1.001107,  1.000490,  0.999075,  0.999075
   2,  1.001460,  1.000659,  0.999352,  0.999352
   3,  1.001231,  1.001161,  0.999342,  0.999342
   4,  1.001283,  1.001172,  0.999304,  0.999304
   5,  1.001336,  1.001183,  0.999266,  0.999266
   6,  1.001336,  1.001183,  0.999266,  0.999266
Optimization terminated successfully.
         Current function value: 0.762470
         Iterations: 6
         Function evaluations: 60
         Gradient evaluations: 12
   7,  0.999193,  0.999652,  1.000080,  1.000080
   8,  0.998453,  0.999343,  1.000989,  1.000989
   9,  0.997842,  1.000678,  1.001007,  1.001007
  10,  0.998014,  1.000743,  1.000804,  1.000804
  11,  0.998201,  1.000815,  1.000583,  1.000583
  12,  0.998200,  1.000816,  1.000583,  1.000583
  13,  0.998200,  1.000816,  1.000583,  1.000583
Optimization terminated successfully.
         Current function value: 0.251718
         Iterations: 7
         Function evaluations: 55
         Gradient evaluations: 11
