t23 and m31 are: 0.8444175709995141, 0.002517
begin the min_chisq
   1,  1.000267,  1.000115,  0.999670,  0.999670
   2,  1.000402,  1.000177,  0.999739,  0.999739
   3,  1.000459,  1.000051,  0.999741,  0.999741
   4,  1.000468,  1.000055,  0.999731,  0.999731
   5,  1.000481,  1.000060,  0.999715,  0.999715
   6,  1.000481,  1.000060,  0.999715,  0.999715
Optimization terminated successfully.
         Current function value: 0.024105
         Iterations: 6
         Function evaluations: 60
         Gradient evaluations: 12
   7,  1.000321,  1.000142,  1.000051,  1.000051
   8,  1.000643,  1.000286,  0.999759,  0.999759
   9,  1.000800,  0.999944,  0.999754,  0.999754
  10,  1.000779,  0.999933,  0.999747,  0.999747
  11,  1.000767,  0.999927,  0.999743,  0.999743
  12,  1.000767,  0.999927,  0.999743,  0.999743
Optimization terminated successfully.
         Current function value: 0.061267
         Iterations: 6
         Function evaluations: 45
         Gradient evaluations: 9
