t23 and m31 are: 0.8475591636531039, 0.002517
begin the min_chisq
   1,  1.000195,  1.000084,  0.999758,  0.999758
   2,  1.000294,  1.000129,  0.999809,  0.999809
   3,  1.000337,  1.000036,  0.999810,  0.999810
   4,  1.000343,  1.000039,  0.999803,  0.999803
   5,  1.000353,  1.000043,  0.999791,  0.999791
   6,  1.000353,  1.000043,  0.999791,  0.999791
Optimization terminated successfully.
         Current function value: 0.012867
         Iterations: 6
         Function evaluations: 60
         Gradient evaluations: 12
   7,  1.000236,  1.000105,  1.000037,  1.000037
   8,  1.000475,  1.000211,  0.999821,  0.999821
   9,  1.000591,  0.999957,  0.999817,  0.999817
  10,  1.000575,  0.999949,  0.999812,  0.999812
  11,  1.000567,  0.999945,  0.999809,  0.999809
  12,  1.000567,  0.999945,  0.999809,  0.999809
Optimization terminated successfully.
         Current function value: 0.033377
         Iterations: 6
         Function evaluations: 45
         Gradient evaluations: 9
