t23 and m31 are: 0.951231721221568, 0.002517
begin the min_chisq
   1,  0.995030,  0.997870,  1.006486,  1.006486
   2,  0.993194,  0.997033,  1.005595,  1.005595
   3,  0.992041,  0.999574,  1.005549,  1.005549
   4,  0.992199,  0.999606,  1.005363,  1.005363
   5,  0.992537,  0.999672,  1.004964,  1.004964
   6,  0.993352,  0.999812,  1.004009,  1.004009
   7,  0.993474,  0.999793,  1.003883,  1.003883
   8,  0.993476,  0.999788,  1.003883,  1.003883
   9,  0.993476,  0.999787,  1.003883,  1.003883
  10,  0.993476,  0.999787,  1.003883,  1.003883
Warning: Maximum number of iterations has been exceeded.
         Current function value: 3.873917
         Iterations: 10
         Function evaluations: 80
         Gradient evaluations: 16
  11,  0.994530,  0.997583,  0.999271,  0.999271
  12,  0.989086,  0.995168,  1.004407,  1.004407
  13,  0.985647,  1.002714,  1.004504,  1.004504
  14,  0.986419,  1.002100,  1.004411,  1.004411
  15,  0.987381,  1.001360,  1.004290,  1.004290
  16,  0.987396,  1.001331,  1.004289,  1.004289
  17,  0.987396,  1.001330,  1.004289,  1.004289
  18,  0.987396,  1.001330,  1.004289,  1.004289
  19,  0.987396,  1.001330,  1.004289,  1.004289
Warning: Desired error not necessarily achieved due to precision loss.
         Current function value: 14.579390
         Iterations: 9
         Function evaluations: 557
         Gradient evaluations: 109
