t23 and m31 are: 0.9135326093784901, 0.002517
begin the min_chisq
   1,  0.997413,  0.998890,  1.003329,  1.003329
   2,  0.996443,  0.998446,  1.002851,  1.002851
   3,  0.995904,  0.999631,  1.002828,  1.002828
   4,  0.996001,  0.999657,  1.002712,  1.002712
   5,  0.996215,  0.999714,  1.002455,  1.002455
   6,  0.996549,  0.999796,  1.002056,  1.002056
   7,  0.996551,  0.999790,  1.002056,  1.002056
   8,  0.996551,  0.999790,  1.002056,  1.002056
   9,  0.996551,  0.999790,  1.002056,  1.002056
  10,  0.996551,  0.999790,  1.002056,  1.002056
Warning: Maximum number of iterations has been exceeded.
         Current function value: 1.125223
         Iterations: 10
         Function evaluations: 343
         Gradient evaluations: 68
  11,  0.997269,  0.998793,  0.999614,  0.999614
  12,  0.994563,  0.997592,  1.002125,  1.002125
  13,  0.993164,  1.000657,  1.002165,  1.002165
  14,  0.993449,  1.000678,  1.002158,  1.002158
  15,  0.993626,  1.000704,  1.002151,  1.002151
  16,  0.993627,  1.000702,  1.002151,  1.002151
  17,  0.993627,  1.000702,  1.002151,  1.002151
Optimization terminated successfully.
         Current function value: 3.871538
         Iterations: 7
         Function evaluations: 50
         Gradient evaluations: 10
