t23 and m31 are: 0.7564529766989991, 0.002517
begin the min_chisq
   1,  1.001288,  1.000559,  0.998597,  0.998597
   2,  1.001859,  1.000825,  0.998933,  0.998933
   3,  1.001946,  1.000636,  0.998937,  0.998937
   4,  1.001964,  1.000646,  0.998917,  0.998917
   5,  1.002005,  1.000667,  0.998873,  0.998873
   6,  1.002056,  1.000693,  0.998817,  0.998817
   7,  1.002056,  1.000693,  0.998817,  0.998817
Optimization terminated successfully.
         Current function value: 0.666066
         Iterations: 7
         Function evaluations: 70
         Gradient evaluations: 14
   8,  1.000510,  1.000229,  1.000131,  1.000131
   9,  1.001179,  1.000535,  0.999565,  0.999565
  10,  1.001337,  1.000190,  0.999560,  0.999560
  11,  1.001368,  1.000198,  0.999539,  0.999539
  12,  1.001410,  1.000208,  0.999510,  0.999510
  13,  1.001410,  1.000208,  0.999510,  0.999510
Optimization terminated successfully.
         Current function value: 0.382456
         Iterations: 6
         Function evaluations: 50
         Gradient evaluations: 10
