t23 and m31 are: 0.775302532620538, 0.002517
begin the min_chisq
   1,  1.001230,  1.000533,  0.998598,  0.998598
   2,  1.001802,  1.000798,  0.998919,  0.998919
   3,  1.001946,  1.000483,  0.998925,  0.998925
   4,  1.001958,  1.000489,  0.998911,  0.998911
   5,  1.001984,  1.000500,  0.998882,  0.998882
   6,  1.002047,  1.000526,  0.998813,  0.998813
   7,  1.002053,  1.000528,  0.998807,  0.998807
   8,  1.002053,  1.000528,  0.998807,  0.998807
Optimization terminated successfully.
         Current function value: 0.564531
         Iterations: 8
         Function evaluations: 70
         Gradient evaluations: 14
   9,  1.000754,  1.000336,  1.000155,  1.000155
  10,  1.001679,  1.000754,  0.999346,  0.999346
  11,  1.002012,  1.000028,  0.999336,  0.999336
  12,  1.002073,  1.000026,  0.999293,  0.999293
  13,  1.002073,  1.000026,  0.999293,  0.999293
Optimization terminated successfully.
         Current function value: 0.588898
         Iterations: 5
         Function evaluations: 45
         Gradient evaluations: 9
