t23 and m31 are: 0.7313202354702806, 0.002517
begin the min_chisq
   1,  1.001233,  1.000540,  0.998789,  0.998789
   2,  1.001720,  1.000769,  0.999109,  0.999109
   3,  1.001638,  1.000949,  0.999105,  0.999105
   4,  1.001657,  1.000950,  0.999090,  0.999090
   5,  1.001699,  1.000950,  0.999057,  0.999057
   6,  1.001770,  1.000951,  0.999001,  0.999001
   7,  1.001770,  1.000951,  0.999001,  0.999001
Optimization terminated successfully.
         Current function value: 0.735275
         Iterations: 7
         Function evaluations: 70
         Gradient evaluations: 14
   8,  1.000040,  1.000020,  1.000057,  1.000057
   9,  1.000085,  1.000056,  1.000027,  1.000027
  10,  0.999948,  1.000351,  1.000032,  1.000032
  11,  0.999857,  1.000531,  1.000026,  1.000026
  12,  0.999857,  1.000531,  1.000026,  1.000026
Optimization terminated successfully.
         Current function value: 0.114897
         Iterations: 5
         Function evaluations: 45
         Gradient evaluations: 9
