t23 and m31 are: 0.8412759783459243, 0.002517
begin the min_chisq
   1,  1.000336,  1.000145,  0.999585,  0.999585
   2,  1.000506,  1.000223,  0.999672,  0.999672
   3,  1.000577,  1.000067,  0.999675,  0.999675
   4,  1.000587,  1.000071,  0.999662,  0.999662
   5,  1.000605,  1.000078,  0.999641,  0.999641
   6,  1.000605,  1.000077,  0.999641,  0.999641
Optimization terminated successfully.
         Current function value: 0.038329
         Iterations: 6
         Function evaluations: 60
         Gradient evaluations: 12
   7,  1.000402,  1.000178,  1.000064,  1.000064
   8,  1.000802,  1.000356,  0.999702,  0.999702
   9,  1.000996,  0.999932,  0.999696,  0.999696
  10,  1.000972,  0.999920,  0.999687,  0.999687
  11,  1.000954,  0.999911,  0.999680,  0.999680
  12,  1.000954,  0.999911,  0.999680,  0.999680
Optimization terminated successfully.
         Current function value: 0.095360
         Iterations: 6
         Function evaluations: 45
         Gradient evaluations: 9
