t23 and m31 are: 0.9386653506072087, 0.002517
begin the min_chisq
   1,  0.995885,  0.998235,  1.005347,  1.005347
   2,  0.994356,  0.997538,  1.004603,  1.004603
   3,  0.993455,  0.999523,  1.004566,  1.004566
   4,  0.993594,  0.999559,  1.004399,  1.004399
   5,  0.993894,  0.999637,  1.004036,  1.004036
   6,  0.994563,  0.999796,  1.003233,  1.003233
   7,  0.994570,  0.999774,  1.003235,  1.003235
   8,  0.994570,  0.999773,  1.003235,  1.003235
   9,  0.994570,  0.999772,  1.003235,  1.003235
Optimization terminated successfully.
         Current function value: 2.716655
         Iterations: 9
         Function evaluations: 75
         Gradient evaluations: 15
  10,  0.995528,  0.998025,  0.999392,  0.999392
  11,  0.991085,  0.996052,  1.003560,  1.003560
  12,  0.988624,  1.001449,  1.003630,  1.003630
  13,  0.989198,  1.001253,  1.003566,  1.003566
  14,  0.989642,  1.001126,  1.003513,  1.003513
  15,  0.989647,  1.001116,  1.003513,  1.003513
  16,  0.989647,  1.001116,  1.003513,  1.003513
Optimization terminated successfully.
         Current function value: 9.958529
         Iterations: 7
         Function evaluations: 50
         Gradient evaluations: 10
