t23 and m31 are: 0.9606564991823374, 0.002517
begin the min_chisq
   1,  0.994351,  0.997580,  1.007394,  1.007394
   2,  0.992271,  0.996633,  1.006390,  1.006390
   3,  0.990855,  0.999756,  1.006333,  1.006333
   4,  0.991527,  0.999832,  1.005573,  1.005573
   5,  0.992587,  0.999881,  1.004389,  1.004389
   6,  0.992609,  0.999815,  1.004395,  1.004395
   7,  0.992611,  0.999810,  1.004395,  1.004395
   8,  0.992611,  0.999810,  1.004395,  1.004395
   9,  0.992611,  0.999810,  1.004395,  1.004395
  10,  0.992611,  0.999810,  1.004395,  1.004395
Warning: Maximum number of iterations has been exceeded.
         Current function value: 4.924133
         Iterations: 10
         Function evaluations: 170
         Gradient evaluations: 34
  11,  0.993724,  0.997228,  0.999177,  0.999177
  12,  0.987473,  0.994453,  1.005102,  1.005102
  13,  0.982551,  1.005260,  1.005239,  1.005239
  14,  0.983074,  1.004616,  1.005184,  1.005184
  15,  0.984241,  1.003187,  1.005057,  1.005057
  16,  0.985576,  1.001532,  1.004914,  1.004914
  17,  0.985597,  1.001490,  1.004913,  1.004913
  18,  0.985598,  1.001489,  1.004913,  1.004913
  19,  0.985598,  1.001489,  1.004913,  1.004913
  20,  0.985598,  1.001489,  1.004913,  1.004913
Warning: Maximum number of iterations has been exceeded.
         Current function value: 18.864920
         Iterations: 10
         Function evaluations: 75
         Gradient evaluations: 15
