t23 and m31 are: 0.8349927930387446, 0.002517
begin the min_chisq
   1,  1.000467,  1.000201,  0.999425,  0.999425
   2,  1.000702,  1.000309,  0.999547,  0.999547
   3,  1.000797,  1.000101,  0.999551,  0.999551
   4,  1.000811,  1.000105,  0.999534,  0.999534
   5,  1.000838,  1.000114,  0.999504,  0.999504
   6,  1.000838,  1.000114,  0.999504,  0.999504
Optimization terminated successfully.
         Current function value: 0.074466
         Iterations: 6
         Function evaluations: 60
         Gradient evaluations: 12
   7,  1.000551,  1.000244,  1.000089,  1.000089
   8,  1.001091,  1.000485,  0.999603,  0.999603
   9,  1.001351,  0.999916,  0.999595,  0.999595
  10,  1.001325,  0.999902,  0.999582,  0.999582
  11,  1.001292,  0.999885,  0.999566,  0.999566
  12,  1.001292,  0.999885,  0.999566,  0.999566
Optimization terminated successfully.
         Current function value: 0.176974
         Iterations: 6
         Function evaluations: 45
         Gradient evaluations: 9
