t23 and m31 are: 0.8507007563066937, 0.002517
begin the min_chisq
   1,  1.000121,  1.000052,  0.999849,  0.999849
   2,  1.000183,  1.000080,  0.999881,  0.999881
   3,  1.000209,  1.000021,  0.999882,  0.999882
   4,  1.000213,  1.000023,  0.999877,  0.999877
   5,  1.000219,  1.000026,  0.999870,  0.999870
   6,  1.000219,  1.000026,  0.999870,  0.999870
Optimization terminated successfully.
         Current function value: 0.004942
         Iterations: 6
         Function evaluations: 60
         Gradient evaluations: 12
   7,  1.000147,  1.000065,  1.000023,  1.000023
   8,  1.000298,  1.000132,  0.999887,  0.999887
   9,  1.000371,  0.999972,  0.999885,  0.999885
  10,  1.000359,  0.999967,  0.999881,  0.999881
  11,  1.000356,  0.999965,  0.999880,  0.999880
  12,  1.000356,  0.999965,  0.999880,  0.999880
Optimization terminated successfully.
         Current function value: 0.013071
         Iterations: 6
         Function evaluations: 45
         Gradient evaluations: 9
