t23 and m31 are: 0.7187538648559213, 0.002517
begin the min_chisq
   1,  1.001156,  1.000509,  0.998966,  0.998966
   2,  1.001561,  1.000702,  0.999261,  0.999261
   3,  1.001384,  1.001090,  0.999253,  0.999253
   4,  1.001410,  1.001092,  0.999234,  0.999234
   5,  1.001471,  1.001098,  0.999188,  0.999188
   6,  1.001501,  1.001101,  0.999166,  0.999166
   7,  1.001501,  1.001101,  0.999166,  0.999166
Optimization terminated successfully.
         Current function value: 0.753405
         Iterations: 7
         Function evaluations: 65
         Gradient evaluations: 13
   8,  0.999343,  0.999721,  1.000159,  1.000159
   9,  0.999217,  0.999673,  1.000379,  1.000379
  10,  0.998749,  1.000695,  1.000393,  1.000393
  11,  0.998799,  1.000718,  1.000381,  1.000381
  12,  0.998799,  1.000718,  1.000381,  1.000381
Optimization terminated successfully.
         Current function value: 0.149904
         Iterations: 5
         Function evaluations: 45
         Gradient evaluations: 9
