t23 and m31 are: 0.8318512003851548, 0.002517
begin the min_chisq
   1,  1.000530,  1.000228,  0.999350,  0.999350
   2,  1.000795,  1.000350,  0.999488,  0.999488
   3,  1.000901,  1.000119,  0.999492,  0.999492
   4,  1.000916,  1.000123,  0.999475,  0.999475
   5,  1.000947,  1.000132,  0.999440,  0.999440
   6,  1.000947,  1.000132,  0.999440,  0.999440
Optimization terminated successfully.
         Current function value: 0.095776
         Iterations: 6
         Function evaluations: 60
         Gradient evaluations: 12
   7,  1.000620,  1.000275,  1.000101,  1.000101
   8,  1.001221,  1.000543,  0.999560,  0.999560
   9,  1.001510,  0.999910,  0.999551,  0.999551
  10,  1.001484,  0.999896,  0.999537,  0.999537
  11,  1.001442,  0.999874,  0.999515,  0.999515
  12,  1.001442,  0.999874,  0.999515,  0.999515
Optimization terminated successfully.
         Current function value: 0.222083
         Iterations: 6
         Function evaluations: 45
         Gradient evaluations: 9
