t23 and m31 are: 0.6119397146338674, 0.002517
begin the min_chisq
   1,  0.998592,  0.999441,  1.002933,  1.002933
   2,  0.997684,  0.999059,  1.002670,  1.002670
   3,  0.995749,  1.003327,  1.002588,  1.002588
   4,  0.995854,  1.003381,  1.002373,  1.002373
   5,  0.995849,  1.003392,  1.002371,  1.002371
   6,  0.995848,  1.003392,  1.002371,  1.002371
Optimization terminated successfully.
         Current function value: 2.753556
         Iterations: 6
         Function evaluations: 55
         Gradient evaluations: 11
   7,  0.992351,  0.996614,  0.999380,  0.999380
   8,  0.984693,  0.993211,  1.007036,  1.007036
   9,  0.978073,  1.007697,  1.007230,  1.007230
  10,  0.979959,  1.005463,  1.006735,  1.006735
  11,  0.982634,  1.002308,  1.006022,  1.006022
  12,  0.982680,  1.002220,  1.006022,  1.006022
  13,  0.982681,  1.002218,  1.006022,  1.006022
  14,  0.982681,  1.002218,  1.006022,  1.006022
  15,  0.982681,  1.002218,  1.006022,  1.006022
  16,  0.982681,  1.002218,  1.006022,  1.006022
Warning: Maximum number of iterations has been exceeded.
         Current function value: 23.949500
         Iterations: 10
         Function evaluations: 85
         Gradient evaluations: 17
