t23 and m31 are: 0.8915414608033614, 0.002517
begin the min_chisq
   1,  0.998550,  0.999377,  1.001848,  1.001848
   2,  0.998001,  0.999126,  1.001574,  1.001574
   3,  0.997708,  0.999769,  1.001562,  1.001562
   4,  0.997767,  0.999783,  1.001493,  1.001493
   5,  0.997899,  0.999815,  1.001337,  1.001337
   6,  0.998047,  0.999848,  1.001163,  1.001163
   7,  0.998048,  0.999847,  1.001164,  1.001164
   8,  0.998048,  0.999847,  1.001164,  1.001164
Optimization terminated successfully.
         Current function value: 0.369684
         Iterations: 8
         Function evaluations: 70
         Gradient evaluations: 14
   9,  0.998515,  0.999344,  0.999782,  0.999782
  10,  0.997047,  0.998691,  1.001133,  1.001133
  11,  0.996300,  1.000326,  1.001155,  1.001155
  12,  0.996431,  1.000357,  1.001166,  1.001166
  13,  0.996517,  1.000381,  1.001172,  1.001172
  14,  0.996517,  1.000381,  1.001172,  1.001172
Optimization terminated successfully.
         Current function value: 1.184973
         Iterations: 6
         Function evaluations: 45
         Gradient evaluations: 9
