t23 and m31 are: 0.8098600518100261, 0.002517
begin the min_chisq
   1,  1.000896,  1.000387,  0.998924,  0.998924
   2,  1.001336,  1.000589,  0.999157,  0.999157
   3,  1.001489,  1.000253,  0.999164,  0.999164
   4,  1.001510,  1.000258,  0.999141,  0.999141
   5,  1.001559,  1.000270,  0.999088,  0.999088
   6,  1.001571,  1.000272,  0.999076,  0.999076
   7,  1.001571,  1.000272,  0.999076,  0.999076
Optimization terminated successfully.
         Current function value: 0.280120
         Iterations: 7
         Function evaluations: 65
         Gradient evaluations: 13
   8,  1.001003,  1.000445,  1.000174,  1.000174
   9,  1.001865,  1.000830,  0.999404,  0.999404
  10,  1.002283,  0.999916,  0.999391,  0.999391
  11,  1.002266,  0.999908,  0.999375,  0.999375
  12,  1.002227,  0.999891,  0.999339,  0.999339
  13,  1.002156,  0.999859,  0.999273,  0.999273
  14,  1.002156,  0.999858,  0.999273,  0.999273
Optimization terminated successfully.
         Current function value: 0.524907
         Iterations: 7
         Function evaluations: 50
         Gradient evaluations: 10
