t23 and m31 are: 0.9229573873392596, 0.002517
begin the min_chisq
   1,  0.996868,  0.998656,  1.004045,  1.004045
   2,  0.995698,  0.998122,  1.003471,  1.003471
   3,  0.995037,  0.999578,  1.003444,  1.003444
   4,  0.995150,  0.999608,  1.003308,  1.003308
   5,  0.995396,  0.999676,  1.003009,  1.003009
   6,  0.995838,  0.999788,  1.002478,  1.002478
   7,  0.995841,  0.999777,  1.002479,  1.002479
   8,  0.995841,  0.999777,  1.002479,  1.002479
   9,  0.995841,  0.999777,  1.002479,  1.002479
Optimization terminated successfully.
         Current function value: 1.619461
         Iterations: 9
         Function evaluations: 75
         Gradient evaluations: 15
  10,  0.996656,  0.998523,  0.999534,  0.999534
  11,  0.993339,  0.997050,  1.002624,  1.002624
  12,  0.991604,  1.000855,  1.002674,  1.002674
  13,  0.991976,  1.000845,  1.002650,  1.002650
  14,  0.992216,  1.000857,  1.002632,  1.002632
  15,  0.992218,  1.000853,  1.002632,  1.002632
  16,  0.992218,  1.000853,  1.002632,  1.002632
Optimization terminated successfully.
         Current function value: 5.716819
         Iterations: 7
         Function evaluations: 50
         Gradient evaluations: 10
