t23 and m31 are: 0.9103910167249003, 0.002517
begin the min_chisq
   1,  0.997587,  0.998964,  1.003101,  1.003101
   2,  0.996681,  0.998550,  1.002654,  1.002654
   3,  0.996180,  0.999651,  1.002633,  1.002633
   4,  0.996272,  0.999674,  1.002523,  1.002523
   5,  0.996474,  0.999727,  1.002281,  1.002281
   6,  0.996776,  0.999801,  1.001920,  1.001920
   7,  0.996778,  0.999796,  1.001921,  1.001921
   8,  0.996778,  0.999796,  1.001921,  1.001921
   9,  0.996778,  0.999796,  1.001921,  1.001921
Optimization terminated successfully.
         Current function value: 0.985036
         Iterations: 9
         Function evaluations: 75
         Gradient evaluations: 15
  10,  0.997463,  0.998879,  0.999639,  0.999639
  11,  0.994950,  0.997763,  1.001969,  1.001969
  12,  0.993654,  1.000602,  1.002006,  1.002006
  13,  0.993913,  1.000628,  1.002003,  1.002003
  14,  0.994073,  1.000655,  1.001999,  1.001999
  15,  0.994074,  1.000653,  1.001999,  1.001999
  16,  0.994074,  1.000653,  1.001999,  1.001999
Optimization terminated successfully.
         Current function value: 3.358428
         Iterations: 7
         Function evaluations: 50
         Gradient evaluations: 10
