t23 and m31 are: 0.7218954575095111, 0.002517
begin the min_chisq
   1,  1.001178,  1.000518,  0.998917,  0.998917
   2,  1.001606,  1.000721,  0.999219,  0.999219
   3,  1.001454,  1.001055,  0.999213,  0.999213
   4,  1.001472,  1.001056,  0.999199,  0.999199
   5,  1.001511,  1.001059,  0.999169,  0.999169
   6,  1.001576,  1.001062,  0.999120,  0.999120
   7,  1.001576,  1.001062,  0.999120,  0.999120
   8,  1.001576,  1.001062,  0.999120,  0.999120
Optimization terminated successfully.
         Current function value: 0.749144
         Iterations: 8
         Function evaluations: 75
         Gradient evaluations: 15
   9,  0.999492,  0.999789,  1.000212,  1.000212
  10,  0.999483,  0.999790,  1.000275,  1.000275
  11,  0.999141,  1.000537,  1.000285,  1.000285
  12,  0.999081,  1.000670,  1.000286,  1.000286
  13,  0.999081,  1.000670,  1.000286,  1.000286
Optimization terminated successfully.
         Current function value: 0.122603
         Iterations: 5
         Function evaluations: 45
         Gradient evaluations: 9
