t23 and m31 are: 0.8789750901890021, 0.002517
begin the min_chisq
   1,  0.999114,  0.999619,  1.001121,  1.001121
   2,  0.998777,  0.999465,  1.000952,  1.000952
   3,  0.998604,  0.999845,  1.000945,  1.000945
   4,  0.998641,  0.999854,  1.000901,  1.000901
   5,  0.998725,  0.999875,  1.000803,  1.000803
   6,  0.998801,  0.999893,  1.000714,  1.000714
   7,  0.998801,  0.999893,  1.000714,  1.000714
Optimization terminated successfully.
         Current function value: 0.141628
         Iterations: 7
         Function evaluations: 65
         Gradient evaluations: 13
   8,  0.999111,  0.999607,  0.999867,  0.999867
   9,  0.998234,  0.999217,  1.000671,  1.000671
  10,  0.997795,  1.000177,  1.000684,  1.000684
  11,  0.997864,  1.000204,  1.000694,  1.000694
  12,  0.997912,  1.000224,  1.000702,  1.000702
  13,  0.997912,  1.000224,  1.000702,  1.000702
Optimization terminated successfully.
         Current function value: 0.432218
         Iterations: 6
         Function evaluations: 45
         Gradient evaluations: 9
