t23 and m31 are: 0.7281786428166908, 0.002517
begin the min_chisq
   1,  1.001217,  1.000533,  0.998828,  0.998828
   2,  1.001686,  1.000754,  0.999143,  0.999143
   3,  1.001577,  1.000994,  0.999138,  0.999138
   4,  1.001609,  1.000993,  0.999114,  0.999114
   5,  1.001685,  1.000989,  0.999057,  0.999057
   6,  1.001710,  1.000987,  0.999038,  0.999038
   7,  1.001710,  1.000987,  0.999038,  0.999038
Optimization terminated successfully.
         Current function value: 0.740245
         Iterations: 7
         Function evaluations: 70
         Gradient evaluations: 14
   8,  0.999992,  1.000000,  1.000083,  1.000083
   9,  0.999900,  0.999973,  1.000120,  1.000120
  10,  0.999515,  1.000819,  1.000131,  1.000131
  11,  0.999610,  1.000577,  1.000109,  1.000109
  12,  0.999610,  1.000576,  1.000109,  1.000109
Optimization terminated successfully.
         Current function value: 0.106705
         Iterations: 5
         Function evaluations: 40
         Gradient evaluations: 8
