t23 and m31 are: 0.7910104958884872, 0.002517
begin the min_chisq
   1,  1.001115,  1.000482,  0.998694,  0.998694
   2,  1.001649,  1.000728,  0.998984,  0.998984
   3,  1.001808,  1.000379,  0.998991,  0.998991
   4,  1.001826,  1.000384,  0.998972,  0.998972
   5,  1.001867,  1.000395,  0.998928,  0.998928
   6,  1.001910,  1.000406,  0.998883,  0.998883
   7,  1.001910,  1.000406,  0.998883,  0.998883
Optimization terminated successfully.
         Current function value: 0.446566
         Iterations: 7
         Function evaluations: 65
         Gradient evaluations: 13
   8,  1.001237,  1.000549,  1.000231,  1.000231
   9,  1.002007,  1.000895,  0.999550,  0.999550
  10,  1.002439,  0.999952,  0.999536,  0.999536
  11,  1.002413,  0.999946,  0.999480,  0.999480
  12,  1.002354,  0.999935,  0.999354,  0.999354
  13,  1.002293,  0.999922,  0.999224,  0.999224
  14,  1.002293,  0.999921,  0.999223,  0.999223
  15,  1.002293,  0.999921,  0.999223,  0.999223
Warning: Desired error not necessarily achieved due to precision loss.
         Current function value: 0.641664
         Iterations: 8
         Function evaluations: 244
         Gradient evaluations: 47
