t23 and m31 are: 0.6967627162807926, 0.002517
begin the min_chisq
   1,  1.000975,  1.000439,  0.999412,  0.999412
   2,  1.001159,  1.000531,  0.999617,  0.999617
   3,  1.000771,  1.001385,  0.999600,  0.999600
   4,  1.000830,  1.001407,  0.999567,  0.999567
   5,  1.000830,  1.001408,  0.999567,  0.999567
Optimization terminated successfully.
         Current function value: 0.798234
         Iterations: 5
         Function evaluations: 50
         Gradient evaluations: 10
   6,  0.998536,  0.999360,  0.999985,  0.999985
   7,  0.997086,  0.998733,  1.001511,  1.001511
   8,  0.996091,  1.000908,  1.001541,  1.001541
   9,  0.996219,  1.000957,  1.001423,  1.001423
  10,  0.996504,  1.001070,  1.001160,  1.001160
  11,  0.996503,  1.001070,  1.001160,  1.001160
  12,  0.996503,  1.001070,  1.001160,  1.001160
Optimization terminated successfully.
         Current function value: 0.867837
         Iterations: 7
         Function evaluations: 50
         Gradient evaluations: 10
