t23 and m31 are: 0.828709607731565, 0.002517
begin the min_chisq
   1,  1.000589,  1.000254,  0.999279,  0.999279
   2,  1.000884,  1.000389,  0.999432,  0.999432
   3,  1.000999,  1.000137,  0.999437,  0.999437
   4,  1.001016,  1.000142,  0.999418,  0.999418
   5,  1.001051,  1.000151,  0.999379,  0.999379
   6,  1.001051,  1.000151,  0.999379,  0.999379
Optimization terminated successfully.
         Current function value: 0.118861
         Iterations: 6
         Function evaluations: 60
         Gradient evaluations: 12
   7,  1.000686,  1.000304,  1.000113,  1.000113
   8,  1.001342,  1.000596,  0.999522,  0.999522
   9,  1.001658,  0.999906,  0.999512,  0.999512
  10,  1.001632,  0.999892,  0.999497,  0.999497
  11,  1.001581,  0.999866,  0.999469,  0.999469
  12,  1.001581,  0.999866,  0.999469,  0.999469
Optimization terminated successfully.
         Current function value: 0.268576
         Iterations: 6
         Function evaluations: 45
         Gradient evaluations: 9
