t23 and m31 are: 0.7093290868951518, 0.002517
begin the min_chisq
   1,  1.001081,  1.000479,  0.999135,  0.999135
   2,  1.001405,  1.000636,  0.999401,  0.999401
   3,  1.001148,  1.001200,  0.999390,  0.999390
   4,  1.001162,  1.001204,  0.999380,  0.999380
   5,  1.001193,  1.001212,  0.999357,  0.999357
   6,  1.001245,  1.001225,  0.999320,  0.999320
   7,  1.001245,  1.001225,  0.999320,  0.999320
Optimization terminated successfully.
         Current function value: 0.767677
         Iterations: 7
         Function evaluations: 60
         Gradient evaluations: 12
   8,  0.999085,  0.999604,  1.000057,  1.000057
   9,  0.998214,  0.999235,  1.001066,  1.001066
  10,  0.997532,  1.000727,  1.001086,  1.001086
  11,  0.997580,  1.000746,  1.001031,  1.001031
  12,  0.997686,  1.000787,  1.000913,  1.000913
  13,  0.997884,  1.000866,  1.000690,  1.000690
  14,  0.997883,  1.000866,  1.000690,  1.000690
  15,  0.997883,  1.000866,  1.000690,  1.000690
Optimization terminated successfully.
         Current function value: 0.329811
         Iterations: 8
         Function evaluations: 55
         Gradient evaluations: 11
