t23 and m31 are: 0.6276476779018165, 0.002517
begin the min_chisq
   1,  0.999148,  0.999672,  1.002065,  1.002065
   2,  0.998557,  0.999429,  1.001921,  1.001921
   3,  0.996996,  1.002868,  1.001855,  1.001855
   4,  0.997056,  1.002898,  1.001712,  1.001712
   5,  0.997053,  1.002903,  1.001712,  1.001712
   6,  0.997053,  1.002903,  1.001712,  1.001712
Optimization terminated successfully.
         Current function value: 1.995846
         Iterations: 6
         Function evaluations: 55
         Gradient evaluations: 11
   7,  0.993800,  0.997259,  0.999512,  0.999512
   8,  0.987594,  0.994508,  1.005695,  1.005695
   9,  0.983698,  1.003032,  1.005810,  1.005810
  10,  0.984501,  1.002658,  1.005465,  1.005465
  11,  0.985788,  1.002107,  1.004900,  1.004900
  12,  0.985799,  1.002080,  1.004901,  1.004901
  13,  0.985800,  1.002079,  1.004901,  1.004901
  14,  0.985800,  1.002079,  1.004901,  1.004901
  15,  0.985800,  1.002079,  1.004901,  1.004901
Optimization terminated successfully.
         Current function value: 15.969626
         Iterations: 9
         Function evaluations: 135
         Gradient evaluations: 27
