t23 and m31 are: 0.6307892705554063, 0.002517
begin the min_chisq
   1,  0.999252,  0.999714,  1.001901,  1.001901
   2,  0.998721,  0.999498,  1.001778,  1.001778
   3,  0.997230,  1.002783,  1.001715,  1.001715
   4,  0.997281,  1.002809,  1.001588,  1.001588
   5,  0.997279,  1.002813,  1.001587,  1.001587
   6,  0.997279,  1.002813,  1.001587,  1.001587
Optimization terminated successfully.
         Current function value: 1.873840
         Iterations: 6
         Function evaluations: 55
         Gradient evaluations: 11
   7,  0.994073,  0.997380,  0.999537,  0.999537
   8,  0.988142,  0.994752,  1.005445,  1.005445
   9,  0.984513,  1.002691,  1.005552,  1.005552
  10,  0.985277,  1.002417,  1.005204,  1.005204
  11,  0.986386,  1.002067,  1.004688,  1.004688
  12,  0.986394,  1.002046,  1.004688,  1.004688
  13,  0.986395,  1.002045,  1.004688,  1.004688
  14,  0.986395,  1.002045,  1.004688,  1.004688
Optimization terminated successfully.
         Current function value: 14.627882
         Iterations: 8
         Function evaluations: 55
         Gradient evaluations: 11
