t23 and m31 are: 0.6904795309736129, 0.002517
begin the min_chisq
   1,  1.000933,  1.000425,  0.999582,  0.999582
   2,  1.001032,  1.000478,  0.999736,  0.999736
   3,  1.000568,  1.001498,  0.999716,  0.999716
   4,  1.000591,  1.001508,  0.999707,  0.999707
   5,  1.000591,  1.001508,  0.999707,  0.999707
Optimization terminated successfully.
         Current function value: 0.822820
         Iterations: 5
         Function evaluations: 50
         Gradient evaluations: 10
   6,  0.998218,  0.999219,  0.999950,  0.999950
   7,  0.996445,  0.998448,  1.001780,  1.001780
   8,  0.995276,  1.001003,  1.001815,  1.001815
   9,  0.995455,  1.001065,  1.001664,  1.001664
  10,  0.995746,  1.001173,  1.001419,  1.001419
  11,  0.995745,  1.001173,  1.001419,  1.001419
  12,  0.995745,  1.001173,  1.001419,  1.001419
Optimization terminated successfully.
         Current function value: 1.300519
         Iterations: 7
         Function evaluations: 50
         Gradient evaluations: 10
