t23 and m31 are: 0.8852582754961817, 0.002517
begin the min_chisq
   1,  0.998840,  0.999501,  1.001474,  1.001474
   2,  0.998399,  0.999300,  1.001254,  1.001254
   3,  0.998169,  0.999805,  1.001244,  1.001244
   4,  0.998217,  0.999817,  1.001187,  1.001187
   5,  0.998325,  0.999844,  1.001060,  1.001060
   6,  0.998433,  0.999869,  1.000933,  1.000933
   7,  0.998434,  0.999869,  1.000933,  1.000933
   8,  0.998434,  0.999869,  1.000933,  1.000933
Optimization terminated successfully.
         Current function value: 0.239776
         Iterations: 8
         Function evaluations: 70
         Gradient evaluations: 14
   9,  0.998823,  0.999480,  0.999826,  0.999826
  10,  0.997661,  0.998963,  1.000893,  1.000893
  11,  0.997076,  1.000245,  1.000910,  1.000910
  12,  0.997173,  1.000276,  1.000921,  1.000921
  13,  0.997238,  1.000300,  1.000929,  1.000929
  14,  0.997238,  1.000300,  1.000929,  1.000929
Optimization terminated successfully.
         Current function value: 0.750608
         Iterations: 6
         Function evaluations: 45
         Gradient evaluations: 9
