t23 and m31 are: 0.9009662387641308, 0.002517
begin the min_chisq
   1,  0.998086,  0.999178,  1.002450,  1.002450
   2,  0.997364,  0.998848,  1.002092,  1.002092
   3,  0.996972,  0.999709,  1.002076,  1.002076
   4,  0.997048,  0.999728,  1.001986,  1.001986
   5,  0.997215,  0.999770,  1.001787,  1.001787
   6,  0.997433,  0.999821,  1.001530,  1.001530
   7,  0.997434,  0.999818,  1.001530,  1.001530
   8,  0.997434,  0.999818,  1.001530,  1.001530
Optimization terminated successfully.
         Current function value: 0.631708
         Iterations: 8
         Function evaluations: 70
         Gradient evaluations: 14
   9,  0.998012,  0.999122,  0.999713,  0.999713
  10,  0.996046,  0.998248,  1.001529,  1.001529
  11,  0.995038,  1.000456,  1.001559,  1.001559
  12,  0.995228,  1.000486,  1.001564,  1.001564
  13,  0.995347,  1.000513,  1.001568,  1.001568
  14,  0.995347,  1.000512,  1.001568,  1.001568
  15,  0.995347,  1.000512,  1.001568,  1.001568
Optimization terminated successfully.
         Current function value: 2.091651
         Iterations: 7
         Function evaluations: 50
         Gradient evaluations: 10
