t23 and m31 are: 0.9575149065287476, 0.002517
begin the min_chisq
   1,  0.994581,  0.997678,  1.007086,  1.007086
   2,  0.992584,  0.996768,  1.006120,  1.006120
   3,  0.991266,  0.999674,  1.006067,  1.006067
   4,  0.991430,  0.999698,  1.005878,  1.005878
   5,  0.991782,  0.999745,  1.005474,  1.005474
   6,  0.992614,  0.999833,  1.004525,  1.004525
   7,  0.992898,  0.999815,  1.004221,  1.004221
   8,  0.992903,  0.999802,  1.004222,  1.004222
   9,  0.992903,  0.999801,  1.004222,  1.004222
  10,  0.992903,  0.999801,  1.004222,  1.004222
Warning: Maximum number of iterations has been exceeded.
         Current function value: 4.555802
         Iterations: 10
         Function evaluations: 80
         Gradient evaluations: 16
  11,  0.993998,  0.997349,  0.999208,  0.999208
  12,  0.988022,  0.994696,  1.004865,  1.004865
  13,  0.983723,  1.004132,  1.004985,  1.004985
  14,  0.984449,  1.003346,  1.004904,  1.004904
  15,  0.986176,  1.001499,  1.004703,  1.004703
  16,  0.986207,  1.001438,  1.004702,  1.004702
  17,  0.986207,  1.001436,  1.004701,  1.004701
  18,  0.986207,  1.001436,  1.004701,  1.004701
Optimization terminated successfully.
         Current function value: 17.353420
         Iterations: 8
         Function evaluations: 55
         Gradient evaluations: 11
