t23 and m31 are: 0.6999043089343824, 0.002517
begin the min_chisq
   1,  1.001000,  1.000448,  0.999336,  0.999336
   2,  1.001223,  1.000559,  0.999560,  0.999560
   3,  1.000870,  1.001334,  0.999545,  0.999545
   4,  1.000911,  1.001348,  0.999520,  0.999520
   5,  1.000941,  1.001361,  0.999501,  0.999501
   6,  1.000941,  1.001360,  0.999501,  0.999501
   7,  1.000941,  1.001360,  0.999501,  0.999501
Optimization terminated successfully.
         Current function value: 0.788656
         Iterations: 7
         Function evaluations: 60
         Gradient evaluations: 12
   8,  0.998685,  0.999426,  1.000003,  1.000003
   9,  0.997389,  0.998867,  1.001387,  1.001387
  10,  0.996476,  1.000862,  1.001414,  1.001414
  11,  0.996581,  1.000903,  1.001313,  1.001313
  12,  0.996830,  1.001004,  1.001071,  1.001071
  13,  0.996865,  1.001018,  1.001036,  1.001036
  14,  0.996865,  1.001018,  1.001036,  1.001036
Optimization terminated successfully.
         Current function value: 0.695517
         Iterations: 7
         Function evaluations: 50
         Gradient evaluations: 10
