t23 and m31 are: 0.8035768665028464, 0.002517
begin the min_chisq
   1,  1.000979,  1.000423,  0.998833,  0.998833
   2,  1.001455,  1.000642,  0.999088,  0.999088
   3,  1.001614,  1.000294,  0.999095,  0.999095
   4,  1.001635,  1.000300,  0.999073,  0.999073
   5,  1.001683,  1.000311,  0.999021,  0.999021
   6,  1.001704,  1.000315,  0.998999,  0.998999
   7,  1.001704,  1.000315,  0.998999,  0.998999
Optimization terminated successfully.
         Current function value: 0.337033
         Iterations: 7
         Function evaluations: 65
         Gradient evaluations: 13
   8,  1.001086,  1.000482,  1.000192,  1.000192
   9,  1.001959,  1.000873,  0.999414,  0.999414
  10,  1.002392,  0.999929,  0.999400,  0.999400
  11,  1.002325,  0.999901,  0.999325,  0.999325
  12,  1.002250,  0.999872,  0.999241,  0.999241
  13,  1.002251,  0.999871,  0.999241,  0.999241
  14,  1.002251,  0.999871,  0.999241,  0.999241
Warning: Desired error not necessarily achieved due to precision loss.
         Current function value: 0.584288
         Iterations: 7
         Function evaluations: 431
         Gradient evaluations: 84
