t23 and m31 are: 0.759594569352589, 0.002517
begin the min_chisq
   1,  1.001284,  1.000557,  0.998588,  0.998588
   2,  1.001859,  1.000825,  0.998924,  0.998924
   3,  1.001960,  1.000605,  0.998928,  0.998928
   4,  1.001983,  1.000617,  0.998902,  0.998902
   5,  1.002036,  1.000646,  0.998844,  0.998844
   6,  1.002068,  1.000664,  0.998808,  0.998808
   7,  1.002069,  1.000664,  0.998808,  0.998808
Optimization terminated successfully.
         Current function value: 0.652391
         Iterations: 7
         Function evaluations: 70
         Gradient evaluations: 14
   8,  1.000563,  1.000252,  1.000138,  1.000138
   9,  1.001286,  1.000582,  0.999521,  0.999521
  10,  1.001480,  1.000159,  0.999515,  0.999515
  11,  1.001526,  1.000169,  0.999481,  0.999481
  12,  1.001550,  1.000174,  0.999464,  0.999464
  13,  1.001550,  1.000174,  0.999464,  0.999464
Optimization terminated successfully.
         Current function value: 0.423311
         Iterations: 6
         Function evaluations: 50
         Gradient evaluations: 10
