t23 and m31 are: 0.8601255342674632, 0.002517
begin the min_chisq
   1,  0.999846,  0.999934,  1.000193,  1.000193
   2,  0.999787,  0.999907,  1.000163,  1.000163
   3,  0.999758,  0.999970,  1.000162,  1.000162
   4,  0.999764,  0.999972,  1.000154,  1.000154
   5,  0.999780,  0.999975,  1.000136,  1.000136
   6,  0.999790,  0.999978,  1.000125,  1.000125
   7,  0.999790,  0.999978,  1.000125,  1.000125
Optimization terminated successfully.
         Current function value: 0.004481
         Iterations: 7
         Function evaluations: 65
         Gradient evaluations: 13
   8,  0.999851,  0.999934,  0.999977,  0.999977
   9,  0.999704,  0.999869,  1.000111,  1.000111
  10,  0.999631,  1.000028,  1.000113,  1.000113
  11,  0.999641,  1.000032,  1.000115,  1.000115
  12,  0.999649,  1.000036,  1.000118,  1.000118
  13,  0.999649,  1.000036,  1.000118,  1.000118
Optimization terminated successfully.
         Current function value: 0.012506
         Iterations: 6
         Function evaluations: 45
         Gradient evaluations: 9
