t23 and m31 are: 0.7721609399669482, 0.002517
begin the min_chisq
   1,  1.001246,  1.000540,  0.998589,  0.998589
   2,  1.001822,  1.000806,  0.998914,  0.998914
   3,  1.001960,  1.000503,  0.998920,  0.998920
   4,  1.001971,  1.000508,  0.998908,  0.998908
   5,  1.001994,  1.000519,  0.998882,  0.998882
   6,  1.002047,  1.000545,  0.998823,  0.998823
   7,  1.002067,  1.000554,  0.998801,  0.998801
   8,  1.002067,  1.000554,  0.998801,  0.998801
Optimization terminated successfully.
         Current function value: 0.584684
         Iterations: 8
         Function evaluations: 70
         Gradient evaluations: 14
   9,  1.000725,  1.000323,  1.000153,  1.000153
  10,  1.001619,  1.000728,  0.999374,  0.999374
  11,  1.001929,  1.000051,  0.999365,  0.999365
  12,  1.001992,  1.000053,  0.999319,  0.999319
  13,  1.001992,  1.000052,  0.999319,  0.999319
Optimization terminated successfully.
         Current function value: 0.563104
         Iterations: 5
         Function evaluations: 45
         Gradient evaluations: 9
