t23 and m31 are: 0.9480901285679781, 0.002517
begin the min_chisq
   1,  0.995249,  0.997964,  1.006193,  1.006193
   2,  0.993492,  0.997163,  1.005340,  1.005340
   3,  0.992410,  0.999547,  1.005296,  1.005296
   4,  0.992563,  0.999581,  1.005114,  1.005114
   5,  0.992892,  0.999653,  1.004722,  1.004722
   6,  0.993693,  0.999809,  1.003775,  1.003775
   7,  0.993754,  0.999785,  1.003717,  1.003717
   8,  0.993756,  0.999782,  1.003718,  1.003718
   9,  0.993756,  0.999782,  1.003718,  1.003718
  10,  0.993756,  0.999782,  1.003718,  1.003718
Warning: Maximum number of iterations has been exceeded.
         Current function value: 3.559468
         Iterations: 10
         Function evaluations: 90
         Gradient evaluations: 18
  11,  0.994787,  0.997697,  0.999302,  0.999302
  12,  0.989602,  0.995396,  1.004187,  1.004187
  13,  0.986472,  1.002264,  1.004275,  1.004275
  14,  0.987203,  1.001779,  1.004187,  1.004187
  15,  0.987964,  1.001299,  1.004090,  1.004090
  16,  0.987974,  1.001277,  1.004089,  1.004089
  17,  0.987974,  1.001277,  1.004089,  1.004089
Optimization terminated successfully.
         Current function value: 13.311972
         Iterations: 7
         Function evaluations: 50
         Gradient evaluations: 10
