t23 and m31 are: 0.6339308632089962, 0.002517
begin the min_chisq
   1,  0.999352,  0.999756,  1.001741,  1.001741
   2,  0.998881,  0.999566,  1.001639,  1.001639
   3,  0.997458,  1.002700,  1.001579,  1.001579
   4,  0.997501,  1.002722,  1.001465,  1.001465
   5,  0.997500,  1.002725,  1.001465,  1.001465
   6,  0.997500,  1.002725,  1.001465,  1.001465
Optimization terminated successfully.
         Current function value: 1.760760
         Iterations: 6
         Function evaluations: 55
         Gradient evaluations: 11
   7,  0.994341,  0.997499,  0.999562,  0.999562
   8,  0.988678,  0.994991,  1.005201,  1.005201
   9,  0.985277,  1.002431,  1.005301,  1.005301
  10,  0.986002,  1.002238,  1.004955,  1.004955
  11,  0.986973,  1.002026,  1.004480,  1.004480
  12,  0.986980,  1.002010,  1.004480,  1.004480
  13,  0.986980,  1.002010,  1.004480,  1.004480
  14,  0.986980,  1.002010,  1.004480,  1.004480
Warning: Desired error not necessarily achieved due to precision loss.
         Current function value: 13.365114
         Iterations: 8
         Function evaluations: 66
         Gradient evaluations: 13
