t23 and m31 are: 0.8946830534569512, 0.002517
begin the min_chisq
   1,  0.998399,  0.999312,  1.002043,  1.002043
   2,  0.997794,  0.999035,  1.001742,  1.001742
   3,  0.997469,  0.999749,  1.001729,  1.001729
   4,  0.997533,  0.999765,  1.001652,  1.001652
   5,  0.997677,  0.999800,  1.001482,  1.001482
   6,  0.997847,  0.999838,  1.001283,  1.001283
   7,  0.997847,  0.999836,  1.001283,  1.001283
   8,  0.997847,  0.999836,  1.001283,  1.001283
Optimization terminated successfully.
         Current function value: 0.447629
         Iterations: 8
         Function evaluations: 70
         Gradient evaluations: 14
   9,  0.998352,  0.999272,  0.999760,  0.999760
  10,  0.996723,  0.998548,  1.001261,  1.001261
  11,  0.995892,  1.000370,  1.001285,  1.001285
  12,  0.996042,  1.000400,  1.001294,  1.001294
  13,  0.996138,  1.000424,  1.001300,  1.001300
  14,  0.996139,  1.000423,  1.001300,  1.001300
Optimization terminated successfully.
         Current function value: 1.450978
         Iterations: 6
         Function evaluations: 45
         Gradient evaluations: 9
