t23 and m31 are: 0.8695503122282326, 0.002517
begin the min_chisq
   1,  0.999497,  0.999784,  1.000633,  1.000633
   2,  0.999305,  0.999696,  1.000536,  1.000536
   3,  0.999209,  0.999907,  1.000532,  1.000532
   4,  0.999230,  0.999913,  1.000507,  1.000507
   5,  0.999280,  0.999924,  1.000450,  1.000450
   6,  0.999317,  0.999933,  1.000406,  1.000406
   7,  0.999317,  0.999933,  1.000406,  1.000406
Optimization terminated successfully.
         Current function value: 0.046594
         Iterations: 7
         Function evaluations: 65
         Gradient evaluations: 13
   8,  0.999504,  0.999781,  0.999925,  0.999925
   9,  0.999016,  0.999563,  1.000371,  1.000371
  10,  0.998773,  1.000095,  1.000378,  1.000378
  11,  0.998807,  1.000110,  1.000386,  1.000386
  12,  0.998834,  1.000123,  1.000391,  1.000391
  13,  0.998834,  1.000123,  1.000391,  1.000391
Optimization terminated successfully.
         Current function value: 0.136343
         Iterations: 6
         Function evaluations: 45
         Gradient evaluations: 9
