t23 and m31 are: 0.8224264224243854, 0.002517
begin the min_chisq
   1,  1.000701,  1.000302,  0.999147,  0.999147
   2,  1.001050,  1.000463,  0.999330,  0.999330
   3,  1.001181,  1.000174,  0.999335,  0.999335
   4,  1.001200,  1.000179,  0.999314,  0.999314
   5,  1.001244,  1.000190,  0.999266,  0.999266
   6,  1.001244,  1.000190,  0.999266,  0.999266
Optimization terminated successfully.
         Current function value: 0.169272
         Iterations: 6
         Function evaluations: 60
         Gradient evaluations: 12
   7,  1.000805,  1.000357,  1.000135,  1.000135
   8,  1.001555,  1.000691,  0.999461,  0.999461
   9,  1.001915,  0.999903,  0.999450,  0.999450
  10,  1.001891,  0.999891,  0.999434,  0.999434
  11,  1.001833,  0.999862,  0.999395,  0.999395
  12,  1.001821,  0.999855,  0.999387,  0.999387
  13,  1.001821,  0.999855,  0.999387,  0.999387
  14,  1.001821,  0.999855,  0.999387,  0.999387
Warning: Desired error not necessarily achieved due to precision loss.
         Current function value: 0.361713
         Iterations: 8
         Function evaluations: 425
         Gradient evaluations: 83
