t23 and m31 are: 0.8381343856923344, 0.002517
begin the min_chisq
   1,  1.000403,  1.000174,  0.999503,  0.999503
   2,  1.000606,  1.000267,  0.999608,  0.999608
   3,  1.000690,  1.000084,  0.999611,  0.999611
   4,  1.000702,  1.000088,  0.999597,  0.999597
   5,  1.000724,  1.000095,  0.999571,  0.999571
   6,  1.000724,  1.000095,  0.999571,  0.999571
Optimization terminated successfully.
         Current function value: 0.055218
         Iterations: 6
         Function evaluations: 60
         Gradient evaluations: 12
   7,  1.000479,  1.000212,  1.000077,  1.000077
   8,  1.000951,  1.000422,  0.999650,  0.999650
   9,  1.001180,  0.999923,  0.999643,  0.999643
  10,  1.001154,  0.999910,  0.999632,  0.999632
  11,  1.001129,  0.999897,  0.999621,  0.999621
  12,  1.001129,  0.999897,  0.999621,  0.999621
Optimization terminated successfully.
         Current function value: 0.134343
         Iterations: 6
         Function evaluations: 45
         Gradient evaluations: 9
