t23 and m31 are: 0.8821166828425919, 0.002517
begin the min_chisq
   1,  0.998979,  0.999561,  1.001295,  1.001295
   2,  0.998591,  0.999384,  1.001100,  1.001100
   3,  0.998390,  0.999825,  1.001092,  1.001092
   4,  0.998432,  0.999835,  1.001042,  1.001042
   5,  0.998528,  0.999859,  1.000929,  1.000929
   6,  0.998620,  0.999881,  1.000822,  1.000822
   7,  0.998620,  0.999880,  1.000822,  1.000822
Optimization terminated successfully.
         Current function value: 0.186945
         Iterations: 7
         Function evaluations: 65
         Gradient evaluations: 13
   8,  0.998970,  0.999545,  0.999847,  0.999847
   9,  0.997953,  0.999093,  1.000779,  1.000779
  10,  0.997443,  1.000210,  1.000794,  1.000794
  11,  0.997524,  1.000239,  1.000806,  1.000806
  12,  0.997581,  1.000262,  1.000813,  1.000813
  13,  0.997581,  1.000261,  1.000813,  1.000813
Optimization terminated successfully.
         Current function value: 0.577961
         Iterations: 6
         Function evaluations: 45
         Gradient evaluations: 9
