t23 and m31 are: 0.7438866060846399, 0.002517
begin the min_chisq
   1,  1.001279,  1.000557,  0.998665,  0.998665
   2,  1.001820,  1.000810,  0.998999,  0.998999
   3,  1.001886,  1.000666,  0.999002,  0.999002
   4,  1.001893,  1.000681,  0.998990,  0.998990
   5,  1.001908,  1.000714,  0.998965,  0.998965
   6,  1.001942,  1.000789,  0.998906,  0.998906
   7,  1.001954,  1.000815,  0.998885,  0.998885
   8,  1.001954,  1.000815,  0.998885,  0.998885
Optimization terminated successfully.
         Current function value: 0.708628
         Iterations: 8
         Function evaluations: 75
         Gradient evaluations: 15
   9,  1.000264,  1.000120,  1.000096,  1.000096
  10,  1.000672,  1.000312,  0.999770,  0.999770
  11,  1.000660,  1.000338,  0.999770,  0.999770
  12,  1.000678,  1.000344,  0.999761,  0.999761
  13,  1.000721,  1.000358,  0.999739,  0.999739
  14,  1.000728,  1.000360,  0.999736,  0.999736
  15,  1.000728,  1.000360,  0.999736,  0.999736
Optimization terminated successfully.
         Current function value: 0.220866
         Iterations: 7
         Function evaluations: 70
         Gradient evaluations: 14
