plotting sanity check distributions
energy_hist_theta23 initialization [[0.0, 0.0, 0.0, 0.0, 0.0, 0.0, 0.0, 0.0, 0.0, 0.0, 0.0, 0.0, 0.0, 0.0, 0.0, 0.0, 0.0, 0.0, 0.0, 0.0], [0.0, 0.0, 0.0, 0.0, 0.0, 0.0, 0.0, 0.0, 0.0, 0.0, 0.0, 0.0, 0.0, 0.0, 0.0, 0.0, 0.0, 0.0, 0.0, 0.0], [0.0, 0.0, 0.0, 0.0, 0.0, 0.0, 0.0, 0.0, 0.0, 0.0, 0.0, 0.0, 0.0, 0.0, 0.0, 0.0, 0.0, 0.0, 0.0, 0.0], [0.0, 0.0, 0.0, 0.0, 0.0, 0.0, 0.0, 0.0, 0.0, 0.0, 0.0, 0.0, 0.0, 0.0, 0.0, 0.0, 0.0, 0.0, 0.0, 0.0], [0.0, 0.0, 0.0, 0.0, 0.0, 0.0, 0.0, 0.0, 0.0, 0.0, 0.0, 0.0, 0.0, 0.0, 0.0, 0.0, 0.0, 0.0, 0.0, 0.0], [0.0, 0.0, 0.0, 0.0, 0.0, 0.0, 0.0, 0.0, 0.0, 0.0, 0.0, 0.0, 0.0, 0.0, 0.0, 0.0, 0.0, 0.0, 0.0, 0.0], [0.0, 0.0, 0.0, 0.0, 0.0, 0.0, 0.0, 0.0, 0.0, 0.0, 0.0, 0.0, 0.0, 0.0, 0.0, 0.0, 0.0, 0.0, 0.0, 0.0], [0.0, 0.0, 0.0, 0.0, 0.0, 0.0, 0.0, 0.0, 0.0, 0.0, 0.0, 0.0, 0.0, 0.0, 0.0, 0.0, 0.0, 0.0, 0.0, 0.0], [0.0, 0.0, 0.0, 0.0, 0.0, 0.0, 0.0, 0.0, 0.0, 0.0, 0.0, 0.0, 0.0, 0.0, 0.0, 0.0, 0.0, 0.0, 0.0, 0.0], [0.0, 0.0, 0.0, 0.0, 0.0, 0.0, 0.0, 0.0, 0.0, 0.0, 0.0, 0.0, 0.0, 0.0, 0.0, 0.0, 0.0, 0.0, 0.0, 0.0], [0.0, 0.0, 0.0, 0.0, 0.0, 0.0, 0.0, 0.0, 0.0, 0.0, 0.0, 0.0, 0.0, 0.0, 0.0, 0.0, 0.0, 0.0, 0.0, 0.0], [0.0, 0.0, 0.0, 0.0, 0.0, 0.0, 0.0, 0.0, 0.0, 0.0, 0.0, 0.0, 0.0, 0.0, 0.0, 0.0, 0.0, 0.0, 0.0, 0.0], [0.0, 0.0, 0.0, 0.0, 0.0, 0.0, 0.0, 0.0, 0.0, 0.0, 0.0, 0.0, 0.0, 0.0, 0.0, 0.0, 0.0, 0.0, 0.0, 0.0], [0.0, 0.0, 0.0, 0.0, 0.0, 0.0, 0.0, 0.0, 0.0, 0.0, 0.0, 0.0, 0.0, 0.0, 0.0, 0.0, 0.0, 0.0, 0.0, 0.0], [0.0, 0.0, 0.0, 0.0, 0.0, 0.0, 0.0, 0.0, 0.0, 0.0, 0.0, 0.0, 0.0, 0.0, 0.0, 0.0, 0.0, 0.0, 0.0, 0.0], [0.0, 0.0, 0.0, 0.0, 0.0, 0.0, 0.0, 0.0, 0.0, 0.0, 0.0, 0.0, 0.0, 0.0, 0.0, 0.0, 0.0, 0.0, 0.0, 0.0], [0.0, 0.0, 0.0, 0.0, 0.0, 0.0, 0.0, 0.0, 0.0, 0.0, 0.0, 0.0, 0.0, 0.0, 0.0, 0.0, 0.0, 0.0, 0.0, 0.0], [0.0, 0.0, 0.0, 0.0, 0.0, 0.0, 0.0, 0.0, 0.0, 0.0, 0.0, 0.0, 0.0, 0.0, 0.0, 0.0, 0.0, 0.0, 0.0, 0.0], [0.0, 0.0, 0.0, 0.0, 0.0, 0.0, 0.0, 0.0, 0.0, 0.0, 0.0, 0.0, 0.0, 0.0, 0.0, 0.0, 0.0, 0.0, 0.0, 0.0], [0.0, 0.0, 0.0, 0.0, 0.0, 0.0, 0.0, 0.0, 0.0, 0.0, 0.0, 0.0, 0.0, 0.0, 0.0, 0.0, 0.0, 0.0, 0.0, 0.0], [0.0, 0.0, 0.0, 0.0, 0.0, 0.0, 0.0, 0.0, 0.0, 0.0, 0.0, 0.0, 0.0, 0.0, 0.0, 0.0, 0.0, 0.0, 0.0, 0.0]]
0
0
1
2
3
4
5
6
7
8
9
10
11
12
13
14
15
16
17
18
19
1
0
1
2
3
4
5
6
7
8
9
10
11
12
13
14
15
16
17
18
19
2
0
1
2
3
4
5
6
7
8
9
10
11
12
13
14
15
16
17
18
19
3
0
1
2
3
4
5
6
7
8
9
10
11
12
13
14
15
16
17
18
19
4
0
1
2
3
4
5
6
7
8
9
10
11
12
13
14
15
16
17
18
19
5
0
1
2
3
4
5
6
7
8
9
10
11
12
13
14
15
16
17
18
19
6
0
1
2
3
4
5
6
7
8
9
10
11
12
13
14
15
16
17
18
19
7
0
1
2
3
4
5
6
7
8
9
10
11
12
13
14
15
16
17
18
19
8
0
1
2
3
4
5
6
7
8
9
10
11
12
13
14
15
16
17
18
19
9
0
1
2
3
4
5
6
7
8
9
10
11
12
13
14
15
16
17
18
19
10
0
1
2
3
4
5
6
7
8
9
10
11
12
13
14
15
16
17
18
19
11
0
1
2
3
4
5
6
7
8
9
10
11
12
13
14
15
16
17
18
19
12
0
1
2
3
4
5
6
7
8
9
10
11
12
13
14
15
16
17
18
19
13
0
1
2
3
4
5
6
7
8
9
10
11
12
13
14
15
16
17
18
19
14
0
1
2
3
4
5
6
7
8
9
10
11
12
13
14
15
16
17
18
19
15
0
1
2
3
4
5
6
7
8
9
10
11
12
13
14
15
16
17
18
19
16
0
1
2
3
4
5
6
7
8
9
10
11
12
13
14
15
16
17
18
19
17
0
1
2
3
4
5
6
7
8
9
10
11
12
13
14
15
16
17
18
19
18
0
1
2
3
4
5
6
7
8
9
10
11
12
13
14
15
16
17
18
19
19
0
1
2
3
4
5
6
7
8
9
10
11
12
13
14
15
16
17
18
19
20
0
1
2
3
4
5
6
7
8
9
10
11
12
13
14
15
16
17
18
19
0
0
1
2
3
4
5
6
7
8
9
10
11
12
13
14
15
16
17
18
19
1
0
1
2
3
4
5
6
7
8
9
10
11
12
13
14
15
16
17
18
19
2
0
1
2
3
4
5
6
7
8
9
10
11
12
13
14
15
16
17
18
19
3
0
1
2
3
4
5
6
7
8
9
10
11
12
13
14
15
16
17
18
19
4
0
1
2
3
4
5
6
7
8
9
10
11
12
13
14
15
16
17
18
19
5
0
1
2
3
4
5
6
7
8
9
10
11
12
13
14
15
16
17
18
19
6
0
1
2
3
4
5
6
7
8
9
10
11
12
13
14
15
16
17
18
19
7
0
1
2
3
4
5
6
7
8
9
10
11
12
13
14
15
16
17
18
19
8
0
1
2
3
4
5
6
7
8
9
10
11
12
13
14
15
16
17
18
19
9
0
1
2
3
4
5
6
7
8
9
10
11
12
13
14
15
16
17
18
19
10
0
1
2
3
4
5
6
7
8
9
10
11
12
13
14
15
16
17
18
19
11
0
1
2
3
4
5
6
7
8
9
10
11
12
13
14
15
16
17
18
19
12
0
1
2
3
4
5
6
7
8
9
10
11
12
13
14
15
16
17
18
19
13
0
1
2
3
4
5
6
7
8
9
10
11
12
13
14
15
16
17
18
19
14
0
1
2
3
4
5
6
7
8
9
10
11
12
13
14
15
16
17
18
19
15
0
1
2
3
4
5
6
7
8
9
10
11
12
13
14
15
16
17
18
19
16
0
1
2
3
4
5
6
7
8
9
10
11
12
13
14
15
16
17
18
19
17
0
1
2
3
4
5
6
7
8
9
10
11
12
13
14
15
16
17
18
19
18
0
1
2
3
4
5
6
7
8
9
10
11
12
13
14
15
16
17
18
19
19
0
1
2
3
4
5
6
7
8
9
10
11
12
13
14
15
16
17
18
19
20
0
1
2
3
4
5
6
7
8
9
10
11
12
13
14
15
16
17
18
19
21
0
1
2
3
4
5
6
7
8
9
10
11
12
13
14
15
16
17
18
19
22
0
1
2
3
4
5
6
7
8
9
10
11
12
13
14
15
16
17
18
19
23
0
1
2
3
4
5
6
7
8
9
10
11
12
13
14
15
16
17
18
19
24
0
1
2
3
4
5
6
7
8
9
10
11
12
13
14
15
16
17
18
19
25
0
1
2
3
4
5
6
7
8
9
10
11
12
13
14
15
16
17
18
19
26
0
1
2
3
4
5
6
7
8
9
10
11
12
13
14
15
16
17
18
19
27
0
1
2
3
4
5
6
7
8
9
10
11
12
13
14
15
16
17
18
19
28
0
1
2
3
4
5
6
7
8
9
10
11
12
13
14
15
16
17
18
19
29
0
1
2
3
4
5
6
7
8
9
10
11
12
13
14
15
16
17
18
19
30
0
1
2
3
4
5
6
7
8
9
10
11
12
13
14
15
16
17
18
19
31
0
1
2
3
4
5
6
7
8
9
10
11
12
13
14
15
16
17
18
19
32
0
1
2
3
4
5
6
7
8
9
10
11
12
13
14
15
16
17
18
19
33
0
1
2
3
4
5
6
7
8
9
10
11
12
13
14
15
16
17
18
19
34
0
1
2
3
4
5
6
7
8
9
10
11
12
13
14
15
16
17
18
19
35
0
1
2
3
4
5
6
7
8
9
10
11
12
13
14
15
16
17
18
19
36
0
1
2
3
4
5
6
7
8
9
10
11
12
13
14
15
16
17
18
19
37
0
1
2
3
4
5
6
7
8
9
10
11
12
13
14
15
16
17
18
19
38
0
1
2
3
4
5
6
7
8
9
10
11
12
13
14
15
16
17
18
19
39
0
1
2
3
4
5
6
7
8
9
10
11
12
13
14
15
16
17
18
19
40
0
1
2
3
4
5
6
7
8
9
10
11
12
13
14
15
16
17
18
19
41
0
1
2
3
4
5
6
7
8
9
10
11
12
13
14
15
16
17
18
19
42
0
1
2
3
4
5
6
7
8
9
10
11
12
13
14
15
16
17
18
19
43
0
1
2
3
4
5
6
7
8
9
10
11
12
13
14
15
16
17
18
19
44
0
1
2
3
4
5
6
7
8
9
10
11
12
13
14
15
16
17
18
19
45
0
1
2
3
4
5
6
7
8
9
10
11
12
13
14
15
16
17
18
19
46
0
1
2
3
4
5
6
7
8
9
10
11
12
13
14
15
16
17
18
19
47
0
1
2
3
4
5
6
7
8
9
10
11
12
13
14
15
16
17
18
19
48
0
1
2
3
4
5
6
7
8
9
10
11
12
13
14
15
16
17
18
19
49
0
1
2
3
4
5
6
7
8
9
10
11
12
13
14
15
16
17
18
19
50
0
1
2
3
4
5
6
7
8
9
10
11
12
13
14
15
16
17
18
19
