this is output file for track plot
plotting t23 chi profile
get_rated_weight_truth: propagating nu
get_rated_weight_truth: energy rates:  [  85.79642926   99.74109345  147.47498781  292.65324804  389.43101118
  497.97331954  802.31804153 1349.86180588 2408.84114223 4824.7968218
 7893.63263263 8040.01949519 5621.33986073 3711.44238489 2643.77813499
 2019.54646681 1441.56654146 1015.11325663  790.85289736  573.19897989]
[0.44872923 0.45658321 0.46443719 0.47229117 0.48014516 0.48799914
 0.49585312 0.5037071  0.51156108 0.51941506 0.52726905 0.53512303
 0.54297701 0.55083099 0.55868497 0.56653895 0.57439293 0.58224692
 0.5901009  0.59795488 0.60580886 0.61366284 0.62151682 0.62937081
 0.63722479 0.64507877 0.65293275 0.66078673 0.66864071 0.6764947
 0.68434868 0.69220266 0.70005664 0.70791062 0.7157646  0.72361859
 0.73147257 0.73932655 0.74718053 0.75503451 0.76288849 0.77074248
 0.77859646 0.78645044 0.79430442 0.8021584  0.81001238 0.81786637
 0.82572035 0.83357433 0.84142831 0.84928229 0.85713627 0.86499026
 0.87284424 0.88069822 0.8885522  0.89640618 0.90426016 0.91211415
 0.91996813 0.92782211 0.93567609 0.94353007 0.95138405 0.95923804
 0.96709202 0.974946   0.98279998 0.99065396 0.99850794 1.00636192
 1.01421591 1.02206989 1.02992387 1.03777785 1.04563183 1.05348581
 1.0613398 ]
[0.0, 0.0, 0.0, 0.0, 0.0, 0.0, 0.0, 0.0, 0.0, 0.0, 0.0, 0.0, 0.0, 0.0, 0.0, 0.0, 0.0, 0.0, 0.0, 0.0, 0.0, 0.0, 0.0, 0.0, 0.0, 0.0, 0.0, 0.0, 0.0, 0.0, 0.0, 0.0, 0.0, 0.0, 0.0, 0.0, 0.0, 0.0, 0.0, 0.0, 0.0, 0.0, 0.0, 0.0, 0.0, 0.0, 0.0, 0.0, 0.0, 0.0, 0.0, 0.0, 0.0, 0.0, 0.0, 0.0, 0.0, 0.0, 0.0, 0.0, 0.0, 0.0, 0.0, 0.0, 0.0, 0.0, 0.0, 0.0, 0.0, 0.0, 0.0, 0.0, 0.0, 0.0, 0.0, 0.0, 0.0, 0.0, 0.0]
the t23 now is  0.44872922881213206
get_energy_bins: propagating nu
get_energy_bins: energy rates:  [ 103.96119192  130.87619779  161.58420865  278.8777926   411.51217987
  566.33101442  853.39165711 1392.17293494 2491.89101093 4843.43600056
 7862.23645745 7958.86841797 5661.43772844 3898.25592603 2826.95367449
 2154.1974433  1566.34969995 1112.42986542  862.31058042  659.02858871]
105.45325318701566
the t23 now is  0.45658321044610656
get_energy_bins: propagating nu
get_energy_bins: energy rates:  [ 104.15551567  131.71519062  161.75416067  279.76317032  413.39234029
  569.10993514  857.21034327 1400.00114621 2499.73851438 4844.45889882
 7854.76087205 7948.52037453 5656.70295928 3902.16514987 2831.24279693
 2158.01922814 1569.971621   1115.04828711  864.36161041  661.37688484]
112.60970257882947
the t23 now is  0.46443719208008105
get_energy_bins: propagating nu
get_energy_bins: energy rates:  [ 104.34823181  132.54711385  161.92272046  280.64108611  415.25670541
  571.86588704  860.99659847 1407.76410689 2507.52244125 4845.47903668
 7847.3681578  7938.28383319 5652.03329261 3906.06309295 2835.51403809
 2161.82334094 1573.57419262 1117.65358523  866.40246889  663.71056596]
120.11014630219535
the t23 now is  0.47229117371405555
get_energy_bins: propagating nu
get_energy_bins: energy rates:  [ 104.53914944  133.37113961  162.08972349  281.51066552  417.10341826
  574.59613916  864.74663471 1415.45410892 2515.23512168 4846.49561509
 7840.06642118 7928.16988002 5647.43429631 3909.9466603  2839.76381144
 2165.6065207  1577.15423507 1120.24349168  868.43138313  666.02749689]
127.93780576997499
the t23 now is  0.48014515534803004
get_energy_bins: propagating nu
get_energy_bins: energy rates:  [ 104.72807943  134.18644774  162.25500677  282.37104223  418.93063909
  577.29798577  868.45669911 1423.06351567 2522.86895631 4847.50784108
 7832.86368853 7918.189492   5642.91148019 3913.81278014 2843.98855912
 2169.36553302 1580.70859531 1122.81575714  870.44659506  668.32556097]
136.07455807905936
the t23 now is  0.48799913698200453
get_energy_bins: propagating nu
get_energy_bins: energy rates:  [ 104.91483463  134.99222657  162.41840902  283.22135888  420.73654716
  579.96874902  872.12307765 1430.58476952 2530.41642381 4848.51492846
 7825.76789793 7908.35352596 5638.47029033 3917.65840673 2848.18475532
 2173.09717315 1584.23415001 1125.36815323  872.44636291  670.60266212]
144.50099700972024
the t23 now is  0.495853118615979
get_energy_bins: propagating nu
get_energy_bins: energy rates:  [ 105.09922998  135.78767376  162.57977081  284.06076795  422.51934257
  582.60578157  875.74209887 1438.01039927 2537.87008824 4849.51609852
 7818.78689117 7898.67270761 5634.11610343 3921.48052322 2852.34890957
 2176.798269   1587.72780852 1127.89847463  874.42896294  672.85672684]
153.19649916228204
the t23 now is  0.5037071002499536
get_energy_bins: propagating nu
get_energy_bins: energy rates:  [ 105.28108278  136.57199708  162.73893475  284.88843255  424.27724802
  585.20646926  879.31013747 1445.33302757 2545.22260649 4850.51058081
 7811.92840577 7889.15762068 5629.85422129 3925.2761444  2856.47757009
 2180.46568418 1591.18651586 1130.40454117  876.39269101  675.08570623]
162.13929498056993
the t23 now is  0.511561081883928
get_energy_bins: propagating nu
get_energy_bins: energy rates:  [ 105.46021281  137.34441517  162.89574563  285.70352732  426.00851059
  587.76823361  882.82361793 1452.54537819 2552.4667354  4851.49761377
 7805.2000672  7879.81869625 5625.68986528 3929.04231946 2860.56732695
 2184.09632093 1594.60725559 1132.88419992  878.33586423  677.28757794]
171.30654439119814
the t23 now is  0.5194150635179025
get_energy_bins: propagating nu
get_energy_bins: energy rates:  [ 105.63644252  138.10415836  163.05005055  286.50523918  427.71140344
  590.28853444  886.27901805 1459.64028322 2559.59533902 4852.47644549
 7798.60938105 7870.6662022  5621.62817103 3932.77613471 2864.61481533
 2187.6871231  1597.98705275 1135.33532722  880.25682255  679.4603482 ]
180.67441676953194
the t23 now is  0.527269045151877
get_energy_bins: propagating nu
get_energy_bins: energy rates:  [ 105.80959723  138.85046937  163.20169909  287.29276816  429.38422758
  592.76487236  889.67287242 1466.61069016 2566.60139555 4853.44633437
 7792.16372552 7861.71023279 5617.67418299 3936.47471626 2868.61671867
 2191.23507899 1601.32297663 1137.75583071  882.15393035  681.60205362]
190.218174926114
the t23 now is  0.5351230267858516
get_energy_bins: propagating nu
get_energy_bins: energy rates:  [ 105.97950529  139.58260412  163.35054347  288.06532821  431.02531346
  595.19479121  893.00177585 1473.44966891 2573.47800434 4854.40654979
 7785.87034383 7852.96069845 5613.83284929 3940.13523266 2872.56977174
 2194.73722421 1604.61214361 1140.14365131  884.02557797  683.71076322]
199.9122627917791
the t23 now is  0.542977008419826
get_energy_bins: propagating nu
get_energy_bins: energy rates:  [ 106.14599823  140.29983244  163.49643869  288.82214794  432.63302273
  597.57588053  896.26238679 1480.15041856 2580.21839267 4855.3563728
 7779.73633689 7844.42731576 5610.10901657 3943.75489747 2876.47076374
 2198.19064448 1607.8517199  1142.49676514  885.87018324  685.78458016]
209.7303964649799
the t23 now is  0.5508309900538004
get_energy_bins: propagating nu
get_energy_bins: energy rates:  [ 106.30891095  141.00143877  163.63924264  289.56247143  434.20574976
  599.90577791  899.45143059 1486.70627419 2586.81592242 4856.29509675
 7773.76865608 7836.11959755 5606.50742491 3947.33097183 2880.31654126
 2201.59247835 1611.03892421 1144.81318551  887.686193    687.82164369]
219.64565827012936
the t23 now is  0.558684971687775
get_energy_bins: propagating nu
get_energy_bins: energy rates:  [ 106.46808187  141.68672292  163.77881629  290.28555891  435.7419233
  602.18217133  902.56570278 1493.11071342 2593.26409661 4857.22202793
 7767.97409617 7828.04684328 5603.03270292 3950.86076695 2884.10401123
 2204.93991992 1614.1710304  1147.09096471  889.47208451  689.82013083]
229.6305934656026
the t23 now is  0.5665389533217495
get_energy_bins: propagating nu
get_energy_bins: energy rates:  [ 106.62335311  142.3550007   163.91502378  290.99068758  437.240008
  604.40280148  905.60207222 1499.35736285 2599.55656586 4858.13648621
 7762.35928836 7820.21812954 5599.6893629  3954.34164654 2887.83014383
 2208.23022143 1617.24537011 1149.3281959   891.22636695  691.77825819]
239.65730922859382
the t23 now is  0.574392934955724
get_energy_bins: propagating nu
get_energy_bins: energy rates:  [ 106.7745706   143.00560466  164.04773259  291.67715226  438.69850595
  606.56546394  908.55748422 1505.44000439 2605.6871346  4859.03780565
 7756.93069355 7812.64230091 5596.48179611 3957.77102924 2891.49197526
 2211.46069588 1620.25933521 1151.52301492  892.94758278  693.69428368]
249.69757553520913
the t23 now is  0.5822469165896984
get_energy_bins: propagating nu
get_energy_bins: energy rates:  [ 106.9215843   143.6378847   164.17681365  292.34426609  440.11595815
  608.66801138  911.42896358 1511.3525814  2611.64976719 4859.92533511
 7751.69459571 7805.32796085 5593.41426819 3961.14639092 2895.08661051
 2214.62871952 1623.21038035 1153.67360199  894.63430913  695.56650815]
259.7229275453114
the t23 now is  0.590100898223673
get_energy_bins: propagating nu
get_energy_bins: energy rates:  [ 107.06424829  144.25120875  164.30214148  292.99136126  441.49094595
  610.70835569  914.2136175  1517.08920468 2617.43859389 4860.7984388
 7746.65709546 7798.28346301 5590.49091465 3964.46526698 2898.61122606
 2217.7317343  1626.0960253  1155.77818348  896.28515914  697.39327704]
269.7047690977445
the t23 now is  0.5979548798576475
get_energy_bins: propagating nu
get_energy_bins: energy rates:  [ 107.20242094  144.84496337  164.42359431  293.61778962  442.82209248
  612.68447005  916.9086385  1522.64415829 2623.04791666 4861.65649689
 7741.82410382 7791.51690266 5587.71573653 3967.72525454 2902.06307243
 2220.76725026 1628.91385733 1157.83503352  897.89878325  699.17298198]
279.6144769153675
the t23 now is  0.6058088614916219
get_energy_bins: propagating nu
get_energy_bins: energy rates:  [ 107.33596504  145.41855437  164.54105417  294.22292335  444.10806397
  614.59439092  919.51130718 1528.01190521 2628.47221471 4862.49890601
 7737.20133615 7785.03610844 5585.09259618 3970.92401464 2905.43947678
 2223.73284785 1631.66153348 1159.84247566  899.47387045  700.90406228]
289.42350511651773
the t23 now is  0.6136628431255964
get_energy_bins: propagating nu
get_energy_bins: energy rates:  [ 107.46474795  145.97140739  164.65440706  294.80615557  445.34757114
  616.43621996  922.0189949  1533.18709281 2633.70615005 4863.32507986
 7732.79430624 7778.84863436 5582.62521316 3974.05927431 2908.73784533
 2226.62618015 1634.33678275 1161.79888443  901.00914955  702.58500649]
299.10348962941777
the t23 now is  0.6215168247595709
get_energy_bins: propagating nu
get_energy_bins: energy rates:  [ 107.58864172  146.50296849  164.76354301  295.36690094  446.53937038
  618.20812597  924.42916643 1538.16455817 2638.74457267 4864.13444966
 7728.60832071 7772.96175202 5580.3171603  3977.12882859 2911.95566574
 2229.44497509 1636.93740824 1163.70268682  902.50339031  704.21435379]
308.6263521037983
the t23 now is  0.6293708063935455
get_energy_bins: propagating nu
get_energy_bins: energy rates:  [ 107.70752322  147.01270468  164.86835625  295.90459626  447.6822651
  619.90834662  926.73938244 1542.93933316 2643.58252565 4864.92646466
 7724.64847344 7767.38244318 5578.17185989 3980.13054248 2915.09050942
 2232.1870375  1639.4612892  1165.55236379  903.95540461  705.79069539]
317.9644029187709
the t23 now is  0.6372247880275199
get_energy_bins: propagating nu
get_energy_bins: energy rates:  [ 107.82127425  147.50010444  164.96874523  296.418701    448.77510679
  621.53519026  928.94730192 1547.50664936 2648.21525004 4865.70059267
 7720.9196404  7762.11739258 5576.19258002 3983.06235284 2918.14003372
 2234.85025116 1641.90638305 1167.34645167  905.36404757  707.31267589]
327.0904428870849
the t23 now is  0.6450787696614944
get_energy_bins: propagating nu
get_energy_bins: energy rates:  [ 107.92978169  147.96467824  165.0646128   296.90869785  449.81679628
  623.08703756  931.05068453 1551.8619428  2652.63818957 4866.45632048
 7717.42647451 7757.17298105 5574.38243106 3985.92227021 2921.10198408
 2237.43258074 1644.27072722 1169.08354349  906.72821858  708.77899458]
335.9778632620846
the t23 now is  0.6529327512954689
get_energy_bins: propagating nu
get_energy_bins: energy rates:  [ 108.03293756  148.40595904  165.15586624  297.37409323  450.80628474
  624.56234311  933.04739279 1556.00085846 2656.84699514 4867.19315431
 7714.17340088 7752.55527888 5572.74436233 3988.70838054 2923.97419605
 2239.93207365 1646.55244104 1170.7622903   908.0468623   710.18840662]
344.6007436584445
the t23 now is  0.6607867329294435
get_energy_bins: propagating nu
get_energy_bins: energy rates:  [ 108.13063918  148.82350272  165.24241742  297.8144178   451.74257475
  625.95963697  934.93539423 1559.9192546  2660.83752907 4867.91062025
 7711.16461218 7748.27003961 5571.28115888 3991.41884685 2926.75459725
 2242.34686183 1648.74972745 1172.3814024   909.31896968  711.53972426]
352.93394750938444
the t23 now is  0.6686407145634179
get_energy_bins: propagating nu
get_energy_bins: energy rates:  [ 108.22278924  149.21688854  165.32418281  298.22922689  452.62472131
  627.2775261   936.71276342 1563.61320684 2664.60586923 4868.60826464
 7708.40406423 7744.32269399 5569.99543847 3994.05191082 2929.44120924
 2244.67516345 1650.86087465 1173.93965055  910.54357886  712.83181798]
360.95321468750944
the t23 now is  0.6764946961973923
get_energy_bins: propagating nu
get_energy_bins: energy rates:  [ 108.30929589  149.58571957  165.40108364  298.61810095  453.45183274
  628.51469575  938.37768386 1567.07901205 2668.14831289 4869.2856545
 7705.8954719  7740.71834436 5568.88964866 3996.60589433 2932.03214925
 2246.91528451 1652.88425772 1175.43586705  911.71977603  714.06361749]
368.63525093259693
the t23 now is  0.6843486778313669
get_energy_bins: propagating nu
get_energy_bins: energy rates:  [ 108.39007287  149.92962305  165.47304589  298.980646    454.2230716
  629.66991076  939.92844979 1570.31319204 2671.46138034 4869.94237783
 7703.64230514 7737.46175932 5567.96606417 3999.07920083 2934.52563187
 2249.06562036 1654.81834007 1176.86894684  912.84669628  715.23411281]
375.957813737333
the t23 now is  0.6922026594653414
get_energy_bins: propagating nu
get_energy_bins: energy rates:  [ 108.46503956  150.24825078  165.54000046  299.31649399  454.93765551
  630.74201679  941.36346791 1573.31249698 2674.54181837 4870.57804402
 7701.6477854  7734.55736869 5567.22678429 4001.47031674 2936.91997062
 2251.12465715 1656.66167487 1178.23784845  913.92352437  716.34235515]
382.89979435948965
the t23 now is  0.7000566410993159
get_energy_bins: propagating nu
get_energy_bins: energy rates:  [ 108.53412105  150.54127948  165.60188315  299.62530315  455.5948579
  631.72994144  942.68125895 1576.07390863 2677.38660344 4871.19228412
 7699.9148821  7732.00925887 5566.67373051 4003.77781267 2939.21357942
 2253.09097316 1658.41290633 1179.54159501  914.94949547  717.38745784]
389.441295641475
the t23 now is  0.7079106227332903
get_energy_bins: propagating nu
get_energy_bins: energy rates:  [ 108.59724827  150.80841108  165.65863478  299.90675837  456.19400878
  632.63269534  943.88045917 1578.59464336 2679.99294468 4871.78475118
 7698.44630953 7729.8211685  5566.30864438 4006.00034466 2941.40497396
 2254.96324006 1660.07077098 1180.77927505  915.92389583  718.36859714]
395.56370533615944
the t23 now is  0.7157646043672649
get_energy_bins: propagating nu
get_energy_bins: energy rates:  [ 108.65435799  151.04937304  165.71020123  300.16057151  456.73449538
  633.44937311  944.95982166 1580.87215487 2682.35828663 4872.3551205
 7697.24452389 7727.99648447 5566.13308544 4008.13665523 2943.492773
 2256.74022406 1661.63409873 1181.95004335  916.84606342  719.285013  ]
401.24976465371645
the t23 now is  0.7236185860012394
get_energy_bins: propagating nu
get_energy_bins: energy rates:  [ 108.70539294  151.2639186   165.75653349  300.38648164  457.21576274
  634.17915426  945.91821768 1582.90413673 2684.48031174 4872.90308989
 7696.31172063 7726.53823826 5566.14842944 4010.18557438 2945.47569949
 2258.42078699 1663.10181397 1183.05312164  917.7153885   720.13600976]
406.4836317651784
the t23 now is  0.7314725676352138
get_energy_bins: propagating nu
get_energy_bins: energy rates:  [ 108.75030182  151.45182706  165.79758769  300.58425535  457.63731431
  634.82130402  946.7546377  1584.6885247  2686.35694271 4873.42837991
 7695.64983202 7725.44910265 5566.35586663 4012.14602056 2947.35258168
 2260.00388726 1664.47293649 1184.08779934  918.53131418  720.92095679]
411.25094001490135
the t23 now is  0.7393265492691883
get_energy_bins: propagating nu
get_energy_bins: energy rates:  [ 108.78903939  151.61290397  165.83332519  300.75368698  457.99871242
  635.37517405  947.46819246 1586.22349873 2687.98634446 4873.9307341
 7695.26052502 7724.7313888  5566.75640033 4014.01700147 2949.12235407
 2261.48858076 1665.74658233 1185.0534341   919.29333684  721.63928903]
415.5388506175251
the t23 now is  0.7471805309031628
get_energy_bins: propagating nu
get_energy_bins: energy rates:  [ 108.82156648  151.74698132  165.86371257  300.89459878  458.2995787
  635.84020307  948.05811387 1587.50748481 2689.36692601 4874.40991913
 7695.14519933 7724.38704365 5567.35084561 4015.79761483 2950.78405825
 2262.87402158 1666.92196456 1185.94945239  920.00100658  722.29050756]
419.3360996354538
the t23 now is  0.7550345125371374
get_energy_bins: propagating nu
get_energy_bins: energy rates:  [ 108.84785007  151.85391774  165.88872171  301.00684114  458.5395945
  636.21591748  948.52375574 1588.53915654 2690.49734198 4874.86572499
 7695.30498584 7724.41764765 5568.13982822 4017.487049   2952.33684369
 2264.15946276 1667.99839389 1186.77534994  920.65392762  722.87417997]
422.63303905418695
the t23 now is  0.7628884941711118
get_energy_bins: propagating nu
get_energy_bins: energy rates:  [ 108.86786328  151.93359861  165.90832975  301.09029272  458.71850117
  636.50193174  948.86459449 1589.31743642 2691.37649397 4875.29796513
 7695.74074518 7724.82441299 5569.12378366 4019.08458359 2953.77996833
 2265.34425684 1668.97527929 1187.53069217  921.25175857  723.38994078]
425.42167179709537
the t23 now is  0.7707424758050863
get_energy_bins: propagating nu
get_energy_bins: energy rates:  [ 108.88158542  151.98593619  165.92251919  301.14486056  458.83610033
  636.69794883  949.08022963 1589.84149696 2692.0035316  4875.70647658
 7696.45306669 7725.60818199 5570.30295643 4020.58958992 2955.11279917
 2266.42785635 1669.85212844 1188.21511449  921.79421271  723.83749174]
427.6956805453866
the t23 now is  0.7785964574390608
get_energy_bins: propagating nu
get_energy_bins: energy rates:  [ 108.88900201  152.01086972  165.93127786  301.17048019  458.89225411
  636.80376052  949.17038421 1590.11076149 2692.37785337 4876.09112003
 7697.44226753 7726.76942605 5571.67739951 4022.00153141 2956.33481268
 2267.4098142  1670.62854808 1188.8283226   922.28105819  724.21660207]
429.4504502505664
the t23 now is  0.7864504390730354
get_energy_bins: propagating nu
get_energy_bins: energy rates:  [ 108.89010479  152.00836545  165.93459891  301.1671157   458.88688524
  636.81924756  949.13490509 1590.12490477 2692.49910723 4876.45177994
 7698.70839215 7728.30824483 5573.24697401 4023.31996385 2957.44559511
 2268.28978397 1671.3042443  1189.37009269  922.7121182   724.52710862]
430.6830842541294
the t23 now is  0.7943044207070098
get_energy_bins: propagating nu
get_energy_bins: energy rates:  [ 108.88489173  151.97841671  165.93248088  301.13475976  458.81997714
  636.74437982  948.9737631  1589.8838533  2692.36719094 4876.78836453
 7700.25121198 7730.22436584 5575.01134899 4024.54453564 2958.44484272
 2269.06752007 1671.87902269 1189.84027153  923.08727107  724.768916  ]
431.39241395288786
the t23 now is  0.8021584023409842
get_energy_bins: propagating nu
get_energy_bins: energy rates:  [ 108.87336703  151.92104389  165.92492767  301.07343365  458.69157398
  636.57921636  948.68705311 1589.3877854  2691.98225214 4877.10080587
 7702.07022542 7732.51714443 5576.97000153 4025.6749879  2959.33236185
 2269.74287788 1672.35278847 1190.23877654  923.4064503   724.94199661]
431.5790019723468
the t23 now is  0.8100123839749588
get_energy_bins: propagating nu
get_energy_bins: energy rates:  [ 108.85554112  151.83629445  165.91194851  300.98318723  458.50178059
  636.32390528  948.27499393 1588.63713109 2691.34468824 4877.38905982
 7704.16465805 7735.1855641  5579.12221686 4026.71115446 2960.10806899
 2270.31581371 1672.7255464  1190.56559581  923.66964454  725.04639064]
431.2451388390547
the t23 now is  0.8178663656089333
get_energy_bins: propagating nu
get_energy_bins: energy rates:  [ 108.83143064  151.72424284  165.89355799  300.86409888  458.25076242
  635.97868368  947.73792812 1587.63257165 2690.45514601 4877.65310607
 7706.53346319 7738.22823722 5581.46708885 4027.65296183 2960.77199057
 2270.78638467 1672.99740071 1190.82078798  923.87689756  725.08220592]
430.3948331638633
the t23 now is  0.8257203472429078
get_energy_bins: propagating nu
get_energy_bins: energy rates:  [ 108.80105845  151.58499048  165.86977603  300.71627546  457.9387453
  635.54387736  947.07632166 1586.37503895 2689.31452089 4877.89294806
 7709.17532262 7741.64340604 5584.00352056 4028.50042898 2961.32426281
 2271.15474849 1673.16855484 1191.0044821   924.02830813  725.04961785]
429.03379537781854
the t23 now is  0.8335743288768822
get_energy_bins: propagating nu
get_energy_bins: energy rates:  [ 108.76445356  151.41866561  165.84062785  300.53985219  457.56601532
  635.01990055  946.29076352 1584.86571459 2687.92395618 4878.10861288
 7712.08864769 7745.42894418 5586.73022504 4029.25366717 2961.76513138
 2271.42116323 1673.23931116 1191.11687742  924.12402979  724.94886907]
427.16941508307883
the t23 now is  0.8414283105108568
get_energy_bins: propagating nu
get_energy_bins: energy rates:  [ 108.72165117  151.22542319  165.80614395  300.33499249  457.13291848
  634.40725546  945.38196508 1583.1060287  2686.28484185 4878.30015127
 7715.27158061 7749.58235837 5589.64572628 4029.91287954 2962.09495092
 2271.5859868  1673.21007053 1191.15824306  924.16427072  724.78026927]
424.81073211063637
the t23 now is  0.8492822921448313
get_energy_bins: propagating nu
get_energy_bins: energy rates:  [ 108.67269255  151.00544475  165.76636011  300.10188788  456.63986039
  633.70653182  944.35075944 1581.09765856 2684.39881319 4878.46763739
 7718.72199601 7754.10079063 5592.7483604  4030.47836069 2962.31418454
 2271.64967652 1673.0813318  1191.12891772  924.14929335  724.54419476]
421.96840139672486
the t23 now is  0.8571362737788057
get_energy_bins: propagating nu
get_energy_bins: energy rates:  [ 108.61762509  150.75893822  165.72131729  299.84075774  456.08730585
  632.91840629  943.19810065 1578.84252699 2682.26774918 4878.6111688
 7722.43750284 7758.98102079 5596.03627695 4030.95049619 2962.42340317
 2271.6127885  1672.8536912  1191.02930919  924.07941413  724.24108807]
418.6546518174964
the t23 now is  0.8649902554127802
get_energy_bins: propagating nu
get_energy_bins: energy rates:  [ 108.55650219  150.4861377   165.67106166  299.55184912  455.47577842
  632.0436418   941.92506273 1576.34280043 2679.89377064 4878.73086619
 7726.41544643 7764.21946935 5599.50744047 4031.3297619  2962.42328476
 2271.47597692 1672.52784162 1190.85989386  923.95500307  723.87145749]
414.8832391427067
the t23 now is  0.8728442370467547
get_energy_bins: propagating nu
get_energy_bins: energy rates:  [ 108.48938321  150.18730326  165.61564449  299.23543652  454.80585991
  631.08308679  940.53283866 1573.60088681 2677.27923813 4878.82687327
 7730.65291088 7769.81220071 5603.15963219 4031.61672335 2962.31461345
 2271.23999324 1672.10457185 1190.62121622  923.77648334  723.43587646]
410.6693932930803
the t23 now is  0.8806982186807293
get_energy_bins: propagating nu
get_energy_bins: energy rates:  [ 108.41633346  149.86272066  165.55512217  298.89182157  454.07818977
  630.03767441  939.02273923 1570.61943322 2674.4267496  4878.89935654
 7735.14672169 7775.75492673 5606.99045191 4031.81203487 2962.09827861
 2270.90568532 1671.58476564 1190.31388812  923.54433076  722.93498301]
406.0297601078147
the t23 now is  0.8885522003147037
get_energy_bins: propagating nu
get_energy_bins: energy rates:  [ 108.33742408  149.51270112  165.48955606  298.52133278  453.29346453
  628.90842154  937.3961917  1567.4013233  2671.33913786 4878.94850504
 7739.89344865 7782.04301071 5610.9973201  4031.91643879 2961.77527373
 2270.47399642 1670.96940074 1189.9385882   923.25907325  722.36947903]
400.9823378507763
the t23 now is  0.8964061819486782
get_energy_bins: propagating nu
get_energy_bins: energy rates:  [ 108.25273201  149.13758093  165.41901254  298.12432519  452.45243706
  627.69642786  935.6547385  1563.94967441 2668.01946774 4878.97453016
 7744.88940895 7788.6714716  5615.17748013 4031.93076442 2961.34669528
 2269.94596411 1670.25954781 1189.49606101  922.92129027  721.74012956]
395.54640870209766
the t23 now is  0.9042601635826527
get_energy_bins: propagating nu
get_energy_bins: energy rates:  [ 108.16233989  148.73772121  165.34356285  297.70118005  451.55591586
  626.40287472  933.80003565 1560.26783455 2664.47103308 4878.97766528
 7750.13067061 7795.63498866 5619.52800069 4031.85592699 2960.81374146
 2269.32271913 1669.45636927 1188.98711625  922.53161213  721.04776197]
389.7424655053146
the t23 now is  0.9121141452166273
get_energy_bins: propagating nu
get_energy_bins: energy rates:  [ 108.06633599  148.31350749  165.26328305  297.25230442  450.60476426
  625.02902399  931.83385115 1556.35937909 2660.69735347 4878.95816555
 7755.61305607 7802.9279064  5624.04577839 4031.6929266  2960.17771074
 2268.60548406 1668.561118   1188.4126279   922.09071933  720.2932651 ]
383.59213405367814
the t23 now is  0.9199681268506017
get_energy_bins: propagating nu
get_energy_bins: energy rates:  [ 107.96481411  147.86534937  165.17825399  296.77813077  449.59989959
  623.57621683  929.75806329 1552.22810726 2656.70217078 4878.91630754
 7761.33214611 7810.54423983 5628.72754056 4031.44284692 2959.44000048
 2267.79557203 1667.57513604 1187.77353318  921.5993418   719.47758833]
377.1180912218302
the t23 now is  0.9278221084845761
get_energy_bins: propagating nu
get_energy_bins: energy rates:  [ 107.85787353  147.39368011  165.08856114  296.2791166   448.54229225
  622.04587237  927.57465878 1547.8780384  2652.48944546 4878.85238892
 7767.28328392 7818.47768012 5633.56984812 4031.10685393 2958.60210532
 2266.89438524 1666.49985309 1187.07083161  921.05825809  718.60174057]
370.34397925921564
the t23 now is  0.9356760901185507
get_energy_bins: propagating nu
get_energy_bins: energy rates:  [ 107.74561884  146.89895619  164.9942946   295.75574392  447.43296478
  620.43948629  925.2857308  1543.31340801 2648.06335262 4878.76672809
 7773.46157949 7826.72160048 5638.56909878 4030.68619452 2957.6656155
 2265.90341344 1665.33678504 1186.30558391  920.46829459  717.66678926]
363.29431658295033
the t23 now is  0.9435300717525252
get_energy_bins: propagating nu
get_energy_bins: energy rates:  [ 107.6281599   146.38165687  164.89554895  295.20851885  446.27299085
  618.75862938  922.89347698 1538.53866359 2643.4282779  4878.65966378
 7779.86191418 7835.26906243 5643.7215302  4030.18219509 2956.63221514
 2264.82423228 1664.08753236 1185.47891084  919.83032454  716.67385922]
355.9944054149745
the t23 now is  0.9513840533864997
get_energy_bins: propagating nu
get_energy_bins: energy rates:  [ 107.50561171  145.84228373  164.79242315  294.63797106  445.06349419
  617.00494595  920.40019721 1533.55846026 2638.58881317 4878.53155472
 7786.47894553 7844.11282234 5649.02322348 4029.59625994 2955.50368037
 2263.65850166 1662.75377835 1184.59199205  919.14526722  715.62413151]
348.4702366256607
the t23 now is  0.9592380350204741
get_energy_bins: propagating nu
get_energy_bins: energy rates:  [ 107.37809428  145.28136017  164.68502051  294.0446533   443.80564753
  615.18015226  917.80829142 1528.37765619 2633.54975195 4878.38277916
 7793.30711228 7853.24533831 5654.47010674 4028.92986972 2954.28187738
 2262.40796391 1661.33728745 1183.64606479  918.41408686  714.51884225]
340.7483921532404
the t23 now is  0.9670920166544487
get_energy_bins: propagating nu
get_energy_bins: energy rates:  [ 107.24573255  144.69943088  164.57344849  293.42914082  442.5006714
  613.2860348   915.12025718 1523.0013078  2628.31608471 4878.21373447
 7800.34063965 7862.65877726 5660.05795881 4028.18457969 2952.96876041
 2261.07444193 1659.83990333 1182.64242258  917.63779168  713.35928126]
332.85594538011844
the t23 now is  0.9749459982884232
get_energy_bins: propagating nu
get_energy_bins: energy rates:  [ 107.10865623  144.09706134  164.4578187   292.79203083  441.14983295
  611.32444854  912.33868731 1517.4346648  2622.89299392 4878.02483665
 7807.57354478 7872.34502246 5665.78241314 4027.36201805 2951.56636965
 2259.65983725 1658.26354696 1181.58241392  916.81743281  712.14679084]
324.8203598518677
the t23 now is  0.9827999799223976
get_energy_bins: propagating nu
get_energy_bins: energy rates:  [ 106.96699969  143.47483722  164.33824669  292.13394189  439.75444471
  609.29731509  909.46626729 1511.68316504 2617.28584893 4877.81651991
 7814.99964239 7882.29568116 5671.63896185 4026.46388401 2950.076829
 2258.16612801 1656.61021467 1180.46744079  915.9541032   710.88276432]
316.66938673575123
the t23 now is  0.9906539615563721
get_energy_bins: propagating nu
get_energy_bins: energy rates:  [ 106.82090182  142.83336383  164.21485191  291.45551333  438.31586328
  607.20662083  906.50577264 1505.7524291  2611.50020071 4877.58923614
 7822.61255065 7892.50209263 5677.62295983 4025.49194596 2948.50234382
 2256.59536686 1654.88197597 1179.29895724  915.04893642  709.56864469]
308.4309614144772
the t23 now is  0.9985079431903466
get_energy_bins: propagating nu
get_energy_bins: energy rates:  [ 106.6705059   142.17326554  164.08775755  290.7574046   436.83548804
  605.05441494  903.46006621 1499.64825481 2605.54177629 4877.34345441
 7830.40569729 7902.95533644 5683.7296291  4024.4480395  2946.84519858
 2254.94967879 1653.0809715  1178.07846781  914.10310552  708.2059231 ]
300.13309961877417
the t23 now is  1.0063619248243212
get_energy_bins: propagating nu
get_energy_bins: energy rates:  [ 106.51595947  141.49518514  163.95709042  290.04029463  435.31475971
  602.84280737  900.33209533 1493.37661154 2599.41647317 4877.07966046
 7838.37232578 7913.64624094 5689.95406324 4023.3340654  2945.10775441
 2253.2312589  1651.20941073 1176.80752601  913.1178218   706.79613732]
291.80379350148706
the t23 now is  1.0142159064582956
get_energy_bins: propagating nu
get_energy_bins: energy rates:  [ 106.35741414  140.7997832   163.82298086  289.30488116  433.755159
  600.57396678  897.12488895 1486.94363429 2593.13035348 4876.79835614
 7846.50550182 7924.56539203 5696.29123194 4022.15198751 2943.29244658
 2251.44237008 1649.26956972 1175.48773268  912.09433352  705.34087024]
283.47090805601806
the t23 now is  1.02206988809227
get_energy_bins: propagating nu
get_energy_bins: energy rates:  [ 106.19502551  140.08773746  163.68556258  288.55188005  432.15820509
  598.2501184   893.84155467 1480.35561766 2586.68963795 4876.50005889
 7854.79811995 7935.70314221 5702.73598568 4020.9038306  2941.40178197
 2249.58534065 1647.26378876 1174.12073432  911.03392461  703.84174818]
275.16207828184247
the t23 now is  1.0299238697262445
get_energy_bins: propagating nu
get_energy_bins: energy rates:  [ 106.02895295  139.35974212  163.54497251  287.78202459  430.52545418
  595.87354182  890.48527565 1473.61900968 2580.10069984 4876.18530112
 7863.24291031 7947.04961978 5709.28306059 4019.59167818 2939.43833633
 2247.66256192 1645.19446994 1172.70822139  909.93791335  702.30043931]
266.90460749422783
the t23 now is  1.0377778513602192
get_energy_bins: propagating nu
get_energy_bins: energy rates:  [ 105.85935949  138.61650718  163.40135072  286.99606476  428.85849796
  593.44656879  887.05930752 1466.74040541 2573.37005859 4875.85462969
 7871.83244561 7958.59473833 5715.92708331 4018.2176702  2937.40475166
 2245.67648567 1643.06407469 1171.25192653  908.80765099  700.71865191]
258.7253671723042
the t23 now is  1.0456318329941936
get_energy_bins: propagating nu
get_energy_bins: energy rates:  [ 105.68641162  137.85875774  163.25484024  286.19476652  427.158962
  590.97158084  883.56697516 1459.72654049 2566.5043734  4875.50860523
 7880.55914823 7970.32820641 5722.66257605 4016.78400075 2935.30373336
 2243.62962165 1640.87512125 1169.75362282  907.64452035  699.09813266]
250.65069873306385
the t23 now is  1.053485814628168
get_energy_bins: propagating nu
get_energy_bins: energy rates:  [ 105.51027915  137.08723329  163.10558691  285.37891101  425.42850422
  588.45100703  880.01166945 1452.58428449 2559.51043667 4875.14780162
 7889.41529746 7982.23953741 5729.48396177 4015.29291569 2933.13804743
 2241.52453489 1638.63018206 1168.21512191  906.4499344   697.44066486]
242.70631761045942
the t23 now is  1.0613397962621427
get_energy_bins: propagating nu
get_energy_bins: energy rates:  [ 105.33113507  136.30268697  162.95373928  284.54929384  423.66881318
  585.88732148  876.3968439  1445.32063414 2552.39516725 4874.77280528
 7898.39303695 7994.31805966 5736.38556935 4013.74671021 2930.91051752
 2239.36384309 1636.33188113 1166.63827213  905.22533477  695.74806662]
234.91722000939876
