for cascades
first we get the literature value:
get_rated_weight_truth: propagating nu
get_rated_weight_truth: energy rates:  [  85.79642926   99.74109345  147.47498781  292.65324804  389.43101118
  497.97331954  802.31804153 1349.86180588 2408.84114223 4824.7968218
 7893.63263263 8040.01949519 5621.33986073 3711.44238489 2643.77813499
 2019.54646681 1441.56654146 1015.11325663  790.85289736  573.19897989]
get_energy_bins: propagating nu
get_energy_bins: energy rates:  [  85.79642926   99.74109345  147.47498781  292.65324804  389.43101118
  497.97331954  802.31804153 1349.86180588 2408.84114223 4824.7968218
 7893.63263263 8040.01949519 5621.33986073 3711.44238489 2643.77813499
 2019.54646681 1441.56654146 1015.11325663  790.85289736  573.19897989]
chi-sq is 0.0
get_rated_weight_truth: propagating nu
get_rated_weight_truth: energy rates:  [  85.79642926   99.74109345  147.47498781  292.65324804  389.43101118
  497.97331954  802.31804153 1349.86180588 2408.84114223 4824.7968218
 7893.63263263 8040.01949519 5621.33986073 3711.44238489 2643.77813499
 2019.54646681 1441.56654146 1015.11325663  790.85289736  573.19897989]
[0.44872923 0.45658321 0.46443719 0.47229117 0.48014516 0.48799914
 0.49585312 0.5037071  0.51156108 0.51941506 0.52726905 0.53512303
 0.54297701 0.55083099 0.55868497 0.56653895 0.57439293 0.58224692
 0.5901009  0.59795488 0.60580886 0.61366284 0.62151682 0.62937081
 0.63722479 0.64507877 0.65293275 0.66078673 0.66864071 0.6764947
 0.68434868 0.69220266 0.70005664 0.70791062 0.7157646  0.72361859
 0.73147257 0.73932655 0.74718053 0.75503451 0.76288849 0.77074248
 0.77859646 0.78645044 0.79430442 0.8021584  0.81001238 0.81786637
 0.82572035 0.83357433 0.84142831 0.84928229 0.85713627 0.86499026
 0.87284424 0.88069822 0.8885522  0.89640618 0.90426016 0.91211415
 0.91996813 0.92782211 0.93567609 0.94353007 0.95138405 0.95923804
 0.96709202 0.974946   0.98279998 0.99065396 0.99850794 1.00636192
 1.01421591 1.02206989 1.02992387 1.03777785 1.04563183 1.05348581
 1.0613398 ]
[0.0, 0.0, 0.0, 0.0, 0.0, 0.0, 0.0, 0.0, 0.0, 0.0, 0.0, 0.0, 0.0, 0.0, 0.0, 0.0, 0.0, 0.0, 0.0, 0.0, 0.0, 0.0, 0.0, 0.0, 0.0, 0.0, 0.0, 0.0, 0.0, 0.0, 0.0, 0.0, 0.0, 0.0, 0.0, 0.0, 0.0, 0.0, 0.0, 0.0, 0.0, 0.0, 0.0, 0.0, 0.0, 0.0, 0.0, 0.0, 0.0, 0.0, 0.0, 0.0, 0.0, 0.0, 0.0, 0.0, 0.0, 0.0, 0.0, 0.0, 0.0, 0.0, 0.0, 0.0, 0.0, 0.0, 0.0, 0.0, 0.0, 0.0, 0.0, 0.0, 0.0, 0.0, 0.0, 0.0, 0.0, 0.0, 0.0]
the t23 now is  0.44872922881213206
get_energy_bins: propagating nu
get_energy_bins: energy rates:  [  95.67591699   95.40488156  154.48694397  241.61908121  332.82906774
  451.57681105  692.50979075 1066.21994578 2172.81131045 4822.92775475
 8241.18319034 8465.78091604 5926.03432714 3786.00458104 2689.18653957
 2027.49578857 1437.76116672 1020.44234429  789.93418708  570.7640442 ]
177.58892572402357
the t23 now is  0.45658321044610656
get_energy_bins: propagating nu
get_energy_bins: energy rates:  [  95.67582335   95.4056061   154.48667523  241.61952565  332.83062832
  451.57919141  692.51481852 1066.23053542 2172.81412344 4822.91726051
 8241.15203972 8465.751877   5926.0225568  3786.00111192 2689.18536453
 2027.49540638 1437.76107048 1020.44223704  789.93416764  570.76404572]
177.57411617054768
the t23 now is  0.46443719208008105
get_energy_bins: propagating nu
get_energy_bins: energy rates:  [  95.67573197   95.40631437  154.48641197  241.61996045  332.83215422
  451.58151805  692.51973192 1066.24088413 2172.81686239 4822.90698391
 8241.1215199  8465.72342473 5926.011003   3785.99769074 2689.18420281
 2027.49502611 1437.7609738  1020.44213051  789.93414799  570.76404682]
177.5596238143788
the t23 now is  0.47229117371405555
get_energy_bins: propagating nu
get_energy_bins: energy rates:  [  95.67564293   95.40700571  154.48615445  241.6203852   332.833644
  451.58378874  692.5245262  1066.25098187 2172.81952439 4822.89693442
 8241.09165857 8465.69558501 5925.99967569 3785.9943201  2689.18305521
 2027.49464795 1437.76087671 1020.44202477  789.93412811  570.7640475 ]
177.54546214584576
the t23 now is  0.48014515534803004
get_energy_bins: propagating nu
get_energy_bins: energy rates:  [  95.67555632   95.40767945  154.4859029   241.62079949  332.83509623
  451.58600128  692.5291967  1066.26081888 2172.82210664 4822.88712124
 8241.06248277 8465.66838303 5925.98858462 3785.9910025  2689.18192253
 2027.49427211 1437.76077924 1020.44191989  789.93410803  570.76404774]
177.53164432227845
the t23 now is  0.48799913698200453
get_energy_bins: propagating nu
get_energy_bins: energy rates:  [  95.67547223   95.40833494  154.48565755  241.62120295  332.83650952
  451.58815355  692.53373893 1066.27038565 2172.82460639 4822.87755336
 8241.03401883 8465.64184329 5925.97773928 3785.98774042 2689.18080553
 2027.49389879 1437.76068142 1020.44181592  789.93408774  570.76404753]
177.51818315547703
the t23 now is  0.495853118615979
get_energy_bins: propagating nu
get_energy_bins: energy rates:  [  95.67539075   95.40897155  154.48541862  241.62159518  332.83788254
  451.59024348  692.53814848 1066.27967293 2172.82702098 4822.86823952
 8241.00629236 8465.61598967 5925.9671489  3785.98453624 2689.17970496
 2027.49352818 1437.76058328 1020.44171293  789.93406724  570.76404687]
177.50509109937678
the t23 now is  0.5037071002499536
get_energy_bins: propagating nu
get_energy_bins: energy rates:  [  95.67531196   95.40958868  154.48518632  241.62197583  332.83921396
  451.59226906  692.54242111 1066.28867175 2172.82934785 4822.85918818
 8240.97932825 8465.59084531 5925.95682246 3785.98139232 2689.17862158
 2027.49316049 1437.76048485 1020.44161096  789.93404654  570.76404575]
177.4923802381808
the t23 now is  0.511561081883928
get_energy_bins: propagating nu
get_energy_bins: energy rates:  [  95.67523593   95.41018574  154.48496086  241.62234453  332.84050254
  451.59422835  692.54655269 1066.29737344 2172.83158449 4822.85040757
 8240.95315059 8465.56643266 5925.94676867 3785.97831091 2689.17755608
 2027.49279588 1437.76038617 1020.44151008  789.93402564  570.76404415]
177.4800622748857
the t23 now is  0.5194150635179025
get_energy_bins: propagating nu
get_energy_bins: energy rates:  [  95.67516274   95.41076215  154.48474245  241.62270095  332.84174705
  451.59611947  692.55053923 1066.3057696  2172.83372851 4822.84190563
 8240.92778269 8465.54277344 5925.93699596 3785.97529425 2689.17650917
 2027.49243456 1437.76028726 1020.44141035  789.93400455  570.76404207]
177.4681485200587
the t23 now is  0.527269045151877
get_energy_bins: propagating nu
get_energy_bins: energy rates:  [  95.67509246   95.41131736  154.48453127  241.62304475  332.84294631
  451.59794061  692.55437691 1066.31385215 2172.83577759 4822.83369002
 8240.90324706 8465.51988859 5925.92751246 3785.97234445 2689.17548153
 2027.4920767  1437.76018815 1020.44131181  789.93398327  570.7640395 ]
177.4566498811354
the t23 now is  0.5351230267858516
get_energy_bins: propagating nu
get_energy_bins: energy rates:  [  95.67502517   95.41185085  154.48432753  241.62337561  332.84409919
  451.59969003  692.55806203 1066.32161333 2172.83772951 4822.82576812
 8240.87956536 8465.49779829 5925.91832603 3785.96946359 2689.17447381
 2027.49172248 1437.76008888 1020.44121452  789.9339618   570.76403643]
177.4455768520677
the t23 now is  0.542977008419826
get_energy_bins: propagating nu
get_energy_bins: energy rates:  [  95.67496093   95.41236212  154.48413139  241.62369323  332.84520459
  451.60136607  692.56159105 1066.32904567 2172.83958215 4822.81814702
 8240.85675839 8465.47652193 5925.90944421 3785.96665367 2689.17348664
 2027.49137206 1437.75998947 1020.44111853  789.93394015  570.76403287]
177.43493950324768
the t23 now is  0.5508309900538004
get_energy_bins: propagating nu
get_energy_bins: energy rates:  [  95.67489981   95.41285066  154.48394304  241.62399731  332.8462615
  451.60296712  692.56496059 1066.33614204 2172.84133349 4822.81083349
 8240.83484608 8465.45607806 5925.90087425 3785.96391661 2689.17252064
 2027.49102562 1437.75988995 1020.44102389  789.93391833  570.76402879]
177.42474747213512
the t23 now is  0.558684971687775
get_energy_bins: propagating nu
get_energy_bins: energy rates:  [  95.67484187   95.41331604  154.48376263  241.62428758  332.8472689
  451.60449166  692.56816742 1066.34289565 2172.84298158 4822.80383402
 8240.81384748 8465.43648441 5925.89262306 3785.96125425 2689.17157639
 2027.49068331 1437.75979035 1020.44093065  789.93389633  570.76402421]
177.41500995405795
the t23 now is  0.5665389533217495
get_energy_bins: propagating nu
get_energy_bins: energy rates:  [  95.67478717   95.41375779  154.48359032  241.62456377  332.84822586
  451.60593825  692.57120847 1066.34930004 2172.8445246  4822.79715476
 8240.79378071 8465.41775786 5925.88469726 3785.95866836 2689.17065447
 2027.4903453  1437.75969071 1020.44083885  789.93387417  570.7640191 ]
177.4057356934851
the t23 now is  0.574392934955724
get_energy_bins: propagating nu
get_energy_bins: energy rates:  [  95.67473576   95.41417552  154.48342627  241.62482562  332.84913149
  451.60730552  692.57408084 1066.35534909 2172.84596083 4822.79080156
 8240.77466295 8465.39991444 5925.87710311 3785.95616063 2689.1697554
 2027.49001174 1437.75959104 1020.44074853  789.93385184  570.76401347]
177.3969329759129
the t23 now is  0.5822469165896984
get_energy_bins: propagating nu
get_energy_bins: energy rates:  [  95.6746877    95.41456882  154.4832706   241.6250729   332.84998494
  451.60859217  692.57678181 1066.36103705 2172.84728865 4822.78477995
 8240.75651046 8465.38296926 5925.86984657 3785.95373267 2689.16887973
 2027.48968276 1437.75949139 1020.44065975  789.93382935  570.76400732]
177.38860961987208
the t23 now is  0.590100898223673
get_energy_bins: propagating nu
get_energy_bins: energy rates:  [  95.67464303   95.41493733  154.48312346  241.62530539  332.85078543
  451.60979699  692.57930879 1066.36635851 2172.84850654 4822.7790951
 8240.73933852 8465.36693658 5925.86293323 3785.95138601 2689.16802792
 2027.48935852 1437.75939177 1020.44057254  789.93380671  570.76400063]
177.38077296985045
the t23 now is  0.5979548798576475
get_energy_bins: propagating nu
get_energy_bins: energy rates:  [  95.67460179   95.41528071  154.48298497  241.62552288  332.85153222
  451.61091886  692.5816594  1066.37130843 2172.84961309 4822.77375188
 8240.72316143 8465.35182971 5925.85636836 3785.94912209 2689.16720047
 2027.48903915 1437.75929222 1020.44048694  789.93378391  570.76399341]
177.37342988912866
the t23 now is  0.6058088614916219
get_energy_bins: propagating nu
get_energy_bins: energy rates:  [  95.67456404   95.41559863  154.48285524  241.62572517  332.85222462
  451.61195672  692.58383142 1066.37588214 2172.85060701 4822.76875479
 8240.70799252 8465.33766108 5925.85015686 3785.94694227 2689.16639781
 2027.48872478 1437.75919276 1020.44040299  789.93376098  570.76398564]
177.36658675361076
the t23 now is  0.6136628431255964
get_energy_bins: propagating nu
get_energy_bins: energy rates:  [  95.67452981   95.4158908   154.48273439  241.62591208  332.852862
  451.61290962  692.58582281 1066.38007532 2172.85148711 4822.76410802
 8240.6938441  8465.32444214 5925.84430329 3785.94484783 2689.16562035
 2027.48841554 1437.75909342 1020.44032072  789.9337379   570.76397734]
177.36024944574484
the t23 now is  0.6215168247595709
get_energy_bins: propagating nu
get_energy_bins: energy rates:  [  95.67449914   95.41615696  154.4826225   241.62608346  332.8534438
  451.61377666  692.5876317  1066.38388407 2172.85225232 4822.75981538
 8240.68072746 8465.31218344 5925.83881186 3785.94283995 2689.1648685
 2027.48811155 1437.75899423 1020.44024018  789.93371469  570.7639685 ]
177.3544233490486
the t23 now is  0.6293708063935455
get_energy_bins: propagating nu
get_energy_bins: energy rates:  [  95.67447205   95.41639686  154.48251966  241.62623916  332.85396947
  451.61455706  692.58925641 1066.38730482 2172.85290168 4822.75588035
 8240.6686529  8465.30089455 5925.83368641 3785.94091973 2689.16414262
 2027.48781292 1437.75889522 1020.44016138  789.93369135  570.76395912]
177.34911334326918
the t23 now is  0.6372247880275199
get_energy_bins: propagating nu
get_energy_bins: energy rates:  [  95.67444857   95.41661029  154.48242596  241.62637903  332.85443857
  451.6152501   692.59069544 1066.39033443 2172.85343433 4822.75230604
 8240.65762965 8465.29058409 5925.8289304  3785.93908818 2689.16344304
 2027.48751976 1437.75879641 1020.44008437  789.93366788  570.76394919]
177.34432379972986
the t23 now is  0.6450787696614944
get_energy_bins: propagating nu
get_energy_bins: energy rates:  [  95.67442874   95.41679706  154.48234147  241.62650297  332.85485068
  451.61585516  692.59194746 1066.3929701  2172.85384954 4822.74909522
 8240.6476659  8465.2812597  5925.82454695 3785.93734623 2689.16277009
 2027.48723217 1437.75869783 1020.44000917  789.9336443   570.76393871]
177.34005857741678
the t23 now is  0.6529327512954689
get_energy_bins: propagating nu
get_energy_bins: energy rates:  [  95.67441256   95.416957    154.48226625  241.62661087  332.85520545
  451.6163717   692.59301135 1066.39520946 2172.8541467  4822.74625028
 8240.63876882 8465.27292805 5925.8205388  3785.93569471 2689.16212405
 2027.48695025 1437.7585995  1020.43993581  789.9336206   570.7639277 ]
177.33632101952395
the t23 now is  0.6607867329294435
get_energy_bins: propagating nu
get_energy_bins: energy rates:  [  95.67440006   95.41708997  154.48220034  241.62670266  332.85550258
  451.61679927  692.59388616 1066.3970505  2172.8543253  4822.74377327
 8240.6309445  8465.26559482 5925.8169083  3785.93413436 2689.16150518
 2027.4866741  1437.75850145 1020.43986432  789.93359679  570.76391614]
177.33311395028298
the t23 now is  0.6686407145634179
get_energy_bins: propagating nu
get_energy_bins: energy rates:  [  95.67439126   95.41719587  154.4821438   241.62677825  332.85574183
  451.61713751  692.59457113 1066.39849163 2172.85438496 4822.74166585
 8240.62419797 8465.25926472 5925.81365746 3785.93266583 2689.16091371
 2027.48640379 1437.75840371 1020.43979471  789.93357289  570.76390404]
177.3304396726148
the t23 now is  0.6764946961973923
get_energy_bins: propagating nu
get_energy_bins: energy rates:  [  95.67438615   95.41727461  154.48209666  241.6268376   332.85592302
  451.61738614  692.59506567 1066.39953163 2172.85432541 4822.73992935
 8240.61853319 8465.25394144 5925.81078788 3785.93128969 2689.16034986
 2027.48613941 1437.7583063  1020.439727    789.93354888  570.7638914 ]
177.32829996605827
the t23 now is  0.6843486778313669
get_energy_bins: propagating nu
get_energy_bins: energy rates:  [  95.67438475   95.41732613  154.48205894  241.62688067  332.85604602
  451.61754498  692.59536942 1066.4001697  2172.8541465  4822.73856469
 8240.61395306 8465.2496277  5925.8083008  3785.9300064  2689.15981378
 2027.48588103 1437.75820924 1020.43966123  789.93352479  570.76387822]
177.32669608525973
the t23 now is  0.6922026594653414
get_energy_bins: propagating nu
get_energy_bins: energy rates:  [  95.67438706   95.41735041  154.48203066  241.62690744  332.85611078
  451.61761394  692.59548216 1066.40040541 2172.8538482  4822.73757246
 8240.61045942 8465.24632521 5925.80619708 3785.92881633 2689.15930564
 2027.48562872 1437.75811256 1020.4395974   789.93350061  570.76386451]
177.32562875900928
the t23 now is  0.7000566410993159
get_energy_bins: propagating nu
get_energy_bins: energy rates:  [  95.67439308   95.41734744  154.48201182  241.6269179   332.85611726
  451.61759299  692.59540389 1066.40023876 2172.85343059 4822.73695286
 8240.60805301 8465.24403467 5925.80447721 3785.92771978 2689.15882556
 2027.48538254 1437.75801629 1020.43953554  789.93347635  570.76385026]
177.32509818973872
the t23 now is  0.7079106227332903
get_energy_bins: propagating nu
get_energy_bins: energy rates:  [  95.67440281   95.41731725  154.48200243  241.62691207  332.85606554
  451.61748224  692.5951348  1066.39967012 2172.85289388 4822.73670574
 8240.60673351 8465.24275582 5925.80314128 3785.92671694 2689.15837364
 2027.48514255 1437.75792044 1020.43947564  789.93345202  570.76383549]
177.32510405357297
the t23 now is  0.7157646043672649
get_energy_bins: propagating nu
get_energy_bins: energy rates:  [  95.67441623   95.41725987  154.48200246  241.62688997  332.8559557
  451.61728184  692.59467524 1066.39870026 2172.85223839 4822.73683056
 8240.60649955 8465.24248737 5925.80218902 3785.92580789 2689.15794993
 2027.48490879 1437.75782504 1020.43941774  789.93342763  570.7638202 ]
177.32564550072107
the t23 now is  0.7236185860012394
get_energy_bins: propagating nu
get_energy_bins: energy rates:  [  95.67443333   95.4171754   154.4820119   241.62685164  332.85578791
  451.61699205  692.59402578 1066.39733035 2172.85146455 4822.73732644
 8240.60734864 8465.24322704 5925.80161978 3785.92499266 2689.15755448
 2027.48468131 1437.75773011 1020.43936182  789.93340317  570.76380439]
177.32672115672275
the t23 now is  0.7314725676352138
get_energy_bins: propagating nu
get_energy_bins: energy rates:  [  95.67445411   95.41706394  154.48203071  241.62679715  332.85556239
  451.61661322  692.59318715 1066.39556197 2172.85057293 4822.73819211
 8240.60927728 8465.24497156 5925.80143252 3785.92427116 2689.15718731
 2027.48446015 1437.75763568 1020.43930792  789.93337866  570.76378807]
177.32832912381042
the t23 now is  0.7393265492691883
get_energy_bins: propagating nu
get_energy_bins: energy rates:  [  95.67447853   95.41692561  154.48205886  241.62672657  332.85527942
  451.61614578  692.59216029 1066.39339707 2172.84956418 4822.73942594
 8240.61228087 8465.24771667 5925.80162585 3785.92364321 2689.15684839
 2027.48424533 1437.75754176 1020.43925602  789.9333541   570.76377124]
177.3304669830404
the t23 now is  0.7471805309031628
get_energy_bins: propagating nu
get_energy_bins: energy rates:  [  95.67450658   95.41676058  154.48209629  241.62663999  332.85493932
  451.61559025  692.59094631 1066.39083801 2172.84843911 4822.74102597
 8240.61635377 8465.25145713 5925.80219797 3785.92310855 2689.15653769
 2027.48403689 1437.75744838 1020.43920614  789.9333295   570.76375391]
177.33313179676537
the t23 now is  0.7550345125371374
get_energy_bins: propagating nu
get_energy_bins: energy rates:  [  95.67453823   95.41656902  154.48214295  241.62653751  332.85454249
  451.61494724  692.58954652 1066.38788751 2172.84719862 4822.74298983
 8240.62148927 8465.25618673 5925.80314675 3785.92266683 2689.15625514
 2027.48383485 1437.75735556 1020.43915827  789.93330487  570.76373609]
177.3363201117538
the t23 now is  0.7628884941711118
get_energy_bins: propagating nu
get_energy_bins: energy rates:  [  95.67457345   95.41635116  154.48219877  241.62641927  332.85408938
  451.61421745  692.58796239 1066.3845487  2172.84584371 4822.74531484
 8240.62767965 8465.26189826 5925.80446967 3785.92231758 2689.15600063
 2027.48363921 1437.75726332 1020.43911241  789.9332802   570.76371778]
177.3400279626215
the t23 now is  0.7707424758050863
get_energy_bins: propagating nu
get_energy_bins: energy rates:  [  95.67461221   95.41610721  154.48226367  241.62628539  332.85358048
  451.61340165  692.58619559 1066.3808251  2172.84437552 4822.74799791
 8240.63491612 8465.26858358 5925.80616383 3785.92206028 2689.15577404
 2027.48344998 1437.75717168 1020.43906858  789.93325552  570.763699  ]
177.34425087604
the t23 now is  0.7785964574390608
get_energy_bins: propagating nu
get_energy_bins: energy rates:  [  95.67465447   95.41583744  154.48233756  241.62613603  332.85301634
  451.61250071  692.58424796 1066.37672058 2172.8427953  4822.75103566
 8240.64318888 8465.27623357 5925.80822599 3785.92189431 2689.15557523
 2027.48326717 1437.75708066 1020.43902675  789.93323082  570.76367975]
177.348983875033
the t23 now is  0.7864504390730354
get_energy_bins: propagating nu
get_energy_bins: energy rates:  [  95.67470019   95.41554215  154.48242036  241.62597137  332.85239759
  451.61151558  692.58212154 1066.37223942 2172.84110439 4822.75442432
 8240.65248713 8465.28483818 5925.81065255 3785.92181894 2689.15540402
 2027.48309077 1437.75699027 1020.43898693  789.93320611  570.76366004]
177.35422148418436
the t23 now is  0.7943044207070098
get_energy_bins: propagating nu
get_energy_bins: energy rates:  [  95.67474933   95.41522164  154.48251196  241.62579157  332.85172487
  451.61044728  692.57981851 1066.36738623 2172.83930427 4822.75815979
 8240.66279902 8465.29438642 5925.81343955 3785.92183339 2689.1552602
 2027.48292078 1437.75690054 1020.4389491   789.93318141  570.76363989]
177.35995773498954
the t23 now is  0.8021584023409842
get_energy_bins: propagating nu
get_energy_bins: energy rates:  [  95.67480183   95.41487624  154.48261224  241.62559685  332.85099892
  451.60929693  692.57734124 1066.36216603 2172.8373965  4822.76223763
 8240.67411176 8465.30486637 5925.81658267 3785.92193676 2689.15514354
 2027.48275717 1437.75681149 1020.43891327  789.9331567   570.76361929]
177.3661861718818
the t23 now is  0.8100123839749588
get_energy_bins: propagating nu
get_energy_bins: energy rates:  [  95.67485765   95.41450633  154.48272109  241.62538741  332.85022049
  451.60806573  692.5746923  1066.35658417 2172.83538276 4822.76665306
 8240.68641155 8465.31626522 5925.82007726 3785.92212808 2689.15505379
 2027.48259992 1437.75672313 1020.43887941  789.93313201  570.76359826]
177.37289985864115
the t23 now is  0.8178663656089333
get_energy_bins: propagating nu
get_energy_bins: energy rates:  [  95.67491674   95.41411228  154.48283838  241.62516348  332.8493904
  451.60675495  692.57187438 1066.35064637 2172.83326483 4822.77140097
 8240.69968363 8465.32856922 5925.82391831 3785.9224063  2689.15499068
 2027.48244902 1437.75663549 1020.43884752  789.93310734  570.76357682]
177.38009138531902
the t23 now is  0.8257203472429078
get_energy_bins: propagating nu
get_energy_bins: energy rates:  [  95.67497904   95.4136945   154.48296397  241.62492531  332.84850954
  451.60536593  692.56889037 1066.3443587  2172.83104461 4822.77647593
 8240.7139123  8465.34176379 5925.8281005  3785.92277029 2689.15495389
 2027.48230442 1437.75654857 1020.43881757  789.9330827   570.76355497]
177.38775287560932
the t23 now is  0.8335743288768822
get_energy_bins: propagating nu
get_energy_bins: energy rates:  [  95.67504448   95.41325343  154.48309772  241.62467315  332.84757881
  451.60390011  692.56574331 1066.33772757 2172.82872408 4822.7818722
 8240.72908092 8465.35583345 5925.83261815 3785.92321883 2689.15494309
 2027.48216609 1437.7564624  1020.43878957  789.93305809  570.76353272]
177.3958759945815
the t23 now is  0.8414283105108568
get_energy_bins: propagating nu
get_energy_bins: energy rates:  [  95.67511301   95.41278952  154.48323946  241.62440726  332.84659919
  451.602359    692.56243641 1066.33075972 2172.82630534 4822.78758369
 8240.74517194 8465.37076186 5925.83746528 3785.92375062 2689.15495794
 2027.48203398 1437.75637699 1020.43876348  789.93303352  570.76351009]
177.40445195703808
the t23 now is  0.8492822921448313
get_energy_bins: propagating nu
get_energy_bins: energy rates:  [  95.67518455   95.41230325  154.48338905  241.62412794  332.8455717
  451.60074416  692.55897302 1066.32346225 2172.82379056 4822.79360405
 8240.76216689 8465.38653187 5925.84263558 3785.92436428 2689.15499806
 2027.48190805 1437.75629235 1020.43873928  789.933009    570.76348709]
177.41347153612222
the t23 now is  0.8571362737788057
get_energy_bins: propagating nu
get_energy_bins: energy rates:  [  95.67525904   95.41179511  154.48354632  241.62383547  332.8444974
  451.59905725  692.55535667 1066.31584255 2172.82118204 4822.7999266
 8240.78004646 8465.40312549 5925.84812244 3785.92505836 2689.15506305
 2027.48178824 1437.75620851 1020.43871697  789.93298453  570.76346374]
177.42292507249056
the t23 now is  0.8649902554127802
get_energy_bins: propagating nu
get_energy_bins: energy rates:  [  95.67533641   95.41126564  154.48371108  241.62353017  332.84337741
  451.5973      692.55159101 1066.30790836 2172.81848215 4822.80654436
 8240.79879044 8465.42052395 5925.85391892 3785.92583135 2689.15515248
 2027.4816745  1437.75612548 1020.4386965   789.93296013  570.76344004]
177.43280248386665
the t23 now is  0.8728442370467547
get_energy_bins: propagating nu
get_energy_bins: energy rates:  [  95.67541658   95.41071536  154.48388316  241.62321236  332.84221287
  451.59547419  692.54767987 1066.29966769 2172.81569336 4822.81345008
 8240.81837781 8465.43870767 5925.86001781 3785.92668163 2689.15526592
 2027.48156675 1437.75604327 1020.43867787  789.93293579  570.76341601]
177.44309327492067
the t23 now is  0.8806982186807293
get_energy_bins: propagating nu
get_energy_bins: energy rates:  [  95.67549948   95.41014485  154.48406236  241.62288237  332.84100499
  451.59358168  692.54362719 1066.29112888 2172.81281822 4822.82063623
 8240.83878672 8465.45765634 5925.8664116  3785.92760753 2689.15540288
 2027.48146494 1437.7559619  1020.43866103  789.93291154  570.76339167]
177.4537865477383
the t23 now is  0.8885522003147037
get_energy_bins: propagating nu
get_energy_bins: energy rates:  [  95.67558501   95.40955468  154.48424849  241.62254055  332.83975502
  451.5916244   692.53943707 1066.28230056 2172.80985938 4822.82809499
 8240.85999453 8465.47734889 5925.8730925  3785.92860733 2689.1555629
 2027.48136898 1437.75588138 1020.43864598  789.93288736  570.76336702]
177.4648710124895
the t23 now is  0.8964061819486782
get_energy_bins: propagating nu
get_energy_bins: energy rates:  [  95.67567311   95.40894546  154.48444134  241.62218725  332.83846422
  451.58960432  692.53511375 1066.27319165 2172.80681957 4822.8358183
 8240.88197781 8465.49776353 5925.88005244 3785.9296792  2689.15574546
 2027.4812788  1437.75580172 1020.43863266  789.93286328  570.76334209]
177.47633499856937
the t23 now is  0.9042601635826527
get_energy_bins: propagating nu
get_energy_bins: energy rates:  [  95.67576368   95.40831781  154.48464071  241.62182284  332.83713394
  451.58752351  692.53066157 1066.26381132 2172.80370159 4822.84379782
 8240.90471241 8465.5188778  5925.88728309 3785.93082127 2689.15595003
 2027.48119432 1437.75572294 1020.43862107  789.9328393   570.76331689]
177.48816646616135
the t23 now is  0.9121141452166273
get_energy_bins: propagating nu
get_energy_bins: energy rates:  [  95.67585663   95.40767236  154.48484637  241.62144771  332.83576552
  451.58538406  692.52608504 1066.25416902 2172.80050834 4822.85202498
 8240.92817343 8465.54066853 5925.89477586 3785.93203161 2689.15617606
 2027.48111545 1437.75564505 1020.43861116  789.93281542  570.76329144]
177.5003530180913
the t23 now is  0.9199681268506017
get_energy_bins: propagating nu
get_energy_bins: energy rates:  [  95.67595188   95.40700977  154.4850581   241.62106223  332.83436037
  451.58318815  692.52138875 1066.24427448 2172.79724276 4822.86049096
 8240.95233529 8465.56311191 5925.90252192 3785.93330822 2689.156423
 2027.4810421  1437.75556806 1020.4386029   789.93279166  570.76326575]
177.51288191202818
the t23 now is  0.9278221084845761
get_energy_bins: propagating nu
get_energy_bins: energy rates:  [  95.67604933   95.40633072  154.48527568  241.62066682  332.83291992
  451.58093799  692.51657743 1066.23413763 2172.79390791 4822.86918671
 8240.97717173 8465.58618353 5925.91051219 3785.93464903 2689.15669025
 2027.48097416 1437.75549199 1020.43859626  789.93276802  570.76323983]
177.52574007306745
the t23 now is  0.9356760901185507
get_energy_bins: propagating nu
get_energy_bins: energy rates:  [  95.67614889   95.40563589  154.48549888  241.62026188  332.83144564
  451.57863585  692.51165593 1066.22376869 2172.79050688 4822.87810297
 8241.00265583 8465.60985833 5925.91873737 3785.93605194 2689.15697722
 2027.48091155 1437.75541684 1020.4385912   789.93274451  570.76321371]
177.5389141066279
the t23 now is  0.9435300717525252
get_energy_bins: propagating nu
get_energy_bins: energy rates:  [  95.67625046   95.40492598  154.48572744  241.61984783  332.82993904
  451.57628407  692.50662919 1066.21317807 2172.78704285 4822.88723025
 8241.02876008 8465.63411072 5925.92718792 3785.93751477 2689.15728329
 2027.48085416 1437.75534262 1020.43858768  789.93272113  570.7631874 ]
177.5523903116835
the t23 now is  0.9513840533864997
get_energy_bins: propagating nu
get_energy_bins: energy rates:  [  95.67635395   95.40420172  154.48596113  241.61942509  332.82840164
  451.57388502  692.50150226 1066.20237641 2172.78351904 4822.89655887
 8241.05545634 8465.65891453 5925.93585412 3785.9390353  2689.15760782
 2027.48080188 1437.75526936 1020.43858567  789.9326979   570.76316092]
177.5661546942547
the t23 now is  0.9592380350204741
get_energy_bins: propagating nu
get_energy_bins: energy rates:  [  95.67645924   95.40346384  154.4861997   241.61899411  332.82683502
  451.57144112  692.49628028 1066.19137456 2172.77993877 4822.90607896
 8241.08271594 8465.68424307 5925.94472602 3785.94061126 2689.15795016
 2027.4807546  1437.75519705 1020.43858512  789.93267482  570.76313429]
177.580192981179
the t23 now is  0.9670920166544487
get_energy_bins: propagating nu
get_energy_bins: energy rates:  [  95.67656624   95.40271308  154.48644289  241.61855532  332.82524076
  451.56895482  692.49096851 1066.18018356 2172.77630538 4822.91578046
 8241.11050966 8465.71006916 5925.95379351 3785.94224033 2689.15830966
 2027.4807122  1437.7551257  1020.438586    789.93265189  570.76310752]
177.59449063436065
the t23 now is  0.9749459982884232
get_energy_bins: propagating nu
get_energy_bins: energy rates:  [  95.67667484   95.4019502   154.48669044  241.61810918  332.82362049
  451.56642864  692.48557227 1066.16881463 2172.77262227 4822.92565314
 8241.13880778 8465.73636515 5925.96304627 3785.94392014 2689.15868563
 2027.48067458 1437.75505533 1020.43858827  789.93262913  570.76308063]
177.60903286490668
the t23 now is  0.9827999799223976
get_energy_bins: propagating nu
get_energy_bins: energy rates:  [  95.67678494   95.40117597  154.48694209  241.61765614  332.82197584
  451.56386511  692.48009698 1066.15727918 2172.76889292 4822.9356866
 8241.1675801  8465.76310293 5925.97247383 3785.94564828 2689.15907739
 2027.4806416  1437.75498595 1020.43859188  789.93260655  570.76305364]
177.6238046479086
the t23 now is  0.9906539615563721
get_energy_bins: propagating nu
get_energy_bins: energy rates:  [  95.67689643   95.40039118  154.48719758  241.61719667  332.82030849
  451.56126683  692.47454811 1066.14558877 2172.76512082 4822.9458703
 8241.19679597 8465.79025401 5925.98206555 3785.9474223  2689.15948423
 2027.48061314 1437.75491756 1020.4385968   789.93258414  570.76302656]
177.6387907371584
the t23 now is  0.9985079431903466
get_energy_bins: propagating nu
get_energy_bins: energy rates:  [  95.6770092    95.39959661  154.48745664  241.61673125  332.81862012
  451.55863639  692.46893123 1066.13375511 2172.76130952 4822.95619355
 8241.22642433 8465.81778947 5925.99181064 3785.94923973 2689.15990543
 2027.48058908 1437.75485017 1020.43860296  789.93256192  570.76299942]
177.65397568039182
the t23 now is  1.0063619248243212
get_energy_bins: propagating nu
get_energy_bins: energy rates:  [  95.67712314   95.39879307  154.48771898  241.61626034  332.81691244
  451.55597645  692.46325198 1066.12179005 2172.75746262 4822.96664554
 8241.25643376 8465.84568008 5926.0016982  3785.95109803 2689.16034028
 2027.48056929 1437.7547838  1020.43861034  789.9325399   570.76297224]
177.66934383436126
the t23 now is  1.0142159064582956
get_energy_bins: propagating nu
get_energy_bins: energy rates:  [  95.67723813   95.39798137  154.48798434  241.61578444  332.8151872
  451.55328968  692.45751602 1066.10970559 2172.75358374 4822.97721531
 8241.28679245 8465.87389624 5926.01171717 3785.95299465 2689.16078803
 2027.48055363 1437.75471844 1020.43861889  789.93251808  570.76294503]
177.68487938042983
the t23 now is  1.02206988809227
get_energy_bins: propagating nu
get_energy_bins: energy rates:  [  95.67735408   95.39716231  154.48825244  241.61530402  332.81344612
  451.55057878  692.45172912 1066.09751381 2172.74967654 4822.98789184
 8241.3174683  8465.90240808 5926.02185639 3785.95492702 2689.16124794
 2027.48054198 1437.7546541  1020.43862855  789.93249647  570.76291781]
177.70056634028512
the t23 now is  1.0299238697262445
get_energy_bins: propagating nu
get_energy_bins: energy rates:  [  95.67747086   95.39633674  154.48852299  241.61481958  332.81169097
  451.54784647  692.44589706 1066.08522692 2172.74574472 4822.99866397
 8241.3484289  8465.93118546 5926.0321046  3785.95689253 2689.16171927
 2027.48053419 1437.7545908  1020.43863929  789.93247508  570.7628906 ]
177.71638859163195
the t23 now is  1.0377778513602192
get_energy_bins: propagating nu
get_energy_bins: energy rates:  [  95.67758836   95.39550547  154.48879571  241.61433161  332.80992352
  451.5450955   692.44002567 1066.0728572  2172.74179199 4823.00952047
 8241.37964161 8465.96019799 5926.04245043 3785.95888853 2689.16220124
 2027.48053013 1437.75452854 1020.43865105  789.9324539   570.76286343]
177.73232988422924
the t23 now is  1.0456318329941936
get_energy_bins: propagating nu
get_energy_bins: energy rates:  [  95.67770646   95.39466935  154.48907031  241.61384062  332.80814556
  451.54232862  692.43412084 1066.06041704 2172.73782209 4823.02045003
 8241.41107354 8465.98941508 5926.05288246 3785.96091238 2689.16269309
 2027.48052965 1437.75446732 1020.43866379  789.93243297  570.7628363 ]
177.74837385601134
the t23 now is  1.053485814628168
get_energy_bins: propagating nu
get_energy_bins: energy rates:  [  95.67782505   95.39382922  154.48934651  241.61334709  332.80635889
  451.53954862  692.42818845 1066.04791887 2172.73383879 4823.03144129
 8241.44269164 8466.01880597 5926.06338918 3785.9629614  2689.16319405
 2027.48053262 1437.75440715 1020.43867745  789.93241226  570.76280924]
177.76450404931947
the t23 now is  1.0613397962621427
get_energy_bins: propagating nu
get_energy_bins: energy rates:  [  95.67794401   95.39298591  154.48962401  241.61285154  332.80456531
  451.53675827  692.42223445 1066.03537519 2172.72984585 4823.04248281
 8241.47446269 8466.04833975 5926.07395902 3785.96503291 2689.16370335
 2027.48053889 1437.75434804 1020.438692    789.93239181  570.76278226]
177.7807039271836
[177.58892572402357, 177.57411617054768, 177.5596238143788, 177.54546214584576, 177.53164432227845, 177.51818315547703, 177.50509109937678, 177.4923802381808, 177.4800622748857, 177.4681485200587, 177.4566498811354, 177.4455768520677, 177.43493950324768, 177.42474747213512, 177.41500995405795, 177.4057356934851, 177.3969329759129, 177.38860961987208, 177.38077296985045, 177.37342988912866, 177.36658675361076, 177.36024944574484, 177.3544233490486, 177.34911334326918, 177.34432379972986, 177.34005857741678, 177.33632101952395, 177.33311395028298, 177.3304396726148, 177.32829996605827, 177.32669608525973, 177.32562875900928, 177.32509818973872, 177.32510405357297, 177.32564550072107, 177.32672115672275, 177.32832912381042, 177.3304669830404, 177.33313179676537, 177.3363201117538, 177.3400279626215, 177.34425087604, 177.348983875033, 177.35422148418436, 177.35995773498954, 177.3661861718818, 177.37289985864115, 177.38009138531902, 177.38775287560932, 177.3958759945815, 177.40445195703808, 177.41347153612222, 177.42292507249056, 177.43280248386665, 177.44309327492067, 177.4537865477383, 177.4648710124895, 177.47633499856937, 177.48816646616135, 177.5003530180913, 177.51288191202818, 177.52574007306745, 177.5389141066279, 177.5523903116835, 177.5661546942547, 177.580192981179, 177.59449063436065, 177.60903286490668, 177.6238046479086, 177.6387907371584, 177.65397568039182, 177.66934383436126, 177.68487938042983, 177.70056634028512, 177.71638859163195, 177.73232988422924, 177.74837385601134, 177.76450404931947, 177.7807039271836]
